2024-10-21 19:13:26,072 [INFO] Activator:176 - 


2024-10-21 19:13:26,082 [INFO] Activator:177 - !SESSION log4j initialized
2024-10-21 19:13:32,306 [INFO] LogOutputStream:77 - [STDOUT_REDIRECT] 
2024-10-21 19:13:35,092 [INFO] ApplicationProperties:184 - Using Application install path: C:\ST\STM32CubeIDE_1.16.1\STM32CubeIDE\plugins\com.st.stm32cube.common.mx_6.12.1.202409122256
2024-10-21 19:13:35,110 [INFO] DbMcusXml:78 - Set database path to: C:\ST\STM32CubeIDE_1.16.1\STM32CubeIDE\plugins\com.st.stm32cube.common.mx_6.12.1.202409122256\\db\/mcu/
2024-10-21 19:13:35,111 [INFO] ApiDb:274 - Set plugin database path to: C:\ST\STM32CubeIDE_1.16.1\STM32CubeIDE\plugins\com.st.stm32cube.common.mx_6.12.1.202409122256\\db\/plugins/boardmanager/
2024-10-21 19:13:35,111 [WARN] ApiDb:259 - Overriding images path with different value:  => C:\ST\STM32CubeIDE_1.16.1\STM32CubeIDE\plugins\com.st.stm32cube.common.mx_6.12.1.202409122256\\db\/plugins/mcufinder/images/
2024-10-21 19:13:35,123 [INFO] ApiDb:250 - Set database path to: C:\Users\Asus\.stmcufinder\plugins\mcufinder//mcu/
2024-10-21 19:13:35,125 [INFO] DbMcusAds:125 - Set database path to: C:\Users\Asus\.stmcufinder\plugins\mcufinder//mcu/
2024-10-21 19:13:35,128 [INFO] CrossReferenceDbSqlite:203 - Set database path to: C:\Users\Asus\.stmcufinder\plugins\mcufinder//mcu/cs/
2024-10-21 19:13:35,229 [INFO] RulesReader:64 - Compatibility file has been processed (297 Rules)
2024-10-21 19:13:35,300 [INFO] DbMcusXml:78 - Set database path to: C:\ST\STM32CubeIDE_1.16.1\STM32CubeIDE\plugins\com.st.stm32cube.common.mx_6.12.1.202409122256\\db\/mcu/
2024-10-21 19:13:35,300 [INFO] ApiDb:274 - Set plugin database path to: C:\ST\STM32CubeIDE_1.16.1\STM32CubeIDE\plugins\com.st.stm32cube.common.mx_6.12.1.202409122256\\db\/plugins/boardmanager/
2024-10-21 19:13:35,300 [INFO] ApiDb:261 - Set plugin images path to: C:\ST\STM32CubeIDE_1.16.1\STM32CubeIDE\plugins\com.st.stm32cube.common.mx_6.12.1.202409122256\\db\/plugins/mcufinder/images/
2024-10-21 19:13:35,300 [WARN] DbFile:41 - Overriding database path with different value: C:\Users\Asus\.stmcufinder\plugins\mcufinder/ => C:\Users\Asus\.stmcufinder\plugins\mcufinder
2024-10-21 19:13:35,300 [INFO] ApiDb:250 - Set database path to: C:\Users\Asus\.stmcufinder\plugins\mcufinder//mcu/
2024-10-21 19:13:35,300 [WARN] DbFile:41 - Overriding database path with different value: C:\Users\Asus\.stmcufinder\plugins\mcufinder/ => C:\Users\Asus\.stmcufinder\plugins\mcufinder
2024-10-21 19:13:35,300 [INFO] DbMcusAds:125 - Set database path to: C:\Users\Asus\.stmcufinder\plugins\mcufinder//mcu/
2024-10-21 19:13:35,300 [WARN] DbFile:41 - Overriding database path with different value: C:\Users\Asus\.stmcufinder\plugins\mcufinder/ => C:\Users\Asus\.stmcufinder\plugins\mcufinder
2024-10-21 19:13:35,300 [WARN] DbFile:41 - Overriding database path with different value: C:\Users\Asus\.stmcufinder\plugins\mcufinder/ => C:\Users\Asus\.stmcufinder\plugins\mcufinder
2024-10-21 19:13:35,300 [INFO] CrossReferenceDbSqlite:203 - Set database path to: C:\Users\Asus\.stmcufinder\plugins\mcufinder//mcu/cs/
2024-10-21 19:13:35,383 [INFO] MainPanel:268 - HeapMemory: 268435456
2024-10-21 19:13:35,528 [INFO] DbMcusXml:78 - Set database path to: C:\ST\STM32CubeIDE_1.16.1\STM32CubeIDE\plugins\com.st.stm32cube.common.mx_6.12.1.202409122256\\db\/mcu/
2024-10-21 19:13:35,528 [INFO] ApiDb:274 - Set plugin database path to: C:\ST\STM32CubeIDE_1.16.1\STM32CubeIDE\plugins\com.st.stm32cube.common.mx_6.12.1.202409122256\\db\/plugins/boardmanager/
2024-10-21 19:13:35,528 [INFO] ApiDb:261 - Set plugin images path to: C:\ST\STM32CubeIDE_1.16.1\STM32CubeIDE\plugins\com.st.stm32cube.common.mx_6.12.1.202409122256\\db\/plugins/mcufinder/images/
2024-10-21 19:13:35,528 [WARN] DbFile:41 - Overriding database path with different value: C:\Users\Asus\.stmcufinder\plugins\mcufinder/ => C:\Users\Asus\.stmcufinder\plugins\mcufinder
2024-10-21 19:13:35,528 [INFO] ApiDb:250 - Set database path to: C:\Users\Asus\.stmcufinder\plugins\mcufinder//mcu/
2024-10-21 19:13:35,529 [WARN] DbFile:41 - Overriding database path with different value: C:\Users\Asus\.stmcufinder\plugins\mcufinder/ => C:\Users\Asus\.stmcufinder\plugins\mcufinder
2024-10-21 19:13:35,529 [INFO] DbMcusAds:125 - Set database path to: C:\Users\Asus\.stmcufinder\plugins\mcufinder//mcu/
2024-10-21 19:13:35,529 [WARN] DbFile:41 - Overriding database path with different value: C:\Users\Asus\.stmcufinder\plugins\mcufinder/ => C:\Users\Asus\.stmcufinder\plugins\mcufinder
2024-10-21 19:13:35,529 [WARN] DbFile:41 - Overriding database path with different value: C:\Users\Asus\.stmcufinder\plugins\mcufinder/ => C:\Users\Asus\.stmcufinder\plugins\mcufinder
2024-10-21 19:13:35,529 [INFO] CrossReferenceDbSqlite:203 - Set database path to: C:\Users\Asus\.stmcufinder\plugins\mcufinder//mcu/cs/
2024-10-21 19:13:35,550 [INFO] ApplicationProperties:184 - Using Application install path: C:\ST\STM32CubeIDE_1.16.1\STM32CubeIDE\plugins\com.st.stm32cube.common.mx_6.12.1.202409122256
2024-10-21 19:13:35,552 [INFO] PluginManage:196 - Search for loadable plugins [exclusion list=, ]
2024-10-21 19:13:35,553 [INFO] PluginManage:310 - Check plugin analytics
2024-10-21 19:13:35,685 [INFO] AnalyticsPlugin:253 - Accepted Software Licenses: STM32CubeMX.6.12.0
2024-10-21 19:13:35,685 [INFO] AnalyticsPlugin:255 - Accepted CMSIS Pack Licenses: 
2024-10-21 19:13:35,686 [INFO] AnalyticsPlugin:257 - Accepted Firmware Licenses: FW.F4.1.27.0,FW.F4.1.28.0
2024-10-21 19:13:35,687 [INFO] PluginManage:359 - Loaded plugin analytics (category:tool,tabindex:-1)
2024-10-21 19:13:35,688 [INFO] PluginManage:310 - Check plugin cadmodel
2024-10-21 19:13:35,701 [INFO] CADModel:105 - Init CAD model plugin
2024-10-21 19:13:35,701 [INFO] PluginManage:359 - Loaded plugin cadmodel (category:power,tabindex:5)
2024-10-21 19:13:35,701 [INFO] PluginManage:310 - Check plugin clock
2024-10-21 19:13:35,717 [INFO] PluginManage:359 - Loaded plugin clock (category:base,tabindex:2)
2024-10-21 19:13:35,717 [INFO] PluginManage:310 - Check plugin ddr
2024-10-21 19:13:35,719 [INFO] PluginManage:359 - Loaded plugin ddr (category:tool,tabindex:6)
2024-10-21 19:13:35,719 [INFO] PluginManage:310 - Check plugin filemanager
2024-10-21 19:13:35,847 [INFO] PluginManage:359 - Loaded plugin filemanager (category:base,tabindex:10)
2024-10-21 19:13:35,847 [INFO] PluginManage:310 - Check plugin ipmanager
2024-10-21 19:13:35,853 [INFO] PluginManage:359 - Loaded plugin ipmanager (category:base,tabindex:5)
2024-10-21 19:13:35,853 [INFO] PluginManage:310 - Check plugin lpbam
2024-10-21 19:13:35,869 [INFO] PluginManage:359 - Loaded plugin lpbam (category:base,tabindex:0)
2024-10-21 19:13:35,869 [INFO] PluginManage:310 - Check plugin memorymap
2024-10-21 19:13:35,891 [INFO] PluginManage:359 - Loaded plugin memorymap (category:base,tabindex:4)
2024-10-21 19:13:35,891 [INFO] PluginManage:310 - Check plugin pinoutandconfiguration
2024-10-21 19:13:35,906 [INFO] PluginManage:359 - Loaded plugin pinoutandconfiguration (category:base,tabindex:1)
2024-10-21 19:13:35,906 [INFO] PluginManage:310 - Check plugin pinoutconfig
2024-10-21 19:13:36,001 [WARN] SupportedApi:132 - Cannot load RTOS API schema: s4s-elt-must-match.1: The content of 'definitions' must match (annotation?, (simpleType | complexType)?, (unique | key | keyref)*)). A problem was found starting at: attribute.
2024-10-21 19:13:36,132 [INFO] PluginManage:359 - Loaded plugin pinoutconfig (category:base,tabindex:0)
2024-10-21 19:13:36,132 [INFO] PluginManage:310 - Check plugin power
2024-10-21 19:13:36,153 [INFO] PluginManage:359 - Loaded plugin power (category:power,tabindex:4)
2024-10-21 19:13:36,153 [INFO] PluginManage:310 - Check plugin projectmanager
2024-10-21 19:13:36,169 [INFO] PluginManage:359 - Loaded plugin projectmanager (category:projectmanager,tabindex:4)
2024-10-21 19:13:36,169 [INFO] PluginManage:310 - Check plugin rif
2024-10-21 19:13:36,185 [INFO] PluginManage:359 - Loaded plugin rif (category:base,tabindex:3)
2024-10-21 19:13:36,186 [INFO] PluginManage:310 - Check plugin thirdparty
2024-10-21 19:13:36,449 [INFO] PluginManage:359 - Loaded plugin thirdparty (category:base,tabindex:-1)
2024-10-21 19:13:36,449 [WARN] IntegrityCheckThread:84 - waiting for thirdparty lock release [integrity check]
2024-10-21 19:13:36,450 [INFO] IntegrityCheckThread:86 - entering critical section [integrity check]
2024-10-21 19:13:36,450 [INFO] PluginManage:310 - Check plugin tools
2024-10-21 19:13:36,450 [INFO] ThirdPartyUpdaterWithRetryManager:70 - Updater plugin not ready yet. [1/15]
2024-10-21 19:13:36,484 [INFO] PluginManage:359 - Loaded plugin tools (category:base,tabindex:7)
2024-10-21 19:13:36,484 [INFO] PluginManage:310 - Check plugin tutovideos
2024-10-21 19:13:36,701 [INFO] PluginManage:359 - Loaded plugin tutovideos (category:base,tabindex:-1)
2024-10-21 19:13:36,701 [INFO] PluginManage:310 - Check plugin updater
2024-10-21 19:13:36,714 [INFO] PluginManage:359 - Loaded plugin updater (category:base,tabindex:12)
2024-10-21 19:13:36,715 [INFO] PluginManage:310 - Check plugin userauth
2024-10-21 19:13:36,720 [INFO] UserAuth:113 - Init User Auth plugin
2024-10-21 19:13:36,720 [INFO] PluginManage:359 - Loaded plugin userauth (category:base,tabindex:14)
2024-10-21 19:13:36,720 [INFO] PluginManage:283 - PluginManage : Loaded plugins [18]
2024-10-21 19:13:36,898 [INFO] PinOutPanel:1561 - setPackage(No Configuration,No Configuration)
2024-10-21 19:13:36,970 [INFO] CADModel:165 - CPN selected for project level
2024-10-21 19:13:36,970 [INFO] CADModel:114 - Register for checkConnection events
2024-10-21 19:13:36,993 [INFO] IPUIPlugin:80 - create IPUIPlugin
2024-10-21 19:13:36,993 [INFO] PluginManager:220 - loadIPPluginJar : add adc
2024-10-21 19:13:37,027 [INFO] IPUIPlugin:80 - create IPUIPlugin
2024-10-21 19:13:37,027 [INFO] PluginManager:220 - loadIPPluginJar : add aes
2024-10-21 19:13:37,058 [INFO] IPUIPlugin:80 - create IPUIPlugin
2024-10-21 19:13:37,059 [INFO] PluginManager:220 - loadIPPluginJar : add can
2024-10-21 19:13:37,082 [INFO] IPUIPlugin:80 - create IPUIPlugin
2024-10-21 19:13:37,082 [INFO] PluginManager:220 - loadIPPluginJar : add comp
2024-10-21 19:13:37,111 [INFO] IPUIPlugin:80 - create IPUIPlugin
2024-10-21 19:13:37,111 [INFO] PluginManager:220 - loadIPPluginJar : add cryp
2024-10-21 19:13:37,123 [INFO] IPUIPlugin:80 - create IPUIPlugin
2024-10-21 19:13:37,123 [INFO] PluginManager:220 - loadIPPluginJar : add ddr_ctrl_phy
2024-10-21 19:13:37,151 [INFO] IPUIPlugin:80 - create IPUIPlugin
2024-10-21 19:13:37,151 [INFO] PluginManager:220 - loadIPPluginJar : add dfsdm
2024-10-21 19:13:37,166 [INFO] IPUIPlugin:80 - create IPUIPlugin
2024-10-21 19:13:37,166 [INFO] PluginManager:220 - loadIPPluginJar : add dma
2024-10-21 19:13:37,202 [INFO] IPUIPlugin:80 - create IPUIPlugin
2024-10-21 19:13:37,202 [INFO] PluginManager:220 - loadIPPluginJar : add dma3
2024-10-21 19:13:37,241 [INFO] IPUIPlugin:80 - create IPUIPlugin
2024-10-21 19:13:37,241 [INFO] PluginManager:220 - loadIPPluginJar : add extmemmanager
2024-10-21 19:13:37,259 [INFO] IPUIPlugin:80 - create IPUIPlugin
2024-10-21 19:13:37,259 [INFO] PluginManager:220 - loadIPPluginJar : add fatfs
2024-10-21 19:13:37,304 [INFO] IPUIPlugin:80 - create IPUIPlugin
2024-10-21 19:13:37,304 [INFO] PluginManager:220 - loadIPPluginJar : add fmc
2024-10-21 19:13:37,318 [INFO] IPUIPlugin:80 - create IPUIPlugin
2024-10-21 19:13:37,318 [INFO] PluginManager:220 - loadIPPluginJar : add freertos
2024-10-21 19:13:37,335 [INFO] IPUIPlugin:80 - create IPUIPlugin
2024-10-21 19:13:37,335 [INFO] PluginManager:220 - loadIPPluginJar : add genericplugin
2024-10-21 19:13:37,418 [INFO] IPUIPlugin:80 - create IPUIPlugin
2024-10-21 19:13:37,418 [INFO] PluginManager:220 - loadIPPluginJar : add gfxmmu
2024-10-21 19:13:37,522 [INFO] IPUIPlugin:80 - create IPUIPlugin
2024-10-21 19:13:37,522 [INFO] PluginManager:220 - loadIPPluginJar : add gic
2024-10-21 19:13:37,535 [INFO] IPUIPlugin:80 - create IPUIPlugin
2024-10-21 19:13:37,535 [INFO] PluginManager:220 - loadIPPluginJar : add gpio
2024-10-21 19:13:37,615 [INFO] IPUIPlugin:80 - create IPUIPlugin
2024-10-21 19:13:37,615 [INFO] PluginManager:220 - loadIPPluginJar : add gtzc
2024-10-21 19:13:37,641 [INFO] IPUIPlugin:80 - create IPUIPlugin
2024-10-21 19:13:37,641 [INFO] PluginManager:220 - loadIPPluginJar : add hash
2024-10-21 19:13:37,685 [INFO] IPUIPlugin:80 - create IPUIPlugin
2024-10-21 19:13:37,686 [INFO] PluginManager:220 - loadIPPluginJar : add i2c
2024-10-21 19:13:37,719 [INFO] IPUIPlugin:80 - create IPUIPlugin
2024-10-21 19:13:37,720 [INFO] PluginManager:220 - loadIPPluginJar : add i2s
2024-10-21 19:13:37,753 [INFO] IPUIPlugin:80 - create IPUIPlugin
2024-10-21 19:13:37,753 [INFO] PluginManager:220 - loadIPPluginJar : add i3c
2024-10-21 19:13:37,837 [INFO] IPUIPlugin:80 - create IPUIPlugin
2024-10-21 19:13:37,837 [INFO] PluginManager:220 - loadIPPluginJar : add ipddr
2024-10-21 19:13:37,919 [INFO] IPUIPlugin:80 - create IPUIPlugin
2024-10-21 19:13:37,919 [INFO] PluginManager:220 - loadIPPluginJar : add linkedlist
2024-10-21 19:13:37,948 [INFO] IPUIPlugin:80 - create IPUIPlugin
2024-10-21 19:13:37,948 [INFO] PluginManager:220 - loadIPPluginJar : add lorawan
2024-10-21 19:13:37,980 [INFO] IPUIPlugin:80 - create IPUIPlugin
2024-10-21 19:13:37,980 [INFO] PluginManager:220 - loadIPPluginJar : add ltdc
2024-10-21 19:13:37,991 [INFO] IPUIPlugin:80 - create IPUIPlugin
2024-10-21 19:13:37,991 [INFO] PluginManager:220 - loadIPPluginJar : add mdma
2024-10-21 19:13:38,001 [INFO] IPUIPlugin:80 - create IPUIPlugin
2024-10-21 19:13:38,001 [INFO] PluginManager:220 - loadIPPluginJar : add nvic
2024-10-21 19:13:38,035 [INFO] IPUIPlugin:80 - create IPUIPlugin
2024-10-21 19:13:38,035 [INFO] PluginManager:220 - loadIPPluginJar : add opamp
2024-10-21 19:13:38,086 [INFO] IPUIPlugin:80 - create IPUIPlugin
2024-10-21 19:13:38,086 [INFO] PluginManager:220 - loadIPPluginJar : add openamp
2024-10-21 19:13:38,138 [INFO] IPUIPlugin:80 - create IPUIPlugin
2024-10-21 19:13:38,138 [INFO] PluginManager:220 - loadIPPluginJar : add pdm2pcm
2024-10-21 19:13:38,159 [INFO] IPUIPlugin:80 - create IPUIPlugin
2024-10-21 19:13:38,161 [INFO] PluginManager:220 - loadIPPluginJar : add plateformsettings
2024-10-21 19:13:38,184 [INFO] IPUIPlugin:80 - create IPUIPlugin
2024-10-21 19:13:38,184 [INFO] PluginManager:220 - loadIPPluginJar : add quadspi
2024-10-21 19:13:38,210 [INFO] IPUIPlugin:80 - create IPUIPlugin
2024-10-21 19:13:38,210 [INFO] PluginManager:220 - loadIPPluginJar : add radio
2024-10-21 19:13:38,222 [INFO] IPUIPlugin:80 - create IPUIPlugin
2024-10-21 19:13:38,222 [INFO] PluginManager:220 - loadIPPluginJar : add resmgrutility
2024-10-21 19:13:38,266 [INFO] IPUIPlugin:80 - create IPUIPlugin
2024-10-21 19:13:38,266 [INFO] PluginManager:220 - loadIPPluginJar : add sai
2024-10-21 19:13:38,307 [INFO] IPUIPlugin:80 - create IPUIPlugin
2024-10-21 19:13:38,307 [INFO] PluginManager:220 - loadIPPluginJar : add spi
2024-10-21 19:13:38,385 [INFO] IPUIPlugin:80 - create IPUIPlugin
2024-10-21 19:13:38,386 [INFO] PluginManager:220 - loadIPPluginJar : add stm32_wpan
2024-10-21 19:13:38,413 [INFO] IPUIPlugin:80 - create IPUIPlugin
2024-10-21 19:13:38,413 [INFO] PluginManager:220 - loadIPPluginJar : add tim
2024-10-21 19:13:38,482 [INFO] IPUIPlugin:80 - create IPUIPlugin
2024-10-21 19:13:38,483 [INFO] PluginManager:220 - loadIPPluginJar : add touchsensing
2024-10-21 19:13:38,510 [INFO] IPUIPlugin:80 - create IPUIPlugin
2024-10-21 19:13:38,510 [INFO] PluginManager:220 - loadIPPluginJar : add tracer_emb
2024-10-21 19:13:38,532 [INFO] IPUIPlugin:80 - create IPUIPlugin
2024-10-21 19:13:38,534 [INFO] PluginManager:220 - loadIPPluginJar : add ts
2024-10-21 19:13:38,560 [INFO] IPUIPlugin:80 - create IPUIPlugin
2024-10-21 19:13:38,560 [INFO] PluginManager:220 - loadIPPluginJar : add tsc
2024-10-21 19:13:38,584 [INFO] IPUIPlugin:80 - create IPUIPlugin
2024-10-21 19:13:38,585 [INFO] PluginManager:220 - loadIPPluginJar : add ucpd
2024-10-21 19:13:38,634 [INFO] IPUIPlugin:80 - create IPUIPlugin
2024-10-21 19:13:38,634 [INFO] PluginManager:220 - loadIPPluginJar : add usart
2024-10-21 19:13:38,671 [INFO] IPUIPlugin:80 - create IPUIPlugin
2024-10-21 19:13:38,671 [INFO] PluginManager:220 - loadIPPluginJar : add usbx
2024-10-21 19:13:38,790 [INFO] CADModel:165 - CPN selected for project level
2024-10-21 19:13:38,790 [INFO] CADModel:114 - Register for checkConnection events
2024-10-21 19:13:38,790 [FATAL] Updater:334 - Updater called before beeing initialized
2024-10-21 19:13:38,791 [ERROR] CADModel:125 - Updater not yet initialized, retry later 
2024-10-21 19:13:38,940 [INFO] CADModel:165 - CPN selected for project level
2024-10-21 19:13:38,940 [INFO] CADModel:114 - Register for checkConnection events
2024-10-21 19:13:38,940 [FATAL] Updater:334 - Updater called before beeing initialized
2024-10-21 19:13:38,940 [ERROR] CADModel:125 - Updater not yet initialized, retry later 
2024-10-21 19:13:38,945 [FATAL] Updater:334 - Updater called before beeing initialized
2024-10-21 19:13:39,031 [FATAL] Updater:334 - Updater called before beeing initialized
2024-10-21 19:13:39,042 [INFO] DbMcusAds:53 - JSON generation date=Fri Sep 20 20:04:38 ICT 2024 (1726837478367)
2024-10-21 19:13:39,042 [FATAL] Updater:334 - Updater called before beeing initialized
2024-10-21 19:13:39,088 [WARN] DetailPanel:346 - Failed to get advertising image, set to default
2024-10-21 19:13:39,162 [FATAL] Updater:334 - Updater called before beeing initialized
2024-10-21 19:13:39,163 [FATAL] Updater:334 - Updater called before beeing initialized
2024-10-21 19:13:39,163 [FATAL] Updater:334 - Updater called before beeing initialized
2024-10-21 19:13:39,163 [WARN] DetailPanel:346 - Failed to get advertising image, set to default
2024-10-21 19:13:39,164 [FATAL] Updater:334 - Updater called before beeing initialized
2024-10-21 19:13:39,241 [ERROR] Updater:1164 - MainUpdater not yet initialized. External WinMGr cannot be set.
2024-10-21 19:13:39,252 [INFO] Updater:1100 - Updater Version found : 6.12.1
2024-10-21 19:13:39,272 [INFO] ApplicationProperties:184 - Using Application install path: C:\ST\STM32CubeIDE_1.16.1\STM32CubeIDE\plugins\com.st.stm32cube.common.mx_6.12.1.202409122256
2024-10-21 19:13:39,451 [INFO] ThirdPartyUpdaterWithRetryManager:70 - Updater plugin not ready yet. [2/15]
2024-10-21 19:13:40,849 [ERROR] LogOutputStream:75 - [STDERR_REDIRECT] Oct 21, 2024 7:13:40 PM java.util.prefs.WindowsPreferences <init>
2024-10-21 19:13:40,850 [ERROR] LogOutputStream:75 - [STDERR_REDIRECT] WARNING: Could not open/create prefs root node Software\JavaSoft\Prefs at root 0xffffffff80000002. Windows RegCreateKeyEx(...) returned error code 5.
2024-10-21 19:13:40,850 [ERROR] LogOutputStream:75 - [STDERR_REDIRECT] 
2024-10-21 19:13:41,216 [INFO] MainUpdater:2873 - connection check result : 10
2024-10-21 19:13:41,218 [INFO] MainUpdater:290 - Updater Check For Update Now.
2024-10-21 19:13:41,218 [INFO] MicroXplorer:498 - Change Database Version : DB.6.0.121
2024-10-21 19:13:41,231 [INFO] McuFinderGlobals:63 - Set McuFinder mode to 2 (CubeIDE integrated)
2024-10-21 19:13:41,236 [INFO] UserAuth:417 - Internet connection configuration mode: 1
2024-10-21 19:13:41,266 [INFO] JxBrowserEngine:152 - Initiate JxBrowser Engine with user profile folder
2024-10-21 19:13:41,424 [INFO] CheckServerUpdateThread:120 - End of CheckServer Thread
2024-10-21 19:13:42,614 [WARN] PackLoader:240 - Cannot read IP mode file for STMicroelectronics.FP-SNS-MOTENVWB1.1.4.0
2024-10-21 19:13:42,629 [WARN] PackLoader:240 - Cannot read IP mode file for STMicroelectronics.X-CUBE-SMBUS.2.1.0
2024-10-21 19:13:42,644 [WARN] PackLoader:240 - Cannot read IP mode file for STMicroelectronics.X-CUBE-WB05N.1.1.0
2024-10-21 19:13:42,680 [WARN] PackLoader:240 - Cannot read IP mode file for STMicroelectronics.X-CUBE-AZRTOS-F7.1.1.0
2024-10-21 19:13:42,743 [WARN] PackLoader:240 - Cannot read IP mode file for STMicroelectronics.X-CUBE-MEMS1.11.0.0
2024-10-21 19:13:42,860 [WARN] PackLoader:240 - Cannot read IP mode file for STMicroelectronics.FP-SNS-FLIGHT1.5.0.2
2024-10-21 19:13:42,875 [WARN] PackLoader:240 - Cannot read IP mode file for STMicroelectronics.X-CUBE-DISPLAY.3.0.0
2024-10-21 19:13:42,894 [WARN] PackLoader:240 - Cannot read IP mode file for STMicroelectronics.X-CUBE-BLE1.7.0.0
2024-10-21 19:13:42,909 [WARN] PackLoader:240 - Cannot read IP mode file for STMicroelectronics.X-CUBE-NFC10.1.0.0
2024-10-21 19:13:42,927 [WARN] PackLoader:240 - Cannot read IP mode file for emotas.I-CUBE-CANOPEN.1.3.0
2024-10-21 19:13:42,943 [WARN] PackLoader:240 - Cannot read IP mode file for STMicroelectronics.X-CUBE-BLEMGR.3.1.0
2024-10-21 19:13:42,958 [WARN] PackLoader:240 - Cannot read IP mode file for STMicroelectronics.FP-SNS-SMARTAG2.1.2.0
2024-10-21 19:13:42,978 [INFO] LogOutputStream:77 - [STDOUT_REDIRECT] 1 : Invalid condition id : UX_CORESTACK_Condition cause : null
2024-10-21 19:13:42,978 [INFO] LogOutputStream:77 - [STDOUT_REDIRECT] 1 : Invalid condition id : UX_CORESTACK_Condition cause : null
2024-10-21 19:13:42,979 [INFO] LogOutputStream:77 - [STDOUT_REDIRECT] 1 : Invalid condition id : UX_CORESTACK_Condition cause : null
2024-10-21 19:13:42,979 [INFO] LogOutputStream:77 - [STDOUT_REDIRECT] 1 : Invalid condition id : UX_CORESTACK_Condition cause : null
2024-10-21 19:13:42,980 [INFO] LogOutputStream:77 - [STDOUT_REDIRECT] 1 : Invalid condition id : UX_CORESTACK_Condition cause : null
2024-10-21 19:13:42,982 [WARN] PackLoader:240 - Cannot read IP mode file for STMicroelectronics.X-CUBE-AZRTOS-WL.2.0.0
2024-10-21 19:13:42,995 [WARN] PackLoader:240 - Cannot read IP mode file for STMicroelectronics.FP-SNS-MOTENV1.5.0.0
2024-10-21 19:13:43,006 [WARN] PackLoader:240 - Cannot read IP mode file for wolfSSL.I-CUBE-wolfMQTT.1.19.0
2024-10-21 19:13:43,020 [WARN] PackLoader:240 - Cannot read IP mode file for WES.I-CUBE-Cesium.1.3.0
2024-10-21 19:13:43,034 [WARN] PackLoader:240 - Cannot read IP mode file for STMicroelectronics.X-CUBE-BLE2.3.3.0
2024-10-21 19:13:43,048 [WARN] PackLoader:240 - Cannot read IP mode file for STMicroelectronics.X-CUBE-NFC9.1.0.0
2024-10-21 19:13:43,064 [WARN] PackLoader:240 - Cannot read IP mode file for STMicroelectronics.X-CUBE-TCPP.4.1.0
2024-10-21 19:13:43,099 [WARN] PackLoader:240 - Cannot read IP mode file for STMicroelectronics.X-CUBE-AZRTOS-G0.1.1.0
2024-10-21 19:13:43,122 [WARN] PackLoader:240 - Cannot read IP mode file for STMicroelectronics.X-CUBE-SAFEA1.1.2.2
2024-10-21 19:13:43,140 [WARN] PackLoader:240 - Cannot read IP mode file for STMicroelectronics.X-CUBE-NFC4.3.0.0
2024-10-21 19:13:43,176 [WARN] PackLoader:240 - Cannot read IP mode file for EmbeddedOffice.I-CUBE-FS-RTOS.1.0.1
2024-10-21 19:13:43,178 [ERROR] ConditionMgr:805 - Attr not supported : Dmpu
2024-10-21 19:13:43,178 [ERROR] ConditionMgr:805 - Attr not supported : Dmpu
2024-10-21 19:13:43,178 [ERROR] ConditionMgr:805 - Attr not supported : Dmpu
2024-10-21 19:13:43,178 [ERROR] ConditionMgr:805 - Attr not supported : Dmpu
2024-10-21 19:13:43,179 [ERROR] ConditionMgr:805 - Attr not supported : Dmpu
2024-10-21 19:13:43,179 [ERROR] ConditionMgr:805 - Attr not supported : Dmpu
2024-10-21 19:13:43,179 [ERROR] ConditionMgr:805 - Attr not supported : Dmpu
2024-10-21 19:13:43,179 [ERROR] ConditionMgr:805 - Attr not supported : Dmpu
2024-10-21 19:13:43,179 [ERROR] ConditionMgr:805 - Attr not supported : Dmpu
2024-10-21 19:13:43,179 [ERROR] ConditionMgr:805 - Attr not supported : Dmpu
2024-10-21 19:13:43,179 [ERROR] ConditionMgr:805 - Attr not supported : Dmpu
2024-10-21 19:13:43,179 [ERROR] ConditionMgr:805 - Attr not supported : Dmpu
2024-10-21 19:13:43,179 [ERROR] ConditionMgr:805 - Attr not supported : Dmpu
2024-10-21 19:13:43,179 [ERROR] ConditionMgr:805 - Attr not supported : Dmpu
2024-10-21 19:13:43,179 [ERROR] ConditionMgr:805 - Attr not supported : Dmpu
2024-10-21 19:13:43,179 [ERROR] ConditionMgr:805 - Attr not supported : Dmpu
2024-10-21 19:13:43,179 [ERROR] ConditionMgr:805 - Attr not supported : Dmpu
2024-10-21 19:13:43,179 [ERROR] ConditionMgr:805 - Attr not supported : Dmpu
2024-10-21 19:13:43,179 [ERROR] ConditionMgr:805 - Attr not supported : Dmpu
2024-10-21 19:13:43,179 [ERROR] ConditionMgr:805 - Attr not supported : Dmpu
2024-10-21 19:13:43,179 [ERROR] ConditionMgr:805 - Attr not supported : Dmpu
2024-10-21 19:13:43,179 [ERROR] ConditionMgr:805 - Attr not supported : Dmpu
2024-10-21 19:13:43,179 [ERROR] ConditionMgr:805 - Attr not supported : Dmpu
2024-10-21 19:13:43,180 [ERROR] ConditionMgr:805 - Attr not supported : Dmpu
2024-10-21 19:13:43,180 [ERROR] ConditionMgr:805 - Attr not supported : Dmpu
2024-10-21 19:13:43,180 [ERROR] ConditionMgr:805 - Attr not supported : Dmpu
2024-10-21 19:13:43,180 [ERROR] ConditionMgr:805 - Attr not supported : Dmpu
2024-10-21 19:13:43,180 [ERROR] ConditionMgr:805 - Attr not supported : Dmpu
2024-10-21 19:13:43,180 [ERROR] ConditionMgr:805 - Attr not supported : Dmpu
2024-10-21 19:13:43,180 [ERROR] ConditionMgr:805 - Attr not supported : Dmpu
2024-10-21 19:13:43,180 [ERROR] ConditionMgr:805 - Attr not supported : Dmpu
2024-10-21 19:13:43,180 [ERROR] ConditionMgr:805 - Attr not supported : Dmpu
2024-10-21 19:13:43,180 [ERROR] ConditionMgr:805 - Attr not supported : Dmpu
2024-10-21 19:13:43,180 [ERROR] ConditionMgr:805 - Attr not supported : Dmpu
2024-10-21 19:13:43,180 [ERROR] ConditionMgr:805 - Attr not supported : Dmpu
2024-10-21 19:13:43,180 [ERROR] ConditionMgr:805 - Attr not supported : Dmpu
2024-10-21 19:13:43,181 [ERROR] ConditionMgr:805 - Attr not supported : Dmpu
2024-10-21 19:13:43,181 [ERROR] ConditionMgr:805 - Attr not supported : Dmpu
2024-10-21 19:13:43,181 [ERROR] ConditionMgr:805 - Attr not supported : Dmpu
2024-10-21 19:13:43,181 [ERROR] ConditionMgr:805 - Attr not supported : Dmpu
2024-10-21 19:13:43,181 [ERROR] ConditionMgr:805 - Attr not supported : Dmpu
2024-10-21 19:13:43,182 [ERROR] ConditionMgr:805 - Attr not supported : Dmpu
2024-10-21 19:13:43,182 [ERROR] ConditionMgr:805 - Attr not supported : Dmpu
2024-10-21 19:13:43,182 [ERROR] ConditionMgr:805 - Attr not supported : Dmpu
2024-10-21 19:13:43,182 [ERROR] ConditionMgr:805 - Attr not supported : Dmpu
2024-10-21 19:13:43,182 [ERROR] ConditionMgr:805 - Attr not supported : Dmpu
2024-10-21 19:13:43,182 [ERROR] ConditionMgr:805 - Attr not supported : Dmpu
2024-10-21 19:13:43,182 [ERROR] ConditionMgr:805 - Attr not supported : Dmpu
2024-10-21 19:13:43,182 [ERROR] ConditionMgr:805 - Attr not supported : Dmpu
2024-10-21 19:13:43,182 [ERROR] ConditionMgr:805 - Attr not supported : Dmpu
2024-10-21 19:13:43,182 [ERROR] ConditionMgr:805 - Attr not supported : Dmpu
2024-10-21 19:13:43,182 [ERROR] ConditionMgr:805 - Attr not supported : Dmpu
2024-10-21 19:13:43,182 [ERROR] ConditionMgr:805 - Attr not supported : Dmpu
2024-10-21 19:13:43,182 [ERROR] ConditionMgr:805 - Attr not supported : Dmpu
2024-10-21 19:13:43,182 [ERROR] ConditionMgr:805 - Attr not supported : Dmpu
2024-10-21 19:13:43,182 [ERROR] ConditionMgr:805 - Attr not supported : Dmpu
2024-10-21 19:13:43,182 [ERROR] ConditionMgr:805 - Attr not supported : Dmpu
2024-10-21 19:13:43,182 [ERROR] ConditionMgr:805 - Attr not supported : Dmpu
2024-10-21 19:13:43,182 [ERROR] ConditionMgr:805 - Attr not supported : Dmpu
2024-10-21 19:13:43,182 [ERROR] ConditionMgr:805 - Attr not supported : Dmpu
2024-10-21 19:13:43,182 [ERROR] ConditionMgr:805 - Attr not supported : Dmpu
2024-10-21 19:13:43,182 [ERROR] ConditionMgr:805 - Attr not supported : Dmpu
2024-10-21 19:13:43,183 [ERROR] ConditionMgr:805 - Attr not supported : Dmpu
2024-10-21 19:13:43,183 [ERROR] ConditionMgr:805 - Attr not supported : Dmpu
2024-10-21 19:13:43,203 [WARN] PackLoader:240 - Cannot read IP mode file for RealThread.X-CUBE-RT-Thread_Nano.4.1.1
2024-10-21 19:13:43,215 [WARN] PackLoader:240 - Cannot read IP mode file for STMicroelectronics.FP-ATR-SIGFOX1.3.2.0
2024-10-21 19:13:43,234 [WARN] PackLoader:240 - Cannot read IP mode file for wolfSSL.I-CUBE-wolfSSL.5.7.2
2024-10-21 19:13:43,249 [WARN] PackLoader:240 - Cannot read IP mode file for STMicroelectronics.X-CUBE-EEPRMA1.5.1.0
2024-10-21 19:13:43,264 [WARN] PackLoader:240 - Cannot read IP mode file for ITTIA_DB.I-CUBE-ITTIADB.8.9.0
2024-10-21 19:13:43,292 [WARN] PackLoader:240 - Cannot read IP mode file for SEGGER.I-CUBE-embOS.1.3.1
2024-10-21 19:13:43,328 [WARN] PackLoader:240 - Cannot read IP mode file for STMicroelectronics.X-CUBE-ALGOBUILD.1.4.0
2024-10-21 19:13:43,340 [WARN] PackLoader:240 - Cannot read IP mode file for STMicroelectronics.X-CUBE-AI.9.1.0
2024-10-21 19:13:43,365 [WARN] PackLoader:240 - Cannot read IP mode file for STMicroelectronics.X-CUBE-AZRTOS-F4.1.1.0
2024-10-21 19:13:43,382 [WARN] PackLoader:240 - Cannot read IP mode file for STMicroelectronics.X-CUBE-ISPU.2.1.0
2024-10-21 19:13:43,398 [WARN] PackLoader:240 - Cannot read IP mode file for STMicroelectronics.X-CUBE-FREERTOS.1.2.0
2024-10-21 19:13:43,424 [WARN] PackLoader:240 - Cannot read IP mode file for STMicroelectronics.X-CUBE-AZRTOS-L5.2.0.0
2024-10-21 19:13:43,440 [WARN] PackLoader:240 - Cannot read IP mode file for STMicroelectronics.X-CUBE-NFC6.3.1.0
2024-10-21 19:13:43,456 [WARN] PackLoader:240 - Cannot read IP mode file for STMicroelectronics.X-CUBE-DPower.1.2.0
2024-10-21 19:13:43,467 [WARN] PackLoader:240 - Cannot read IP mode file for STMicroelectronics.X-CUBE-AI.9.0.0
2024-10-21 19:13:43,480 [WARN] PackLoader:240 - Cannot read IP mode file for STMicroelectronics.X-CUBE-NFC7.1.0.1
2024-10-21 19:13:43,506 [WARN] ConditionMgr:438 - getConditionDescription Invalid condition id : LAN8742 Phy interface Condition cause : null
2024-10-21 19:13:43,507 [WARN] PackLoader:240 - Cannot read IP mode file for STMicroelectronics.X-CUBE-AZRTOS-L4.2.0.0
2024-10-21 19:13:43,507 [WARN] ConditionMgr:1039 - genDependencies : Invalid condition id : LAN8742 Phy interface Condition cause : null
2024-10-21 19:13:43,508 [WARN] ConditionMgr:1039 - genDependencies : Invalid condition id : LAN8742 Phy interface Condition cause : null
2024-10-21 19:13:43,508 [WARN] ConditionMgr:1039 - genDependencies : Invalid condition id : LAN8742 Phy interface Condition cause : null
2024-10-21 19:13:43,527 [WARN] PackLoader:240 - Cannot read IP mode file for STMicroelectronics.X-CUBE-SFXS2LP1.4.0.0
2024-10-21 19:13:43,554 [WARN] PackLoader:240 - Cannot read IP mode file for STMicroelectronics.X-CUBE-AZRTOS-H7.3.3.0
2024-10-21 19:13:43,576 [WARN] PackLoader:240 - Cannot read IP mode file for STMicroelectronics.X-CUBE-IPS.3.0.0
2024-10-21 19:13:43,600 [WARN] ConditionMgr:438 - getConditionDescription Invalid condition id : UX DEVICE CLASS RTOS Condition cause : null
2024-10-21 19:13:43,601 [WARN] ConditionMgr:438 - getConditionDescription Invalid condition id : UX DEVICE CLASS RTOS Condition cause : null
2024-10-21 19:13:43,601 [WARN] PackLoader:240 - Cannot read IP mode file for STMicroelectronics.X-CUBE-AZRTOS-WB.2.0.0
2024-10-21 19:13:43,602 [WARN] ConditionMgr:1039 - genDependencies : Invalid condition id : UX DEVICE CLASS RTOS Condition cause : null
2024-10-21 19:13:43,602 [WARN] ConditionMgr:1039 - genDependencies : Invalid condition id : UX DEVICE CLASS RTOS Condition cause : null
2024-10-21 19:13:43,602 [WARN] ConditionMgr:1039 - genDependencies : Invalid condition id : UX DEVICE CLASS RTOS Condition cause : null
2024-10-21 19:13:43,602 [WARN] ConditionMgr:1039 - genDependencies : Invalid condition id : UX DEVICE CLASS RTOS Condition cause : null
2024-10-21 19:13:43,602 [WARN] ConditionMgr:1039 - genDependencies : Invalid condition id : UX DEVICE CLASS RTOS Condition cause : null
2024-10-21 19:13:43,617 [WARN] PackLoader:240 - Cannot read IP mode file for STMicroelectronics.X-CUBE-GNSS1.7.0.0
2024-10-21 19:13:43,631 [WARN] PackLoader:240 - Cannot read IP mode file for STMicroelectronics.FP-SNS-STBOX1.2.0.0
2024-10-21 19:13:43,649 [WARN] PackLoader:240 - Cannot read IP mode file for STMicroelectronics.X-CUBE-SUBG2.5.0.0
2024-10-21 19:13:43,664 [WARN] PackLoader:240 - Cannot read IP mode file for Cesanta.I-CUBE-Mongoose.7.13.0
2024-10-21 19:13:43,684 [WARN] PackLoader:240 - Cannot read IP mode file for STMicroelectronics.X-CUBE-AZRTOS-G4.2.0.0
2024-10-21 19:13:43,696 [WARN] PackLoader:240 - Cannot read IP mode file for STMicroelectronics.X-CUBE-ISPU.2.0.0
2024-10-21 19:13:43,707 [WARN] PackLoader:240 - Cannot read IP mode file for STMicroelectronics.X-CUBE-ALS.1.0.2
2024-10-21 19:13:43,720 [WARN] PackLoader:240 - Cannot read IP mode file for STMicroelectronics.X-CUBE-TOUCHGFX.4.24.0
2024-10-21 19:13:43,730 [WARN] PackLoader:240 - Cannot read IP mode file for STMicroelectronics.X-CUBE-TOUCHGFX.4.24.1
2024-10-21 19:13:43,742 [WARN] PackLoader:240 - Cannot read IP mode file for wolfSSL.I-CUBE-wolfTPM.3.4.0
2024-10-21 19:13:43,755 [WARN] PackLoader:240 - Cannot read IP mode file for portGmbH.I-Cube-SoM-uGOAL.1.1.0
2024-10-21 19:13:43,803 [WARN] PackLoader:240 - Cannot read IP mode file for STMicroelectronics.X-CUBE-AZRTOS-H7RS.1.0.0
2024-10-21 19:13:43,818 [WARN] PackLoader:240 - Cannot read IP mode file for STMicroelectronics.FP-ATR-ASTRA1.2.0.0
2024-10-21 19:13:43,840 [WARN] PackLoader:240 - Cannot read IP mode file for STMicroelectronics.X-CUBE-TOF1.3.4.2
2024-10-21 19:13:43,886 [WARN] PackLoader:240 - Cannot read IP mode file for Infineon.AIROC-Wi-Fi-Bluetooth-STM32.1.6.1
2024-10-21 19:13:43,908 [WARN] PackLoader:240 - Cannot read IP mode file for wolfSSL.I-CUBE-wolfSSH.1.4.17
2024-10-21 19:13:43,909 [INFO] ThirdParty:978 - Integrity check success = true
2024-10-21 19:13:43,909 [INFO] IntegrityCheckThread:100 - exiting critical section [integrity check]
2024-10-21 19:13:43,909 [INFO] IntegrityCheckThread:103 - End integrity checks thread
2024-10-21 19:13:46,920 [INFO] WebApp:167 - Instantiating new browser for Auth
2024-10-21 19:13:47,694 [INFO] WebApp:448 - Apply proxy settings
2024-10-21 19:13:47,694 [INFO] WebApp:533 - Chromium requires no authentication
2024-10-21 19:13:47,709 [INFO] WebApp:476 - Direct internet connection detected
2024-10-21 19:13:47,748 [INFO] WebApp:869 - Register for checkConnection events
2024-10-21 19:13:47,748 [INFO] WebApp:448 - Apply proxy settings
2024-10-21 19:13:47,748 [INFO] WebApp:533 - Chromium requires no authentication
2024-10-21 19:13:47,749 [INFO] WebApp:476 - Direct internet connection detected
2024-10-21 19:13:47,936 [INFO] WebApp:186 - Connection restablished
2024-10-21 19:13:47,939 [INFO] WebApp:220 - Starting web application
2024-10-21 19:13:47,939 [INFO] WebApp:578 - Web application path used C:\ST\STM32CubeIDE_1.16.1\STM32CubeIDE\plugins\com.st.stm32cube.common.mx_6.12.1.202409122256\db\plugins\mcufinder\reactClient1\index.html
2024-10-21 19:13:48,156 [INFO] UserAuth:417 - Internet connection configuration mode: 1
