2024-08-22 20:10:48,567 [INFO] Activator:176 - 


2024-08-22 20:10:48,574 [INFO] Activator:177 - !SESSION log4j initialized
2024-08-22 20:10:56,778 [INFO] LogOutputStream:77 - [STDOUT_REDIRECT] 
2024-08-22 20:10:58,895 [INFO] ApplicationProperties:184 - Using Application install path: C:\ST\STM32CubeIDE_1.15.1\STM32CubeIDE\plugins\com.st.stm32cube.common.mx_6.11.1.202404110753
2024-08-22 20:10:58,931 [INFO] DbMcusXml:78 - Set database path to: C:\ST\STM32CubeIDE_1.15.1\STM32CubeIDE\plugins\com.st.stm32cube.common.mx_6.11.1.202404110753\\db\/mcu/
2024-08-22 20:10:58,932 [INFO] ApiDb:274 - Set plugin database path to: C:\ST\STM32CubeIDE_1.15.1\STM32CubeIDE\plugins\com.st.stm32cube.common.mx_6.11.1.202404110753\\db\/plugins/boardmanager/
2024-08-22 20:10:58,933 [WARN] ApiDb:259 - Overriding images path with different value:  => C:\ST\STM32CubeIDE_1.15.1\STM32CubeIDE\plugins\com.st.stm32cube.common.mx_6.11.1.202404110753\\db\/plugins/mcufinder/images/
2024-08-22 20:10:58,951 [INFO] ApiDb:250 - Set database path to: C:\Users\ASUS\.stmcufinder\plugins\mcufinder//mcu/
2024-08-22 20:10:58,954 [INFO] DbMcusAds:125 - Set database path to: C:\Users\ASUS\.stmcufinder\plugins\mcufinder//mcu/
2024-08-22 20:10:58,956 [INFO] CrossReferenceDbSqlite:203 - Set database path to: C:\Users\ASUS\.stmcufinder\plugins\mcufinder//mcu/cs/
2024-08-22 20:10:59,124 [INFO] RulesReader:64 - Compatibility file has been processed (297 Rules)
2024-08-22 20:10:59,364 [INFO] DbMcusXml:78 - Set database path to: C:\ST\STM32CubeIDE_1.15.1\STM32CubeIDE\plugins\com.st.stm32cube.common.mx_6.11.1.202404110753\\db\/mcu/
2024-08-22 20:10:59,364 [INFO] ApiDb:274 - Set plugin database path to: C:\ST\STM32CubeIDE_1.15.1\STM32CubeIDE\plugins\com.st.stm32cube.common.mx_6.11.1.202404110753\\db\/plugins/boardmanager/
2024-08-22 20:10:59,365 [INFO] ApiDb:261 - Set plugin images path to: C:\ST\STM32CubeIDE_1.15.1\STM32CubeIDE\plugins\com.st.stm32cube.common.mx_6.11.1.202404110753\\db\/plugins/mcufinder/images/
2024-08-22 20:10:59,365 [WARN] DbFile:41 - Overriding database path with different value: C:\Users\ASUS\.stmcufinder\plugins\mcufinder/ => C:\Users\ASUS\.stmcufinder\plugins\mcufinder
2024-08-22 20:10:59,365 [INFO] ApiDb:250 - Set database path to: C:\Users\ASUS\.stmcufinder\plugins\mcufinder//mcu/
2024-08-22 20:10:59,365 [WARN] DbFile:41 - Overriding database path with different value: C:\Users\ASUS\.stmcufinder\plugins\mcufinder/ => C:\Users\ASUS\.stmcufinder\plugins\mcufinder
2024-08-22 20:10:59,365 [INFO] DbMcusAds:125 - Set database path to: C:\Users\ASUS\.stmcufinder\plugins\mcufinder//mcu/
2024-08-22 20:10:59,366 [WARN] DbFile:41 - Overriding database path with different value: C:\Users\ASUS\.stmcufinder\plugins\mcufinder/ => C:\Users\ASUS\.stmcufinder\plugins\mcufinder
2024-08-22 20:10:59,366 [WARN] DbFile:41 - Overriding database path with different value: C:\Users\ASUS\.stmcufinder\plugins\mcufinder/ => C:\Users\ASUS\.stmcufinder\plugins\mcufinder
2024-08-22 20:10:59,366 [INFO] CrossReferenceDbSqlite:203 - Set database path to: C:\Users\ASUS\.stmcufinder\plugins\mcufinder//mcu/cs/
2024-08-22 20:10:59,551 [INFO] MainPanel:264 - HeapMemory: 268435456
2024-08-22 20:10:59,939 [INFO] DbMcusXml:78 - Set database path to: C:\ST\STM32CubeIDE_1.15.1\STM32CubeIDE\plugins\com.st.stm32cube.common.mx_6.11.1.202404110753\\db\/mcu/
2024-08-22 20:10:59,939 [INFO] ApiDb:274 - Set plugin database path to: C:\ST\STM32CubeIDE_1.15.1\STM32CubeIDE\plugins\com.st.stm32cube.common.mx_6.11.1.202404110753\\db\/plugins/boardmanager/
2024-08-22 20:10:59,939 [INFO] ApiDb:261 - Set plugin images path to: C:\ST\STM32CubeIDE_1.15.1\STM32CubeIDE\plugins\com.st.stm32cube.common.mx_6.11.1.202404110753\\db\/plugins/mcufinder/images/
2024-08-22 20:10:59,940 [WARN] DbFile:41 - Overriding database path with different value: C:\Users\ASUS\.stmcufinder\plugins\mcufinder/ => C:\Users\ASUS\.stmcufinder\plugins\mcufinder
2024-08-22 20:10:59,940 [INFO] ApiDb:250 - Set database path to: C:\Users\ASUS\.stmcufinder\plugins\mcufinder//mcu/
2024-08-22 20:10:59,940 [WARN] DbFile:41 - Overriding database path with different value: C:\Users\ASUS\.stmcufinder\plugins\mcufinder/ => C:\Users\ASUS\.stmcufinder\plugins\mcufinder
2024-08-22 20:10:59,940 [INFO] DbMcusAds:125 - Set database path to: C:\Users\ASUS\.stmcufinder\plugins\mcufinder//mcu/
2024-08-22 20:10:59,940 [WARN] DbFile:41 - Overriding database path with different value: C:\Users\ASUS\.stmcufinder\plugins\mcufinder/ => C:\Users\ASUS\.stmcufinder\plugins\mcufinder
2024-08-22 20:10:59,940 [WARN] DbFile:41 - Overriding database path with different value: C:\Users\ASUS\.stmcufinder\plugins\mcufinder/ => C:\Users\ASUS\.stmcufinder\plugins\mcufinder
2024-08-22 20:10:59,940 [INFO] CrossReferenceDbSqlite:203 - Set database path to: C:\Users\ASUS\.stmcufinder\plugins\mcufinder//mcu/cs/
2024-08-22 20:10:59,980 [INFO] ApplicationProperties:184 - Using Application install path: C:\ST\STM32CubeIDE_1.15.1\STM32CubeIDE\plugins\com.st.stm32cube.common.mx_6.11.1.202404110753
2024-08-22 20:10:59,984 [INFO] PluginManage:196 - Search for loadable plugins [exclusion list=, ]
2024-08-22 20:10:59,988 [INFO] PluginManage:310 - Check plugin analytics
2024-08-22 20:11:00,180 [INFO] AnalyticsPlugin:253 - Accepted Software Licenses: STM32CubeMX.6.11.1
2024-08-22 20:11:00,181 [INFO] AnalyticsPlugin:255 - Accepted CMSIS Pack Licenses: 
2024-08-22 20:11:00,181 [INFO] AnalyticsPlugin:257 - Accepted Firmware Licenses: 
2024-08-22 20:11:00,183 [INFO] PluginManage:359 - Loaded plugin analytics (category:tool,tabindex:-1)
2024-08-22 20:11:00,184 [INFO] PluginManage:310 - Check plugin cadmodel
2024-08-22 20:11:00,212 [INFO] CADModel:105 - Init CAD model plugin
2024-08-22 20:11:00,212 [INFO] PluginManage:359 - Loaded plugin cadmodel (category:power,tabindex:5)
2024-08-22 20:11:00,212 [INFO] PluginManage:310 - Check plugin clock
2024-08-22 20:11:00,267 [INFO] PluginManage:359 - Loaded plugin clock (category:base,tabindex:2)
2024-08-22 20:11:00,267 [INFO] PluginManage:310 - Check plugin ddr
2024-08-22 20:11:00,271 [INFO] PluginManage:359 - Loaded plugin ddr (category:tool,tabindex:6)
2024-08-22 20:11:00,271 [INFO] PluginManage:310 - Check plugin filemanager
2024-08-22 20:11:00,454 [INFO] PluginManage:359 - Loaded plugin filemanager (category:base,tabindex:10)
2024-08-22 20:11:00,454 [INFO] PluginManage:310 - Check plugin ipmanager
2024-08-22 20:11:00,465 [INFO] PluginManage:359 - Loaded plugin ipmanager (category:base,tabindex:5)
2024-08-22 20:11:00,465 [INFO] PluginManage:310 - Check plugin lpbam
2024-08-22 20:11:00,484 [INFO] PluginManage:359 - Loaded plugin lpbam (category:base,tabindex:0)
2024-08-22 20:11:00,484 [INFO] PluginManage:310 - Check plugin memorymap
2024-08-22 20:11:00,519 [INFO] PluginManage:359 - Loaded plugin memorymap (category:base,tabindex:4)
2024-08-22 20:11:00,519 [INFO] PluginManage:310 - Check plugin pinoutandconfiguration
2024-08-22 20:11:00,537 [INFO] PluginManage:359 - Loaded plugin pinoutandconfiguration (category:base,tabindex:1)
2024-08-22 20:11:00,537 [INFO] PluginManage:310 - Check plugin pinoutconfig
2024-08-22 20:11:00,656 [WARN] SupportedApi:132 - Cannot load RTOS API schema: s4s-elt-must-match.1: The content of 'definitions' must match (annotation?, (simpleType | complexType)?, (unique | key | keyref)*)). A problem was found starting at: attribute.
2024-08-22 20:11:00,853 [INFO] PluginManage:359 - Loaded plugin pinoutconfig (category:base,tabindex:0)
2024-08-22 20:11:00,853 [INFO] PluginManage:310 - Check plugin power
2024-08-22 20:11:00,871 [INFO] PluginManage:359 - Loaded plugin power (category:power,tabindex:4)
2024-08-22 20:11:00,871 [INFO] PluginManage:310 - Check plugin projectmanager
2024-08-22 20:11:00,888 [INFO] PluginManage:359 - Loaded plugin projectmanager (category:projectmanager,tabindex:3)
2024-08-22 20:11:00,888 [INFO] PluginManage:310 - Check plugin thirdparty
2024-08-22 20:11:01,355 [INFO] PluginManage:359 - Loaded plugin thirdparty (category:base,tabindex:-1)
2024-08-22 20:11:01,355 [WARN] IntegrityCheckThread:84 - waiting for thirdparty lock release [integrity check]
2024-08-22 20:11:01,355 [INFO] PluginManage:310 - Check plugin tools
2024-08-22 20:11:01,355 [INFO] IntegrityCheckThread:86 - entering critical section [integrity check]
2024-08-22 20:11:01,356 [INFO] ThirdPartyUpdaterWithRetryManager:70 - Updater plugin not ready yet. [1/15]
2024-08-22 20:11:01,401 [INFO] PluginManage:359 - Loaded plugin tools (category:base,tabindex:7)
2024-08-22 20:11:01,401 [INFO] PluginManage:310 - Check plugin tutovideos
2024-08-22 20:11:01,651 [INFO] PluginManage:359 - Loaded plugin tutovideos (category:base,tabindex:-1)
2024-08-22 20:11:01,651 [INFO] PluginManage:310 - Check plugin updater
2024-08-22 20:11:01,661 [INFO] PluginManage:359 - Loaded plugin updater (category:base,tabindex:12)
2024-08-22 20:11:01,663 [INFO] PluginManage:310 - Check plugin userauth
2024-08-22 20:11:01,680 [INFO] UserAuth:114 - Init User Auth plugin
2024-08-22 20:11:01,680 [INFO] PluginManage:359 - Loaded plugin userauth (category:base,tabindex:14)
2024-08-22 20:11:01,681 [INFO] PluginManage:283 - PluginManage : Loaded plugins [17]
2024-08-22 20:11:02,125 [INFO] PinOutPanel:1561 - setPackage(No Configuration,No Configuration)
2024-08-22 20:11:02,215 [INFO] CADModel:165 - CPN selected for project level
2024-08-22 20:11:02,215 [INFO] CADModel:114 - Register for checkConnection events
2024-08-22 20:11:02,246 [INFO] IPUIPlugin:80 - create IPUIPlugin
2024-08-22 20:11:02,246 [INFO] PluginManager:220 - loadIPPluginJar : add adc
2024-08-22 20:11:02,280 [INFO] IPUIPlugin:80 - create IPUIPlugin
2024-08-22 20:11:02,280 [INFO] PluginManager:220 - loadIPPluginJar : add aes
2024-08-22 20:11:02,321 [INFO] IPUIPlugin:80 - create IPUIPlugin
2024-08-22 20:11:02,321 [INFO] PluginManager:220 - loadIPPluginJar : add can
2024-08-22 20:11:02,346 [INFO] IPUIPlugin:80 - create IPUIPlugin
2024-08-22 20:11:02,346 [INFO] PluginManager:220 - loadIPPluginJar : add comp
2024-08-22 20:11:02,383 [INFO] IPUIPlugin:80 - create IPUIPlugin
2024-08-22 20:11:02,383 [INFO] PluginManager:220 - loadIPPluginJar : add cryp
2024-08-22 20:11:02,413 [INFO] IPUIPlugin:80 - create IPUIPlugin
2024-08-22 20:11:02,413 [INFO] PluginManager:220 - loadIPPluginJar : add dfsdm
2024-08-22 20:11:02,429 [INFO] IPUIPlugin:80 - create IPUIPlugin
2024-08-22 20:11:02,430 [INFO] PluginManager:220 - loadIPPluginJar : add dma
2024-08-22 20:11:02,474 [INFO] IPUIPlugin:80 - create IPUIPlugin
2024-08-22 20:11:02,474 [INFO] PluginManager:220 - loadIPPluginJar : add dma3
2024-08-22 20:11:02,518 [INFO] IPUIPlugin:80 - create IPUIPlugin
2024-08-22 20:11:02,518 [INFO] PluginManager:220 - loadIPPluginJar : add extmemmanager
2024-08-22 20:11:02,539 [INFO] IPUIPlugin:80 - create IPUIPlugin
2024-08-22 20:11:02,539 [INFO] PluginManager:220 - loadIPPluginJar : add fatfs
2024-08-22 20:11:02,584 [INFO] IPUIPlugin:80 - create IPUIPlugin
2024-08-22 20:11:02,584 [INFO] PluginManager:220 - loadIPPluginJar : add fmc
2024-08-22 20:11:02,600 [INFO] IPUIPlugin:80 - create IPUIPlugin
2024-08-22 20:11:02,600 [INFO] PluginManager:220 - loadIPPluginJar : add freertos
2024-08-22 20:11:02,620 [INFO] IPUIPlugin:80 - create IPUIPlugin
2024-08-22 20:11:02,620 [INFO] PluginManager:220 - loadIPPluginJar : add genericplugin
2024-08-22 20:11:02,716 [INFO] IPUIPlugin:80 - create IPUIPlugin
2024-08-22 20:11:02,716 [INFO] PluginManager:220 - loadIPPluginJar : add gfxmmu
2024-08-22 20:11:02,886 [INFO] IPUIPlugin:80 - create IPUIPlugin
2024-08-22 20:11:02,886 [INFO] PluginManager:220 - loadIPPluginJar : add gic
2024-08-22 20:11:02,942 [INFO] IPUIPlugin:80 - create IPUIPlugin
2024-08-22 20:11:02,942 [INFO] PluginManager:220 - loadIPPluginJar : add gpio
2024-08-22 20:11:03,054 [INFO] IPUIPlugin:80 - create IPUIPlugin
2024-08-22 20:11:03,054 [INFO] PluginManager:220 - loadIPPluginJar : add gtzc
2024-08-22 20:11:03,100 [INFO] IPUIPlugin:80 - create IPUIPlugin
2024-08-22 20:11:03,101 [INFO] PluginManager:220 - loadIPPluginJar : add hash
2024-08-22 20:11:03,167 [INFO] IPUIPlugin:80 - create IPUIPlugin
2024-08-22 20:11:03,167 [INFO] PluginManager:220 - loadIPPluginJar : add i2c
2024-08-22 20:11:03,218 [INFO] IPUIPlugin:80 - create IPUIPlugin
2024-08-22 20:11:03,219 [INFO] PluginManager:220 - loadIPPluginJar : add i2s
2024-08-22 20:11:03,261 [INFO] IPUIPlugin:80 - create IPUIPlugin
2024-08-22 20:11:03,261 [INFO] PluginManager:220 - loadIPPluginJar : add i3c
2024-08-22 20:11:03,364 [INFO] IPUIPlugin:80 - create IPUIPlugin
2024-08-22 20:11:03,364 [INFO] PluginManager:220 - loadIPPluginJar : add ipddr
2024-08-22 20:11:03,464 [INFO] IPUIPlugin:80 - create IPUIPlugin
2024-08-22 20:11:03,464 [INFO] PluginManager:220 - loadIPPluginJar : add linkedlist
2024-08-22 20:11:03,514 [INFO] IPUIPlugin:80 - create IPUIPlugin
2024-08-22 20:11:03,514 [INFO] PluginManager:220 - loadIPPluginJar : add lorawan
2024-08-22 20:11:03,567 [INFO] IPUIPlugin:80 - create IPUIPlugin
2024-08-22 20:11:03,568 [INFO] PluginManager:220 - loadIPPluginJar : add ltdc
2024-08-22 20:11:03,587 [INFO] IPUIPlugin:80 - create IPUIPlugin
2024-08-22 20:11:03,588 [INFO] PluginManager:220 - loadIPPluginJar : add mdma
2024-08-22 20:11:03,607 [INFO] IPUIPlugin:80 - create IPUIPlugin
2024-08-22 20:11:03,608 [INFO] PluginManager:220 - loadIPPluginJar : add nvic
2024-08-22 20:11:03,681 [INFO] IPUIPlugin:80 - create IPUIPlugin
2024-08-22 20:11:03,681 [INFO] PluginManager:220 - loadIPPluginJar : add opamp
2024-08-22 20:11:03,776 [INFO] IPUIPlugin:80 - create IPUIPlugin
2024-08-22 20:11:03,777 [INFO] PluginManager:220 - loadIPPluginJar : add openamp
2024-08-22 20:11:03,826 [INFO] IPUIPlugin:80 - create IPUIPlugin
2024-08-22 20:11:03,827 [INFO] PluginManager:220 - loadIPPluginJar : add pdm2pcm
2024-08-22 20:11:03,871 [INFO] IPUIPlugin:80 - create IPUIPlugin
2024-08-22 20:11:03,873 [INFO] PluginManager:220 - loadIPPluginJar : add plateformsettings
2024-08-22 20:11:03,893 [INFO] IPUIPlugin:80 - create IPUIPlugin
2024-08-22 20:11:03,894 [INFO] PluginManager:220 - loadIPPluginJar : add quadspi
2024-08-22 20:11:03,909 [INFO] IPUIPlugin:80 - create IPUIPlugin
2024-08-22 20:11:03,909 [INFO] PluginManager:220 - loadIPPluginJar : add resmgrutility
2024-08-22 20:11:03,953 [INFO] IPUIPlugin:80 - create IPUIPlugin
2024-08-22 20:11:03,953 [INFO] PluginManager:220 - loadIPPluginJar : add sai
2024-08-22 20:11:03,998 [INFO] IPUIPlugin:80 - create IPUIPlugin
2024-08-22 20:11:03,998 [INFO] PluginManager:220 - loadIPPluginJar : add spi
2024-08-22 20:11:04,065 [INFO] IPUIPlugin:80 - create IPUIPlugin
2024-08-22 20:11:04,065 [INFO] PluginManager:220 - loadIPPluginJar : add stm32_wpan
2024-08-22 20:11:04,086 [INFO] IPUIPlugin:80 - create IPUIPlugin
2024-08-22 20:11:04,086 [INFO] PluginManager:220 - loadIPPluginJar : add tim
2024-08-22 20:11:04,148 [INFO] IPUIPlugin:80 - create IPUIPlugin
2024-08-22 20:11:04,148 [INFO] PluginManager:220 - loadIPPluginJar : add touchsensing
2024-08-22 20:11:04,171 [INFO] IPUIPlugin:80 - create IPUIPlugin
2024-08-22 20:11:04,171 [INFO] PluginManager:220 - loadIPPluginJar : add tracer_emb
2024-08-22 20:11:04,195 [INFO] IPUIPlugin:80 - create IPUIPlugin
2024-08-22 20:11:04,196 [INFO] PluginManager:220 - loadIPPluginJar : add ts
2024-08-22 20:11:04,218 [INFO] IPUIPlugin:80 - create IPUIPlugin
2024-08-22 20:11:04,219 [INFO] PluginManager:220 - loadIPPluginJar : add tsc
2024-08-22 20:11:04,267 [INFO] IPUIPlugin:80 - create IPUIPlugin
2024-08-22 20:11:04,267 [INFO] PluginManager:220 - loadIPPluginJar : add ucpd
2024-08-22 20:11:04,367 [INFO] IPUIPlugin:80 - create IPUIPlugin
2024-08-22 20:11:04,367 [INFO] PluginManager:220 - loadIPPluginJar : add usart
2024-08-22 20:11:04,368 [INFO] ThirdPartyUpdaterWithRetryManager:70 - Updater plugin not ready yet. [2/15]
2024-08-22 20:11:04,443 [INFO] IPUIPlugin:80 - create IPUIPlugin
2024-08-22 20:11:04,444 [INFO] PluginManager:220 - loadIPPluginJar : add usbx
2024-08-22 20:11:04,585 [INFO] CADModel:165 - CPN selected for project level
2024-08-22 20:11:04,585 [INFO] CADModel:114 - Register for checkConnection events
2024-08-22 20:11:04,585 [FATAL] Updater:308 - Updater called before beeing initialized
2024-08-22 20:11:04,585 [ERROR] CADModel:125 - Updater not yet initialized, retry later 
2024-08-22 20:11:04,843 [INFO] CADModel:165 - CPN selected for project level
2024-08-22 20:11:04,843 [INFO] CADModel:114 - Register for checkConnection events
2024-08-22 20:11:04,843 [FATAL] Updater:308 - Updater called before beeing initialized
2024-08-22 20:11:04,843 [ERROR] CADModel:125 - Updater not yet initialized, retry later 
2024-08-22 20:11:04,846 [FATAL] Updater:308 - Updater called before beeing initialized
2024-08-22 20:11:04,945 [FATAL] Updater:308 - Updater called before beeing initialized
2024-08-22 20:11:04,956 [INFO] DbMcusAds:53 - JSON generation date=Thu May 16 16:22:00 ICT 2024 (1715851320667)
2024-08-22 20:11:04,957 [FATAL] Updater:308 - Updater called before beeing initialized
2024-08-22 20:11:05,106 [WARN] DetailPanel:346 - Failed to get advertising image, set to default
2024-08-22 20:11:05,193 [FATAL] Updater:308 - Updater called before beeing initialized
2024-08-22 20:11:05,196 [FATAL] Updater:308 - Updater called before beeing initialized
2024-08-22 20:11:05,196 [FATAL] Updater:308 - Updater called before beeing initialized
2024-08-22 20:11:05,196 [WARN] DetailPanel:346 - Failed to get advertising image, set to default
2024-08-22 20:11:05,197 [FATAL] Updater:308 - Updater called before beeing initialized
2024-08-22 20:11:05,250 [ERROR] Updater:1120 - MainUpdater not yet initialized. External WinMGr cannot be set.
2024-08-22 20:11:05,264 [INFO] Updater:1056 - Updater Version found : 6.11.1
2024-08-22 20:11:05,293 [INFO] ApplicationProperties:184 - Using Application install path: C:\ST\STM32CubeIDE_1.15.1\STM32CubeIDE\plugins\com.st.stm32cube.common.mx_6.11.1.202404110753
2024-08-22 20:11:06,936 [ERROR] LogOutputStream:75 - [STDERR_REDIRECT] Aug 22, 2024 8:11:06 PM java.util.prefs.WindowsPreferences <init>
2024-08-22 20:11:06,938 [ERROR] LogOutputStream:75 - [STDERR_REDIRECT] WARNING: Could not open/create prefs root node Software\JavaSoft\Prefs at root 0xffffffff80000002. Windows RegCreateKeyEx(...) returned error code 5.
2024-08-22 20:11:06,938 [ERROR] LogOutputStream:75 - [STDERR_REDIRECT] 
2024-08-22 20:11:07,371 [INFO] ThirdPartyUpdaterWithRetryManager:70 - Updater plugin not ready yet. [3/15]
2024-08-22 20:11:08,032 [INFO] MainUpdater:2873 - connection check result : 10
2024-08-22 20:11:08,033 [INFO] MainUpdater:290 - Updater Check For Update Now.
2024-08-22 20:11:08,033 [INFO] MicroXplorer:498 - Change Database Version : DB.6.0.111
2024-08-22 20:11:08,051 [INFO] McuFinderGlobals:63 - Set McuFinder mode to 2 (CubeIDE integrated)
2024-08-22 20:11:08,070 [INFO] UserAuth:415 - Internet connection configuration mode: 1
2024-08-22 20:11:08,120 [INFO] JxBrowserEngine:152 - Initiate JxBrowser Engine with user profile folder
2024-08-22 20:11:08,247 [INFO] CheckServerUpdateThread:120 - End of CheckServer Thread
2024-08-22 20:11:10,638 [WARN] PackLoader:240 - Cannot read IP mode file for STMicroelectronics.FP-SNS-MOTENVWB1.1.4.0
2024-08-22 20:11:10,661 [WARN] PackLoader:240 - Cannot read IP mode file for STMicroelectronics.X-CUBE-SMBUS.2.1.0
2024-08-22 20:11:10,675 [WARN] PackLoader:240 - Cannot read IP mode file for STMicroelectronics.X-CUBE-TOUCHGFX.4.23.2
2024-08-22 20:11:10,707 [WARN] PackLoader:240 - Cannot read IP mode file for STMicroelectronics.X-CUBE-AZRTOS-F7.1.1.0
2024-08-22 20:11:10,772 [WARN] PackLoader:240 - Cannot read IP mode file for STMicroelectronics.X-CUBE-MEMS1.11.0.0
2024-08-22 20:11:10,895 [WARN] PackLoader:240 - Cannot read IP mode file for STMicroelectronics.FP-SNS-FLIGHT1.5.0.2
2024-08-22 20:11:10,915 [WARN] PackLoader:240 - Cannot read IP mode file for STMicroelectronics.X-CUBE-DISPLAY.3.0.0
2024-08-22 20:11:10,933 [WARN] PackLoader:240 - Cannot read IP mode file for STMicroelectronics.X-CUBE-BLE1.7.0.0
2024-08-22 20:11:10,947 [WARN] PackLoader:240 - Cannot read IP mode file for emotas.I-CUBE-CANOPEN.1.3.0
2024-08-22 20:11:10,969 [WARN] PackLoader:240 - Cannot read IP mode file for STMicroelectronics.X-CUBE-BLEMGR.3.1.0
2024-08-22 20:11:10,982 [WARN] PackLoader:240 - Cannot read IP mode file for STMicroelectronics.FP-SNS-SMARTAG2.1.2.0
2024-08-22 20:11:11,004 [INFO] LogOutputStream:77 - [STDOUT_REDIRECT] 1 : Invalid condition id : UX_CORESTACK_Condition cause : null
2024-08-22 20:11:11,005 [INFO] LogOutputStream:77 - [STDOUT_REDIRECT] 1 : Invalid condition id : UX_CORESTACK_Condition cause : null
2024-08-22 20:11:11,006 [INFO] LogOutputStream:77 - [STDOUT_REDIRECT] 1 : Invalid condition id : UX_CORESTACK_Condition cause : null
2024-08-22 20:11:11,006 [INFO] LogOutputStream:77 - [STDOUT_REDIRECT] 1 : Invalid condition id : UX_CORESTACK_Condition cause : null
2024-08-22 20:11:11,007 [INFO] LogOutputStream:77 - [STDOUT_REDIRECT] 1 : Invalid condition id : UX_CORESTACK_Condition cause : null
2024-08-22 20:11:11,009 [WARN] PackLoader:240 - Cannot read IP mode file for STMicroelectronics.X-CUBE-AZRTOS-WL.2.0.0
2024-08-22 20:11:11,023 [WARN] PackLoader:240 - Cannot read IP mode file for STMicroelectronics.FP-SNS-MOTENV1.5.0.0
2024-08-22 20:11:11,034 [WARN] PackLoader:240 - Cannot read IP mode file for wolfSSL.I-CUBE-wolfMQTT.1.19.0
2024-08-22 20:11:11,048 [WARN] PackLoader:240 - Cannot read IP mode file for WES.I-CUBE-Cesium.1.3.0
2024-08-22 20:11:11,060 [WARN] PackLoader:240 - Cannot read IP mode file for STMicroelectronics.X-CUBE-BLE2.3.3.0
2024-08-22 20:11:11,072 [WARN] PackLoader:240 - Cannot read IP mode file for STMicroelectronics.X-CUBE-TCPP.4.1.0
2024-08-22 20:11:11,083 [WARN] PackLoader:240 - Cannot read IP mode file for STMicroelectronics.X-CUBE-ALGOBUILD.1.3.0
2024-08-22 20:11:11,105 [WARN] PackLoader:240 - Cannot read IP mode file for STMicroelectronics.X-CUBE-AZRTOS-G0.1.1.0
2024-08-22 20:11:11,120 [WARN] PackLoader:240 - Cannot read IP mode file for STMicroelectronics.X-CUBE-SAFEA1.1.2.2
2024-08-22 20:11:11,130 [WARN] PackLoader:240 - Cannot read IP mode file for STMicroelectronics.X-CUBE-NFC4.3.0.0
2024-08-22 20:11:11,141 [WARN] PackLoader:240 - Cannot read IP mode file for wolfSSL.I-CUBE-wolfMQTT.1.18.0
2024-08-22 20:11:11,155 [WARN] PackLoader:240 - Cannot read IP mode file for EmbeddedOffice.I-CUBE-FS-RTOS.1.0.1
2024-08-22 20:11:11,156 [ERROR] ConditionMgr:805 - Attr not supported : Dmpu
2024-08-22 20:11:11,156 [ERROR] ConditionMgr:805 - Attr not supported : Dmpu
2024-08-22 20:11:11,156 [ERROR] ConditionMgr:805 - Attr not supported : Dmpu
2024-08-22 20:11:11,156 [ERROR] ConditionMgr:805 - Attr not supported : Dmpu
2024-08-22 20:11:11,156 [ERROR] ConditionMgr:805 - Attr not supported : Dmpu
2024-08-22 20:11:11,156 [ERROR] ConditionMgr:805 - Attr not supported : Dmpu
2024-08-22 20:11:11,156 [ERROR] ConditionMgr:805 - Attr not supported : Dmpu
2024-08-22 20:11:11,156 [ERROR] ConditionMgr:805 - Attr not supported : Dmpu
2024-08-22 20:11:11,156 [ERROR] ConditionMgr:805 - Attr not supported : Dmpu
2024-08-22 20:11:11,156 [ERROR] ConditionMgr:805 - Attr not supported : Dmpu
2024-08-22 20:11:11,156 [ERROR] ConditionMgr:805 - Attr not supported : Dmpu
2024-08-22 20:11:11,156 [ERROR] ConditionMgr:805 - Attr not supported : Dmpu
2024-08-22 20:11:11,156 [ERROR] ConditionMgr:805 - Attr not supported : Dmpu
2024-08-22 20:11:11,156 [ERROR] ConditionMgr:805 - Attr not supported : Dmpu
2024-08-22 20:11:11,156 [ERROR] ConditionMgr:805 - Attr not supported : Dmpu
2024-08-22 20:11:11,156 [ERROR] ConditionMgr:805 - Attr not supported : Dmpu
2024-08-22 20:11:11,156 [ERROR] ConditionMgr:805 - Attr not supported : Dmpu
2024-08-22 20:11:11,156 [ERROR] ConditionMgr:805 - Attr not supported : Dmpu
2024-08-22 20:11:11,157 [ERROR] ConditionMgr:805 - Attr not supported : Dmpu
2024-08-22 20:11:11,157 [ERROR] ConditionMgr:805 - Attr not supported : Dmpu
2024-08-22 20:11:11,157 [ERROR] ConditionMgr:805 - Attr not supported : Dmpu
2024-08-22 20:11:11,157 [ERROR] ConditionMgr:805 - Attr not supported : Dmpu
2024-08-22 20:11:11,157 [ERROR] ConditionMgr:805 - Attr not supported : Dmpu
2024-08-22 20:11:11,157 [ERROR] ConditionMgr:805 - Attr not supported : Dmpu
2024-08-22 20:11:11,157 [ERROR] ConditionMgr:805 - Attr not supported : Dmpu
2024-08-22 20:11:11,157 [ERROR] ConditionMgr:805 - Attr not supported : Dmpu
2024-08-22 20:11:11,157 [ERROR] ConditionMgr:805 - Attr not supported : Dmpu
2024-08-22 20:11:11,157 [ERROR] ConditionMgr:805 - Attr not supported : Dmpu
2024-08-22 20:11:11,157 [ERROR] ConditionMgr:805 - Attr not supported : Dmpu
2024-08-22 20:11:11,157 [ERROR] ConditionMgr:805 - Attr not supported : Dmpu
2024-08-22 20:11:11,157 [ERROR] ConditionMgr:805 - Attr not supported : Dmpu
2024-08-22 20:11:11,157 [ERROR] ConditionMgr:805 - Attr not supported : Dmpu
2024-08-22 20:11:11,157 [ERROR] ConditionMgr:805 - Attr not supported : Dmpu
2024-08-22 20:11:11,157 [ERROR] ConditionMgr:805 - Attr not supported : Dmpu
2024-08-22 20:11:11,157 [ERROR] ConditionMgr:805 - Attr not supported : Dmpu
2024-08-22 20:11:11,157 [ERROR] ConditionMgr:805 - Attr not supported : Dmpu
2024-08-22 20:11:11,157 [ERROR] ConditionMgr:805 - Attr not supported : Dmpu
2024-08-22 20:11:11,157 [ERROR] ConditionMgr:805 - Attr not supported : Dmpu
2024-08-22 20:11:11,157 [ERROR] ConditionMgr:805 - Attr not supported : Dmpu
2024-08-22 20:11:11,157 [ERROR] ConditionMgr:805 - Attr not supported : Dmpu
2024-08-22 20:11:11,157 [ERROR] ConditionMgr:805 - Attr not supported : Dmpu
2024-08-22 20:11:11,157 [ERROR] ConditionMgr:805 - Attr not supported : Dmpu
2024-08-22 20:11:11,157 [ERROR] ConditionMgr:805 - Attr not supported : Dmpu
2024-08-22 20:11:11,158 [ERROR] ConditionMgr:805 - Attr not supported : Dmpu
2024-08-22 20:11:11,158 [ERROR] ConditionMgr:805 - Attr not supported : Dmpu
2024-08-22 20:11:11,158 [ERROR] ConditionMgr:805 - Attr not supported : Dmpu
2024-08-22 20:11:11,158 [ERROR] ConditionMgr:805 - Attr not supported : Dmpu
2024-08-22 20:11:11,158 [ERROR] ConditionMgr:805 - Attr not supported : Dmpu
2024-08-22 20:11:11,158 [ERROR] ConditionMgr:805 - Attr not supported : Dmpu
2024-08-22 20:11:11,158 [ERROR] ConditionMgr:805 - Attr not supported : Dmpu
2024-08-22 20:11:11,158 [ERROR] ConditionMgr:805 - Attr not supported : Dmpu
2024-08-22 20:11:11,158 [ERROR] ConditionMgr:805 - Attr not supported : Dmpu
2024-08-22 20:11:11,158 [ERROR] ConditionMgr:805 - Attr not supported : Dmpu
2024-08-22 20:11:11,158 [ERROR] ConditionMgr:805 - Attr not supported : Dmpu
2024-08-22 20:11:11,158 [ERROR] ConditionMgr:805 - Attr not supported : Dmpu
2024-08-22 20:11:11,158 [ERROR] ConditionMgr:805 - Attr not supported : Dmpu
2024-08-22 20:11:11,158 [ERROR] ConditionMgr:805 - Attr not supported : Dmpu
2024-08-22 20:11:11,158 [ERROR] ConditionMgr:805 - Attr not supported : Dmpu
2024-08-22 20:11:11,158 [ERROR] ConditionMgr:805 - Attr not supported : Dmpu
2024-08-22 20:11:11,158 [ERROR] ConditionMgr:805 - Attr not supported : Dmpu
2024-08-22 20:11:11,158 [ERROR] ConditionMgr:805 - Attr not supported : Dmpu
2024-08-22 20:11:11,158 [ERROR] ConditionMgr:805 - Attr not supported : Dmpu
2024-08-22 20:11:11,158 [ERROR] ConditionMgr:805 - Attr not supported : Dmpu
2024-08-22 20:11:11,158 [ERROR] ConditionMgr:805 - Attr not supported : Dmpu
2024-08-22 20:11:11,171 [WARN] PackLoader:240 - Cannot read IP mode file for RealThread.X-CUBE-RT-Thread_Nano.4.1.1
2024-08-22 20:11:11,182 [WARN] PackLoader:240 - Cannot read IP mode file for wolfSSL.I-CUBE-wolfSSL.5.7.0
2024-08-22 20:11:11,194 [WARN] PackLoader:240 - Cannot read IP mode file for STMicroelectronics.FP-ATR-SIGFOX1.3.2.0
2024-08-22 20:11:11,206 [WARN] PackLoader:240 - Cannot read IP mode file for STMicroelectronics.X-CUBE-EEPRMA1.5.1.0
2024-08-22 20:11:11,222 [WARN] PackLoader:240 - Cannot read IP mode file for ITTIA_DB.I-CUBE-ITTIADB.8.9.0
2024-08-22 20:11:11,254 [WARN] PackLoader:240 - Cannot read IP mode file for SEGGER.I-CUBE-embOS.1.3.1
2024-08-22 20:11:11,303 [WARN] PackLoader:240 - Cannot read IP mode file for STMicroelectronics.X-CUBE-ALGOBUILD.1.4.0
2024-08-22 20:11:11,314 [WARN] PackLoader:240 - Cannot read IP mode file for STMicroelectronics.X-CUBE-GNSS1.6.0.0
2024-08-22 20:11:11,341 [WARN] PackLoader:240 - Cannot read IP mode file for STMicroelectronics.X-CUBE-AZRTOS-F4.1.1.0
2024-08-22 20:11:11,357 [WARN] PackLoader:240 - Cannot read IP mode file for STMicroelectronics.X-CUBE-FREERTOS.1.2.0
2024-08-22 20:11:11,386 [WARN] PackLoader:240 - Cannot read IP mode file for STMicroelectronics.X-CUBE-AZRTOS-L5.2.0.0
2024-08-22 20:11:11,401 [WARN] PackLoader:240 - Cannot read IP mode file for STMicroelectronics.X-CUBE-NFC6.3.1.0
2024-08-22 20:11:11,416 [WARN] PackLoader:240 - Cannot read IP mode file for STMicroelectronics.X-CUBE-DPower.1.2.0
2024-08-22 20:11:11,432 [WARN] PackLoader:240 - Cannot read IP mode file for STMicroelectronics.X-CUBE-AI.9.0.0
2024-08-22 20:11:11,452 [WARN] PackLoader:240 - Cannot read IP mode file for STMicroelectronics.X-CUBE-NFC7.1.0.1
2024-08-22 20:11:11,465 [WARN] PackLoader:240 - Cannot read IP mode file for wolfSSL.I-CUBE-wolfTPM.3.2.0
2024-08-22 20:11:11,488 [WARN] ConditionMgr:438 - getConditionDescription Invalid condition id : LAN8742 Phy interface Condition cause : null
2024-08-22 20:11:11,488 [WARN] PackLoader:240 - Cannot read IP mode file for STMicroelectronics.X-CUBE-AZRTOS-L4.2.0.0
2024-08-22 20:11:11,489 [WARN] ConditionMgr:1039 - genDependencies : Invalid condition id : LAN8742 Phy interface Condition cause : null
2024-08-22 20:11:11,489 [WARN] ConditionMgr:1039 - genDependencies : Invalid condition id : LAN8742 Phy interface Condition cause : null
2024-08-22 20:11:11,489 [WARN] ConditionMgr:1039 - genDependencies : Invalid condition id : LAN8742 Phy interface Condition cause : null
2024-08-22 20:11:11,503 [WARN] PackLoader:240 - Cannot read IP mode file for STMicroelectronics.X-CUBE-SFXS2LP1.4.0.0
2024-08-22 20:11:11,527 [WARN] PackLoader:240 - Cannot read IP mode file for STMicroelectronics.X-CUBE-AZRTOS-H7.3.3.0
2024-08-22 20:11:11,549 [WARN] ConditionMgr:438 - getConditionDescription Invalid condition id : UX DEVICE CLASS RTOS Condition cause : null
2024-08-22 20:11:11,549 [WARN] ConditionMgr:438 - getConditionDescription Invalid condition id : UX DEVICE CLASS RTOS Condition cause : null
2024-08-22 20:11:11,550 [WARN] PackLoader:240 - Cannot read IP mode file for STMicroelectronics.X-CUBE-AZRTOS-WB.2.0.0
2024-08-22 20:11:11,551 [WARN] ConditionMgr:1039 - genDependencies : Invalid condition id : UX DEVICE CLASS RTOS Condition cause : null
2024-08-22 20:11:11,551 [WARN] ConditionMgr:1039 - genDependencies : Invalid condition id : UX DEVICE CLASS RTOS Condition cause : null
2024-08-22 20:11:11,551 [WARN] ConditionMgr:1039 - genDependencies : Invalid condition id : UX DEVICE CLASS RTOS Condition cause : null
2024-08-22 20:11:11,551 [WARN] ConditionMgr:1039 - genDependencies : Invalid condition id : UX DEVICE CLASS RTOS Condition cause : null
2024-08-22 20:11:11,551 [WARN] ConditionMgr:1039 - genDependencies : Invalid condition id : UX DEVICE CLASS RTOS Condition cause : null
2024-08-22 20:11:11,565 [WARN] PackLoader:240 - Cannot read IP mode file for STMicroelectronics.FP-SNS-STBOX1.2.0.0
2024-08-22 20:11:11,584 [WARN] PackLoader:240 - Cannot read IP mode file for STMicroelectronics.X-CUBE-SUBG2.5.0.0
2024-08-22 20:11:11,599 [WARN] PackLoader:240 - Cannot read IP mode file for Cesanta.I-CUBE-Mongoose.7.13.0
2024-08-22 20:11:11,655 [WARN] PackLoader:240 - Cannot read IP mode file for STMicroelectronics.X-CUBE-AZRTOS-G4.2.0.0
2024-08-22 20:11:11,672 [WARN] PackLoader:240 - Cannot read IP mode file for STMicroelectronics.X-CUBE-ISPU.2.0.0
2024-08-22 20:11:11,693 [WARN] PackLoader:240 - Cannot read IP mode file for STMicroelectronics.X-CUBE-ALS.1.0.2
2024-08-22 20:11:11,784 [WARN] PackLoader:240 - Cannot read IP mode file for STMicroelectronics.X-CUBE-MEMS1.10.0.0
2024-08-22 20:11:11,906 [WARN] PackLoader:240 - Cannot read IP mode file for STMicroelectronics.X-CUBE-TOUCHGFX.4.24.0
2024-08-22 20:11:11,920 [WARN] PackLoader:240 - Cannot read IP mode file for portGmbH.I-Cube-SoM-uGOAL.1.1.0
2024-08-22 20:11:11,934 [WARN] PackLoader:240 - Cannot read IP mode file for STMicroelectronics.X-CUBE-ALS.1.0.1
2024-08-22 20:11:11,978 [WARN] PackLoader:240 - Cannot read IP mode file for STMicroelectronics.X-CUBE-AZRTOS-H7RS.1.0.0
2024-08-22 20:11:11,991 [WARN] PackLoader:240 - Cannot read IP mode file for STMicroelectronics.FP-ATR-ASTRA1.2.0.0
2024-08-22 20:11:12,013 [WARN] PackLoader:240 - Cannot read IP mode file for STMicroelectronics.X-CUBE-TOF1.3.4.2
2024-08-22 20:11:12,056 [WARN] PackLoader:240 - Cannot read IP mode file for STMicroelectronics.X-CUBE-TOF1.3.4.1
2024-08-22 20:11:12,087 [WARN] PackLoader:240 - Cannot read IP mode file for STMicroelectronics.X-CUBE-AZRTOS-H7.3.2.0
2024-08-22 20:11:12,119 [WARN] PackLoader:240 - Cannot read IP mode file for Infineon.AIROC-Wi-Fi-Bluetooth-STM32.1.6.0
2024-08-22 20:11:12,131 [WARN] PackLoader:240 - Cannot read IP mode file for wolfSSL.I-CUBE-wolfSSH.1.4.17
2024-08-22 20:11:12,132 [INFO] ThirdParty:978 - Integrity check success = true
2024-08-22 20:11:12,132 [INFO] IntegrityCheckThread:100 - exiting critical section [integrity check]
2024-08-22 20:11:12,133 [INFO] IntegrityCheckThread:103 - End integrity checks thread
2024-08-22 20:11:17,957 [INFO] WebApp:161 - Instantiating new browser for Auth
2024-08-22 20:11:19,626 [INFO] WebApp:779 - Register for checkConnection events
2024-08-22 20:11:19,626 [INFO] WebApp:414 - Apply proxy settings
2024-08-22 20:11:19,626 [INFO] WebApp:499 - Chromium requires no authentication
2024-08-22 20:11:19,638 [INFO] WebApp:442 - Direct internet connection detected
2024-08-22 20:11:19,991 [INFO] WebApp:192 - Starting web application
2024-08-22 20:11:19,991 [INFO] WebApp:544 - Web application path used C:\ST\STM32CubeIDE_1.15.1\STM32CubeIDE\plugins\com.st.stm32cube.common.mx_6.11.1.202404110753\db\plugins\mcufinder\reactClient1\index.html
2024-08-22 23:26:05,108 [INFO] WebApp:354 - JxBrowser engine has been closed 
