2024-08-11 22:32:01,525 [INFO] Activator:176 - 


2024-08-11 22:32:01,541 [INFO] Activator:177 - !SESSION log4j initialized
2024-08-11 22:32:07,675 [INFO] LogOutputStream:77 - [STDOUT_REDIRECT] 
2024-08-11 22:32:09,026 [INFO] ApplicationProperties:184 - Using Application install path: C:\ST\STM32CubeIDE_1.15.1\STM32CubeIDE\plugins\com.st.stm32cube.common.mx_6.11.1.202404110753
2024-08-11 22:32:09,052 [INFO] DbMcusXml:78 - Set database path to: C:\ST\STM32CubeIDE_1.15.1\STM32CubeIDE\plugins\com.st.stm32cube.common.mx_6.11.1.202404110753\\db\/mcu/
2024-08-11 22:32:09,053 [INFO] ApiDb:274 - Set plugin database path to: C:\ST\STM32CubeIDE_1.15.1\STM32CubeIDE\plugins\com.st.stm32cube.common.mx_6.11.1.202404110753\\db\/plugins/boardmanager/
2024-08-11 22:32:09,053 [WARN] ApiDb:259 - Overriding images path with different value:  => C:\ST\STM32CubeIDE_1.15.1\STM32CubeIDE\plugins\com.st.stm32cube.common.mx_6.11.1.202404110753\\db\/plugins/mcufinder/images/
2024-08-11 22:32:09,066 [INFO] ApiDb:250 - Set database path to: C:\Users\ASUS\.stmcufinder\plugins\mcufinder//mcu/
2024-08-11 22:32:09,068 [INFO] DbMcusAds:125 - Set database path to: C:\Users\ASUS\.stmcufinder\plugins\mcufinder//mcu/
2024-08-11 22:32:09,069 [INFO] CrossReferenceDbSqlite:203 - Set database path to: C:\Users\ASUS\.stmcufinder\plugins\mcufinder//mcu/cs/
2024-08-11 22:32:09,164 [INFO] RulesReader:64 - Compatibility file has been processed (297 Rules)
2024-08-11 22:32:09,340 [INFO] DbMcusXml:78 - Set database path to: C:\ST\STM32CubeIDE_1.15.1\STM32CubeIDE\plugins\com.st.stm32cube.common.mx_6.11.1.202404110753\\db\/mcu/
2024-08-11 22:32:09,341 [INFO] ApiDb:274 - Set plugin database path to: C:\ST\STM32CubeIDE_1.15.1\STM32CubeIDE\plugins\com.st.stm32cube.common.mx_6.11.1.202404110753\\db\/plugins/boardmanager/
2024-08-11 22:32:09,341 [INFO] ApiDb:261 - Set plugin images path to: C:\ST\STM32CubeIDE_1.15.1\STM32CubeIDE\plugins\com.st.stm32cube.common.mx_6.11.1.202404110753\\db\/plugins/mcufinder/images/
2024-08-11 22:32:09,341 [WARN] DbFile:41 - Overriding database path with different value: C:\Users\ASUS\.stmcufinder\plugins\mcufinder/ => C:\Users\ASUS\.stmcufinder\plugins\mcufinder
2024-08-11 22:32:09,341 [INFO] ApiDb:250 - Set database path to: C:\Users\ASUS\.stmcufinder\plugins\mcufinder//mcu/
2024-08-11 22:32:09,341 [WARN] DbFile:41 - Overriding database path with different value: C:\Users\ASUS\.stmcufinder\plugins\mcufinder/ => C:\Users\ASUS\.stmcufinder\plugins\mcufinder
2024-08-11 22:32:09,341 [INFO] DbMcusAds:125 - Set database path to: C:\Users\ASUS\.stmcufinder\plugins\mcufinder//mcu/
2024-08-11 22:32:09,341 [WARN] DbFile:41 - Overriding database path with different value: C:\Users\ASUS\.stmcufinder\plugins\mcufinder/ => C:\Users\ASUS\.stmcufinder\plugins\mcufinder
2024-08-11 22:32:09,341 [WARN] DbFile:41 - Overriding database path with different value: C:\Users\ASUS\.stmcufinder\plugins\mcufinder/ => C:\Users\ASUS\.stmcufinder\plugins\mcufinder
2024-08-11 22:32:09,341 [INFO] CrossReferenceDbSqlite:203 - Set database path to: C:\Users\ASUS\.stmcufinder\plugins\mcufinder//mcu/cs/
2024-08-11 22:32:09,467 [INFO] MainPanel:264 - HeapMemory: 268435456
2024-08-11 22:32:09,707 [INFO] DbMcusXml:78 - Set database path to: C:\ST\STM32CubeIDE_1.15.1\STM32CubeIDE\plugins\com.st.stm32cube.common.mx_6.11.1.202404110753\\db\/mcu/
2024-08-11 22:32:09,707 [INFO] ApiDb:274 - Set plugin database path to: C:\ST\STM32CubeIDE_1.15.1\STM32CubeIDE\plugins\com.st.stm32cube.common.mx_6.11.1.202404110753\\db\/plugins/boardmanager/
2024-08-11 22:32:09,707 [INFO] ApiDb:261 - Set plugin images path to: C:\ST\STM32CubeIDE_1.15.1\STM32CubeIDE\plugins\com.st.stm32cube.common.mx_6.11.1.202404110753\\db\/plugins/mcufinder/images/
2024-08-11 22:32:09,708 [WARN] DbFile:41 - Overriding database path with different value: C:\Users\ASUS\.stmcufinder\plugins\mcufinder/ => C:\Users\ASUS\.stmcufinder\plugins\mcufinder
2024-08-11 22:32:09,708 [INFO] ApiDb:250 - Set database path to: C:\Users\ASUS\.stmcufinder\plugins\mcufinder//mcu/
2024-08-11 22:32:09,708 [WARN] DbFile:41 - Overriding database path with different value: C:\Users\ASUS\.stmcufinder\plugins\mcufinder/ => C:\Users\ASUS\.stmcufinder\plugins\mcufinder
2024-08-11 22:32:09,708 [INFO] DbMcusAds:125 - Set database path to: C:\Users\ASUS\.stmcufinder\plugins\mcufinder//mcu/
2024-08-11 22:32:09,708 [WARN] DbFile:41 - Overriding database path with different value: C:\Users\ASUS\.stmcufinder\plugins\mcufinder/ => C:\Users\ASUS\.stmcufinder\plugins\mcufinder
2024-08-11 22:32:09,708 [WARN] DbFile:41 - Overriding database path with different value: C:\Users\ASUS\.stmcufinder\plugins\mcufinder/ => C:\Users\ASUS\.stmcufinder\plugins\mcufinder
2024-08-11 22:32:09,708 [INFO] CrossReferenceDbSqlite:203 - Set database path to: C:\Users\ASUS\.stmcufinder\plugins\mcufinder//mcu/cs/
2024-08-11 22:32:09,739 [INFO] ApplicationProperties:184 - Using Application install path: C:\ST\STM32CubeIDE_1.15.1\STM32CubeIDE\plugins\com.st.stm32cube.common.mx_6.11.1.202404110753
2024-08-11 22:32:09,740 [INFO] PluginManage:196 - Search for loadable plugins [exclusion list=, ]
2024-08-11 22:32:09,742 [INFO] PluginManage:310 - Check plugin analytics
2024-08-11 22:32:09,878 [INFO] AnalyticsPlugin:253 - Accepted Software Licenses: STM32CubeMX.6.11.1
2024-08-11 22:32:09,879 [INFO] AnalyticsPlugin:255 - Accepted CMSIS Pack Licenses: 
2024-08-11 22:32:09,879 [INFO] AnalyticsPlugin:257 - Accepted Firmware Licenses: 
2024-08-11 22:32:09,880 [INFO] PluginManage:359 - Loaded plugin analytics (category:tool,tabindex:-1)
2024-08-11 22:32:09,881 [INFO] PluginManage:310 - Check plugin cadmodel
2024-08-11 22:32:09,895 [INFO] CADModel:105 - Init CAD model plugin
2024-08-11 22:32:09,895 [INFO] PluginManage:359 - Loaded plugin cadmodel (category:power,tabindex:5)
2024-08-11 22:32:09,895 [INFO] PluginManage:310 - Check plugin clock
2024-08-11 22:32:09,914 [INFO] PluginManage:359 - Loaded plugin clock (category:base,tabindex:2)
2024-08-11 22:32:09,914 [INFO] PluginManage:310 - Check plugin ddr
2024-08-11 22:32:09,917 [INFO] PluginManage:359 - Loaded plugin ddr (category:tool,tabindex:6)
2024-08-11 22:32:09,917 [INFO] PluginManage:310 - Check plugin filemanager
2024-08-11 22:32:10,071 [INFO] PluginManage:359 - Loaded plugin filemanager (category:base,tabindex:10)
2024-08-11 22:32:10,071 [INFO] PluginManage:310 - Check plugin ipmanager
2024-08-11 22:32:10,080 [INFO] PluginManage:359 - Loaded plugin ipmanager (category:base,tabindex:5)
2024-08-11 22:32:10,080 [INFO] PluginManage:310 - Check plugin lpbam
2024-08-11 22:32:10,095 [INFO] PluginManage:359 - Loaded plugin lpbam (category:base,tabindex:0)
2024-08-11 22:32:10,095 [INFO] PluginManage:310 - Check plugin memorymap
2024-08-11 22:32:10,118 [INFO] PluginManage:359 - Loaded plugin memorymap (category:base,tabindex:4)
2024-08-11 22:32:10,118 [INFO] PluginManage:310 - Check plugin pinoutandconfiguration
2024-08-11 22:32:10,133 [INFO] PluginManage:359 - Loaded plugin pinoutandconfiguration (category:base,tabindex:1)
2024-08-11 22:32:10,133 [INFO] PluginManage:310 - Check plugin pinoutconfig
2024-08-11 22:32:10,220 [WARN] SupportedApi:132 - Cannot load RTOS API schema: s4s-elt-must-match.1: The content of 'definitions' must match (annotation?, (simpleType | complexType)?, (unique | key | keyref)*)). A problem was found starting at: attribute.
2024-08-11 22:32:10,372 [INFO] PluginManage:359 - Loaded plugin pinoutconfig (category:base,tabindex:0)
2024-08-11 22:32:10,372 [INFO] PluginManage:310 - Check plugin power
2024-08-11 22:32:10,391 [INFO] PluginManage:359 - Loaded plugin power (category:power,tabindex:4)
2024-08-11 22:32:10,391 [INFO] PluginManage:310 - Check plugin projectmanager
2024-08-11 22:32:10,405 [INFO] PluginManage:359 - Loaded plugin projectmanager (category:projectmanager,tabindex:3)
2024-08-11 22:32:10,405 [INFO] PluginManage:310 - Check plugin thirdparty
2024-08-11 22:32:10,730 [INFO] PluginManage:359 - Loaded plugin thirdparty (category:base,tabindex:-1)
2024-08-11 22:32:10,730 [WARN] IntegrityCheckThread:84 - waiting for thirdparty lock release [integrity check]
2024-08-11 22:32:10,730 [INFO] PluginManage:310 - Check plugin tools
2024-08-11 22:32:10,730 [INFO] IntegrityCheckThread:86 - entering critical section [integrity check]
2024-08-11 22:32:10,731 [INFO] ThirdPartyUpdaterWithRetryManager:70 - Updater plugin not ready yet. [1/15]
2024-08-11 22:32:10,763 [INFO] PluginManage:359 - Loaded plugin tools (category:base,tabindex:7)
2024-08-11 22:32:10,764 [INFO] PluginManage:310 - Check plugin tutovideos
2024-08-11 22:32:10,942 [INFO] PluginManage:359 - Loaded plugin tutovideos (category:base,tabindex:-1)
2024-08-11 22:32:10,943 [INFO] PluginManage:310 - Check plugin updater
2024-08-11 22:32:10,953 [INFO] PluginManage:359 - Loaded plugin updater (category:base,tabindex:12)
2024-08-11 22:32:10,955 [INFO] PluginManage:310 - Check plugin userauth
2024-08-11 22:32:10,970 [INFO] UserAuth:114 - Init User Auth plugin
2024-08-11 22:32:10,970 [INFO] PluginManage:359 - Loaded plugin userauth (category:base,tabindex:14)
2024-08-11 22:32:10,971 [INFO] PluginManage:283 - PluginManage : Loaded plugins [17]
2024-08-11 22:32:11,301 [INFO] PinOutPanel:1561 - setPackage(No Configuration,No Configuration)
2024-08-11 22:32:11,381 [INFO] CADModel:165 - CPN selected for project level
2024-08-11 22:32:11,383 [INFO] CADModel:114 - Register for checkConnection events
2024-08-11 22:32:11,411 [INFO] IPUIPlugin:80 - create IPUIPlugin
2024-08-11 22:32:11,411 [INFO] PluginManager:220 - loadIPPluginJar : add adc
2024-08-11 22:32:11,446 [INFO] IPUIPlugin:80 - create IPUIPlugin
2024-08-11 22:32:11,446 [INFO] PluginManager:220 - loadIPPluginJar : add aes
2024-08-11 22:32:11,494 [INFO] IPUIPlugin:80 - create IPUIPlugin
2024-08-11 22:32:11,494 [INFO] PluginManager:220 - loadIPPluginJar : add can
2024-08-11 22:32:11,516 [INFO] IPUIPlugin:80 - create IPUIPlugin
2024-08-11 22:32:11,516 [INFO] PluginManager:220 - loadIPPluginJar : add comp
2024-08-11 22:32:11,545 [INFO] IPUIPlugin:80 - create IPUIPlugin
2024-08-11 22:32:11,546 [INFO] PluginManager:220 - loadIPPluginJar : add cryp
2024-08-11 22:32:11,571 [INFO] IPUIPlugin:80 - create IPUIPlugin
2024-08-11 22:32:11,572 [INFO] PluginManager:220 - loadIPPluginJar : add dfsdm
2024-08-11 22:32:11,585 [INFO] IPUIPlugin:80 - create IPUIPlugin
2024-08-11 22:32:11,585 [INFO] PluginManager:220 - loadIPPluginJar : add dma
2024-08-11 22:32:11,623 [INFO] IPUIPlugin:80 - create IPUIPlugin
2024-08-11 22:32:11,623 [INFO] PluginManager:220 - loadIPPluginJar : add dma3
2024-08-11 22:32:11,663 [INFO] IPUIPlugin:80 - create IPUIPlugin
2024-08-11 22:32:11,663 [INFO] PluginManager:220 - loadIPPluginJar : add extmemmanager
2024-08-11 22:32:11,681 [INFO] IPUIPlugin:80 - create IPUIPlugin
2024-08-11 22:32:11,681 [INFO] PluginManager:220 - loadIPPluginJar : add fatfs
2024-08-11 22:32:11,722 [INFO] IPUIPlugin:80 - create IPUIPlugin
2024-08-11 22:32:11,722 [INFO] PluginManager:220 - loadIPPluginJar : add fmc
2024-08-11 22:32:11,736 [INFO] IPUIPlugin:80 - create IPUIPlugin
2024-08-11 22:32:11,736 [INFO] PluginManager:220 - loadIPPluginJar : add freertos
2024-08-11 22:32:11,754 [INFO] IPUIPlugin:80 - create IPUIPlugin
2024-08-11 22:32:11,754 [INFO] PluginManager:220 - loadIPPluginJar : add genericplugin
2024-08-11 22:32:11,836 [INFO] IPUIPlugin:80 - create IPUIPlugin
2024-08-11 22:32:11,837 [INFO] PluginManager:220 - loadIPPluginJar : add gfxmmu
2024-08-11 22:32:11,949 [INFO] IPUIPlugin:80 - create IPUIPlugin
2024-08-11 22:32:11,950 [INFO] PluginManager:220 - loadIPPluginJar : add gic
2024-08-11 22:32:11,987 [INFO] IPUIPlugin:80 - create IPUIPlugin
2024-08-11 22:32:11,988 [INFO] PluginManager:220 - loadIPPluginJar : add gpio
2024-08-11 22:32:12,063 [INFO] IPUIPlugin:80 - create IPUIPlugin
2024-08-11 22:32:12,063 [INFO] PluginManager:220 - loadIPPluginJar : add gtzc
2024-08-11 22:32:12,097 [INFO] IPUIPlugin:80 - create IPUIPlugin
2024-08-11 22:32:12,097 [INFO] PluginManager:220 - loadIPPluginJar : add hash
2024-08-11 22:32:12,142 [INFO] IPUIPlugin:80 - create IPUIPlugin
2024-08-11 22:32:12,142 [INFO] PluginManager:220 - loadIPPluginJar : add i2c
2024-08-11 22:32:12,177 [INFO] IPUIPlugin:80 - create IPUIPlugin
2024-08-11 22:32:12,178 [INFO] PluginManager:220 - loadIPPluginJar : add i2s
2024-08-11 22:32:12,214 [INFO] IPUIPlugin:80 - create IPUIPlugin
2024-08-11 22:32:12,214 [INFO] PluginManager:220 - loadIPPluginJar : add i3c
2024-08-11 22:32:12,298 [INFO] IPUIPlugin:80 - create IPUIPlugin
2024-08-11 22:32:12,298 [INFO] PluginManager:220 - loadIPPluginJar : add ipddr
2024-08-11 22:32:12,379 [INFO] IPUIPlugin:80 - create IPUIPlugin
2024-08-11 22:32:12,379 [INFO] PluginManager:220 - loadIPPluginJar : add linkedlist
2024-08-11 22:32:12,410 [INFO] IPUIPlugin:80 - create IPUIPlugin
2024-08-11 22:32:12,410 [INFO] PluginManager:220 - loadIPPluginJar : add lorawan
2024-08-11 22:32:12,443 [INFO] IPUIPlugin:80 - create IPUIPlugin
2024-08-11 22:32:12,443 [INFO] PluginManager:220 - loadIPPluginJar : add ltdc
2024-08-11 22:32:12,456 [INFO] IPUIPlugin:80 - create IPUIPlugin
2024-08-11 22:32:12,456 [INFO] PluginManager:220 - loadIPPluginJar : add mdma
2024-08-11 22:32:12,466 [INFO] IPUIPlugin:80 - create IPUIPlugin
2024-08-11 22:32:12,467 [INFO] PluginManager:220 - loadIPPluginJar : add nvic
2024-08-11 22:32:12,498 [INFO] IPUIPlugin:80 - create IPUIPlugin
2024-08-11 22:32:12,498 [INFO] PluginManager:220 - loadIPPluginJar : add opamp
2024-08-11 22:32:12,554 [INFO] IPUIPlugin:80 - create IPUIPlugin
2024-08-11 22:32:12,554 [INFO] PluginManager:220 - loadIPPluginJar : add openamp
2024-08-11 22:32:12,593 [INFO] IPUIPlugin:80 - create IPUIPlugin
2024-08-11 22:32:12,594 [INFO] PluginManager:220 - loadIPPluginJar : add pdm2pcm
2024-08-11 22:32:12,615 [INFO] IPUIPlugin:80 - create IPUIPlugin
2024-08-11 22:32:12,616 [INFO] PluginManager:220 - loadIPPluginJar : add plateformsettings
2024-08-11 22:32:12,636 [INFO] IPUIPlugin:80 - create IPUIPlugin
2024-08-11 22:32:12,636 [INFO] PluginManager:220 - loadIPPluginJar : add quadspi
2024-08-11 22:32:12,647 [INFO] IPUIPlugin:80 - create IPUIPlugin
2024-08-11 22:32:12,647 [INFO] PluginManager:220 - loadIPPluginJar : add resmgrutility
2024-08-11 22:32:12,687 [INFO] IPUIPlugin:80 - create IPUIPlugin
2024-08-11 22:32:12,687 [INFO] PluginManager:220 - loadIPPluginJar : add sai
2024-08-11 22:32:12,720 [INFO] IPUIPlugin:80 - create IPUIPlugin
2024-08-11 22:32:12,720 [INFO] PluginManager:220 - loadIPPluginJar : add spi
2024-08-11 22:32:12,780 [INFO] IPUIPlugin:80 - create IPUIPlugin
2024-08-11 22:32:12,780 [INFO] PluginManager:220 - loadIPPluginJar : add stm32_wpan
2024-08-11 22:32:12,801 [INFO] IPUIPlugin:80 - create IPUIPlugin
2024-08-11 22:32:12,802 [INFO] PluginManager:220 - loadIPPluginJar : add tim
2024-08-11 22:32:12,856 [INFO] IPUIPlugin:80 - create IPUIPlugin
2024-08-11 22:32:12,856 [INFO] PluginManager:220 - loadIPPluginJar : add touchsensing
2024-08-11 22:32:12,877 [INFO] IPUIPlugin:80 - create IPUIPlugin
2024-08-11 22:32:12,877 [INFO] PluginManager:220 - loadIPPluginJar : add tracer_emb
2024-08-11 22:32:12,898 [INFO] IPUIPlugin:80 - create IPUIPlugin
2024-08-11 22:32:12,898 [INFO] PluginManager:220 - loadIPPluginJar : add ts
2024-08-11 22:32:12,918 [INFO] IPUIPlugin:80 - create IPUIPlugin
2024-08-11 22:32:12,918 [INFO] PluginManager:220 - loadIPPluginJar : add tsc
2024-08-11 22:32:12,940 [INFO] IPUIPlugin:80 - create IPUIPlugin
2024-08-11 22:32:12,940 [INFO] PluginManager:220 - loadIPPluginJar : add ucpd
2024-08-11 22:32:12,978 [INFO] IPUIPlugin:80 - create IPUIPlugin
2024-08-11 22:32:12,978 [INFO] PluginManager:220 - loadIPPluginJar : add usart
2024-08-11 22:32:13,021 [INFO] IPUIPlugin:80 - create IPUIPlugin
2024-08-11 22:32:13,022 [INFO] PluginManager:220 - loadIPPluginJar : add usbx
2024-08-11 22:32:13,139 [INFO] CADModel:165 - CPN selected for project level
2024-08-11 22:32:13,139 [INFO] CADModel:114 - Register for checkConnection events
2024-08-11 22:32:13,140 [FATAL] Updater:308 - Updater called before beeing initialized
2024-08-11 22:32:13,140 [ERROR] CADModel:125 - Updater not yet initialized, retry later 
2024-08-11 22:32:13,354 [INFO] CADModel:165 - CPN selected for project level
2024-08-11 22:32:13,354 [INFO] CADModel:114 - Register for checkConnection events
2024-08-11 22:32:13,354 [FATAL] Updater:308 - Updater called before beeing initialized
2024-08-11 22:32:13,354 [ERROR] CADModel:125 - Updater not yet initialized, retry later 
2024-08-11 22:32:13,357 [FATAL] Updater:308 - Updater called before beeing initialized
2024-08-11 22:32:13,440 [FATAL] Updater:308 - Updater called before beeing initialized
2024-08-11 22:32:13,449 [INFO] DbMcusAds:53 - JSON generation date=Thu May 16 16:22:00 ICT 2024 (1715851320667)
2024-08-11 22:32:13,449 [FATAL] Updater:308 - Updater called before beeing initialized
2024-08-11 22:32:13,553 [WARN] DetailPanel:346 - Failed to get advertising image, set to default
2024-08-11 22:32:13,634 [FATAL] Updater:308 - Updater called before beeing initialized
2024-08-11 22:32:13,637 [FATAL] Updater:308 - Updater called before beeing initialized
2024-08-11 22:32:13,637 [FATAL] Updater:308 - Updater called before beeing initialized
2024-08-11 22:32:13,637 [WARN] DetailPanel:346 - Failed to get advertising image, set to default
2024-08-11 22:32:13,637 [FATAL] Updater:308 - Updater called before beeing initialized
2024-08-11 22:32:13,688 [ERROR] Updater:1120 - MainUpdater not yet initialized. External WinMGr cannot be set.
2024-08-11 22:32:13,702 [INFO] Updater:1056 - Updater Version found : 6.11.1
2024-08-11 22:32:13,732 [INFO] ThirdPartyUpdaterWithRetryManager:70 - Updater plugin not ready yet. [2/15]
2024-08-11 22:32:13,733 [INFO] ApplicationProperties:184 - Using Application install path: C:\ST\STM32CubeIDE_1.15.1\STM32CubeIDE\plugins\com.st.stm32cube.common.mx_6.11.1.202404110753
2024-08-11 22:32:15,324 [ERROR] LogOutputStream:75 - [STDERR_REDIRECT] Aug 11, 2024 10:32:15 PM java.util.prefs.WindowsPreferences <init>
2024-08-11 22:32:15,325 [ERROR] LogOutputStream:75 - [STDERR_REDIRECT] WARNING: Could not open/create prefs root node Software\JavaSoft\Prefs at root 0xffffffff80000002. Windows RegCreateKeyEx(...) returned error code 5.
2024-08-11 22:32:15,325 [ERROR] LogOutputStream:75 - [STDERR_REDIRECT] 
2024-08-11 22:32:15,698 [INFO] MainUpdater:2873 - connection check result : 10
2024-08-11 22:32:15,698 [INFO] MainUpdater:290 - Updater Check For Update Now.
2024-08-11 22:32:15,698 [INFO] MicroXplorer:498 - Change Database Version : DB.6.0.111
2024-08-11 22:32:15,713 [INFO] McuFinderGlobals:63 - Set McuFinder mode to 2 (CubeIDE integrated)
2024-08-11 22:32:15,726 [INFO] UserAuth:415 - Internet connection configuration mode: 1
2024-08-11 22:32:15,761 [INFO] JxBrowserEngine:152 - Initiate JxBrowser Engine with user profile folder
2024-08-11 22:32:15,885 [INFO] CheckServerUpdateThread:120 - End of CheckServer Thread
2024-08-11 22:32:16,893 [WARN] PackLoader:240 - Cannot read IP mode file for STMicroelectronics.FP-SNS-MOTENVWB1.1.4.0
2024-08-11 22:32:16,909 [WARN] PackLoader:240 - Cannot read IP mode file for STMicroelectronics.X-CUBE-SMBUS.2.1.0
2024-08-11 22:32:16,925 [WARN] PackLoader:240 - Cannot read IP mode file for STMicroelectronics.X-CUBE-TOUCHGFX.4.23.2
2024-08-11 22:32:16,958 [WARN] PackLoader:240 - Cannot read IP mode file for STMicroelectronics.X-CUBE-AZRTOS-F7.1.1.0
2024-08-11 22:32:16,972 [WARN] PackLoader:240 - Cannot read IP mode file for STMicroelectronics.FP-SNS-FLIGHT1.5.0.2
2024-08-11 22:32:16,987 [WARN] PackLoader:240 - Cannot read IP mode file for STMicroelectronics.X-CUBE-DISPLAY.3.0.0
2024-08-11 22:32:17,006 [WARN] PackLoader:240 - Cannot read IP mode file for STMicroelectronics.X-CUBE-BLE1.7.0.0
2024-08-11 22:32:17,020 [WARN] PackLoader:240 - Cannot read IP mode file for emotas.I-CUBE-CANOPEN.1.3.0
2024-08-11 22:32:17,036 [WARN] PackLoader:240 - Cannot read IP mode file for STMicroelectronics.X-CUBE-BLEMGR.3.1.0
2024-08-11 22:32:17,051 [WARN] PackLoader:240 - Cannot read IP mode file for STMicroelectronics.FP-SNS-SMARTAG2.1.2.0
2024-08-11 22:32:17,069 [INFO] LogOutputStream:77 - [STDOUT_REDIRECT] 1 : Invalid condition id : UX_CORESTACK_Condition cause : null
2024-08-11 22:32:17,070 [INFO] LogOutputStream:77 - [STDOUT_REDIRECT] 1 : Invalid condition id : UX_CORESTACK_Condition cause : null
2024-08-11 22:32:17,071 [INFO] LogOutputStream:77 - [STDOUT_REDIRECT] 1 : Invalid condition id : UX_CORESTACK_Condition cause : null
2024-08-11 22:32:17,071 [INFO] LogOutputStream:77 - [STDOUT_REDIRECT] 1 : Invalid condition id : UX_CORESTACK_Condition cause : null
2024-08-11 22:32:17,072 [INFO] LogOutputStream:77 - [STDOUT_REDIRECT] 1 : Invalid condition id : UX_CORESTACK_Condition cause : null
2024-08-11 22:32:17,074 [WARN] PackLoader:240 - Cannot read IP mode file for STMicroelectronics.X-CUBE-AZRTOS-WL.2.0.0
2024-08-11 22:32:17,086 [WARN] PackLoader:240 - Cannot read IP mode file for STMicroelectronics.FP-SNS-MOTENV1.5.0.0
2024-08-11 22:32:17,097 [WARN] PackLoader:240 - Cannot read IP mode file for wolfSSL.I-CUBE-wolfMQTT.1.19.0
2024-08-11 22:32:17,109 [WARN] PackLoader:240 - Cannot read IP mode file for WES.I-CUBE-Cesium.1.3.0
2024-08-11 22:32:17,119 [WARN] PackLoader:240 - Cannot read IP mode file for STMicroelectronics.X-CUBE-BLE2.3.3.0
2024-08-11 22:32:17,130 [WARN] PackLoader:240 - Cannot read IP mode file for STMicroelectronics.X-CUBE-TCPP.4.1.0
2024-08-11 22:32:17,142 [WARN] PackLoader:240 - Cannot read IP mode file for STMicroelectronics.X-CUBE-ALGOBUILD.1.3.0
2024-08-11 22:32:17,162 [WARN] PackLoader:240 - Cannot read IP mode file for STMicroelectronics.X-CUBE-AZRTOS-G0.1.1.0
2024-08-11 22:32:17,184 [WARN] PackLoader:240 - Cannot read IP mode file for STMicroelectronics.X-CUBE-SAFEA1.1.2.2
2024-08-11 22:32:17,206 [WARN] PackLoader:240 - Cannot read IP mode file for STMicroelectronics.X-CUBE-NFC4.3.0.0
2024-08-11 22:32:17,225 [WARN] PackLoader:240 - Cannot read IP mode file for wolfSSL.I-CUBE-wolfMQTT.1.18.0
2024-08-11 22:32:17,248 [WARN] PackLoader:240 - Cannot read IP mode file for EmbeddedOffice.I-CUBE-FS-RTOS.1.0.1
2024-08-11 22:32:17,249 [ERROR] ConditionMgr:805 - Attr not supported : Dmpu
2024-08-11 22:32:17,249 [ERROR] ConditionMgr:805 - Attr not supported : Dmpu
2024-08-11 22:32:17,249 [ERROR] ConditionMgr:805 - Attr not supported : Dmpu
2024-08-11 22:32:17,249 [ERROR] ConditionMgr:805 - Attr not supported : Dmpu
2024-08-11 22:32:17,249 [ERROR] ConditionMgr:805 - Attr not supported : Dmpu
2024-08-11 22:32:17,249 [ERROR] ConditionMgr:805 - Attr not supported : Dmpu
2024-08-11 22:32:17,249 [ERROR] ConditionMgr:805 - Attr not supported : Dmpu
2024-08-11 22:32:17,249 [ERROR] ConditionMgr:805 - Attr not supported : Dmpu
2024-08-11 22:32:17,249 [ERROR] ConditionMgr:805 - Attr not supported : Dmpu
2024-08-11 22:32:17,249 [ERROR] ConditionMgr:805 - Attr not supported : Dmpu
2024-08-11 22:32:17,249 [ERROR] ConditionMgr:805 - Attr not supported : Dmpu
2024-08-11 22:32:17,249 [ERROR] ConditionMgr:805 - Attr not supported : Dmpu
2024-08-11 22:32:17,249 [ERROR] ConditionMgr:805 - Attr not supported : Dmpu
2024-08-11 22:32:17,249 [ERROR] ConditionMgr:805 - Attr not supported : Dmpu
2024-08-11 22:32:17,249 [ERROR] ConditionMgr:805 - Attr not supported : Dmpu
2024-08-11 22:32:17,249 [ERROR] ConditionMgr:805 - Attr not supported : Dmpu
2024-08-11 22:32:17,249 [ERROR] ConditionMgr:805 - Attr not supported : Dmpu
2024-08-11 22:32:17,249 [ERROR] ConditionMgr:805 - Attr not supported : Dmpu
2024-08-11 22:32:17,249 [ERROR] ConditionMgr:805 - Attr not supported : Dmpu
2024-08-11 22:32:17,249 [ERROR] ConditionMgr:805 - Attr not supported : Dmpu
2024-08-11 22:32:17,249 [ERROR] ConditionMgr:805 - Attr not supported : Dmpu
2024-08-11 22:32:17,249 [ERROR] ConditionMgr:805 - Attr not supported : Dmpu
2024-08-11 22:32:17,249 [ERROR] ConditionMgr:805 - Attr not supported : Dmpu
2024-08-11 22:32:17,250 [ERROR] ConditionMgr:805 - Attr not supported : Dmpu
2024-08-11 22:32:17,250 [ERROR] ConditionMgr:805 - Attr not supported : Dmpu
2024-08-11 22:32:17,250 [ERROR] ConditionMgr:805 - Attr not supported : Dmpu
2024-08-11 22:32:17,250 [ERROR] ConditionMgr:805 - Attr not supported : Dmpu
2024-08-11 22:32:17,250 [ERROR] ConditionMgr:805 - Attr not supported : Dmpu
2024-08-11 22:32:17,250 [ERROR] ConditionMgr:805 - Attr not supported : Dmpu
2024-08-11 22:32:17,250 [ERROR] ConditionMgr:805 - Attr not supported : Dmpu
2024-08-11 22:32:17,250 [ERROR] ConditionMgr:805 - Attr not supported : Dmpu
2024-08-11 22:32:17,250 [ERROR] ConditionMgr:805 - Attr not supported : Dmpu
2024-08-11 22:32:17,250 [ERROR] ConditionMgr:805 - Attr not supported : Dmpu
2024-08-11 22:32:17,250 [ERROR] ConditionMgr:805 - Attr not supported : Dmpu
2024-08-11 22:32:17,250 [ERROR] ConditionMgr:805 - Attr not supported : Dmpu
2024-08-11 22:32:17,250 [ERROR] ConditionMgr:805 - Attr not supported : Dmpu
2024-08-11 22:32:17,250 [ERROR] ConditionMgr:805 - Attr not supported : Dmpu
2024-08-11 22:32:17,250 [ERROR] ConditionMgr:805 - Attr not supported : Dmpu
2024-08-11 22:32:17,250 [ERROR] ConditionMgr:805 - Attr not supported : Dmpu
2024-08-11 22:32:17,251 [ERROR] ConditionMgr:805 - Attr not supported : Dmpu
2024-08-11 22:32:17,251 [ERROR] ConditionMgr:805 - Attr not supported : Dmpu
2024-08-11 22:32:17,251 [ERROR] ConditionMgr:805 - Attr not supported : Dmpu
2024-08-11 22:32:17,251 [ERROR] ConditionMgr:805 - Attr not supported : Dmpu
2024-08-11 22:32:17,251 [ERROR] ConditionMgr:805 - Attr not supported : Dmpu
2024-08-11 22:32:17,251 [ERROR] ConditionMgr:805 - Attr not supported : Dmpu
2024-08-11 22:32:17,251 [ERROR] ConditionMgr:805 - Attr not supported : Dmpu
2024-08-11 22:32:17,251 [ERROR] ConditionMgr:805 - Attr not supported : Dmpu
2024-08-11 22:32:17,251 [ERROR] ConditionMgr:805 - Attr not supported : Dmpu
2024-08-11 22:32:17,251 [ERROR] ConditionMgr:805 - Attr not supported : Dmpu
2024-08-11 22:32:17,251 [ERROR] ConditionMgr:805 - Attr not supported : Dmpu
2024-08-11 22:32:17,251 [ERROR] ConditionMgr:805 - Attr not supported : Dmpu
2024-08-11 22:32:17,251 [ERROR] ConditionMgr:805 - Attr not supported : Dmpu
2024-08-11 22:32:17,251 [ERROR] ConditionMgr:805 - Attr not supported : Dmpu
2024-08-11 22:32:17,251 [ERROR] ConditionMgr:805 - Attr not supported : Dmpu
2024-08-11 22:32:17,251 [ERROR] ConditionMgr:805 - Attr not supported : Dmpu
2024-08-11 22:32:17,251 [ERROR] ConditionMgr:805 - Attr not supported : Dmpu
2024-08-11 22:32:17,252 [ERROR] ConditionMgr:805 - Attr not supported : Dmpu
2024-08-11 22:32:17,252 [ERROR] ConditionMgr:805 - Attr not supported : Dmpu
2024-08-11 22:32:17,252 [ERROR] ConditionMgr:805 - Attr not supported : Dmpu
2024-08-11 22:32:17,252 [ERROR] ConditionMgr:805 - Attr not supported : Dmpu
2024-08-11 22:32:17,252 [ERROR] ConditionMgr:805 - Attr not supported : Dmpu
2024-08-11 22:32:17,252 [ERROR] ConditionMgr:805 - Attr not supported : Dmpu
2024-08-11 22:32:17,252 [ERROR] ConditionMgr:805 - Attr not supported : Dmpu
2024-08-11 22:32:17,252 [ERROR] ConditionMgr:805 - Attr not supported : Dmpu
2024-08-11 22:32:17,264 [WARN] PackLoader:240 - Cannot read IP mode file for RealThread.X-CUBE-RT-Thread_Nano.4.1.1
2024-08-11 22:32:17,276 [WARN] PackLoader:240 - Cannot read IP mode file for wolfSSL.I-CUBE-wolfSSL.5.7.0
2024-08-11 22:32:17,292 [WARN] PackLoader:240 - Cannot read IP mode file for STMicroelectronics.FP-ATR-SIGFOX1.3.2.0
2024-08-11 22:32:17,307 [WARN] PackLoader:240 - Cannot read IP mode file for STMicroelectronics.X-CUBE-EEPRMA1.5.1.0
2024-08-11 22:32:17,322 [WARN] PackLoader:240 - Cannot read IP mode file for ITTIA_DB.I-CUBE-ITTIADB.8.9.0
2024-08-11 22:32:17,367 [WARN] PackLoader:240 - Cannot read IP mode file for SEGGER.I-CUBE-embOS.1.3.1
2024-08-11 22:32:17,427 [WARN] PackLoader:240 - Cannot read IP mode file for STMicroelectronics.X-CUBE-ALGOBUILD.1.4.0
2024-08-11 22:32:17,441 [WARN] PackLoader:240 - Cannot read IP mode file for STMicroelectronics.X-CUBE-GNSS1.6.0.0
2024-08-11 22:32:17,475 [WARN] PackLoader:240 - Cannot read IP mode file for STMicroelectronics.X-CUBE-AZRTOS-F4.1.1.0
2024-08-11 22:32:17,491 [WARN] PackLoader:240 - Cannot read IP mode file for STMicroelectronics.X-CUBE-FREERTOS.1.2.0
2024-08-11 22:32:17,513 [WARN] PackLoader:240 - Cannot read IP mode file for STMicroelectronics.X-CUBE-AZRTOS-L5.2.0.0
2024-08-11 22:32:17,528 [WARN] PackLoader:240 - Cannot read IP mode file for STMicroelectronics.X-CUBE-NFC6.3.1.0
2024-08-11 22:32:17,541 [WARN] PackLoader:240 - Cannot read IP mode file for STMicroelectronics.X-CUBE-DPower.1.2.0
2024-08-11 22:32:17,553 [WARN] PackLoader:240 - Cannot read IP mode file for STMicroelectronics.X-CUBE-AI.9.0.0
2024-08-11 22:32:17,566 [WARN] PackLoader:240 - Cannot read IP mode file for STMicroelectronics.X-CUBE-NFC7.1.0.1
2024-08-11 22:32:17,578 [WARN] PackLoader:240 - Cannot read IP mode file for wolfSSL.I-CUBE-wolfTPM.3.2.0
2024-08-11 22:32:17,601 [WARN] ConditionMgr:438 - getConditionDescription Invalid condition id : LAN8742 Phy interface Condition cause : null
2024-08-11 22:32:17,601 [WARN] PackLoader:240 - Cannot read IP mode file for STMicroelectronics.X-CUBE-AZRTOS-L4.2.0.0
2024-08-11 22:32:17,603 [WARN] ConditionMgr:1039 - genDependencies : Invalid condition id : LAN8742 Phy interface Condition cause : null
2024-08-11 22:32:17,603 [WARN] ConditionMgr:1039 - genDependencies : Invalid condition id : LAN8742 Phy interface Condition cause : null
2024-08-11 22:32:17,604 [WARN] ConditionMgr:1039 - genDependencies : Invalid condition id : LAN8742 Phy interface Condition cause : null
2024-08-11 22:32:17,618 [WARN] PackLoader:240 - Cannot read IP mode file for STMicroelectronics.X-CUBE-SFXS2LP1.4.0.0
2024-08-11 22:32:17,639 [WARN] ConditionMgr:438 - getConditionDescription Invalid condition id : UX DEVICE CLASS RTOS Condition cause : null
2024-08-11 22:32:17,640 [WARN] ConditionMgr:438 - getConditionDescription Invalid condition id : UX DEVICE CLASS RTOS Condition cause : null
2024-08-11 22:32:17,641 [WARN] PackLoader:240 - Cannot read IP mode file for STMicroelectronics.X-CUBE-AZRTOS-WB.2.0.0
2024-08-11 22:32:17,641 [WARN] ConditionMgr:1039 - genDependencies : Invalid condition id : UX DEVICE CLASS RTOS Condition cause : null
2024-08-11 22:32:17,641 [WARN] ConditionMgr:1039 - genDependencies : Invalid condition id : UX DEVICE CLASS RTOS Condition cause : null
2024-08-11 22:32:17,641 [WARN] ConditionMgr:1039 - genDependencies : Invalid condition id : UX DEVICE CLASS RTOS Condition cause : null
2024-08-11 22:32:17,641 [WARN] ConditionMgr:1039 - genDependencies : Invalid condition id : UX DEVICE CLASS RTOS Condition cause : null
2024-08-11 22:32:17,641 [WARN] ConditionMgr:1039 - genDependencies : Invalid condition id : UX DEVICE CLASS RTOS Condition cause : null
2024-08-11 22:32:17,654 [WARN] PackLoader:240 - Cannot read IP mode file for STMicroelectronics.FP-SNS-STBOX1.2.0.0
2024-08-11 22:32:17,670 [WARN] PackLoader:240 - Cannot read IP mode file for STMicroelectronics.X-CUBE-SUBG2.5.0.0
2024-08-11 22:32:17,686 [WARN] PackLoader:240 - Cannot read IP mode file for Cesanta.I-CUBE-Mongoose.7.13.0
2024-08-11 22:32:17,707 [WARN] PackLoader:240 - Cannot read IP mode file for STMicroelectronics.X-CUBE-AZRTOS-G4.2.0.0
2024-08-11 22:32:17,720 [WARN] PackLoader:240 - Cannot read IP mode file for STMicroelectronics.X-CUBE-ISPU.2.0.0
2024-08-11 22:32:17,736 [WARN] PackLoader:240 - Cannot read IP mode file for STMicroelectronics.X-CUBE-ALS.1.0.2
2024-08-11 22:32:17,779 [WARN] PackLoader:240 - Cannot read IP mode file for STMicroelectronics.X-CUBE-MEMS1.10.0.0
2024-08-11 22:32:17,839 [WARN] PackLoader:240 - Cannot read IP mode file for STMicroelectronics.X-CUBE-TOUCHGFX.4.24.0
2024-08-11 22:32:17,853 [WARN] PackLoader:240 - Cannot read IP mode file for portGmbH.I-Cube-SoM-uGOAL.1.1.0
2024-08-11 22:32:17,867 [WARN] PackLoader:240 - Cannot read IP mode file for STMicroelectronics.X-CUBE-ALS.1.0.1
2024-08-11 22:32:17,894 [WARN] PackLoader:240 - Cannot read IP mode file for STMicroelectronics.X-CUBE-AZRTOS-H7RS.1.0.0
2024-08-11 22:32:17,907 [WARN] PackLoader:240 - Cannot read IP mode file for STMicroelectronics.FP-ATR-ASTRA1.2.0.0
2024-08-11 22:32:17,923 [WARN] PackLoader:240 - Cannot read IP mode file for STMicroelectronics.X-CUBE-TOF1.3.4.2
2024-08-11 22:32:17,951 [WARN] PackLoader:240 - Cannot read IP mode file for STMicroelectronics.X-CUBE-TOF1.3.4.1
2024-08-11 22:32:17,981 [WARN] PackLoader:240 - Cannot read IP mode file for STMicroelectronics.X-CUBE-AZRTOS-H7.3.2.0
2024-08-11 22:32:18,005 [WARN] PackLoader:240 - Cannot read IP mode file for Infineon.AIROC-Wi-Fi-Bluetooth-STM32.1.6.0
2024-08-11 22:32:18,022 [WARN] PackLoader:240 - Cannot read IP mode file for wolfSSL.I-CUBE-wolfSSH.1.4.17
2024-08-11 22:32:18,023 [INFO] ThirdParty:978 - Integrity check success = true
2024-08-11 22:32:18,023 [INFO] IntegrityCheckThread:100 - exiting critical section [integrity check]
2024-08-11 22:32:18,023 [INFO] IntegrityCheckThread:103 - End integrity checks thread
2024-08-11 22:32:21,341 [INFO] WebApp:161 - Instantiating new browser for Auth
2024-08-11 22:32:22,285 [INFO] WebApp:779 - Register for checkConnection events
2024-08-11 22:32:22,285 [INFO] WebApp:414 - Apply proxy settings
2024-08-11 22:32:22,285 [INFO] WebApp:499 - Chromium requires no authentication
2024-08-11 22:32:22,293 [INFO] WebApp:442 - Direct internet connection detected
2024-08-11 22:32:22,468 [INFO] WebApp:192 - Starting web application
2024-08-11 22:32:22,468 [INFO] WebApp:544 - Web application path used C:\ST\STM32CubeIDE_1.15.1\STM32CubeIDE\plugins\com.st.stm32cube.common.mx_6.11.1.202404110753\db\plugins\mcufinder\reactClient1\index.html
2024-08-11 22:36:02,834 [ERROR] LogOutputStream:75 - [STDERR_REDIRECT] 
