2024-08-23 18:50:08,703 [INFO] Activator:176 - 


2024-08-23 18:50:08,709 [INFO] Activator:177 - !SESSION log4j initialized
2024-08-23 18:50:15,228 [INFO] LogOutputStream:77 - [STDOUT_REDIRECT] 
2024-08-23 18:50:17,081 [INFO] ApplicationProperties:184 - Using Application install path: C:\ST\STM32CubeIDE_1.15.1\STM32CubeIDE\plugins\com.st.stm32cube.common.mx_6.11.1.202404110753
2024-08-23 18:50:17,126 [INFO] DbMcusXml:78 - Set database path to: C:\ST\STM32CubeIDE_1.15.1\STM32CubeIDE\plugins\com.st.stm32cube.common.mx_6.11.1.202404110753\\db\/mcu/
2024-08-23 18:50:17,127 [INFO] ApiDb:274 - Set plugin database path to: C:\ST\STM32CubeIDE_1.15.1\STM32CubeIDE\plugins\com.st.stm32cube.common.mx_6.11.1.202404110753\\db\/plugins/boardmanager/
2024-08-23 18:50:17,128 [WARN] ApiDb:259 - Overriding images path with different value:  => C:\ST\STM32CubeIDE_1.15.1\STM32CubeIDE\plugins\com.st.stm32cube.common.mx_6.11.1.202404110753\\db\/plugins/mcufinder/images/
2024-08-23 18:50:17,143 [INFO] ApiDb:250 - Set database path to: C:\Users\ASUS\.stmcufinder\plugins\mcufinder//mcu/
2024-08-23 18:50:17,145 [INFO] DbMcusAds:125 - Set database path to: C:\Users\ASUS\.stmcufinder\plugins\mcufinder//mcu/
2024-08-23 18:50:17,147 [INFO] CrossReferenceDbSqlite:203 - Set database path to: C:\Users\ASUS\.stmcufinder\plugins\mcufinder//mcu/cs/
2024-08-23 18:50:17,259 [INFO] RulesReader:64 - Compatibility file has been processed (297 Rules)
2024-08-23 18:50:17,421 [INFO] DbMcusXml:78 - Set database path to: C:\ST\STM32CubeIDE_1.15.1\STM32CubeIDE\plugins\com.st.stm32cube.common.mx_6.11.1.202404110753\\db\/mcu/
2024-08-23 18:50:17,421 [INFO] ApiDb:274 - Set plugin database path to: C:\ST\STM32CubeIDE_1.15.1\STM32CubeIDE\plugins\com.st.stm32cube.common.mx_6.11.1.202404110753\\db\/plugins/boardmanager/
2024-08-23 18:50:17,421 [INFO] ApiDb:261 - Set plugin images path to: C:\ST\STM32CubeIDE_1.15.1\STM32CubeIDE\plugins\com.st.stm32cube.common.mx_6.11.1.202404110753\\db\/plugins/mcufinder/images/
2024-08-23 18:50:17,422 [WARN] DbFile:41 - Overriding database path with different value: C:\Users\ASUS\.stmcufinder\plugins\mcufinder/ => C:\Users\ASUS\.stmcufinder\plugins\mcufinder
2024-08-23 18:50:17,422 [INFO] ApiDb:250 - Set database path to: C:\Users\ASUS\.stmcufinder\plugins\mcufinder//mcu/
2024-08-23 18:50:17,422 [WARN] DbFile:41 - Overriding database path with different value: C:\Users\ASUS\.stmcufinder\plugins\mcufinder/ => C:\Users\ASUS\.stmcufinder\plugins\mcufinder
2024-08-23 18:50:17,422 [INFO] DbMcusAds:125 - Set database path to: C:\Users\ASUS\.stmcufinder\plugins\mcufinder//mcu/
2024-08-23 18:50:17,422 [WARN] DbFile:41 - Overriding database path with different value: C:\Users\ASUS\.stmcufinder\plugins\mcufinder/ => C:\Users\ASUS\.stmcufinder\plugins\mcufinder
2024-08-23 18:50:17,422 [WARN] DbFile:41 - Overriding database path with different value: C:\Users\ASUS\.stmcufinder\plugins\mcufinder/ => C:\Users\ASUS\.stmcufinder\plugins\mcufinder
2024-08-23 18:50:17,422 [INFO] CrossReferenceDbSqlite:203 - Set database path to: C:\Users\ASUS\.stmcufinder\plugins\mcufinder//mcu/cs/
2024-08-23 18:50:17,546 [INFO] MainPanel:264 - HeapMemory: 268435456
2024-08-23 18:50:17,780 [INFO] DbMcusXml:78 - Set database path to: C:\ST\STM32CubeIDE_1.15.1\STM32CubeIDE\plugins\com.st.stm32cube.common.mx_6.11.1.202404110753\\db\/mcu/
2024-08-23 18:50:17,780 [INFO] ApiDb:274 - Set plugin database path to: C:\ST\STM32CubeIDE_1.15.1\STM32CubeIDE\plugins\com.st.stm32cube.common.mx_6.11.1.202404110753\\db\/plugins/boardmanager/
2024-08-23 18:50:17,780 [INFO] ApiDb:261 - Set plugin images path to: C:\ST\STM32CubeIDE_1.15.1\STM32CubeIDE\plugins\com.st.stm32cube.common.mx_6.11.1.202404110753\\db\/plugins/mcufinder/images/
2024-08-23 18:50:17,781 [WARN] DbFile:41 - Overriding database path with different value: C:\Users\ASUS\.stmcufinder\plugins\mcufinder/ => C:\Users\ASUS\.stmcufinder\plugins\mcufinder
2024-08-23 18:50:17,781 [INFO] ApiDb:250 - Set database path to: C:\Users\ASUS\.stmcufinder\plugins\mcufinder//mcu/
2024-08-23 18:50:17,781 [WARN] DbFile:41 - Overriding database path with different value: C:\Users\ASUS\.stmcufinder\plugins\mcufinder/ => C:\Users\ASUS\.stmcufinder\plugins\mcufinder
2024-08-23 18:50:17,781 [INFO] DbMcusAds:125 - Set database path to: C:\Users\ASUS\.stmcufinder\plugins\mcufinder//mcu/
2024-08-23 18:50:17,781 [WARN] DbFile:41 - Overriding database path with different value: C:\Users\ASUS\.stmcufinder\plugins\mcufinder/ => C:\Users\ASUS\.stmcufinder\plugins\mcufinder
2024-08-23 18:50:17,781 [WARN] DbFile:41 - Overriding database path with different value: C:\Users\ASUS\.stmcufinder\plugins\mcufinder/ => C:\Users\ASUS\.stmcufinder\plugins\mcufinder
2024-08-23 18:50:17,781 [INFO] CrossReferenceDbSqlite:203 - Set database path to: C:\Users\ASUS\.stmcufinder\plugins\mcufinder//mcu/cs/
2024-08-23 18:50:17,816 [INFO] ApplicationProperties:184 - Using Application install path: C:\ST\STM32CubeIDE_1.15.1\STM32CubeIDE\plugins\com.st.stm32cube.common.mx_6.11.1.202404110753
2024-08-23 18:50:17,820 [INFO] PluginManage:196 - Search for loadable plugins [exclusion list=, ]
2024-08-23 18:50:17,823 [INFO] PluginManage:310 - Check plugin analytics
2024-08-23 18:50:17,959 [INFO] AnalyticsPlugin:253 - Accepted Software Licenses: STM32CubeMX.6.11.1
2024-08-23 18:50:17,959 [INFO] AnalyticsPlugin:255 - Accepted CMSIS Pack Licenses: 
2024-08-23 18:50:17,959 [INFO] AnalyticsPlugin:257 - Accepted Firmware Licenses: 
2024-08-23 18:50:17,961 [INFO] PluginManage:359 - Loaded plugin analytics (category:tool,tabindex:-1)
2024-08-23 18:50:17,961 [INFO] PluginManage:310 - Check plugin cadmodel
2024-08-23 18:50:17,978 [INFO] CADModel:105 - Init CAD model plugin
2024-08-23 18:50:17,978 [INFO] PluginManage:359 - Loaded plugin cadmodel (category:power,tabindex:5)
2024-08-23 18:50:17,978 [INFO] PluginManage:310 - Check plugin clock
2024-08-23 18:50:18,002 [INFO] PluginManage:359 - Loaded plugin clock (category:base,tabindex:2)
2024-08-23 18:50:18,002 [INFO] PluginManage:310 - Check plugin ddr
2024-08-23 18:50:18,004 [INFO] PluginManage:359 - Loaded plugin ddr (category:tool,tabindex:6)
2024-08-23 18:50:18,004 [INFO] PluginManage:310 - Check plugin filemanager
2024-08-23 18:50:18,187 [INFO] PluginManage:359 - Loaded plugin filemanager (category:base,tabindex:10)
2024-08-23 18:50:18,187 [INFO] PluginManage:310 - Check plugin ipmanager
2024-08-23 18:50:18,199 [INFO] PluginManage:359 - Loaded plugin ipmanager (category:base,tabindex:5)
2024-08-23 18:50:18,199 [INFO] PluginManage:310 - Check plugin lpbam
2024-08-23 18:50:18,217 [INFO] PluginManage:359 - Loaded plugin lpbam (category:base,tabindex:0)
2024-08-23 18:50:18,217 [INFO] PluginManage:310 - Check plugin memorymap
2024-08-23 18:50:18,243 [INFO] PluginManage:359 - Loaded plugin memorymap (category:base,tabindex:4)
2024-08-23 18:50:18,245 [INFO] PluginManage:310 - Check plugin pinoutandconfiguration
2024-08-23 18:50:18,260 [INFO] PluginManage:359 - Loaded plugin pinoutandconfiguration (category:base,tabindex:1)
2024-08-23 18:50:18,260 [INFO] PluginManage:310 - Check plugin pinoutconfig
2024-08-23 18:50:18,356 [WARN] SupportedApi:132 - Cannot load RTOS API schema: s4s-elt-must-match.1: The content of 'definitions' must match (annotation?, (simpleType | complexType)?, (unique | key | keyref)*)). A problem was found starting at: attribute.
2024-08-23 18:50:18,508 [INFO] PluginManage:359 - Loaded plugin pinoutconfig (category:base,tabindex:0)
2024-08-23 18:50:18,508 [INFO] PluginManage:310 - Check plugin power
2024-08-23 18:50:18,528 [INFO] PluginManage:359 - Loaded plugin power (category:power,tabindex:4)
2024-08-23 18:50:18,528 [INFO] PluginManage:310 - Check plugin projectmanager
2024-08-23 18:50:18,541 [INFO] PluginManage:359 - Loaded plugin projectmanager (category:projectmanager,tabindex:3)
2024-08-23 18:50:18,541 [INFO] PluginManage:310 - Check plugin thirdparty
2024-08-23 18:50:18,856 [INFO] PluginManage:359 - Loaded plugin thirdparty (category:base,tabindex:-1)
2024-08-23 18:50:18,856 [WARN] IntegrityCheckThread:84 - waiting for thirdparty lock release [integrity check]
2024-08-23 18:50:18,856 [INFO] IntegrityCheckThread:86 - entering critical section [integrity check]
2024-08-23 18:50:18,856 [INFO] PluginManage:310 - Check plugin tools
2024-08-23 18:50:18,856 [INFO] ThirdPartyUpdaterWithRetryManager:70 - Updater plugin not ready yet. [1/15]
2024-08-23 18:50:18,892 [INFO] PluginManage:359 - Loaded plugin tools (category:base,tabindex:7)
2024-08-23 18:50:18,893 [INFO] PluginManage:310 - Check plugin tutovideos
2024-08-23 18:50:19,121 [INFO] PluginManage:359 - Loaded plugin tutovideos (category:base,tabindex:-1)
2024-08-23 18:50:19,122 [INFO] PluginManage:310 - Check plugin updater
2024-08-23 18:50:19,162 [INFO] PluginManage:359 - Loaded plugin updater (category:base,tabindex:12)
2024-08-23 18:50:19,162 [INFO] PluginManage:310 - Check plugin userauth
2024-08-23 18:50:19,194 [INFO] UserAuth:114 - Init User Auth plugin
2024-08-23 18:50:19,195 [INFO] PluginManage:359 - Loaded plugin userauth (category:base,tabindex:14)
2024-08-23 18:50:19,197 [INFO] PluginManage:283 - PluginManage : Loaded plugins [17]
2024-08-23 18:50:19,579 [INFO] PinOutPanel:1561 - setPackage(No Configuration,No Configuration)
2024-08-23 18:50:19,664 [INFO] CADModel:165 - CPN selected for project level
2024-08-23 18:50:19,664 [INFO] CADModel:114 - Register for checkConnection events
2024-08-23 18:50:19,696 [INFO] IPUIPlugin:80 - create IPUIPlugin
2024-08-23 18:50:19,696 [INFO] PluginManager:220 - loadIPPluginJar : add adc
2024-08-23 18:50:19,729 [INFO] IPUIPlugin:80 - create IPUIPlugin
2024-08-23 18:50:19,729 [INFO] PluginManager:220 - loadIPPluginJar : add aes
2024-08-23 18:50:19,769 [INFO] IPUIPlugin:80 - create IPUIPlugin
2024-08-23 18:50:19,769 [INFO] PluginManager:220 - loadIPPluginJar : add can
2024-08-23 18:50:19,793 [INFO] IPUIPlugin:80 - create IPUIPlugin
2024-08-23 18:50:19,793 [INFO] PluginManager:220 - loadIPPluginJar : add comp
2024-08-23 18:50:19,827 [INFO] IPUIPlugin:80 - create IPUIPlugin
2024-08-23 18:50:19,828 [INFO] PluginManager:220 - loadIPPluginJar : add cryp
2024-08-23 18:50:19,861 [INFO] IPUIPlugin:80 - create IPUIPlugin
2024-08-23 18:50:19,861 [INFO] PluginManager:220 - loadIPPluginJar : add dfsdm
2024-08-23 18:50:19,876 [INFO] IPUIPlugin:80 - create IPUIPlugin
2024-08-23 18:50:19,877 [INFO] PluginManager:220 - loadIPPluginJar : add dma
2024-08-23 18:50:19,923 [INFO] IPUIPlugin:80 - create IPUIPlugin
2024-08-23 18:50:19,923 [INFO] PluginManager:220 - loadIPPluginJar : add dma3
2024-08-23 18:50:19,965 [INFO] IPUIPlugin:80 - create IPUIPlugin
2024-08-23 18:50:19,965 [INFO] PluginManager:220 - loadIPPluginJar : add extmemmanager
2024-08-23 18:50:19,982 [INFO] IPUIPlugin:80 - create IPUIPlugin
2024-08-23 18:50:19,982 [INFO] PluginManager:220 - loadIPPluginJar : add fatfs
2024-08-23 18:50:20,031 [INFO] IPUIPlugin:80 - create IPUIPlugin
2024-08-23 18:50:20,031 [INFO] PluginManager:220 - loadIPPluginJar : add fmc
2024-08-23 18:50:20,049 [INFO] IPUIPlugin:80 - create IPUIPlugin
2024-08-23 18:50:20,049 [INFO] PluginManager:220 - loadIPPluginJar : add freertos
2024-08-23 18:50:20,073 [INFO] IPUIPlugin:80 - create IPUIPlugin
2024-08-23 18:50:20,073 [INFO] PluginManager:220 - loadIPPluginJar : add genericplugin
2024-08-23 18:50:20,158 [INFO] IPUIPlugin:80 - create IPUIPlugin
2024-08-23 18:50:20,159 [INFO] PluginManager:220 - loadIPPluginJar : add gfxmmu
2024-08-23 18:50:20,310 [INFO] IPUIPlugin:80 - create IPUIPlugin
2024-08-23 18:50:20,310 [INFO] PluginManager:220 - loadIPPluginJar : add gic
2024-08-23 18:50:20,341 [INFO] IPUIPlugin:80 - create IPUIPlugin
2024-08-23 18:50:20,341 [INFO] PluginManager:220 - loadIPPluginJar : add gpio
2024-08-23 18:50:20,425 [INFO] IPUIPlugin:80 - create IPUIPlugin
2024-08-23 18:50:20,425 [INFO] PluginManager:220 - loadIPPluginJar : add gtzc
2024-08-23 18:50:20,460 [INFO] IPUIPlugin:80 - create IPUIPlugin
2024-08-23 18:50:20,460 [INFO] PluginManager:220 - loadIPPluginJar : add hash
2024-08-23 18:50:20,509 [INFO] IPUIPlugin:80 - create IPUIPlugin
2024-08-23 18:50:20,509 [INFO] PluginManager:220 - loadIPPluginJar : add i2c
2024-08-23 18:50:20,548 [INFO] IPUIPlugin:80 - create IPUIPlugin
2024-08-23 18:50:20,548 [INFO] PluginManager:220 - loadIPPluginJar : add i2s
2024-08-23 18:50:20,591 [INFO] IPUIPlugin:80 - create IPUIPlugin
2024-08-23 18:50:20,591 [INFO] PluginManager:220 - loadIPPluginJar : add i3c
2024-08-23 18:50:20,686 [INFO] IPUIPlugin:80 - create IPUIPlugin
2024-08-23 18:50:20,686 [INFO] PluginManager:220 - loadIPPluginJar : add ipddr
2024-08-23 18:50:20,777 [INFO] IPUIPlugin:80 - create IPUIPlugin
2024-08-23 18:50:20,777 [INFO] PluginManager:220 - loadIPPluginJar : add linkedlist
2024-08-23 18:50:20,810 [INFO] IPUIPlugin:80 - create IPUIPlugin
2024-08-23 18:50:20,811 [INFO] PluginManager:220 - loadIPPluginJar : add lorawan
2024-08-23 18:50:20,845 [INFO] IPUIPlugin:80 - create IPUIPlugin
2024-08-23 18:50:20,846 [INFO] PluginManager:220 - loadIPPluginJar : add ltdc
2024-08-23 18:50:20,858 [INFO] IPUIPlugin:80 - create IPUIPlugin
2024-08-23 18:50:20,858 [INFO] PluginManager:220 - loadIPPluginJar : add mdma
2024-08-23 18:50:20,870 [INFO] IPUIPlugin:80 - create IPUIPlugin
2024-08-23 18:50:20,870 [INFO] PluginManager:220 - loadIPPluginJar : add nvic
2024-08-23 18:50:20,907 [INFO] IPUIPlugin:80 - create IPUIPlugin
2024-08-23 18:50:20,907 [INFO] PluginManager:220 - loadIPPluginJar : add opamp
2024-08-23 18:50:20,973 [INFO] IPUIPlugin:80 - create IPUIPlugin
2024-08-23 18:50:20,974 [INFO] PluginManager:220 - loadIPPluginJar : add openamp
2024-08-23 18:50:21,018 [INFO] IPUIPlugin:80 - create IPUIPlugin
2024-08-23 18:50:21,018 [INFO] PluginManager:220 - loadIPPluginJar : add pdm2pcm
2024-08-23 18:50:21,046 [INFO] IPUIPlugin:80 - create IPUIPlugin
2024-08-23 18:50:21,049 [INFO] PluginManager:220 - loadIPPluginJar : add plateformsettings
2024-08-23 18:50:21,070 [INFO] IPUIPlugin:80 - create IPUIPlugin
2024-08-23 18:50:21,070 [INFO] PluginManager:220 - loadIPPluginJar : add quadspi
2024-08-23 18:50:21,081 [INFO] IPUIPlugin:80 - create IPUIPlugin
2024-08-23 18:50:21,082 [INFO] PluginManager:220 - loadIPPluginJar : add resmgrutility
2024-08-23 18:50:21,126 [INFO] IPUIPlugin:80 - create IPUIPlugin
2024-08-23 18:50:21,126 [INFO] PluginManager:220 - loadIPPluginJar : add sai
2024-08-23 18:50:21,161 [INFO] IPUIPlugin:80 - create IPUIPlugin
2024-08-23 18:50:21,161 [INFO] PluginManager:220 - loadIPPluginJar : add spi
2024-08-23 18:50:21,224 [INFO] IPUIPlugin:80 - create IPUIPlugin
2024-08-23 18:50:21,225 [INFO] PluginManager:220 - loadIPPluginJar : add stm32_wpan
2024-08-23 18:50:21,247 [INFO] IPUIPlugin:80 - create IPUIPlugin
2024-08-23 18:50:21,247 [INFO] PluginManager:220 - loadIPPluginJar : add tim
2024-08-23 18:50:21,304 [INFO] IPUIPlugin:80 - create IPUIPlugin
2024-08-23 18:50:21,305 [INFO] PluginManager:220 - loadIPPluginJar : add touchsensing
2024-08-23 18:50:21,326 [INFO] IPUIPlugin:80 - create IPUIPlugin
2024-08-23 18:50:21,326 [INFO] PluginManager:220 - loadIPPluginJar : add tracer_emb
2024-08-23 18:50:21,348 [INFO] IPUIPlugin:80 - create IPUIPlugin
2024-08-23 18:50:21,348 [INFO] PluginManager:220 - loadIPPluginJar : add ts
2024-08-23 18:50:21,370 [INFO] IPUIPlugin:80 - create IPUIPlugin
2024-08-23 18:50:21,370 [INFO] PluginManager:220 - loadIPPluginJar : add tsc
2024-08-23 18:50:21,397 [INFO] IPUIPlugin:80 - create IPUIPlugin
2024-08-23 18:50:21,397 [INFO] PluginManager:220 - loadIPPluginJar : add ucpd
2024-08-23 18:50:21,440 [INFO] IPUIPlugin:80 - create IPUIPlugin
2024-08-23 18:50:21,440 [INFO] PluginManager:220 - loadIPPluginJar : add usart
2024-08-23 18:50:21,485 [INFO] IPUIPlugin:80 - create IPUIPlugin
2024-08-23 18:50:21,485 [INFO] PluginManager:220 - loadIPPluginJar : add usbx
2024-08-23 18:50:21,603 [INFO] CADModel:165 - CPN selected for project level
2024-08-23 18:50:21,603 [INFO] CADModel:114 - Register for checkConnection events
2024-08-23 18:50:21,603 [FATAL] Updater:308 - Updater called before beeing initialized
2024-08-23 18:50:21,603 [ERROR] CADModel:125 - Updater not yet initialized, retry later 
2024-08-23 18:50:21,840 [INFO] CADModel:165 - CPN selected for project level
2024-08-23 18:50:21,840 [INFO] CADModel:114 - Register for checkConnection events
2024-08-23 18:50:21,840 [FATAL] Updater:308 - Updater called before beeing initialized
2024-08-23 18:50:21,840 [ERROR] CADModel:125 - Updater not yet initialized, retry later 
2024-08-23 18:50:21,843 [FATAL] Updater:308 - Updater called before beeing initialized
2024-08-23 18:50:21,859 [INFO] ThirdPartyUpdaterWithRetryManager:70 - Updater plugin not ready yet. [2/15]
2024-08-23 18:50:21,933 [FATAL] Updater:308 - Updater called before beeing initialized
2024-08-23 18:50:21,943 [INFO] DbMcusAds:53 - JSON generation date=Thu May 16 16:22:00 ICT 2024 (1715851320667)
2024-08-23 18:50:21,943 [FATAL] Updater:308 - Updater called before beeing initialized
2024-08-23 18:50:22,057 [WARN] DetailPanel:346 - Failed to get advertising image, set to default
2024-08-23 18:50:22,135 [FATAL] Updater:308 - Updater called before beeing initialized
2024-08-23 18:50:22,139 [FATAL] Updater:308 - Updater called before beeing initialized
2024-08-23 18:50:22,139 [FATAL] Updater:308 - Updater called before beeing initialized
2024-08-23 18:50:22,139 [WARN] DetailPanel:346 - Failed to get advertising image, set to default
2024-08-23 18:50:22,139 [FATAL] Updater:308 - Updater called before beeing initialized
2024-08-23 18:50:22,195 [ERROR] Updater:1120 - MainUpdater not yet initialized. External WinMGr cannot be set.
2024-08-23 18:50:22,207 [INFO] Updater:1056 - Updater Version found : 6.11.1
2024-08-23 18:50:22,229 [INFO] ApplicationProperties:184 - Using Application install path: C:\ST\STM32CubeIDE_1.15.1\STM32CubeIDE\plugins\com.st.stm32cube.common.mx_6.11.1.202404110753
2024-08-23 18:50:23,815 [ERROR] LogOutputStream:75 - [STDERR_REDIRECT] Aug 23, 2024 6:50:23 PM java.util.prefs.WindowsPreferences <init>
2024-08-23 18:50:23,816 [ERROR] LogOutputStream:75 - [STDERR_REDIRECT] WARNING: Could not open/create prefs root node Software\JavaSoft\Prefs at root 0xffffffff80000002. Windows RegCreateKeyEx(...) returned error code 5.
2024-08-23 18:50:23,816 [ERROR] LogOutputStream:75 - [STDERR_REDIRECT] 
2024-08-23 18:50:24,316 [INFO] MainUpdater:2873 - connection check result : 10
2024-08-23 18:50:24,317 [INFO] MainUpdater:290 - Updater Check For Update Now.
2024-08-23 18:50:24,317 [INFO] MicroXplorer:498 - Change Database Version : DB.6.0.111
2024-08-23 18:50:24,333 [INFO] McuFinderGlobals:63 - Set McuFinder mode to 2 (CubeIDE integrated)
2024-08-23 18:50:24,351 [INFO] UserAuth:415 - Internet connection configuration mode: 1
2024-08-23 18:50:24,389 [INFO] JxBrowserEngine:152 - Initiate JxBrowser Engine with user profile folder
2024-08-23 18:50:24,514 [INFO] CheckServerUpdateThread:120 - End of CheckServer Thread
2024-08-23 18:50:25,059 [WARN] PackLoader:240 - Cannot read IP mode file for STMicroelectronics.FP-SNS-MOTENVWB1.1.4.0
2024-08-23 18:50:25,083 [WARN] PackLoader:240 - Cannot read IP mode file for STMicroelectronics.X-CUBE-SMBUS.2.1.0
2024-08-23 18:50:25,098 [WARN] PackLoader:240 - Cannot read IP mode file for STMicroelectronics.X-CUBE-TOUCHGFX.4.23.2
2024-08-23 18:50:25,136 [WARN] PackLoader:240 - Cannot read IP mode file for STMicroelectronics.X-CUBE-AZRTOS-F7.1.1.0
2024-08-23 18:50:25,212 [WARN] PackLoader:240 - Cannot read IP mode file for STMicroelectronics.X-CUBE-MEMS1.11.0.0
2024-08-23 18:50:25,317 [WARN] PackLoader:240 - Cannot read IP mode file for STMicroelectronics.FP-SNS-FLIGHT1.5.0.2
2024-08-23 18:50:25,331 [WARN] PackLoader:240 - Cannot read IP mode file for STMicroelectronics.X-CUBE-DISPLAY.3.0.0
2024-08-23 18:50:25,349 [WARN] PackLoader:240 - Cannot read IP mode file for STMicroelectronics.X-CUBE-BLE1.7.0.0
2024-08-23 18:50:25,371 [WARN] PackLoader:240 - Cannot read IP mode file for emotas.I-CUBE-CANOPEN.1.3.0
2024-08-23 18:50:25,390 [WARN] PackLoader:240 - Cannot read IP mode file for STMicroelectronics.X-CUBE-BLEMGR.3.1.0
2024-08-23 18:50:25,406 [WARN] PackLoader:240 - Cannot read IP mode file for STMicroelectronics.FP-SNS-SMARTAG2.1.2.0
2024-08-23 18:50:25,423 [INFO] LogOutputStream:77 - [STDOUT_REDIRECT] 1 : Invalid condition id : UX_CORESTACK_Condition cause : null
2024-08-23 18:50:25,424 [INFO] LogOutputStream:77 - [STDOUT_REDIRECT] 1 : Invalid condition id : UX_CORESTACK_Condition cause : null
2024-08-23 18:50:25,424 [INFO] LogOutputStream:77 - [STDOUT_REDIRECT] 1 : Invalid condition id : UX_CORESTACK_Condition cause : null
2024-08-23 18:50:25,425 [INFO] LogOutputStream:77 - [STDOUT_REDIRECT] 1 : Invalid condition id : UX_CORESTACK_Condition cause : null
2024-08-23 18:50:25,425 [INFO] LogOutputStream:77 - [STDOUT_REDIRECT] 1 : Invalid condition id : UX_CORESTACK_Condition cause : null
2024-08-23 18:50:25,427 [WARN] PackLoader:240 - Cannot read IP mode file for STMicroelectronics.X-CUBE-AZRTOS-WL.2.0.0
2024-08-23 18:50:25,438 [WARN] PackLoader:240 - Cannot read IP mode file for STMicroelectronics.FP-SNS-MOTENV1.5.0.0
2024-08-23 18:50:25,450 [WARN] PackLoader:240 - Cannot read IP mode file for wolfSSL.I-CUBE-wolfMQTT.1.19.0
2024-08-23 18:50:25,465 [WARN] PackLoader:240 - Cannot read IP mode file for WES.I-CUBE-Cesium.1.3.0
2024-08-23 18:50:25,477 [WARN] PackLoader:240 - Cannot read IP mode file for STMicroelectronics.X-CUBE-BLE2.3.3.0
2024-08-23 18:50:25,491 [WARN] PackLoader:240 - Cannot read IP mode file for STMicroelectronics.X-CUBE-TCPP.4.1.0
2024-08-23 18:50:25,506 [WARN] PackLoader:240 - Cannot read IP mode file for STMicroelectronics.X-CUBE-ALGOBUILD.1.3.0
2024-08-23 18:50:25,531 [WARN] PackLoader:240 - Cannot read IP mode file for STMicroelectronics.X-CUBE-AZRTOS-G0.1.1.0
2024-08-23 18:50:25,546 [WARN] PackLoader:240 - Cannot read IP mode file for STMicroelectronics.X-CUBE-SAFEA1.1.2.2
2024-08-23 18:50:25,560 [WARN] PackLoader:240 - Cannot read IP mode file for STMicroelectronics.X-CUBE-NFC4.3.0.0
2024-08-23 18:50:25,574 [WARN] PackLoader:240 - Cannot read IP mode file for wolfSSL.I-CUBE-wolfMQTT.1.18.0
2024-08-23 18:50:25,595 [WARN] PackLoader:240 - Cannot read IP mode file for EmbeddedOffice.I-CUBE-FS-RTOS.1.0.1
2024-08-23 18:50:25,596 [ERROR] ConditionMgr:805 - Attr not supported : Dmpu
2024-08-23 18:50:25,596 [ERROR] ConditionMgr:805 - Attr not supported : Dmpu
2024-08-23 18:50:25,596 [ERROR] ConditionMgr:805 - Attr not supported : Dmpu
2024-08-23 18:50:25,596 [ERROR] ConditionMgr:805 - Attr not supported : Dmpu
2024-08-23 18:50:25,596 [ERROR] ConditionMgr:805 - Attr not supported : Dmpu
2024-08-23 18:50:25,596 [ERROR] ConditionMgr:805 - Attr not supported : Dmpu
2024-08-23 18:50:25,596 [ERROR] ConditionMgr:805 - Attr not supported : Dmpu
2024-08-23 18:50:25,596 [ERROR] ConditionMgr:805 - Attr not supported : Dmpu
2024-08-23 18:50:25,596 [ERROR] ConditionMgr:805 - Attr not supported : Dmpu
2024-08-23 18:50:25,596 [ERROR] ConditionMgr:805 - Attr not supported : Dmpu
2024-08-23 18:50:25,596 [ERROR] ConditionMgr:805 - Attr not supported : Dmpu
2024-08-23 18:50:25,596 [ERROR] ConditionMgr:805 - Attr not supported : Dmpu
2024-08-23 18:50:25,596 [ERROR] ConditionMgr:805 - Attr not supported : Dmpu
2024-08-23 18:50:25,596 [ERROR] ConditionMgr:805 - Attr not supported : Dmpu
2024-08-23 18:50:25,596 [ERROR] ConditionMgr:805 - Attr not supported : Dmpu
2024-08-23 18:50:25,596 [ERROR] ConditionMgr:805 - Attr not supported : Dmpu
2024-08-23 18:50:25,596 [ERROR] ConditionMgr:805 - Attr not supported : Dmpu
2024-08-23 18:50:25,596 [ERROR] ConditionMgr:805 - Attr not supported : Dmpu
2024-08-23 18:50:25,596 [ERROR] ConditionMgr:805 - Attr not supported : Dmpu
2024-08-23 18:50:25,596 [ERROR] ConditionMgr:805 - Attr not supported : Dmpu
2024-08-23 18:50:25,596 [ERROR] ConditionMgr:805 - Attr not supported : Dmpu
2024-08-23 18:50:25,597 [ERROR] ConditionMgr:805 - Attr not supported : Dmpu
2024-08-23 18:50:25,597 [ERROR] ConditionMgr:805 - Attr not supported : Dmpu
2024-08-23 18:50:25,597 [ERROR] ConditionMgr:805 - Attr not supported : Dmpu
2024-08-23 18:50:25,597 [ERROR] ConditionMgr:805 - Attr not supported : Dmpu
2024-08-23 18:50:25,597 [ERROR] ConditionMgr:805 - Attr not supported : Dmpu
2024-08-23 18:50:25,597 [ERROR] ConditionMgr:805 - Attr not supported : Dmpu
2024-08-23 18:50:25,597 [ERROR] ConditionMgr:805 - Attr not supported : Dmpu
2024-08-23 18:50:25,597 [ERROR] ConditionMgr:805 - Attr not supported : Dmpu
2024-08-23 18:50:25,597 [ERROR] ConditionMgr:805 - Attr not supported : Dmpu
2024-08-23 18:50:25,597 [ERROR] ConditionMgr:805 - Attr not supported : Dmpu
2024-08-23 18:50:25,597 [ERROR] ConditionMgr:805 - Attr not supported : Dmpu
2024-08-23 18:50:25,597 [ERROR] ConditionMgr:805 - Attr not supported : Dmpu
2024-08-23 18:50:25,597 [ERROR] ConditionMgr:805 - Attr not supported : Dmpu
2024-08-23 18:50:25,597 [ERROR] ConditionMgr:805 - Attr not supported : Dmpu
2024-08-23 18:50:25,597 [ERROR] ConditionMgr:805 - Attr not supported : Dmpu
2024-08-23 18:50:25,597 [ERROR] ConditionMgr:805 - Attr not supported : Dmpu
2024-08-23 18:50:25,597 [ERROR] ConditionMgr:805 - Attr not supported : Dmpu
2024-08-23 18:50:25,598 [ERROR] ConditionMgr:805 - Attr not supported : Dmpu
2024-08-23 18:50:25,598 [ERROR] ConditionMgr:805 - Attr not supported : Dmpu
2024-08-23 18:50:25,598 [ERROR] ConditionMgr:805 - Attr not supported : Dmpu
2024-08-23 18:50:25,598 [ERROR] ConditionMgr:805 - Attr not supported : Dmpu
2024-08-23 18:50:25,598 [ERROR] ConditionMgr:805 - Attr not supported : Dmpu
2024-08-23 18:50:25,598 [ERROR] ConditionMgr:805 - Attr not supported : Dmpu
2024-08-23 18:50:25,598 [ERROR] ConditionMgr:805 - Attr not supported : Dmpu
2024-08-23 18:50:25,598 [ERROR] ConditionMgr:805 - Attr not supported : Dmpu
2024-08-23 18:50:25,598 [ERROR] ConditionMgr:805 - Attr not supported : Dmpu
2024-08-23 18:50:25,598 [ERROR] ConditionMgr:805 - Attr not supported : Dmpu
2024-08-23 18:50:25,598 [ERROR] ConditionMgr:805 - Attr not supported : Dmpu
2024-08-23 18:50:25,598 [ERROR] ConditionMgr:805 - Attr not supported : Dmpu
2024-08-23 18:50:25,598 [ERROR] ConditionMgr:805 - Attr not supported : Dmpu
2024-08-23 18:50:25,598 [ERROR] ConditionMgr:805 - Attr not supported : Dmpu
2024-08-23 18:50:25,598 [ERROR] ConditionMgr:805 - Attr not supported : Dmpu
2024-08-23 18:50:25,598 [ERROR] ConditionMgr:805 - Attr not supported : Dmpu
2024-08-23 18:50:25,598 [ERROR] ConditionMgr:805 - Attr not supported : Dmpu
2024-08-23 18:50:25,598 [ERROR] ConditionMgr:805 - Attr not supported : Dmpu
2024-08-23 18:50:25,598 [ERROR] ConditionMgr:805 - Attr not supported : Dmpu
2024-08-23 18:50:25,598 [ERROR] ConditionMgr:805 - Attr not supported : Dmpu
2024-08-23 18:50:25,598 [ERROR] ConditionMgr:805 - Attr not supported : Dmpu
2024-08-23 18:50:25,598 [ERROR] ConditionMgr:805 - Attr not supported : Dmpu
2024-08-23 18:50:25,598 [ERROR] ConditionMgr:805 - Attr not supported : Dmpu
2024-08-23 18:50:25,598 [ERROR] ConditionMgr:805 - Attr not supported : Dmpu
2024-08-23 18:50:25,598 [ERROR] ConditionMgr:805 - Attr not supported : Dmpu
2024-08-23 18:50:25,598 [ERROR] ConditionMgr:805 - Attr not supported : Dmpu
2024-08-23 18:50:25,611 [WARN] PackLoader:240 - Cannot read IP mode file for RealThread.X-CUBE-RT-Thread_Nano.4.1.1
2024-08-23 18:50:25,626 [WARN] PackLoader:240 - Cannot read IP mode file for wolfSSL.I-CUBE-wolfSSL.5.7.0
2024-08-23 18:50:25,641 [WARN] PackLoader:240 - Cannot read IP mode file for STMicroelectronics.FP-ATR-SIGFOX1.3.2.0
2024-08-23 18:50:25,656 [WARN] PackLoader:240 - Cannot read IP mode file for STMicroelectronics.X-CUBE-EEPRMA1.5.1.0
2024-08-23 18:50:25,673 [WARN] PackLoader:240 - Cannot read IP mode file for ITTIA_DB.I-CUBE-ITTIADB.8.9.0
2024-08-23 18:50:25,712 [WARN] PackLoader:240 - Cannot read IP mode file for SEGGER.I-CUBE-embOS.1.3.1
2024-08-23 18:50:25,746 [WARN] PackLoader:240 - Cannot read IP mode file for STMicroelectronics.X-CUBE-ALGOBUILD.1.4.0
2024-08-23 18:50:25,757 [WARN] PackLoader:240 - Cannot read IP mode file for STMicroelectronics.X-CUBE-GNSS1.6.0.0
2024-08-23 18:50:25,784 [WARN] PackLoader:240 - Cannot read IP mode file for STMicroelectronics.X-CUBE-AZRTOS-F4.1.1.0
2024-08-23 18:50:25,799 [WARN] PackLoader:240 - Cannot read IP mode file for STMicroelectronics.X-CUBE-FREERTOS.1.2.0
2024-08-23 18:50:25,827 [WARN] PackLoader:240 - Cannot read IP mode file for STMicroelectronics.X-CUBE-AZRTOS-L5.2.0.0
2024-08-23 18:50:25,847 [WARN] PackLoader:240 - Cannot read IP mode file for STMicroelectronics.X-CUBE-NFC6.3.1.0
2024-08-23 18:50:25,862 [WARN] PackLoader:240 - Cannot read IP mode file for STMicroelectronics.X-CUBE-DPower.1.2.0
2024-08-23 18:50:25,877 [WARN] PackLoader:240 - Cannot read IP mode file for STMicroelectronics.X-CUBE-AI.9.0.0
2024-08-23 18:50:25,895 [WARN] PackLoader:240 - Cannot read IP mode file for STMicroelectronics.X-CUBE-NFC7.1.0.1
2024-08-23 18:50:25,911 [WARN] PackLoader:240 - Cannot read IP mode file for wolfSSL.I-CUBE-wolfTPM.3.2.0
2024-08-23 18:50:25,939 [WARN] ConditionMgr:438 - getConditionDescription Invalid condition id : LAN8742 Phy interface Condition cause : null
2024-08-23 18:50:25,940 [WARN] PackLoader:240 - Cannot read IP mode file for STMicroelectronics.X-CUBE-AZRTOS-L4.2.0.0
2024-08-23 18:50:25,941 [WARN] ConditionMgr:1039 - genDependencies : Invalid condition id : LAN8742 Phy interface Condition cause : null
2024-08-23 18:50:25,941 [WARN] ConditionMgr:1039 - genDependencies : Invalid condition id : LAN8742 Phy interface Condition cause : null
2024-08-23 18:50:25,941 [WARN] ConditionMgr:1039 - genDependencies : Invalid condition id : LAN8742 Phy interface Condition cause : null
2024-08-23 18:50:25,962 [WARN] PackLoader:240 - Cannot read IP mode file for STMicroelectronics.X-CUBE-SFXS2LP1.4.0.0
2024-08-23 18:50:25,997 [WARN] PackLoader:240 - Cannot read IP mode file for STMicroelectronics.X-CUBE-AZRTOS-H7.3.3.0
2024-08-23 18:50:26,028 [WARN] ConditionMgr:438 - getConditionDescription Invalid condition id : UX DEVICE CLASS RTOS Condition cause : null
2024-08-23 18:50:26,029 [WARN] ConditionMgr:438 - getConditionDescription Invalid condition id : UX DEVICE CLASS RTOS Condition cause : null
2024-08-23 18:50:26,030 [WARN] PackLoader:240 - Cannot read IP mode file for STMicroelectronics.X-CUBE-AZRTOS-WB.2.0.0
2024-08-23 18:50:26,033 [WARN] ConditionMgr:1039 - genDependencies : Invalid condition id : UX DEVICE CLASS RTOS Condition cause : null
2024-08-23 18:50:26,035 [WARN] ConditionMgr:1039 - genDependencies : Invalid condition id : UX DEVICE CLASS RTOS Condition cause : null
2024-08-23 18:50:26,035 [WARN] ConditionMgr:1039 - genDependencies : Invalid condition id : UX DEVICE CLASS RTOS Condition cause : null
2024-08-23 18:50:26,036 [WARN] ConditionMgr:1039 - genDependencies : Invalid condition id : UX DEVICE CLASS RTOS Condition cause : null
2024-08-23 18:50:26,036 [WARN] ConditionMgr:1039 - genDependencies : Invalid condition id : UX DEVICE CLASS RTOS Condition cause : null
2024-08-23 18:50:26,051 [WARN] PackLoader:240 - Cannot read IP mode file for STMicroelectronics.FP-SNS-STBOX1.2.0.0
2024-08-23 18:50:26,072 [WARN] PackLoader:240 - Cannot read IP mode file for STMicroelectronics.X-CUBE-SUBG2.5.0.0
2024-08-23 18:50:26,090 [WARN] PackLoader:240 - Cannot read IP mode file for Cesanta.I-CUBE-Mongoose.7.13.0
2024-08-23 18:50:26,135 [WARN] PackLoader:240 - Cannot read IP mode file for STMicroelectronics.X-CUBE-AZRTOS-G4.2.0.0
2024-08-23 18:50:26,149 [WARN] PackLoader:240 - Cannot read IP mode file for STMicroelectronics.X-CUBE-ISPU.2.0.0
2024-08-23 18:50:26,161 [WARN] PackLoader:240 - Cannot read IP mode file for STMicroelectronics.X-CUBE-ALS.1.0.2
2024-08-23 18:50:26,196 [WARN] PackLoader:240 - Cannot read IP mode file for STMicroelectronics.X-CUBE-MEMS1.10.0.0
2024-08-23 18:50:26,273 [WARN] PackLoader:240 - Cannot read IP mode file for STMicroelectronics.X-CUBE-TOUCHGFX.4.24.0
2024-08-23 18:50:26,286 [WARN] PackLoader:240 - Cannot read IP mode file for portGmbH.I-Cube-SoM-uGOAL.1.1.0
2024-08-23 18:50:26,303 [WARN] PackLoader:240 - Cannot read IP mode file for STMicroelectronics.X-CUBE-ALS.1.0.1
2024-08-23 18:50:26,336 [WARN] PackLoader:240 - Cannot read IP mode file for STMicroelectronics.X-CUBE-AZRTOS-H7RS.1.0.0
2024-08-23 18:50:26,354 [WARN] PackLoader:240 - Cannot read IP mode file for STMicroelectronics.FP-ATR-ASTRA1.2.0.0
2024-08-23 18:50:26,375 [WARN] PackLoader:240 - Cannot read IP mode file for STMicroelectronics.X-CUBE-TOF1.3.4.2
2024-08-23 18:50:26,410 [WARN] PackLoader:240 - Cannot read IP mode file for STMicroelectronics.X-CUBE-TOF1.3.4.1
2024-08-23 18:50:26,446 [WARN] PackLoader:240 - Cannot read IP mode file for STMicroelectronics.X-CUBE-AZRTOS-H7.3.2.0
2024-08-23 18:50:26,472 [WARN] PackLoader:240 - Cannot read IP mode file for Infineon.AIROC-Wi-Fi-Bluetooth-STM32.1.6.0
2024-08-23 18:50:26,485 [WARN] PackLoader:240 - Cannot read IP mode file for wolfSSL.I-CUBE-wolfSSH.1.4.17
2024-08-23 18:50:26,486 [INFO] ThirdParty:978 - Integrity check success = true
2024-08-23 18:50:26,487 [INFO] IntegrityCheckThread:100 - exiting critical section [integrity check]
2024-08-23 18:50:26,487 [INFO] IntegrityCheckThread:103 - End integrity checks thread
2024-08-23 18:50:31,843 [INFO] WebApp:161 - Instantiating new browser for Auth
2024-08-23 18:50:32,856 [INFO] WebApp:779 - Register for checkConnection events
2024-08-23 18:50:32,857 [INFO] WebApp:414 - Apply proxy settings
2024-08-23 18:50:32,857 [INFO] WebApp:499 - Chromium requires no authentication
2024-08-23 18:50:32,865 [INFO] WebApp:442 - Direct internet connection detected
2024-08-23 18:50:33,095 [INFO] WebApp:192 - Starting web application
2024-08-23 18:50:33,095 [INFO] WebApp:544 - Web application path used C:\ST\STM32CubeIDE_1.15.1\STM32CubeIDE\plugins\com.st.stm32cube.common.mx_6.11.1.202404110753\db\plugins\mcufinder\reactClient1\index.html
2024-08-23 19:37:58,707 [ERROR] ConfigurationRetriever:142 - IOException on connection: Read timed out
2024-08-23 19:38:00,091 [ERROR] LogOutputStream:75 - [STDERR_REDIRECT] 
2024-08-23 19:38:00,093 [ERROR] LogOutputStream:75 - [STDERR_REDIRECT] 
