2024-08-25 07:50:08,999 [INFO] Activator:176 - 


2024-08-25 07:50:09,006 [INFO] Activator:177 - !SESSION log4j initialized
2024-08-25 07:50:15,456 [INFO] LogOutputStream:77 - [STDOUT_REDIRECT] 
2024-08-25 07:50:16,749 [INFO] ApplicationProperties:184 - Using Application install path: C:\ST\STM32CubeIDE_1.15.1\STM32CubeIDE\plugins\com.st.stm32cube.common.mx_6.11.1.202404110753
2024-08-25 07:50:16,778 [INFO] DbMcusXml:78 - Set database path to: C:\ST\STM32CubeIDE_1.15.1\STM32CubeIDE\plugins\com.st.stm32cube.common.mx_6.11.1.202404110753\\db\/mcu/
2024-08-25 07:50:16,779 [INFO] ApiDb:274 - Set plugin database path to: C:\ST\STM32CubeIDE_1.15.1\STM32CubeIDE\plugins\com.st.stm32cube.common.mx_6.11.1.202404110753\\db\/plugins/boardmanager/
2024-08-25 07:50:16,779 [WARN] ApiDb:259 - Overriding images path with different value:  => C:\ST\STM32CubeIDE_1.15.1\STM32CubeIDE\plugins\com.st.stm32cube.common.mx_6.11.1.202404110753\\db\/plugins/mcufinder/images/
2024-08-25 07:50:16,787 [INFO] ApiDb:250 - Set database path to: C:\Users\ASUS\.stmcufinder\plugins\mcufinder//mcu/
2024-08-25 07:50:16,788 [INFO] DbMcusAds:125 - Set database path to: C:\Users\ASUS\.stmcufinder\plugins\mcufinder//mcu/
2024-08-25 07:50:16,790 [INFO] CrossReferenceDbSqlite:203 - Set database path to: C:\Users\ASUS\.stmcufinder\plugins\mcufinder//mcu/cs/
2024-08-25 07:50:16,886 [INFO] RulesReader:64 - Compatibility file has been processed (297 Rules)
2024-08-25 07:50:17,087 [INFO] DbMcusXml:78 - Set database path to: C:\ST\STM32CubeIDE_1.15.1\STM32CubeIDE\plugins\com.st.stm32cube.common.mx_6.11.1.202404110753\\db\/mcu/
2024-08-25 07:50:17,087 [INFO] ApiDb:274 - Set plugin database path to: C:\ST\STM32CubeIDE_1.15.1\STM32CubeIDE\plugins\com.st.stm32cube.common.mx_6.11.1.202404110753\\db\/plugins/boardmanager/
2024-08-25 07:50:17,088 [INFO] ApiDb:261 - Set plugin images path to: C:\ST\STM32CubeIDE_1.15.1\STM32CubeIDE\plugins\com.st.stm32cube.common.mx_6.11.1.202404110753\\db\/plugins/mcufinder/images/
2024-08-25 07:50:17,088 [WARN] DbFile:41 - Overriding database path with different value: C:\Users\ASUS\.stmcufinder\plugins\mcufinder/ => C:\Users\ASUS\.stmcufinder\plugins\mcufinder
2024-08-25 07:50:17,088 [INFO] ApiDb:250 - Set database path to: C:\Users\ASUS\.stmcufinder\plugins\mcufinder//mcu/
2024-08-25 07:50:17,088 [WARN] DbFile:41 - Overriding database path with different value: C:\Users\ASUS\.stmcufinder\plugins\mcufinder/ => C:\Users\ASUS\.stmcufinder\plugins\mcufinder
2024-08-25 07:50:17,088 [INFO] DbMcusAds:125 - Set database path to: C:\Users\ASUS\.stmcufinder\plugins\mcufinder//mcu/
2024-08-25 07:50:17,088 [WARN] DbFile:41 - Overriding database path with different value: C:\Users\ASUS\.stmcufinder\plugins\mcufinder/ => C:\Users\ASUS\.stmcufinder\plugins\mcufinder
2024-08-25 07:50:17,088 [WARN] DbFile:41 - Overriding database path with different value: C:\Users\ASUS\.stmcufinder\plugins\mcufinder/ => C:\Users\ASUS\.stmcufinder\plugins\mcufinder
2024-08-25 07:50:17,088 [INFO] CrossReferenceDbSqlite:203 - Set database path to: C:\Users\ASUS\.stmcufinder\plugins\mcufinder//mcu/cs/
2024-08-25 07:50:17,243 [INFO] MainPanel:264 - HeapMemory: 268435456
2024-08-25 07:50:17,608 [INFO] DbMcusXml:78 - Set database path to: C:\ST\STM32CubeIDE_1.15.1\STM32CubeIDE\plugins\com.st.stm32cube.common.mx_6.11.1.202404110753\\db\/mcu/
2024-08-25 07:50:17,608 [INFO] ApiDb:274 - Set plugin database path to: C:\ST\STM32CubeIDE_1.15.1\STM32CubeIDE\plugins\com.st.stm32cube.common.mx_6.11.1.202404110753\\db\/plugins/boardmanager/
2024-08-25 07:50:17,608 [INFO] ApiDb:261 - Set plugin images path to: C:\ST\STM32CubeIDE_1.15.1\STM32CubeIDE\plugins\com.st.stm32cube.common.mx_6.11.1.202404110753\\db\/plugins/mcufinder/images/
2024-08-25 07:50:17,608 [WARN] DbFile:41 - Overriding database path with different value: C:\Users\ASUS\.stmcufinder\plugins\mcufinder/ => C:\Users\ASUS\.stmcufinder\plugins\mcufinder
2024-08-25 07:50:17,608 [INFO] ApiDb:250 - Set database path to: C:\Users\ASUS\.stmcufinder\plugins\mcufinder//mcu/
2024-08-25 07:50:17,608 [WARN] DbFile:41 - Overriding database path with different value: C:\Users\ASUS\.stmcufinder\plugins\mcufinder/ => C:\Users\ASUS\.stmcufinder\plugins\mcufinder
2024-08-25 07:50:17,609 [INFO] DbMcusAds:125 - Set database path to: C:\Users\ASUS\.stmcufinder\plugins\mcufinder//mcu/
2024-08-25 07:50:17,609 [WARN] DbFile:41 - Overriding database path with different value: C:\Users\ASUS\.stmcufinder\plugins\mcufinder/ => C:\Users\ASUS\.stmcufinder\plugins\mcufinder
2024-08-25 07:50:17,609 [WARN] DbFile:41 - Overriding database path with different value: C:\Users\ASUS\.stmcufinder\plugins\mcufinder/ => C:\Users\ASUS\.stmcufinder\plugins\mcufinder
2024-08-25 07:50:17,609 [INFO] CrossReferenceDbSqlite:203 - Set database path to: C:\Users\ASUS\.stmcufinder\plugins\mcufinder//mcu/cs/
2024-08-25 07:50:17,651 [INFO] ApplicationProperties:184 - Using Application install path: C:\ST\STM32CubeIDE_1.15.1\STM32CubeIDE\plugins\com.st.stm32cube.common.mx_6.11.1.202404110753
2024-08-25 07:50:17,652 [INFO] PluginManage:196 - Search for loadable plugins [exclusion list=, ]
2024-08-25 07:50:17,653 [INFO] PluginManage:310 - Check plugin analytics
2024-08-25 07:50:17,792 [INFO] AnalyticsPlugin:253 - Accepted Software Licenses: STM32CubeMX.6.11.1
2024-08-25 07:50:17,793 [INFO] AnalyticsPlugin:255 - Accepted CMSIS Pack Licenses: 
2024-08-25 07:50:17,793 [INFO] AnalyticsPlugin:257 - Accepted Firmware Licenses: 
2024-08-25 07:50:17,795 [INFO] PluginManage:359 - Loaded plugin analytics (category:tool,tabindex:-1)
2024-08-25 07:50:17,795 [INFO] PluginManage:310 - Check plugin cadmodel
2024-08-25 07:50:17,806 [INFO] CADModel:105 - Init CAD model plugin
2024-08-25 07:50:17,806 [INFO] PluginManage:359 - Loaded plugin cadmodel (category:power,tabindex:5)
2024-08-25 07:50:17,806 [INFO] PluginManage:310 - Check plugin clock
2024-08-25 07:50:17,828 [INFO] PluginManage:359 - Loaded plugin clock (category:base,tabindex:2)
2024-08-25 07:50:17,828 [INFO] PluginManage:310 - Check plugin ddr
2024-08-25 07:50:17,830 [INFO] PluginManage:359 - Loaded plugin ddr (category:tool,tabindex:6)
2024-08-25 07:50:17,830 [INFO] PluginManage:310 - Check plugin filemanager
2024-08-25 07:50:18,004 [INFO] PluginManage:359 - Loaded plugin filemanager (category:base,tabindex:10)
2024-08-25 07:50:18,004 [INFO] PluginManage:310 - Check plugin ipmanager
2024-08-25 07:50:18,014 [INFO] PluginManage:359 - Loaded plugin ipmanager (category:base,tabindex:5)
2024-08-25 07:50:18,014 [INFO] PluginManage:310 - Check plugin lpbam
2024-08-25 07:50:18,022 [INFO] PluginManage:359 - Loaded plugin lpbam (category:base,tabindex:0)
2024-08-25 07:50:18,022 [INFO] PluginManage:310 - Check plugin memorymap
2024-08-25 07:50:18,043 [INFO] PluginManage:359 - Loaded plugin memorymap (category:base,tabindex:4)
2024-08-25 07:50:18,043 [INFO] PluginManage:310 - Check plugin pinoutandconfiguration
2024-08-25 07:50:18,049 [INFO] PluginManage:359 - Loaded plugin pinoutandconfiguration (category:base,tabindex:1)
2024-08-25 07:50:18,050 [INFO] PluginManage:310 - Check plugin pinoutconfig
2024-08-25 07:50:18,139 [WARN] SupportedApi:132 - Cannot load RTOS API schema: s4s-elt-must-match.1: The content of 'definitions' must match (annotation?, (simpleType | complexType)?, (unique | key | keyref)*)). A problem was found starting at: attribute.
2024-08-25 07:50:18,321 [INFO] PluginManage:359 - Loaded plugin pinoutconfig (category:base,tabindex:0)
2024-08-25 07:50:18,321 [INFO] PluginManage:310 - Check plugin power
2024-08-25 07:50:18,331 [INFO] PluginManage:359 - Loaded plugin power (category:power,tabindex:4)
2024-08-25 07:50:18,331 [INFO] PluginManage:310 - Check plugin projectmanager
2024-08-25 07:50:18,344 [INFO] PluginManage:359 - Loaded plugin projectmanager (category:projectmanager,tabindex:3)
2024-08-25 07:50:18,344 [INFO] PluginManage:310 - Check plugin thirdparty
2024-08-25 07:50:18,566 [INFO] PluginManage:359 - Loaded plugin thirdparty (category:base,tabindex:-1)
2024-08-25 07:50:18,566 [WARN] IntegrityCheckThread:84 - waiting for thirdparty lock release [integrity check]
2024-08-25 07:50:18,567 [INFO] PluginManage:310 - Check plugin tools
2024-08-25 07:50:18,567 [INFO] IntegrityCheckThread:86 - entering critical section [integrity check]
2024-08-25 07:50:18,567 [INFO] ThirdPartyUpdaterWithRetryManager:70 - Updater plugin not ready yet. [1/15]
2024-08-25 07:50:18,569 [INFO] PluginManage:359 - Loaded plugin tools (category:base,tabindex:7)
2024-08-25 07:50:18,569 [INFO] PluginManage:310 - Check plugin tutovideos
2024-08-25 07:50:18,760 [INFO] PluginManage:359 - Loaded plugin tutovideos (category:base,tabindex:-1)
2024-08-25 07:50:18,760 [INFO] PluginManage:310 - Check plugin updater
2024-08-25 07:50:18,770 [INFO] PluginManage:359 - Loaded plugin updater (category:base,tabindex:12)
2024-08-25 07:50:18,771 [INFO] PluginManage:310 - Check plugin userauth
2024-08-25 07:50:18,791 [INFO] UserAuth:114 - Init User Auth plugin
2024-08-25 07:50:18,791 [INFO] PluginManage:359 - Loaded plugin userauth (category:base,tabindex:14)
2024-08-25 07:50:18,791 [INFO] PluginManage:283 - PluginManage : Loaded plugins [17]
2024-08-25 07:50:19,229 [INFO] PinOutPanel:1561 - setPackage(No Configuration,No Configuration)
2024-08-25 07:50:19,313 [INFO] CADModel:165 - CPN selected for project level
2024-08-25 07:50:19,313 [INFO] CADModel:114 - Register for checkConnection events
2024-08-25 07:50:19,336 [INFO] IPUIPlugin:80 - create IPUIPlugin
2024-08-25 07:50:19,336 [INFO] PluginManager:220 - loadIPPluginJar : add adc
2024-08-25 07:50:19,339 [INFO] IPUIPlugin:80 - create IPUIPlugin
2024-08-25 07:50:19,339 [INFO] PluginManager:220 - loadIPPluginJar : add aes
2024-08-25 07:50:19,346 [INFO] IPUIPlugin:80 - create IPUIPlugin
2024-08-25 07:50:19,346 [INFO] PluginManager:220 - loadIPPluginJar : add can
2024-08-25 07:50:19,348 [INFO] IPUIPlugin:80 - create IPUIPlugin
2024-08-25 07:50:19,348 [INFO] PluginManager:220 - loadIPPluginJar : add comp
2024-08-25 07:50:19,351 [INFO] IPUIPlugin:80 - create IPUIPlugin
2024-08-25 07:50:19,351 [INFO] PluginManager:220 - loadIPPluginJar : add cryp
2024-08-25 07:50:19,355 [INFO] IPUIPlugin:80 - create IPUIPlugin
2024-08-25 07:50:19,355 [INFO] PluginManager:220 - loadIPPluginJar : add dfsdm
2024-08-25 07:50:19,365 [INFO] IPUIPlugin:80 - create IPUIPlugin
2024-08-25 07:50:19,365 [INFO] PluginManager:220 - loadIPPluginJar : add dma
2024-08-25 07:50:19,367 [INFO] IPUIPlugin:80 - create IPUIPlugin
2024-08-25 07:50:19,367 [INFO] PluginManager:220 - loadIPPluginJar : add dma3
2024-08-25 07:50:19,372 [INFO] IPUIPlugin:80 - create IPUIPlugin
2024-08-25 07:50:19,372 [INFO] PluginManager:220 - loadIPPluginJar : add extmemmanager
2024-08-25 07:50:19,373 [INFO] IPUIPlugin:80 - create IPUIPlugin
2024-08-25 07:50:19,374 [INFO] PluginManager:220 - loadIPPluginJar : add fatfs
2024-08-25 07:50:19,380 [INFO] IPUIPlugin:80 - create IPUIPlugin
2024-08-25 07:50:19,380 [INFO] PluginManager:220 - loadIPPluginJar : add fmc
2024-08-25 07:50:19,385 [INFO] IPUIPlugin:80 - create IPUIPlugin
2024-08-25 07:50:19,385 [INFO] PluginManager:220 - loadIPPluginJar : add freertos
2024-08-25 07:50:19,387 [INFO] IPUIPlugin:80 - create IPUIPlugin
2024-08-25 07:50:19,387 [INFO] PluginManager:220 - loadIPPluginJar : add genericplugin
2024-08-25 07:50:19,389 [INFO] IPUIPlugin:80 - create IPUIPlugin
2024-08-25 07:50:19,389 [INFO] PluginManager:220 - loadIPPluginJar : add gfxmmu
2024-08-25 07:50:19,394 [INFO] IPUIPlugin:80 - create IPUIPlugin
2024-08-25 07:50:19,395 [INFO] PluginManager:220 - loadIPPluginJar : add gic
2024-08-25 07:50:19,429 [INFO] IPUIPlugin:80 - create IPUIPlugin
2024-08-25 07:50:19,429 [INFO] PluginManager:220 - loadIPPluginJar : add gpio
2024-08-25 07:50:19,435 [INFO] IPUIPlugin:80 - create IPUIPlugin
2024-08-25 07:50:19,435 [INFO] PluginManager:220 - loadIPPluginJar : add gtzc
2024-08-25 07:50:19,439 [INFO] IPUIPlugin:80 - create IPUIPlugin
2024-08-25 07:50:19,439 [INFO] PluginManager:220 - loadIPPluginJar : add hash
2024-08-25 07:50:19,441 [INFO] IPUIPlugin:80 - create IPUIPlugin
2024-08-25 07:50:19,441 [INFO] PluginManager:220 - loadIPPluginJar : add i2c
2024-08-25 07:50:19,447 [INFO] IPUIPlugin:80 - create IPUIPlugin
2024-08-25 07:50:19,448 [INFO] PluginManager:220 - loadIPPluginJar : add i2s
2024-08-25 07:50:19,449 [INFO] IPUIPlugin:80 - create IPUIPlugin
2024-08-25 07:50:19,450 [INFO] PluginManager:220 - loadIPPluginJar : add i3c
2024-08-25 07:50:19,453 [INFO] IPUIPlugin:80 - create IPUIPlugin
2024-08-25 07:50:19,453 [INFO] PluginManager:220 - loadIPPluginJar : add ipddr
2024-08-25 07:50:19,467 [INFO] IPUIPlugin:80 - create IPUIPlugin
2024-08-25 07:50:19,467 [INFO] PluginManager:220 - loadIPPluginJar : add linkedlist
2024-08-25 07:50:19,470 [INFO] IPUIPlugin:80 - create IPUIPlugin
2024-08-25 07:50:19,470 [INFO] PluginManager:220 - loadIPPluginJar : add lorawan
2024-08-25 07:50:19,471 [INFO] IPUIPlugin:80 - create IPUIPlugin
2024-08-25 07:50:19,471 [INFO] PluginManager:220 - loadIPPluginJar : add ltdc
2024-08-25 07:50:19,479 [INFO] IPUIPlugin:80 - create IPUIPlugin
2024-08-25 07:50:19,479 [INFO] PluginManager:220 - loadIPPluginJar : add mdma
2024-08-25 07:50:19,483 [INFO] IPUIPlugin:80 - create IPUIPlugin
2024-08-25 07:50:19,483 [INFO] PluginManager:220 - loadIPPluginJar : add nvic
2024-08-25 07:50:19,488 [INFO] IPUIPlugin:80 - create IPUIPlugin
2024-08-25 07:50:19,488 [INFO] PluginManager:220 - loadIPPluginJar : add opamp
2024-08-25 07:50:19,490 [INFO] IPUIPlugin:80 - create IPUIPlugin
2024-08-25 07:50:19,490 [INFO] PluginManager:220 - loadIPPluginJar : add openamp
2024-08-25 07:50:19,493 [INFO] IPUIPlugin:80 - create IPUIPlugin
2024-08-25 07:50:19,493 [INFO] PluginManager:220 - loadIPPluginJar : add pdm2pcm
2024-08-25 07:50:19,511 [INFO] IPUIPlugin:80 - create IPUIPlugin
2024-08-25 07:50:19,513 [INFO] PluginManager:220 - loadIPPluginJar : add plateformsettings
2024-08-25 07:50:19,514 [INFO] IPUIPlugin:80 - create IPUIPlugin
2024-08-25 07:50:19,514 [INFO] PluginManager:220 - loadIPPluginJar : add quadspi
2024-08-25 07:50:19,518 [INFO] IPUIPlugin:80 - create IPUIPlugin
2024-08-25 07:50:19,518 [INFO] PluginManager:220 - loadIPPluginJar : add resmgrutility
2024-08-25 07:50:19,520 [INFO] IPUIPlugin:80 - create IPUIPlugin
2024-08-25 07:50:19,520 [INFO] PluginManager:220 - loadIPPluginJar : add sai
2024-08-25 07:50:19,522 [INFO] IPUIPlugin:80 - create IPUIPlugin
2024-08-25 07:50:19,522 [INFO] PluginManager:220 - loadIPPluginJar : add spi
2024-08-25 07:50:19,532 [INFO] IPUIPlugin:80 - create IPUIPlugin
2024-08-25 07:50:19,532 [INFO] PluginManager:220 - loadIPPluginJar : add stm32_wpan
2024-08-25 07:50:19,533 [INFO] IPUIPlugin:80 - create IPUIPlugin
2024-08-25 07:50:19,533 [INFO] PluginManager:220 - loadIPPluginJar : add tim
2024-08-25 07:50:19,538 [INFO] IPUIPlugin:80 - create IPUIPlugin
2024-08-25 07:50:19,538 [INFO] PluginManager:220 - loadIPPluginJar : add touchsensing
2024-08-25 07:50:19,540 [INFO] IPUIPlugin:80 - create IPUIPlugin
2024-08-25 07:50:19,540 [INFO] PluginManager:220 - loadIPPluginJar : add tracer_emb
2024-08-25 07:50:19,541 [INFO] IPUIPlugin:80 - create IPUIPlugin
2024-08-25 07:50:19,541 [INFO] PluginManager:220 - loadIPPluginJar : add ts
2024-08-25 07:50:19,543 [INFO] IPUIPlugin:80 - create IPUIPlugin
2024-08-25 07:50:19,543 [INFO] PluginManager:220 - loadIPPluginJar : add tsc
2024-08-25 07:50:19,546 [INFO] IPUIPlugin:80 - create IPUIPlugin
2024-08-25 07:50:19,546 [INFO] PluginManager:220 - loadIPPluginJar : add ucpd
2024-08-25 07:50:19,549 [INFO] IPUIPlugin:80 - create IPUIPlugin
2024-08-25 07:50:19,549 [INFO] PluginManager:220 - loadIPPluginJar : add usart
2024-08-25 07:50:19,553 [INFO] IPUIPlugin:80 - create IPUIPlugin
2024-08-25 07:50:19,553 [INFO] PluginManager:220 - loadIPPluginJar : add usbx
2024-08-25 07:50:19,673 [INFO] CADModel:165 - CPN selected for project level
2024-08-25 07:50:19,673 [INFO] CADModel:114 - Register for checkConnection events
2024-08-25 07:50:19,674 [FATAL] Updater:308 - Updater called before beeing initialized
2024-08-25 07:50:19,674 [ERROR] CADModel:125 - Updater not yet initialized, retry later 
2024-08-25 07:50:19,954 [INFO] CADModel:165 - CPN selected for project level
2024-08-25 07:50:19,954 [INFO] CADModel:114 - Register for checkConnection events
2024-08-25 07:50:19,954 [FATAL] Updater:308 - Updater called before beeing initialized
2024-08-25 07:50:19,954 [ERROR] CADModel:125 - Updater not yet initialized, retry later 
2024-08-25 07:50:19,958 [FATAL] Updater:308 - Updater called before beeing initialized
2024-08-25 07:50:20,041 [FATAL] Updater:308 - Updater called before beeing initialized
2024-08-25 07:50:20,045 [INFO] DbMcusAds:53 - JSON generation date=Thu May 16 16:22:00 ICT 2024 (1715851320667)
2024-08-25 07:50:20,045 [FATAL] Updater:308 - Updater called before beeing initialized
2024-08-25 07:50:20,129 [WARN] DetailPanel:346 - Failed to get advertising image, set to default
2024-08-25 07:50:20,217 [FATAL] Updater:308 - Updater called before beeing initialized
2024-08-25 07:50:20,221 [FATAL] Updater:308 - Updater called before beeing initialized
2024-08-25 07:50:20,221 [FATAL] Updater:308 - Updater called before beeing initialized
2024-08-25 07:50:20,221 [WARN] DetailPanel:346 - Failed to get advertising image, set to default
2024-08-25 07:50:20,221 [FATAL] Updater:308 - Updater called before beeing initialized
2024-08-25 07:50:20,260 [ERROR] Updater:1120 - MainUpdater not yet initialized. External WinMGr cannot be set.
2024-08-25 07:50:20,264 [INFO] Updater:1056 - Updater Version found : 6.11.1
2024-08-25 07:50:20,283 [INFO] ApplicationProperties:184 - Using Application install path: C:\ST\STM32CubeIDE_1.15.1\STM32CubeIDE\plugins\com.st.stm32cube.common.mx_6.11.1.202404110753
2024-08-25 07:50:21,568 [INFO] ThirdPartyUpdaterWithRetryManager:70 - Updater plugin not ready yet. [2/15]
2024-08-25 07:50:21,866 [ERROR] LogOutputStream:75 - [STDERR_REDIRECT] Aug 25, 2024 7:50:21 AM java.util.prefs.WindowsPreferences <init>
2024-08-25 07:50:21,867 [ERROR] LogOutputStream:75 - [STDERR_REDIRECT] WARNING: Could not open/create prefs root node Software\JavaSoft\Prefs at root 0xffffffff80000002. Windows RegCreateKeyEx(...) returned error code 5.
2024-08-25 07:50:21,867 [ERROR] LogOutputStream:75 - [STDERR_REDIRECT] 
2024-08-25 07:50:22,797 [INFO] MainUpdater:2873 - connection check result : 10
2024-08-25 07:50:22,797 [INFO] MainUpdater:290 - Updater Check For Update Now.
2024-08-25 07:50:22,798 [INFO] MicroXplorer:498 - Change Database Version : DB.6.0.111
2024-08-25 07:50:22,803 [INFO] McuFinderGlobals:63 - Set McuFinder mode to 2 (CubeIDE integrated)
2024-08-25 07:50:22,816 [INFO] UserAuth:415 - Internet connection configuration mode: 1
2024-08-25 07:50:22,844 [INFO] JxBrowserEngine:152 - Initiate JxBrowser Engine with user profile folder
2024-08-25 07:50:22,960 [INFO] CheckServerUpdateThread:120 - End of CheckServer Thread
2024-08-25 07:50:26,079 [WARN] PackLoader:240 - Cannot read IP mode file for STMicroelectronics.FP-SNS-MOTENVWB1.1.4.0
2024-08-25 07:50:26,105 [WARN] PackLoader:240 - Cannot read IP mode file for STMicroelectronics.X-CUBE-SMBUS.2.1.0
2024-08-25 07:50:26,116 [WARN] PackLoader:240 - Cannot read IP mode file for STMicroelectronics.X-CUBE-TOUCHGFX.4.23.2
2024-08-25 07:50:26,163 [WARN] PackLoader:240 - Cannot read IP mode file for STMicroelectronics.X-CUBE-AZRTOS-F7.1.1.0
2024-08-25 07:50:26,226 [WARN] PackLoader:240 - Cannot read IP mode file for STMicroelectronics.X-CUBE-MEMS1.11.0.0
2024-08-25 07:50:26,347 [WARN] PackLoader:240 - Cannot read IP mode file for STMicroelectronics.FP-SNS-FLIGHT1.5.0.2
2024-08-25 07:50:26,354 [WARN] PackLoader:240 - Cannot read IP mode file for STMicroelectronics.X-CUBE-DISPLAY.3.0.0
2024-08-25 07:50:26,366 [WARN] PackLoader:240 - Cannot read IP mode file for STMicroelectronics.X-CUBE-BLE1.7.0.0
2024-08-25 07:50:26,373 [WARN] PackLoader:240 - Cannot read IP mode file for emotas.I-CUBE-CANOPEN.1.3.0
2024-08-25 07:50:26,383 [WARN] PackLoader:240 - Cannot read IP mode file for STMicroelectronics.X-CUBE-BLEMGR.3.1.0
2024-08-25 07:50:26,388 [WARN] PackLoader:240 - Cannot read IP mode file for STMicroelectronics.FP-SNS-SMARTAG2.1.2.0
2024-08-25 07:50:26,398 [INFO] LogOutputStream:77 - [STDOUT_REDIRECT] 1 : Invalid condition id : UX_CORESTACK_Condition cause : null
2024-08-25 07:50:26,399 [INFO] LogOutputStream:77 - [STDOUT_REDIRECT] 1 : Invalid condition id : UX_CORESTACK_Condition cause : null
2024-08-25 07:50:26,400 [INFO] LogOutputStream:77 - [STDOUT_REDIRECT] 1 : Invalid condition id : UX_CORESTACK_Condition cause : null
2024-08-25 07:50:26,400 [INFO] LogOutputStream:77 - [STDOUT_REDIRECT] 1 : Invalid condition id : UX_CORESTACK_Condition cause : null
2024-08-25 07:50:26,401 [INFO] LogOutputStream:77 - [STDOUT_REDIRECT] 1 : Invalid condition id : UX_CORESTACK_Condition cause : null
2024-08-25 07:50:26,402 [WARN] PackLoader:240 - Cannot read IP mode file for STMicroelectronics.X-CUBE-AZRTOS-WL.2.0.0
2024-08-25 07:50:26,410 [WARN] PackLoader:240 - Cannot read IP mode file for STMicroelectronics.FP-SNS-MOTENV1.5.0.0
2024-08-25 07:50:26,413 [WARN] PackLoader:240 - Cannot read IP mode file for wolfSSL.I-CUBE-wolfMQTT.1.19.0
2024-08-25 07:50:26,419 [WARN] PackLoader:240 - Cannot read IP mode file for WES.I-CUBE-Cesium.1.3.0
2024-08-25 07:50:26,422 [WARN] PackLoader:240 - Cannot read IP mode file for STMicroelectronics.X-CUBE-BLE2.3.3.0
2024-08-25 07:50:26,427 [WARN] PackLoader:240 - Cannot read IP mode file for STMicroelectronics.X-CUBE-TCPP.4.1.0
2024-08-25 07:50:26,432 [WARN] PackLoader:240 - Cannot read IP mode file for STMicroelectronics.X-CUBE-ALGOBUILD.1.3.0
2024-08-25 07:50:26,442 [WARN] PackLoader:240 - Cannot read IP mode file for STMicroelectronics.X-CUBE-AZRTOS-G0.1.1.0
2024-08-25 07:50:26,447 [WARN] PackLoader:240 - Cannot read IP mode file for STMicroelectronics.X-CUBE-SAFEA1.1.2.2
2024-08-25 07:50:26,452 [WARN] PackLoader:240 - Cannot read IP mode file for STMicroelectronics.X-CUBE-NFC4.3.0.0
2024-08-25 07:50:26,454 [INFO] WebApp:161 - Instantiating new browser for Auth
2024-08-25 07:50:26,456 [WARN] PackLoader:240 - Cannot read IP mode file for wolfSSL.I-CUBE-wolfMQTT.1.18.0
2024-08-25 07:50:26,467 [WARN] PackLoader:240 - Cannot read IP mode file for EmbeddedOffice.I-CUBE-FS-RTOS.1.0.1
2024-08-25 07:50:26,467 [ERROR] ConditionMgr:805 - Attr not supported : Dmpu
2024-08-25 07:50:26,467 [ERROR] ConditionMgr:805 - Attr not supported : Dmpu
2024-08-25 07:50:26,467 [ERROR] ConditionMgr:805 - Attr not supported : Dmpu
2024-08-25 07:50:26,467 [ERROR] ConditionMgr:805 - Attr not supported : Dmpu
2024-08-25 07:50:26,467 [ERROR] ConditionMgr:805 - Attr not supported : Dmpu
2024-08-25 07:50:26,469 [ERROR] ConditionMgr:805 - Attr not supported : Dmpu
2024-08-25 07:50:26,469 [ERROR] ConditionMgr:805 - Attr not supported : Dmpu
2024-08-25 07:50:26,469 [ERROR] ConditionMgr:805 - Attr not supported : Dmpu
2024-08-25 07:50:26,469 [ERROR] ConditionMgr:805 - Attr not supported : Dmpu
2024-08-25 07:50:26,469 [ERROR] ConditionMgr:805 - Attr not supported : Dmpu
2024-08-25 07:50:26,469 [ERROR] ConditionMgr:805 - Attr not supported : Dmpu
2024-08-25 07:50:26,470 [ERROR] ConditionMgr:805 - Attr not supported : Dmpu
2024-08-25 07:50:26,470 [ERROR] ConditionMgr:805 - Attr not supported : Dmpu
2024-08-25 07:50:26,470 [ERROR] ConditionMgr:805 - Attr not supported : Dmpu
2024-08-25 07:50:26,470 [ERROR] ConditionMgr:805 - Attr not supported : Dmpu
2024-08-25 07:50:26,470 [ERROR] ConditionMgr:805 - Attr not supported : Dmpu
2024-08-25 07:50:26,470 [ERROR] ConditionMgr:805 - Attr not supported : Dmpu
2024-08-25 07:50:26,470 [ERROR] ConditionMgr:805 - Attr not supported : Dmpu
2024-08-25 07:50:26,470 [ERROR] ConditionMgr:805 - Attr not supported : Dmpu
2024-08-25 07:50:26,470 [ERROR] ConditionMgr:805 - Attr not supported : Dmpu
2024-08-25 07:50:26,470 [ERROR] ConditionMgr:805 - Attr not supported : Dmpu
2024-08-25 07:50:26,470 [ERROR] ConditionMgr:805 - Attr not supported : Dmpu
2024-08-25 07:50:26,470 [ERROR] ConditionMgr:805 - Attr not supported : Dmpu
2024-08-25 07:50:26,470 [ERROR] ConditionMgr:805 - Attr not supported : Dmpu
2024-08-25 07:50:26,470 [ERROR] ConditionMgr:805 - Attr not supported : Dmpu
2024-08-25 07:50:26,471 [ERROR] ConditionMgr:805 - Attr not supported : Dmpu
2024-08-25 07:50:26,471 [ERROR] ConditionMgr:805 - Attr not supported : Dmpu
2024-08-25 07:50:26,471 [ERROR] ConditionMgr:805 - Attr not supported : Dmpu
2024-08-25 07:50:26,471 [ERROR] ConditionMgr:805 - Attr not supported : Dmpu
2024-08-25 07:50:26,471 [ERROR] ConditionMgr:805 - Attr not supported : Dmpu
2024-08-25 07:50:26,471 [ERROR] ConditionMgr:805 - Attr not supported : Dmpu
2024-08-25 07:50:26,471 [ERROR] ConditionMgr:805 - Attr not supported : Dmpu
2024-08-25 07:50:26,471 [ERROR] ConditionMgr:805 - Attr not supported : Dmpu
2024-08-25 07:50:26,471 [ERROR] ConditionMgr:805 - Attr not supported : Dmpu
2024-08-25 07:50:26,471 [ERROR] ConditionMgr:805 - Attr not supported : Dmpu
2024-08-25 07:50:26,471 [ERROR] ConditionMgr:805 - Attr not supported : Dmpu
2024-08-25 07:50:26,472 [ERROR] ConditionMgr:805 - Attr not supported : Dmpu
2024-08-25 07:50:26,472 [ERROR] ConditionMgr:805 - Attr not supported : Dmpu
2024-08-25 07:50:26,472 [ERROR] ConditionMgr:805 - Attr not supported : Dmpu
2024-08-25 07:50:26,472 [ERROR] ConditionMgr:805 - Attr not supported : Dmpu
2024-08-25 07:50:26,472 [ERROR] ConditionMgr:805 - Attr not supported : Dmpu
2024-08-25 07:50:26,472 [ERROR] ConditionMgr:805 - Attr not supported : Dmpu
2024-08-25 07:50:26,472 [ERROR] ConditionMgr:805 - Attr not supported : Dmpu
2024-08-25 07:50:26,473 [ERROR] ConditionMgr:805 - Attr not supported : Dmpu
2024-08-25 07:50:26,473 [ERROR] ConditionMgr:805 - Attr not supported : Dmpu
2024-08-25 07:50:26,473 [ERROR] ConditionMgr:805 - Attr not supported : Dmpu
2024-08-25 07:50:26,473 [ERROR] ConditionMgr:805 - Attr not supported : Dmpu
2024-08-25 07:50:26,473 [ERROR] ConditionMgr:805 - Attr not supported : Dmpu
2024-08-25 07:50:26,473 [ERROR] ConditionMgr:805 - Attr not supported : Dmpu
2024-08-25 07:50:26,473 [ERROR] ConditionMgr:805 - Attr not supported : Dmpu
2024-08-25 07:50:26,473 [ERROR] ConditionMgr:805 - Attr not supported : Dmpu
2024-08-25 07:50:26,473 [ERROR] ConditionMgr:805 - Attr not supported : Dmpu
2024-08-25 07:50:26,473 [ERROR] ConditionMgr:805 - Attr not supported : Dmpu
2024-08-25 07:50:26,473 [ERROR] ConditionMgr:805 - Attr not supported : Dmpu
2024-08-25 07:50:26,473 [ERROR] ConditionMgr:805 - Attr not supported : Dmpu
2024-08-25 07:50:26,473 [ERROR] ConditionMgr:805 - Attr not supported : Dmpu
2024-08-25 07:50:26,474 [ERROR] ConditionMgr:805 - Attr not supported : Dmpu
2024-08-25 07:50:26,474 [ERROR] ConditionMgr:805 - Attr not supported : Dmpu
2024-08-25 07:50:26,474 [ERROR] ConditionMgr:805 - Attr not supported : Dmpu
2024-08-25 07:50:26,474 [ERROR] ConditionMgr:805 - Attr not supported : Dmpu
2024-08-25 07:50:26,474 [ERROR] ConditionMgr:805 - Attr not supported : Dmpu
2024-08-25 07:50:26,474 [ERROR] ConditionMgr:805 - Attr not supported : Dmpu
2024-08-25 07:50:26,474 [ERROR] ConditionMgr:805 - Attr not supported : Dmpu
2024-08-25 07:50:26,474 [ERROR] ConditionMgr:805 - Attr not supported : Dmpu
2024-08-25 07:50:26,482 [WARN] PackLoader:240 - Cannot read IP mode file for RealThread.X-CUBE-RT-Thread_Nano.4.1.1
2024-08-25 07:50:26,492 [WARN] PackLoader:240 - Cannot read IP mode file for wolfSSL.I-CUBE-wolfSSL.5.7.0
2024-08-25 07:50:26,502 [WARN] PackLoader:240 - Cannot read IP mode file for STMicroelectronics.FP-ATR-SIGFOX1.3.2.0
2024-08-25 07:50:26,518 [WARN] PackLoader:240 - Cannot read IP mode file for STMicroelectronics.X-CUBE-EEPRMA1.5.1.0
2024-08-25 07:50:26,529 [WARN] PackLoader:240 - Cannot read IP mode file for ITTIA_DB.I-CUBE-ITTIADB.8.9.0
2024-08-25 07:50:26,556 [WARN] PackLoader:240 - Cannot read IP mode file for SEGGER.I-CUBE-embOS.1.3.1
2024-08-25 07:50:26,610 [WARN] PackLoader:240 - Cannot read IP mode file for STMicroelectronics.X-CUBE-ALGOBUILD.1.4.0
2024-08-25 07:50:26,626 [WARN] PackLoader:240 - Cannot read IP mode file for STMicroelectronics.X-CUBE-GNSS1.6.0.0
2024-08-25 07:50:26,680 [WARN] PackLoader:240 - Cannot read IP mode file for STMicroelectronics.X-CUBE-AZRTOS-F4.1.1.0
2024-08-25 07:50:26,707 [WARN] PackLoader:240 - Cannot read IP mode file for STMicroelectronics.X-CUBE-FREERTOS.1.2.0
2024-08-25 07:50:26,749 [WARN] PackLoader:240 - Cannot read IP mode file for STMicroelectronics.X-CUBE-AZRTOS-L5.2.0.0
2024-08-25 07:50:26,779 [WARN] PackLoader:240 - Cannot read IP mode file for STMicroelectronics.X-CUBE-NFC6.3.1.0
2024-08-25 07:50:26,793 [WARN] PackLoader:240 - Cannot read IP mode file for STMicroelectronics.X-CUBE-DPower.1.2.0
2024-08-25 07:50:26,806 [WARN] PackLoader:240 - Cannot read IP mode file for STMicroelectronics.X-CUBE-AI.9.0.0
2024-08-25 07:50:26,842 [WARN] PackLoader:240 - Cannot read IP mode file for STMicroelectronics.X-CUBE-NFC7.1.0.1
2024-08-25 07:50:26,863 [WARN] PackLoader:240 - Cannot read IP mode file for wolfSSL.I-CUBE-wolfTPM.3.2.0
2024-08-25 07:50:26,898 [WARN] ConditionMgr:438 - getConditionDescription Invalid condition id : LAN8742 Phy interface Condition cause : null
2024-08-25 07:50:26,898 [WARN] PackLoader:240 - Cannot read IP mode file for STMicroelectronics.X-CUBE-AZRTOS-L4.2.0.0
2024-08-25 07:50:26,899 [WARN] ConditionMgr:1039 - genDependencies : Invalid condition id : LAN8742 Phy interface Condition cause : null
2024-08-25 07:50:26,899 [WARN] ConditionMgr:1039 - genDependencies : Invalid condition id : LAN8742 Phy interface Condition cause : null
2024-08-25 07:50:26,900 [WARN] ConditionMgr:1039 - genDependencies : Invalid condition id : LAN8742 Phy interface Condition cause : null
2024-08-25 07:50:26,909 [WARN] PackLoader:240 - Cannot read IP mode file for STMicroelectronics.X-CUBE-SFXS2LP1.4.0.0
2024-08-25 07:50:26,925 [WARN] PackLoader:240 - Cannot read IP mode file for STMicroelectronics.X-CUBE-AZRTOS-H7.3.3.0
2024-08-25 07:50:26,945 [WARN] ConditionMgr:438 - getConditionDescription Invalid condition id : UX DEVICE CLASS RTOS Condition cause : null
2024-08-25 07:50:26,946 [WARN] ConditionMgr:438 - getConditionDescription Invalid condition id : UX DEVICE CLASS RTOS Condition cause : null
2024-08-25 07:50:26,947 [WARN] PackLoader:240 - Cannot read IP mode file for STMicroelectronics.X-CUBE-AZRTOS-WB.2.0.0
2024-08-25 07:50:26,947 [WARN] ConditionMgr:1039 - genDependencies : Invalid condition id : UX DEVICE CLASS RTOS Condition cause : null
2024-08-25 07:50:26,947 [WARN] ConditionMgr:1039 - genDependencies : Invalid condition id : UX DEVICE CLASS RTOS Condition cause : null
2024-08-25 07:50:26,947 [WARN] ConditionMgr:1039 - genDependencies : Invalid condition id : UX DEVICE CLASS RTOS Condition cause : null
2024-08-25 07:50:26,948 [WARN] ConditionMgr:1039 - genDependencies : Invalid condition id : UX DEVICE CLASS RTOS Condition cause : null
2024-08-25 07:50:26,948 [WARN] ConditionMgr:1039 - genDependencies : Invalid condition id : UX DEVICE CLASS RTOS Condition cause : null
2024-08-25 07:50:26,955 [WARN] PackLoader:240 - Cannot read IP mode file for STMicroelectronics.FP-SNS-STBOX1.2.0.0
2024-08-25 07:50:26,973 [WARN] PackLoader:240 - Cannot read IP mode file for STMicroelectronics.X-CUBE-SUBG2.5.0.0
2024-08-25 07:50:27,016 [WARN] PackLoader:240 - Cannot read IP mode file for Cesanta.I-CUBE-Mongoose.7.13.0
2024-08-25 07:50:27,049 [WARN] PackLoader:240 - Cannot read IP mode file for STMicroelectronics.X-CUBE-AZRTOS-G4.2.0.0
2024-08-25 07:50:27,075 [WARN] PackLoader:240 - Cannot read IP mode file for STMicroelectronics.X-CUBE-ISPU.2.0.0
2024-08-25 07:50:27,097 [WARN] PackLoader:240 - Cannot read IP mode file for STMicroelectronics.X-CUBE-ALS.1.0.2
2024-08-25 07:50:27,124 [WARN] PackLoader:240 - Cannot read IP mode file for STMicroelectronics.X-CUBE-MEMS1.10.0.0
2024-08-25 07:50:27,201 [WARN] PackLoader:240 - Cannot read IP mode file for STMicroelectronics.X-CUBE-TOUCHGFX.4.24.0
2024-08-25 07:50:27,212 [WARN] PackLoader:240 - Cannot read IP mode file for portGmbH.I-Cube-SoM-uGOAL.1.1.0
2024-08-25 07:50:27,219 [WARN] PackLoader:240 - Cannot read IP mode file for STMicroelectronics.X-CUBE-ALS.1.0.1
2024-08-25 07:50:27,237 [WARN] PackLoader:240 - Cannot read IP mode file for STMicroelectronics.X-CUBE-AZRTOS-H7RS.1.0.0
2024-08-25 07:50:27,258 [WARN] PackLoader:240 - Cannot read IP mode file for STMicroelectronics.FP-ATR-ASTRA1.2.0.0
2024-08-25 07:50:27,269 [WARN] PackLoader:240 - Cannot read IP mode file for STMicroelectronics.X-CUBE-TOF1.3.4.2
2024-08-25 07:50:27,310 [WARN] PackLoader:240 - Cannot read IP mode file for STMicroelectronics.X-CUBE-TOF1.3.4.1
2024-08-25 07:50:27,342 [WARN] PackLoader:240 - Cannot read IP mode file for STMicroelectronics.X-CUBE-AZRTOS-H7.3.2.0
2024-08-25 07:50:27,365 [WARN] PackLoader:240 - Cannot read IP mode file for Infineon.AIROC-Wi-Fi-Bluetooth-STM32.1.6.0
2024-08-25 07:50:27,370 [WARN] PackLoader:240 - Cannot read IP mode file for wolfSSL.I-CUBE-wolfSSH.1.4.17
2024-08-25 07:50:27,371 [INFO] ThirdParty:978 - Integrity check success = true
2024-08-25 07:50:27,371 [INFO] IntegrityCheckThread:100 - exiting critical section [integrity check]
2024-08-25 07:50:27,371 [INFO] IntegrityCheckThread:103 - End integrity checks thread
2024-08-25 07:50:28,185 [INFO] WebApp:779 - Register for checkConnection events
2024-08-25 07:50:28,185 [INFO] WebApp:414 - Apply proxy settings
2024-08-25 07:50:28,185 [INFO] WebApp:499 - Chromium requires no authentication
2024-08-25 07:50:28,198 [INFO] WebApp:442 - Direct internet connection detected
2024-08-25 07:50:28,490 [INFO] WebApp:192 - Starting web application
2024-08-25 07:50:28,490 [INFO] WebApp:544 - Web application path used C:\ST\STM32CubeIDE_1.15.1\STM32CubeIDE\plugins\com.st.stm32cube.common.mx_6.11.1.202404110753\db\plugins\mcufinder\reactClient1\index.html
2024-08-25 08:50:30,016 [INFO] McuFinderGlobals:63 - Set McuFinder mode to 2 (CubeIDE integrated)
2024-08-25 08:50:30,045 [INFO] MainUpdater:2873 - connection check result : 10
2024-08-25 08:50:30,072 [INFO] McuFinderGlobals:76 - Set McuFinderConnectedMode to true
2024-08-25 08:50:31,646 [INFO] ServerAccessManage:473 - Download File mcusAds.json._tmp_
2024-08-25 08:50:31,756 [INFO] LoadUrlFilesThread:156 - End of LoadUrlFiles Thread
2024-08-25 08:50:32,595 [INFO] ServerAccessManage:473 - Download File cube-finder-db.zip
2024-08-25 08:50:32,597 [ERROR] ServerAccessManage:651 - User Cancel Download : cube-finder-db.zip.
2024-08-25 08:50:32,698 [INFO] LoadUrlFilesThread:156 - End of LoadUrlFiles Thread
2024-08-25 08:50:33,984 [INFO] DbMcusAds:53 - JSON generation date=Thu May 16 16:22:00 ICT 2024 (1715851320667)
2024-08-25 08:50:34,017 [ERROR] TargetSelectorAdapter:267 - Unable to refresh data
2024-08-25 08:50:34,716 [INFO] ApiDb:581 - Connected to CubeFinder SQLite database (C:\Users\ASUS\.stmcufinder\plugins\mcufinder\mcu\cube-finder-db.db)
2024-08-25 08:50:34,781 [INFO] ApiDb:668 - CubeFinder database Data Model version=2.1
2024-08-25 08:50:34,781 [INFO] ApiDb:669 - CubeFinder database Configuration version=3.0.39
2024-08-25 08:50:34,782 [INFO] ApiDb:670 - CubeFinder database generation date=2024-06-20 (1718880634)
2024-08-25 08:50:34,782 [INFO] ApiDb:671 - CubeFinder database FW Pack versions=[FP-ATR-ASTRA1_V2.0.0, FP-SNS-FLIGHT1_V5.0.2, FP-SNS-MOTENV1_V5.0.0, FP-SNS-MOTENVWB1_V1.4.0, FP-SNS-SMARTAG2_V1.2.0, STM32Cube_FW_C0_V1.2.0, STM32Cube_FW_F4_V1.28.0, STM32Cube_FW_F7_V1.17.2, STM32Cube_FW_G0_V1.6.2, STM32Cube_FW_G4_V1.6.0, STM32Cube_FW_H5_V1.3.0, STM32Cube_FW_H7RS_V1.1.0, STM32Cube_FW_H7_V1.11.2, STM32Cube_FW_L0_V1.12.2, STM32Cube_FW_L5_V1.5.1, STM32Cube_FW_U0_V1.1.0, STM32Cube_FW_U5_V1.6.0, STM32Cube_FW_WB0_V1.0.0, STM32Cube_FW_WBA_V1.4.0, STM32Cube_FW_WB_V1.20.0, STM32Cube_FW_WL_V1.3.0, X-CUBE-ALGOBUILD_V1.4.0, X-CUBE-ALS_V1.0.2, X-CUBE-AZRTOS-F4_V1.1.0, X-CUBE-AZRTOS-F7_V1.1.0, X-CUBE-AZRTOS-G0_V1.1.0, X-CUBE-AZRTOS-G4_V2.0.0, X-CUBE-AZRTOS-H7RS_V1.0.0, X-CUBE-AZRTOS-H7_V3.2.0, X-CUBE-AZRTOS-L4_V2.0.0, X-CUBE-AZRTOS-L5_V1.1.0, X-CUBE-AZRTOS-WB_V2.0.0, X-CUBE-AZRTOS-WL_V2.0.0, X-CUBE-BLE1_V7.0.0, X-CUBE-BLE2_V3.3.0, X-CUBE-BLEMGR_V3.1.0, X-CUBE-EEPRMA1_V5.1.0, X-CUBE-FREERTOS_V1.2.0, X-CUBE-GNSS1_V6.0.0, X-CUBE-MEMS1_V10.0.0, X-CUBE-NFC4_V3.0.0, X-CUBE-NFC7_V1.0.1, X-CUBE-SFXS2LP1_V4.0.0, X-CUBE-SUBG2_V5.0.0, X-CUBE-TOF1_V3.4.1]
2024-08-25 08:50:34,918 [INFO] DbBoardsSqlite:226 - include board P-NUCLEO-WB55-NUCLEO as a kit item of type 'Nucleo-64'
2024-08-25 08:50:34,918 [INFO] DbBoardsSqlite:226 - include board P-NUCLEO-WB55-USBDONGLE as a kit item of type 'Nucleo USB Dongle'
2024-08-25 08:50:34,919 [INFO] DbBoardsSqlite:226 - include board STEVAL-IDP005V1 as a kit item of type 'Evaluation Board'
2024-08-25 08:50:34,920 [INFO] DbBoardsSqlite:226 - include board STEVAL-IDP005V2 as a kit item of type 'Evaluation Board'
2024-08-25 08:50:35,291 [INFO] ApiDb:240 - Found 483 in-development CPN: [B-G473E-ZEST1S, B-WB1M-WPAN1, B-WL5M-SUBG1, NUCLEO-C031C6, NUCLEO-H503RB, NUCLEO-H533RE, NUCLEO-H563ZI, NUCLEO-H7S3L8, NUCLEO-U031R8, NUCLEO-U083RC, NUCLEO-U545RE-Q, NUCLEO-U5A5ZJ-Q, NUCLEO-WBA52CG, NUCLEO-WBA55CG, STEVAL-PROTEUS1, STEVAL-SMARTAG2, STEVAL-STWINBX1, STM320518-EVAL, STM32C0116-DK, STM32C011D6Y3TR, STM32C011D6Y6TR, STM32C011F4P3, STM32C011F4P6, STM32C011F4U3, STM32C011F4U6TR, STM32C011F6P3, STM32C011F6P6, STM32C011F6U3, STM32C011F6U6TR, STM32C011J4M3, STM32C011J4M6, STM32C011J6M3, STM32C011J6M6, STM32C0316-DK, STM32C031C4T3, STM32C031C4T6, STM32C031C4U3, STM32C031C4U6, STM32C031C6T3, STM32C031C6T6, STM32C031C6U3, STM32C031C6U6, STM32C031F4P3, STM32C031F4P6, STM32C031F6P3, STM32C031F6P6, STM32C031G4U3, STM32C031G4U6, STM32C031G6U3, STM32C031G6U6, STM32C031K4T3, STM32C031K4T6, STM32C031K4U3, STM32C031K4U6, STM32C031K6T3, STM32C031K6T6, STM32C031K6U3, STM32C031K6U6, STM32G071K8TXN, STM32G071K8UXN, STM32G081GBU6N, STM32G081KBT6N, STM32G081KBUXN, STM32G0B1CCT6N, STM32G0B1KCT6, STM32G0B1NEY6TR, STM32G0B1RCT6N, STM32G0C1CCT6, STM32G0C1CCT6N, STM32G0C1CCU6N, STM32G0C1CET6N, STM32G0C1CEU6N, STM32G0C1KCT6, STM32G0C1NEY6TR, STM32G0C1RCI6N, STM32G0C1RCT6N, STM32G0C1REI6N, STM32G0C1RET6N, STM32G0C1VCI6, STM32G0C1VEI6, STM32G471CCT6, STM32G471CCU6, STM32G471CET3, STM32G471CET6, STM32G471CEU3, STM32G471CEU6, STM32G471MCT6, STM32G471MET3, STM32G471MET6, STM32G471MEY6TR, STM32G471QCT6, STM32G471QET3, STM32G471RCT6, STM32G471RET3, STM32G471RET6, STM32G471VCH6, STM32G471VCI6, STM32G471VCT6, STM32G471VEH3, STM32G471VEH6, STM32G471VEI3, STM32G471VEI6, STM32G471VET3, STM32G471VET6, STM32G474CCT6, STM32H503CBT6, STM32H503CBU6, STM32H503EBY6TR, STM32H503KBU6, STM32H503RBT6, STM32H523CCT6, STM32H523CCU6, STM32H523CET6, STM32H523CEU6, STM32H523HEY6TR, STM32H523RCT6, STM32H523RET6, STM32H523VCI6, STM32H523VCT6, STM32H523VEI6, STM32H523VET6, STM32H523ZCJ6, STM32H523ZCT6, STM32H523ZEJ6, STM32H523ZET6, STM32H533CET6, STM32H533CEU6, STM32H533HEY6TR, STM32H533RET6, STM32H533VEI6, STM32H533VET6, STM32H533ZEJ6, STM32H533ZET6, STM32H562AGI6, STM32H562AII6, STM32H562IGK6, STM32H562IGT6, STM32H562IIK6, STM32H562IIT6, STM32H562RGT6, STM32H562RGV6, STM32H562RIT6, STM32H562RIV6, STM32H562VGT6, STM32H562VIT6, STM32H562ZGT6, STM32H562ZIT6, STM32H563AGI6, STM32H563AII3Q, STM32H563AII6, STM32H563IGK6, STM32H563IGT6, STM32H563IIK3Q, STM32H563IIK6, STM32H563IIT3Q, STM32H563IIT6, STM32H563MIY3QTR, STM32H563RGT6, STM32H563RGV6, STM32H563RIT6, STM32H563RIV6, STM32H563VGT6, STM32H563VIT3Q, STM32H563VIT6, STM32H563ZGT6, STM32H563ZIT3Q, STM32H563ZIT6, STM32H573AII3Q, STM32H573AII6, STM32H573I-DK, STM32H573IIK3Q, STM32H573IIK6, STM32H573IIT3Q, STM32H573IIT6, STM32H573MIY3QTR, STM32H573RIT6, STM32H573RIV6, STM32H573VIT3Q, STM32H573VIT6, STM32H573ZIT3Q, STM32H573ZIT6, STM32H7R3A8I6, STM32H7R3I8K6, STM32H7R3I8T6, STM32H7R3L8H6, STM32H7R3L8H6H, STM32H7R3R8V6, STM32H7R3V8H6, STM32H7R3V8T6, STM32H7R3V8Y6, STM32H7R3Z8J6, STM32H7R3Z8T6, STM32H7R7A8I6, STM32H7R7I8K6, STM32H7R7I8T6, STM32H7R7L8H6, STM32H7R7L8H6H, STM32H7R7Z8J6, STM32H7S3A8I6, STM32H7S3I8K6, STM32H7S3I8T6, STM32H7S3L8H6, STM32H7S3L8H6H, STM32H7S3R8V6, STM32H7S3V8H6, STM32H7S3V8T6, STM32H7S3V8Y6, STM32H7S3Z8J6, STM32H7S3Z8T6, STM32H7S78-DK, STM32H7S7A8I6, STM32H7S7I8K6, STM32H7S7I8T6, STM32H7S7L8H6, STM32H7S7L8H6H, STM32H7S7Z8J6, STM32L4R5QGI6STR, STM32MP131AAE3, STM32MP131AAF3, STM32MP131AAG3, STM32MP131CAE3, STM32MP131CAF3, STM32MP131CAG3, STM32MP131DAE7, STM32MP131DAF7, STM32MP131DAG7, STM32MP131FAE7, STM32MP131FAF7, STM32MP131FAG7, STM32MP133AAE3, STM32MP133AAF3, STM32MP133AAG3, STM32MP133CAE3, STM32MP133CAF3, STM32MP133CAG3, STM32MP133DAE7, STM32MP133DAF7, STM32MP133DAG7, STM32MP133FAE7, STM32MP133FAF7, STM32MP133FAG7, STM32MP135AAE3, STM32MP135AAF3, STM32MP135AAG3, STM32MP135CAE3, STM32MP135CAF3, STM32MP135CAG3, STM32MP135DAE7, STM32MP135DAF7, STM32MP135DAG7, STM32MP135F-DK, STM32MP135FAE7, STM32MP135FAF7, STM32MP135FAF7T, STM32MP135FAF7U, STM32MP135FAG7, STM32U031C6T6, STM32U031C6U6, STM32U031C8T6, STM32U031C8U6, STM32U031F4P6, STM32U031F6P6, STM32U031F8P6, STM32U031G6Y6TR, STM32U031G8Y6TR, STM32U031K4U6, STM32U031K6U6, STM32U031K8U6, STM32U031R6I6, STM32U031R6T6, STM32U031R8I6, STM32U031R8T6, STM32U073C8T6, STM32U073C8U6, STM32U073CBT6, STM32U073CBU6, STM32U073CCT6, STM32U073CCU6, STM32U073H8Y6TR, STM32U073HBY6TR, STM32U073HCY6TR, STM32U073K8U6, STM32U073KBU6, STM32U073KCU6, STM32U073M8I6, STM32U073M8T6, STM32U073MBI6, STM32U073MBT6, STM32U073MCI6, STM32U073MCT6, STM32U073R8I6, STM32U073R8T6, STM32U073RBI6, STM32U073RBT6, STM32U073RCI6, STM32U073RCT6, STM32U083C-DK, STM32U083CCT6, STM32U083CCU6, STM32U083HCY6TR, STM32U083KCU6, STM32U083MCI6, STM32U083MCT6, STM32U083RCI6, STM32U083RCT6, STM32U535CBT6, STM32U535CBT6Q, STM32U535CBU6, STM32U535CBU6Q, STM32U535CCT6, STM32U535CCT6Q, STM32U535CCU6, STM32U535CCU6Q, STM32U535CET6, STM32U535CET6Q, STM32U535CEU6, STM32U535CEU6Q, STM32U535JEY6QTR, STM32U535NCY6QTR, STM32U535NEY6QTR, STM32U535RBI6, STM32U535RBI6Q, STM32U535RBT6, STM32U535RBT6Q, STM32U535RCI6, STM32U535RCI6Q, STM32U535RCT6, STM32U535RCT6Q, STM32U535REI6, STM32U535REI6Q, STM32U535RET6, STM32U535RET6Q, STM32U535VCI6, STM32U535VCI6Q, STM32U535VCT6, STM32U535VCT6Q, STM32U535VEI6, STM32U535VEI6Q, STM32U535VET6, STM32U535VET6Q, STM32U545CET6, STM32U545CET6Q, STM32U545CEU6, STM32U545CEU6Q, STM32U545JEY6QTR, STM32U545NEY6QTR, STM32U545REI6, STM32U545REI6Q, STM32U545RET6, STM32U545RET6Q, STM32U545VEI6, STM32U545VEI6Q, STM32U545VET6, STM32U545VET6Q, STM32U595AIH6, STM32U595AIH6Q, STM32U595AJH6, STM32U595AJH6Q, STM32U595QII6, STM32U595QII6Q, STM32U595QJI6, STM32U595QJI6Q, STM32U595RIT6, STM32U595RIT6Q, STM32U595RJT6, STM32U595RJT6Q, STM32U595VIT6, STM32U595VIT6Q, STM32U595VJT6, STM32U595VJT6Q, STM32U595ZIT6, STM32U595ZIT6Q, STM32U595ZIY6QTR, STM32U595ZJT6, STM32U595ZJT6Q, STM32U595ZJY6QTR, STM32U599BJY6QTR, STM32U599NIH6Q, STM32U599NJH6Q, STM32U599VIT6Q, STM32U599VJT6, STM32U599VJT6Q, STM32U599ZIT6Q, STM32U599ZIY6QTR, STM32U599ZJT6Q, STM32U599ZJY6QTR, STM32U5A5AJH6, STM32U5A5AJH6Q, STM32U5A5QII3Q , STM32U5A5QJI6, STM32U5A5QJI6Q, STM32U5A5RJT6, STM32U5A5RJT6Q, STM32U5A5VJT6, STM32U5A5VJT6Q, STM32U5A5ZJT6, STM32U5A5ZJT6Q, STM32U5A5ZJY6QTR, STM32U5A9BJY6QTR, STM32U5A9J-DK, STM32U5A9NJH6Q, STM32U5A9VJT6Q, STM32U5A9ZJT6Q, STM32U5A9ZJY6QTR, STM32U5F7VIT6, STM32U5F7VIT6Q, STM32U5F7VJT6, STM32U5F7VJT6Q, STM32U5F9BJY6QTR, STM32U5F9NJH6Q, STM32U5F9VIT6Q, STM32U5F9VJT6Q, STM32U5F9ZIJ6QTR, STM32U5F9ZIT6Q, STM32U5F9ZJJ6QTR, STM32U5F9ZJT6Q, STM32U5G7VJT6, STM32U5G7VJT6Q, STM32U5G9BJY6QTR, STM32U5G9J-DK1, STM32U5G9J-DK2, STM32U5G9NJH6Q, STM32U5G9VJT6Q, STM32U5G9ZJJ6QTR, STM32U5G9ZJT6Q, STM32WB1MMCH6, STM32WBA50KEU6, STM32WBA50KEU6TR, STM32WBA50KGU6, STM32WBA50KGU6TR, STM32WBA52CEU6, STM32WBA52CEU6TR, STM32WBA52CEU7, STM32WBA52CEU7TR, STM32WBA52CGU6, STM32WBA52CGU6TR, STM32WBA52CGU6U, STM32WBA52CGU7, STM32WBA52CGU7TR, STM32WBA52KEU6, STM32WBA52KEU6TR, STM32WBA52KGU6, STM32WBA52KGU6TR, STM32WBA54CEU6, STM32WBA54CEU6TR, STM32WBA54CEU7, STM32WBA54CEU7TR, STM32WBA54CGU6, STM32WBA54CGU6TR, STM32WBA54CGU7, STM32WBA54CGU7TR, STM32WBA54KEU6, STM32WBA54KEU6TR, STM32WBA54KEU7, STM32WBA54KEU7TR, STM32WBA54KGU6, STM32WBA54KGU6TR, STM32WBA54KGU7, STM32WBA54KGU7TR, STM32WBA55CEU6, STM32WBA55CEU6TR, STM32WBA55CEU7, STM32WBA55CEU7TR, STM32WBA55CGU6, STM32WBA55CGU6TR, STM32WBA55CGU6U, STM32WBA55CGU7, STM32WBA55CGU7TR, STM32WBA55G-DK1, STM32WBA55HEF6, STM32WBA55HEF7, STM32WBA55HGF6, STM32WBA55HGF7, STM32WBA55UEI6, STM32WBA55UEI6TR, STM32WBA55UEI7, STM32WBA55UEI7TR, STM32WBA55UGI6, STM32WBA55UGI6TR, STM32WBA55UGI7, STM32WBA55UGI7TR, STM32WL5MOCH6, STM32WL5MOCH6TR]
2024-08-25 08:50:35,296 [INFO] ApiDb:668 - CubeFinder database Data Model version=2.1
2024-08-25 08:50:35,296 [INFO] ApiDb:669 - CubeFinder database Configuration version=3.0.39
2024-08-25 08:50:35,296 [INFO] ApiDb:670 - CubeFinder database generation date=2024-06-20 (1718880634)
2024-08-25 08:50:35,296 [INFO] ApiDb:671 - CubeFinder database FW Pack versions=[FP-ATR-ASTRA1_V2.0.0, FP-SNS-FLIGHT1_V5.0.2, FP-SNS-MOTENV1_V5.0.0, FP-SNS-MOTENVWB1_V1.4.0, FP-SNS-SMARTAG2_V1.2.0, STM32Cube_FW_C0_V1.2.0, STM32Cube_FW_F4_V1.28.0, STM32Cube_FW_F7_V1.17.2, STM32Cube_FW_G0_V1.6.2, STM32Cube_FW_G4_V1.6.0, STM32Cube_FW_H5_V1.3.0, STM32Cube_FW_H7RS_V1.1.0, STM32Cube_FW_H7_V1.11.2, STM32Cube_FW_L0_V1.12.2, STM32Cube_FW_L5_V1.5.1, STM32Cube_FW_U0_V1.1.0, STM32Cube_FW_U5_V1.6.0, STM32Cube_FW_WB0_V1.0.0, STM32Cube_FW_WBA_V1.4.0, STM32Cube_FW_WB_V1.20.0, STM32Cube_FW_WL_V1.3.0, X-CUBE-ALGOBUILD_V1.4.0, X-CUBE-ALS_V1.0.2, X-CUBE-AZRTOS-F4_V1.1.0, X-CUBE-AZRTOS-F7_V1.1.0, X-CUBE-AZRTOS-G0_V1.1.0, X-CUBE-AZRTOS-G4_V2.0.0, X-CUBE-AZRTOS-H7RS_V1.0.0, X-CUBE-AZRTOS-H7_V3.2.0, X-CUBE-AZRTOS-L4_V2.0.0, X-CUBE-AZRTOS-L5_V1.1.0, X-CUBE-AZRTOS-WB_V2.0.0, X-CUBE-AZRTOS-WL_V2.0.0, X-CUBE-BLE1_V7.0.0, X-CUBE-BLE2_V3.3.0, X-CUBE-BLEMGR_V3.1.0, X-CUBE-EEPRMA1_V5.1.0, X-CUBE-FREERTOS_V1.2.0, X-CUBE-GNSS1_V6.0.0, X-CUBE-MEMS1_V10.0.0, X-CUBE-NFC4_V3.0.0, X-CUBE-NFC7_V1.0.1, X-CUBE-SFXS2LP1_V4.0.0, X-CUBE-SUBG2_V5.0.0, X-CUBE-TOF1_V3.4.1]
2024-08-25 08:50:36,680 [INFO] ApiDb:240 - Found 483 in-development CPN: [B-G473E-ZEST1S, B-WB1M-WPAN1, B-WL5M-SUBG1, NUCLEO-C031C6, NUCLEO-H503RB, NUCLEO-H533RE, NUCLEO-H563ZI, NUCLEO-H7S3L8, NUCLEO-U031R8, NUCLEO-U083RC, NUCLEO-U545RE-Q, NUCLEO-U5A5ZJ-Q, NUCLEO-WBA52CG, NUCLEO-WBA55CG, STEVAL-PROTEUS1, STEVAL-SMARTAG2, STEVAL-STWINBX1, STM320518-EVAL, STM32C0116-DK, STM32C011D6Y3TR, STM32C011D6Y6TR, STM32C011F4P3, STM32C011F4P6, STM32C011F4U3, STM32C011F4U6TR, STM32C011F6P3, STM32C011F6P6, STM32C011F6U3, STM32C011F6U6TR, STM32C011J4M3, STM32C011J4M6, STM32C011J6M3, STM32C011J6M6, STM32C0316-DK, STM32C031C4T3, STM32C031C4T6, STM32C031C4U3, STM32C031C4U6, STM32C031C6T3, STM32C031C6T6, STM32C031C6U3, STM32C031C6U6, STM32C031F4P3, STM32C031F4P6, STM32C031F6P3, STM32C031F6P6, STM32C031G4U3, STM32C031G4U6, STM32C031G6U3, STM32C031G6U6, STM32C031K4T3, STM32C031K4T6, STM32C031K4U3, STM32C031K4U6, STM32C031K6T3, STM32C031K6T6, STM32C031K6U3, STM32C031K6U6, STM32G071K8TXN, STM32G071K8UXN, STM32G081GBU6N, STM32G081KBT6N, STM32G081KBUXN, STM32G0B1CCT6N, STM32G0B1KCT6, STM32G0B1NEY6TR, STM32G0B1RCT6N, STM32G0C1CCT6, STM32G0C1CCT6N, STM32G0C1CCU6N, STM32G0C1CET6N, STM32G0C1CEU6N, STM32G0C1KCT6, STM32G0C1NEY6TR, STM32G0C1RCI6N, STM32G0C1RCT6N, STM32G0C1REI6N, STM32G0C1RET6N, STM32G0C1VCI6, STM32G0C1VEI6, STM32G471CCT6, STM32G471CCU6, STM32G471CET3, STM32G471CET6, STM32G471CEU3, STM32G471CEU6, STM32G471MCT6, STM32G471MET3, STM32G471MET6, STM32G471MEY6TR, STM32G471QCT6, STM32G471QET3, STM32G471RCT6, STM32G471RET3, STM32G471RET6, STM32G471VCH6, STM32G471VCI6, STM32G471VCT6, STM32G471VEH3, STM32G471VEH6, STM32G471VEI3, STM32G471VEI6, STM32G471VET3, STM32G471VET6, STM32G474CCT6, STM32H503CBT6, STM32H503CBU6, STM32H503EBY6TR, STM32H503KBU6, STM32H503RBT6, STM32H523CCT6, STM32H523CCU6, STM32H523CET6, STM32H523CEU6, STM32H523HEY6TR, STM32H523RCT6, STM32H523RET6, STM32H523VCI6, STM32H523VCT6, STM32H523VEI6, STM32H523VET6, STM32H523ZCJ6, STM32H523ZCT6, STM32H523ZEJ6, STM32H523ZET6, STM32H533CET6, STM32H533CEU6, STM32H533HEY6TR, STM32H533RET6, STM32H533VEI6, STM32H533VET6, STM32H533ZEJ6, STM32H533ZET6, STM32H562AGI6, STM32H562AII6, STM32H562IGK6, STM32H562IGT6, STM32H562IIK6, STM32H562IIT6, STM32H562RGT6, STM32H562RGV6, STM32H562RIT6, STM32H562RIV6, STM32H562VGT6, STM32H562VIT6, STM32H562ZGT6, STM32H562ZIT6, STM32H563AGI6, STM32H563AII3Q, STM32H563AII6, STM32H563IGK6, STM32H563IGT6, STM32H563IIK3Q, STM32H563IIK6, STM32H563IIT3Q, STM32H563IIT6, STM32H563MIY3QTR, STM32H563RGT6, STM32H563RGV6, STM32H563RIT6, STM32H563RIV6, STM32H563VGT6, STM32H563VIT3Q, STM32H563VIT6, STM32H563ZGT6, STM32H563ZIT3Q, STM32H563ZIT6, STM32H573AII3Q, STM32H573AII6, STM32H573I-DK, STM32H573IIK3Q, STM32H573IIK6, STM32H573IIT3Q, STM32H573IIT6, STM32H573MIY3QTR, STM32H573RIT6, STM32H573RIV6, STM32H573VIT3Q, STM32H573VIT6, STM32H573ZIT3Q, STM32H573ZIT6, STM32H7R3A8I6, STM32H7R3I8K6, STM32H7R3I8T6, STM32H7R3L8H6, STM32H7R3L8H6H, STM32H7R3R8V6, STM32H7R3V8H6, STM32H7R3V8T6, STM32H7R3V8Y6, STM32H7R3Z8J6, STM32H7R3Z8T6, STM32H7R7A8I6, STM32H7R7I8K6, STM32H7R7I8T6, STM32H7R7L8H6, STM32H7R7L8H6H, STM32H7R7Z8J6, STM32H7S3A8I6, STM32H7S3I8K6, STM32H7S3I8T6, STM32H7S3L8H6, STM32H7S3L8H6H, STM32H7S3R8V6, STM32H7S3V8H6, STM32H7S3V8T6, STM32H7S3V8Y6, STM32H7S3Z8J6, STM32H7S3Z8T6, STM32H7S78-DK, STM32H7S7A8I6, STM32H7S7I8K6, STM32H7S7I8T6, STM32H7S7L8H6, STM32H7S7L8H6H, STM32H7S7Z8J6, STM32L4R5QGI6STR, STM32MP131AAE3, STM32MP131AAF3, STM32MP131AAG3, STM32MP131CAE3, STM32MP131CAF3, STM32MP131CAG3, STM32MP131DAE7, STM32MP131DAF7, STM32MP131DAG7, STM32MP131FAE7, STM32MP131FAF7, STM32MP131FAG7, STM32MP133AAE3, STM32MP133AAF3, STM32MP133AAG3, STM32MP133CAE3, STM32MP133CAF3, STM32MP133CAG3, STM32MP133DAE7, STM32MP133DAF7, STM32MP133DAG7, STM32MP133FAE7, STM32MP133FAF7, STM32MP133FAG7, STM32MP135AAE3, STM32MP135AAF3, STM32MP135AAG3, STM32MP135CAE3, STM32MP135CAF3, STM32MP135CAG3, STM32MP135DAE7, STM32MP135DAF7, STM32MP135DAG7, STM32MP135F-DK, STM32MP135FAE7, STM32MP135FAF7, STM32MP135FAF7T, STM32MP135FAF7U, STM32MP135FAG7, STM32U031C6T6, STM32U031C6U6, STM32U031C8T6, STM32U031C8U6, STM32U031F4P6, STM32U031F6P6, STM32U031F8P6, STM32U031G6Y6TR, STM32U031G8Y6TR, STM32U031K4U6, STM32U031K6U6, STM32U031K8U6, STM32U031R6I6, STM32U031R6T6, STM32U031R8I6, STM32U031R8T6, STM32U073C8T6, STM32U073C8U6, STM32U073CBT6, STM32U073CBU6, STM32U073CCT6, STM32U073CCU6, STM32U073H8Y6TR, STM32U073HBY6TR, STM32U073HCY6TR, STM32U073K8U6, STM32U073KBU6, STM32U073KCU6, STM32U073M8I6, STM32U073M8T6, STM32U073MBI6, STM32U073MBT6, STM32U073MCI6, STM32U073MCT6, STM32U073R8I6, STM32U073R8T6, STM32U073RBI6, STM32U073RBT6, STM32U073RCI6, STM32U073RCT6, STM32U083C-DK, STM32U083CCT6, STM32U083CCU6, STM32U083HCY6TR, STM32U083KCU6, STM32U083MCI6, STM32U083MCT6, STM32U083RCI6, STM32U083RCT6, STM32U535CBT6, STM32U535CBT6Q, STM32U535CBU6, STM32U535CBU6Q, STM32U535CCT6, STM32U535CCT6Q, STM32U535CCU6, STM32U535CCU6Q, STM32U535CET6, STM32U535CET6Q, STM32U535CEU6, STM32U535CEU6Q, STM32U535JEY6QTR, STM32U535NCY6QTR, STM32U535NEY6QTR, STM32U535RBI6, STM32U535RBI6Q, STM32U535RBT6, STM32U535RBT6Q, STM32U535RCI6, STM32U535RCI6Q, STM32U535RCT6, STM32U535RCT6Q, STM32U535REI6, STM32U535REI6Q, STM32U535RET6, STM32U535RET6Q, STM32U535VCI6, STM32U535VCI6Q, STM32U535VCT6, STM32U535VCT6Q, STM32U535VEI6, STM32U535VEI6Q, STM32U535VET6, STM32U535VET6Q, STM32U545CET6, STM32U545CET6Q, STM32U545CEU6, STM32U545CEU6Q, STM32U545JEY6QTR, STM32U545NEY6QTR, STM32U545REI6, STM32U545REI6Q, STM32U545RET6, STM32U545RET6Q, STM32U545VEI6, STM32U545VEI6Q, STM32U545VET6, STM32U545VET6Q, STM32U595AIH6, STM32U595AIH6Q, STM32U595AJH6, STM32U595AJH6Q, STM32U595QII6, STM32U595QII6Q, STM32U595QJI6, STM32U595QJI6Q, STM32U595RIT6, STM32U595RIT6Q, STM32U595RJT6, STM32U595RJT6Q, STM32U595VIT6, STM32U595VIT6Q, STM32U595VJT6, STM32U595VJT6Q, STM32U595ZIT6, STM32U595ZIT6Q, STM32U595ZIY6QTR, STM32U595ZJT6, STM32U595ZJT6Q, STM32U595ZJY6QTR, STM32U599BJY6QTR, STM32U599NIH6Q, STM32U599NJH6Q, STM32U599VIT6Q, STM32U599VJT6, STM32U599VJT6Q, STM32U599ZIT6Q, STM32U599ZIY6QTR, STM32U599ZJT6Q, STM32U599ZJY6QTR, STM32U5A5AJH6, STM32U5A5AJH6Q, STM32U5A5QII3Q , STM32U5A5QJI6, STM32U5A5QJI6Q, STM32U5A5RJT6, STM32U5A5RJT6Q, STM32U5A5VJT6, STM32U5A5VJT6Q, STM32U5A5ZJT6, STM32U5A5ZJT6Q, STM32U5A5ZJY6QTR, STM32U5A9BJY6QTR, STM32U5A9J-DK, STM32U5A9NJH6Q, STM32U5A9VJT6Q, STM32U5A9ZJT6Q, STM32U5A9ZJY6QTR, STM32U5F7VIT6, STM32U5F7VIT6Q, STM32U5F7VJT6, STM32U5F7VJT6Q, STM32U5F9BJY6QTR, STM32U5F9NJH6Q, STM32U5F9VIT6Q, STM32U5F9VJT6Q, STM32U5F9ZIJ6QTR, STM32U5F9ZIT6Q, STM32U5F9ZJJ6QTR, STM32U5F9ZJT6Q, STM32U5G7VJT6, STM32U5G7VJT6Q, STM32U5G9BJY6QTR, STM32U5G9J-DK1, STM32U5G9J-DK2, STM32U5G9NJH6Q, STM32U5G9VJT6Q, STM32U5G9ZJJ6QTR, STM32U5G9ZJT6Q, STM32WB1MMCH6, STM32WBA50KEU6, STM32WBA50KEU6TR, STM32WBA50KGU6, STM32WBA50KGU6TR, STM32WBA52CEU6, STM32WBA52CEU6TR, STM32WBA52CEU7, STM32WBA52CEU7TR, STM32WBA52CGU6, STM32WBA52CGU6TR, STM32WBA52CGU6U, STM32WBA52CGU7, STM32WBA52CGU7TR, STM32WBA52KEU6, STM32WBA52KEU6TR, STM32WBA52KGU6, STM32WBA52KGU6TR, STM32WBA54CEU6, STM32WBA54CEU6TR, STM32WBA54CEU7, STM32WBA54CEU7TR, STM32WBA54CGU6, STM32WBA54CGU6TR, STM32WBA54CGU7, STM32WBA54CGU7TR, STM32WBA54KEU6, STM32WBA54KEU6TR, STM32WBA54KEU7, STM32WBA54KEU7TR, STM32WBA54KGU6, STM32WBA54KGU6TR, STM32WBA54KGU7, STM32WBA54KGU7TR, STM32WBA55CEU6, STM32WBA55CEU6TR, STM32WBA55CEU7, STM32WBA55CEU7TR, STM32WBA55CGU6, STM32WBA55CGU6TR, STM32WBA55CGU6U, STM32WBA55CGU7, STM32WBA55CGU7TR, STM32WBA55G-DK1, STM32WBA55HEF6, STM32WBA55HEF7, STM32WBA55HGF6, STM32WBA55HGF7, STM32WBA55UEI6, STM32WBA55UEI6TR, STM32WBA55UEI7, STM32WBA55UEI7TR, STM32WBA55UGI6, STM32WBA55UGI6TR, STM32WBA55UGI7, STM32WBA55UGI7TR, STM32WL5MOCH6, STM32WL5MOCH6TR]
2024-08-25 08:50:36,683 [INFO] DbMcus:218 - Found 4203 MCUs, 4203 are supported
2024-08-25 08:50:36,684 [INFO] ApiDb:423 - Load user favorites file C:\Users\ASUS/.stm32cubeide/favorites.mcus.txt: 0 item(s)
2024-08-25 08:50:36,684 [INFO] ApiDb:427 - User favorites MCUs=[]
2024-08-25 08:50:36,684 [INFO] DbMcus:224 - Set 0 / 0 favorites MCUs
2024-08-25 08:50:37,072 [INFO] BoardInfo:889 - No configuration file found for board P-NUCLEO-WB55
2024-08-25 08:50:37,072 [INFO] DbBoards:161 - Kit is not supported: P-NUCLEO-WB55
2024-08-25 08:50:37,076 [INFO] BoardInfo:889 - No configuration file found for board STEVAL-BFA001V1B
2024-08-25 08:50:37,076 [INFO] DbBoards:161 - Kit is not supported: STEVAL-BFA001V1B
2024-08-25 08:50:37,077 [INFO] BoardInfo:889 - No configuration file found for board STEVAL-BFA001V2B
2024-08-25 08:50:37,077 [INFO] DbBoards:161 - Kit is not supported: STEVAL-BFA001V2B
2024-08-25 08:50:37,214 [INFO] DbBoards:168 - Found 195 boards, 192 are supported
2024-08-25 08:50:37,214 [INFO] DbBoards:169 - Found 195 boards, 8 of them is supported for  Bsp
2024-08-25 08:50:37,217 [INFO] ApiDb:423 - Load user favorites file C:\Users\ASUS/.stm32cubeide/favorites.boards.txt: 0 item(s)
2024-08-25 08:50:37,217 [INFO] ApiDb:427 - User favorites Boards=[]
2024-08-25 08:50:37,218 [INFO] DbBoards:198 - Set 0 / 0 favorites Boards
2024-08-25 08:50:37,218 [INFO] McuFinderGlobals:76 - Set McuFinderConnectedMode to true
2024-08-25 08:50:37,228 [INFO] MultiScanPanel:200 - Auto-refresh data requested => check proxy status ongoing
2024-08-25 08:50:37,232 [INFO] FinderPluginLoader:95 - Searching for filters in installed packs
2024-08-25 08:50:38,309 [INFO] LoadUrlFilesThread:185 - End of LoadServerUrlFiles without Thread
2024-08-25 08:50:38,328 [INFO] DetailPanel:341 - Set advertising image to C:/Users/ASUS/STM32Cube/Repository/\en.prom-stm32h7rs-mcu-finder.jpg
2024-08-25 08:50:42,934 [INFO] MultiScanPanel:200 - Auto-refresh data requested => check proxy status ongoing
2024-08-25 08:50:43,020 [INFO] LoadUrlFilesThread:185 - End of LoadServerUrlFiles without Thread
2024-08-25 08:50:43,020 [INFO] DetailPanel:341 - Set advertising image to C:/Users/ASUS/STM32Cube/Repository/\en.prom-stm32h7rs-mcu-finder.jpg
2024-08-25 08:50:43,035 [INFO] DbBoards:642 - Loading board mini-images...
2024-08-25 08:50:44,786 [INFO] DbBoards:665 - Loaded 195 board mini-images
2024-08-25 08:51:58,797 [INFO] McuFinderGlobals:76 - Set McuFinderConnectedMode to true
2024-08-25 08:51:58,800 [INFO] ApiDb:448 - Save user favorites file C:\Users\ASUS/.stm32cubeide/favorites.mcus.txt: 0 item(s)
2024-08-25 08:51:58,800 [INFO] ApiDb:452 - User favorites MCUs=[]
2024-08-25 08:51:58,801 [INFO] ApiDb:448 - Save user favorites file C:\Users\ASUS/.stm32cubeide/favorites.boards.txt: 0 item(s)
2024-08-25 08:51:58,801 [INFO] ApiDb:452 - User favorites Boards=[]
2024-08-25 10:04:05,485 [ERROR] LogOutputStream:75 - [STDERR_REDIRECT] 
2024-08-25 12:45:12,876 [INFO] Activator:176 - 


2024-08-25 12:45:12,877 [INFO] Activator:177 - !SESSION log4j initialized
2024-08-25 12:45:19,342 [INFO] LogOutputStream:77 - [STDOUT_REDIRECT] 
2024-08-25 12:45:21,095 [INFO] ApplicationProperties:184 - Using Application install path: C:\ST\STM32CubeIDE_1.15.1\STM32CubeIDE\plugins\com.st.stm32cube.common.mx_6.11.1.202404110753
2024-08-25 12:45:21,123 [INFO] DbMcusXml:78 - Set database path to: C:\ST\STM32CubeIDE_1.15.1\STM32CubeIDE\plugins\com.st.stm32cube.common.mx_6.11.1.202404110753\\db\/mcu/
2024-08-25 12:45:21,124 [INFO] ApiDb:274 - Set plugin database path to: C:\ST\STM32CubeIDE_1.15.1\STM32CubeIDE\plugins\com.st.stm32cube.common.mx_6.11.1.202404110753\\db\/plugins/boardmanager/
2024-08-25 12:45:21,124 [WARN] ApiDb:259 - Overriding images path with different value:  => C:\ST\STM32CubeIDE_1.15.1\STM32CubeIDE\plugins\com.st.stm32cube.common.mx_6.11.1.202404110753\\db\/plugins/mcufinder/images/
2024-08-25 12:45:21,137 [INFO] ApiDb:250 - Set database path to: C:\Users\ASUS\.stmcufinder\plugins\mcufinder//mcu/
2024-08-25 12:45:21,138 [INFO] DbMcusAds:125 - Set database path to: C:\Users\ASUS\.stmcufinder\plugins\mcufinder//mcu/
2024-08-25 12:45:21,139 [INFO] CrossReferenceDbSqlite:203 - Set database path to: C:\Users\ASUS\.stmcufinder\plugins\mcufinder//mcu/cs/
2024-08-25 12:45:21,245 [INFO] RulesReader:64 - Compatibility file has been processed (297 Rules)
2024-08-25 12:45:21,424 [INFO] DbMcusXml:78 - Set database path to: C:\ST\STM32CubeIDE_1.15.1\STM32CubeIDE\plugins\com.st.stm32cube.common.mx_6.11.1.202404110753\\db\/mcu/
2024-08-25 12:45:21,424 [INFO] ApiDb:274 - Set plugin database path to: C:\ST\STM32CubeIDE_1.15.1\STM32CubeIDE\plugins\com.st.stm32cube.common.mx_6.11.1.202404110753\\db\/plugins/boardmanager/
2024-08-25 12:45:21,425 [INFO] ApiDb:261 - Set plugin images path to: C:\ST\STM32CubeIDE_1.15.1\STM32CubeIDE\plugins\com.st.stm32cube.common.mx_6.11.1.202404110753\\db\/plugins/mcufinder/images/
2024-08-25 12:45:21,425 [WARN] DbFile:41 - Overriding database path with different value: C:\Users\ASUS\.stmcufinder\plugins\mcufinder/ => C:\Users\ASUS\.stmcufinder\plugins\mcufinder
2024-08-25 12:45:21,425 [INFO] ApiDb:250 - Set database path to: C:\Users\ASUS\.stmcufinder\plugins\mcufinder//mcu/
2024-08-25 12:45:21,425 [WARN] DbFile:41 - Overriding database path with different value: C:\Users\ASUS\.stmcufinder\plugins\mcufinder/ => C:\Users\ASUS\.stmcufinder\plugins\mcufinder
2024-08-25 12:45:21,425 [INFO] DbMcusAds:125 - Set database path to: C:\Users\ASUS\.stmcufinder\plugins\mcufinder//mcu/
2024-08-25 12:45:21,425 [WARN] DbFile:41 - Overriding database path with different value: C:\Users\ASUS\.stmcufinder\plugins\mcufinder/ => C:\Users\ASUS\.stmcufinder\plugins\mcufinder
2024-08-25 12:45:21,425 [WARN] DbFile:41 - Overriding database path with different value: C:\Users\ASUS\.stmcufinder\plugins\mcufinder/ => C:\Users\ASUS\.stmcufinder\plugins\mcufinder
2024-08-25 12:45:21,425 [INFO] CrossReferenceDbSqlite:203 - Set database path to: C:\Users\ASUS\.stmcufinder\plugins\mcufinder//mcu/cs/
2024-08-25 12:45:21,557 [INFO] MainPanel:264 - HeapMemory: 268435456
2024-08-25 12:45:21,843 [INFO] DbMcusXml:78 - Set database path to: C:\ST\STM32CubeIDE_1.15.1\STM32CubeIDE\plugins\com.st.stm32cube.common.mx_6.11.1.202404110753\\db\/mcu/
2024-08-25 12:45:21,844 [INFO] ApiDb:274 - Set plugin database path to: C:\ST\STM32CubeIDE_1.15.1\STM32CubeIDE\plugins\com.st.stm32cube.common.mx_6.11.1.202404110753\\db\/plugins/boardmanager/
2024-08-25 12:45:21,844 [INFO] ApiDb:261 - Set plugin images path to: C:\ST\STM32CubeIDE_1.15.1\STM32CubeIDE\plugins\com.st.stm32cube.common.mx_6.11.1.202404110753\\db\/plugins/mcufinder/images/
2024-08-25 12:45:21,844 [WARN] DbFile:41 - Overriding database path with different value: C:\Users\ASUS\.stmcufinder\plugins\mcufinder/ => C:\Users\ASUS\.stmcufinder\plugins\mcufinder
2024-08-25 12:45:21,844 [INFO] ApiDb:250 - Set database path to: C:\Users\ASUS\.stmcufinder\plugins\mcufinder//mcu/
2024-08-25 12:45:21,844 [WARN] DbFile:41 - Overriding database path with different value: C:\Users\ASUS\.stmcufinder\plugins\mcufinder/ => C:\Users\ASUS\.stmcufinder\plugins\mcufinder
2024-08-25 12:45:21,844 [INFO] DbMcusAds:125 - Set database path to: C:\Users\ASUS\.stmcufinder\plugins\mcufinder//mcu/
2024-08-25 12:45:21,844 [WARN] DbFile:41 - Overriding database path with different value: C:\Users\ASUS\.stmcufinder\plugins\mcufinder/ => C:\Users\ASUS\.stmcufinder\plugins\mcufinder
2024-08-25 12:45:21,844 [WARN] DbFile:41 - Overriding database path with different value: C:\Users\ASUS\.stmcufinder\plugins\mcufinder/ => C:\Users\ASUS\.stmcufinder\plugins\mcufinder
2024-08-25 12:45:21,844 [INFO] CrossReferenceDbSqlite:203 - Set database path to: C:\Users\ASUS\.stmcufinder\plugins\mcufinder//mcu/cs/
2024-08-25 12:45:21,878 [INFO] ApplicationProperties:184 - Using Application install path: C:\ST\STM32CubeIDE_1.15.1\STM32CubeIDE\plugins\com.st.stm32cube.common.mx_6.11.1.202404110753
2024-08-25 12:45:21,880 [INFO] PluginManage:196 - Search for loadable plugins [exclusion list=, ]
2024-08-25 12:45:21,881 [INFO] PluginManage:310 - Check plugin analytics
2024-08-25 12:45:22,028 [INFO] AnalyticsPlugin:253 - Accepted Software Licenses: STM32CubeMX.6.11.1
2024-08-25 12:45:22,028 [INFO] AnalyticsPlugin:255 - Accepted CMSIS Pack Licenses: 
2024-08-25 12:45:22,028 [INFO] AnalyticsPlugin:257 - Accepted Firmware Licenses: 
2024-08-25 12:45:22,031 [INFO] PluginManage:359 - Loaded plugin analytics (category:tool,tabindex:-1)
2024-08-25 12:45:22,031 [INFO] PluginManage:310 - Check plugin cadmodel
2024-08-25 12:45:22,047 [INFO] CADModel:105 - Init CAD model plugin
2024-08-25 12:45:22,047 [INFO] PluginManage:359 - Loaded plugin cadmodel (category:power,tabindex:5)
2024-08-25 12:45:22,047 [INFO] PluginManage:310 - Check plugin clock
2024-08-25 12:45:22,070 [INFO] PluginManage:359 - Loaded plugin clock (category:base,tabindex:2)
2024-08-25 12:45:22,070 [INFO] PluginManage:310 - Check plugin ddr
2024-08-25 12:45:22,072 [INFO] PluginManage:359 - Loaded plugin ddr (category:tool,tabindex:6)
2024-08-25 12:45:22,072 [INFO] PluginManage:310 - Check plugin filemanager
2024-08-25 12:45:22,254 [INFO] PluginManage:359 - Loaded plugin filemanager (category:base,tabindex:10)
2024-08-25 12:45:22,255 [INFO] PluginManage:310 - Check plugin ipmanager
2024-08-25 12:45:22,264 [INFO] PluginManage:359 - Loaded plugin ipmanager (category:base,tabindex:5)
2024-08-25 12:45:22,264 [INFO] PluginManage:310 - Check plugin lpbam
2024-08-25 12:45:22,282 [INFO] PluginManage:359 - Loaded plugin lpbam (category:base,tabindex:0)
2024-08-25 12:45:22,282 [INFO] PluginManage:310 - Check plugin memorymap
2024-08-25 12:45:22,308 [INFO] PluginManage:359 - Loaded plugin memorymap (category:base,tabindex:4)
2024-08-25 12:45:22,308 [INFO] PluginManage:310 - Check plugin pinoutandconfiguration
2024-08-25 12:45:22,323 [INFO] PluginManage:359 - Loaded plugin pinoutandconfiguration (category:base,tabindex:1)
2024-08-25 12:45:22,323 [INFO] PluginManage:310 - Check plugin pinoutconfig
2024-08-25 12:45:22,441 [WARN] SupportedApi:132 - Cannot load RTOS API schema: s4s-elt-must-match.1: The content of 'definitions' must match (annotation?, (simpleType | complexType)?, (unique | key | keyref)*)). A problem was found starting at: attribute.
2024-08-25 12:45:22,601 [INFO] PluginManage:359 - Loaded plugin pinoutconfig (category:base,tabindex:0)
2024-08-25 12:45:22,601 [INFO] PluginManage:310 - Check plugin power
2024-08-25 12:45:22,620 [INFO] PluginManage:359 - Loaded plugin power (category:power,tabindex:4)
2024-08-25 12:45:22,620 [INFO] PluginManage:310 - Check plugin projectmanager
2024-08-25 12:45:22,634 [INFO] PluginManage:359 - Loaded plugin projectmanager (category:projectmanager,tabindex:3)
2024-08-25 12:45:22,635 [INFO] PluginManage:310 - Check plugin thirdparty
2024-08-25 12:45:22,991 [INFO] PluginManage:359 - Loaded plugin thirdparty (category:base,tabindex:-1)
2024-08-25 12:45:22,991 [INFO] PluginManage:310 - Check plugin tools
2024-08-25 12:45:22,991 [WARN] IntegrityCheckThread:84 - waiting for thirdparty lock release [integrity check]
2024-08-25 12:45:22,991 [INFO] IntegrityCheckThread:86 - entering critical section [integrity check]
2024-08-25 12:45:22,991 [INFO] ThirdPartyUpdaterWithRetryManager:70 - Updater plugin not ready yet. [1/15]
2024-08-25 12:45:23,029 [INFO] PluginManage:359 - Loaded plugin tools (category:base,tabindex:7)
2024-08-25 12:45:23,029 [INFO] PluginManage:310 - Check plugin tutovideos
2024-08-25 12:45:23,323 [INFO] PluginManage:359 - Loaded plugin tutovideos (category:base,tabindex:-1)
2024-08-25 12:45:23,324 [INFO] PluginManage:310 - Check plugin updater
2024-08-25 12:45:23,334 [INFO] PluginManage:359 - Loaded plugin updater (category:base,tabindex:12)
2024-08-25 12:45:23,334 [INFO] PluginManage:310 - Check plugin userauth
2024-08-25 12:45:23,353 [INFO] UserAuth:114 - Init User Auth plugin
2024-08-25 12:45:23,354 [INFO] PluginManage:359 - Loaded plugin userauth (category:base,tabindex:14)
2024-08-25 12:45:23,354 [INFO] PluginManage:283 - PluginManage : Loaded plugins [17]
2024-08-25 12:45:23,732 [INFO] PinOutPanel:1561 - setPackage(No Configuration,No Configuration)
2024-08-25 12:45:23,827 [INFO] CADModel:165 - CPN selected for project level
2024-08-25 12:45:23,827 [INFO] CADModel:114 - Register for checkConnection events
2024-08-25 12:45:23,856 [INFO] IPUIPlugin:80 - create IPUIPlugin
2024-08-25 12:45:23,856 [INFO] PluginManager:220 - loadIPPluginJar : add adc
2024-08-25 12:45:23,894 [INFO] IPUIPlugin:80 - create IPUIPlugin
2024-08-25 12:45:23,895 [INFO] PluginManager:220 - loadIPPluginJar : add aes
2024-08-25 12:45:23,950 [INFO] IPUIPlugin:80 - create IPUIPlugin
2024-08-25 12:45:23,950 [INFO] PluginManager:220 - loadIPPluginJar : add can
2024-08-25 12:45:23,980 [INFO] IPUIPlugin:80 - create IPUIPlugin
2024-08-25 12:45:23,980 [INFO] PluginManager:220 - loadIPPluginJar : add comp
2024-08-25 12:45:24,020 [INFO] IPUIPlugin:80 - create IPUIPlugin
2024-08-25 12:45:24,020 [INFO] PluginManager:220 - loadIPPluginJar : add cryp
2024-08-25 12:45:24,050 [INFO] IPUIPlugin:80 - create IPUIPlugin
2024-08-25 12:45:24,050 [INFO] PluginManager:220 - loadIPPluginJar : add dfsdm
2024-08-25 12:45:24,063 [INFO] IPUIPlugin:80 - create IPUIPlugin
2024-08-25 12:45:24,063 [INFO] PluginManager:220 - loadIPPluginJar : add dma
2024-08-25 12:45:24,103 [INFO] IPUIPlugin:80 - create IPUIPlugin
2024-08-25 12:45:24,103 [INFO] PluginManager:220 - loadIPPluginJar : add dma3
2024-08-25 12:45:24,146 [INFO] IPUIPlugin:80 - create IPUIPlugin
2024-08-25 12:45:24,146 [INFO] PluginManager:220 - loadIPPluginJar : add extmemmanager
2024-08-25 12:45:24,164 [INFO] IPUIPlugin:80 - create IPUIPlugin
2024-08-25 12:45:24,164 [INFO] PluginManager:220 - loadIPPluginJar : add fatfs
2024-08-25 12:45:24,204 [INFO] IPUIPlugin:80 - create IPUIPlugin
2024-08-25 12:45:24,204 [INFO] PluginManager:220 - loadIPPluginJar : add fmc
2024-08-25 12:45:24,219 [INFO] IPUIPlugin:80 - create IPUIPlugin
2024-08-25 12:45:24,220 [INFO] PluginManager:220 - loadIPPluginJar : add freertos
2024-08-25 12:45:24,238 [INFO] IPUIPlugin:80 - create IPUIPlugin
2024-08-25 12:45:24,239 [INFO] PluginManager:220 - loadIPPluginJar : add genericplugin
2024-08-25 12:45:24,320 [INFO] IPUIPlugin:80 - create IPUIPlugin
2024-08-25 12:45:24,320 [INFO] PluginManager:220 - loadIPPluginJar : add gfxmmu
2024-08-25 12:45:24,435 [INFO] IPUIPlugin:80 - create IPUIPlugin
2024-08-25 12:45:24,435 [INFO] PluginManager:220 - loadIPPluginJar : add gic
2024-08-25 12:45:24,477 [INFO] IPUIPlugin:80 - create IPUIPlugin
2024-08-25 12:45:24,477 [INFO] PluginManager:220 - loadIPPluginJar : add gpio
2024-08-25 12:45:24,561 [INFO] IPUIPlugin:80 - create IPUIPlugin
2024-08-25 12:45:24,561 [INFO] PluginManager:220 - loadIPPluginJar : add gtzc
2024-08-25 12:45:24,591 [INFO] IPUIPlugin:80 - create IPUIPlugin
2024-08-25 12:45:24,592 [INFO] PluginManager:220 - loadIPPluginJar : add hash
2024-08-25 12:45:24,640 [INFO] IPUIPlugin:80 - create IPUIPlugin
2024-08-25 12:45:24,640 [INFO] PluginManager:220 - loadIPPluginJar : add i2c
2024-08-25 12:45:24,680 [INFO] IPUIPlugin:80 - create IPUIPlugin
2024-08-25 12:45:24,680 [INFO] PluginManager:220 - loadIPPluginJar : add i2s
2024-08-25 12:45:24,717 [INFO] IPUIPlugin:80 - create IPUIPlugin
2024-08-25 12:45:24,718 [INFO] PluginManager:220 - loadIPPluginJar : add i3c
2024-08-25 12:45:24,814 [INFO] IPUIPlugin:80 - create IPUIPlugin
2024-08-25 12:45:24,814 [INFO] PluginManager:220 - loadIPPluginJar : add ipddr
2024-08-25 12:45:24,897 [INFO] IPUIPlugin:80 - create IPUIPlugin
2024-08-25 12:45:24,897 [INFO] PluginManager:220 - loadIPPluginJar : add linkedlist
2024-08-25 12:45:24,929 [INFO] IPUIPlugin:80 - create IPUIPlugin
2024-08-25 12:45:24,929 [INFO] PluginManager:220 - loadIPPluginJar : add lorawan
2024-08-25 12:45:24,960 [INFO] IPUIPlugin:80 - create IPUIPlugin
2024-08-25 12:45:24,960 [INFO] PluginManager:220 - loadIPPluginJar : add ltdc
2024-08-25 12:45:24,975 [INFO] IPUIPlugin:80 - create IPUIPlugin
2024-08-25 12:45:24,975 [INFO] PluginManager:220 - loadIPPluginJar : add mdma
2024-08-25 12:45:24,985 [INFO] IPUIPlugin:80 - create IPUIPlugin
2024-08-25 12:45:24,985 [INFO] PluginManager:220 - loadIPPluginJar : add nvic
2024-08-25 12:45:25,018 [INFO] IPUIPlugin:80 - create IPUIPlugin
2024-08-25 12:45:25,018 [INFO] PluginManager:220 - loadIPPluginJar : add opamp
2024-08-25 12:45:25,074 [INFO] IPUIPlugin:80 - create IPUIPlugin
2024-08-25 12:45:25,074 [INFO] PluginManager:220 - loadIPPluginJar : add openamp
2024-08-25 12:45:25,114 [INFO] IPUIPlugin:80 - create IPUIPlugin
2024-08-25 12:45:25,114 [INFO] PluginManager:220 - loadIPPluginJar : add pdm2pcm
2024-08-25 12:45:25,147 [INFO] IPUIPlugin:80 - create IPUIPlugin
2024-08-25 12:45:25,149 [INFO] PluginManager:220 - loadIPPluginJar : add plateformsettings
2024-08-25 12:45:25,171 [INFO] IPUIPlugin:80 - create IPUIPlugin
2024-08-25 12:45:25,171 [INFO] PluginManager:220 - loadIPPluginJar : add quadspi
2024-08-25 12:45:25,183 [INFO] IPUIPlugin:80 - create IPUIPlugin
2024-08-25 12:45:25,183 [INFO] PluginManager:220 - loadIPPluginJar : add resmgrutility
2024-08-25 12:45:25,224 [INFO] IPUIPlugin:80 - create IPUIPlugin
2024-08-25 12:45:25,224 [INFO] PluginManager:220 - loadIPPluginJar : add sai
2024-08-25 12:45:25,257 [INFO] IPUIPlugin:80 - create IPUIPlugin
2024-08-25 12:45:25,257 [INFO] PluginManager:220 - loadIPPluginJar : add spi
2024-08-25 12:45:25,315 [INFO] IPUIPlugin:80 - create IPUIPlugin
2024-08-25 12:45:25,315 [INFO] PluginManager:220 - loadIPPluginJar : add stm32_wpan
2024-08-25 12:45:25,335 [INFO] IPUIPlugin:80 - create IPUIPlugin
2024-08-25 12:45:25,335 [INFO] PluginManager:220 - loadIPPluginJar : add tim
2024-08-25 12:45:25,393 [INFO] IPUIPlugin:80 - create IPUIPlugin
2024-08-25 12:45:25,393 [INFO] PluginManager:220 - loadIPPluginJar : add touchsensing
2024-08-25 12:45:25,413 [INFO] IPUIPlugin:80 - create IPUIPlugin
2024-08-25 12:45:25,413 [INFO] PluginManager:220 - loadIPPluginJar : add tracer_emb
2024-08-25 12:45:25,435 [INFO] IPUIPlugin:80 - create IPUIPlugin
2024-08-25 12:45:25,435 [INFO] PluginManager:220 - loadIPPluginJar : add ts
2024-08-25 12:45:25,453 [INFO] IPUIPlugin:80 - create IPUIPlugin
2024-08-25 12:45:25,453 [INFO] PluginManager:220 - loadIPPluginJar : add tsc
2024-08-25 12:45:25,474 [INFO] IPUIPlugin:80 - create IPUIPlugin
2024-08-25 12:45:25,474 [INFO] PluginManager:220 - loadIPPluginJar : add ucpd
2024-08-25 12:45:25,512 [INFO] IPUIPlugin:80 - create IPUIPlugin
2024-08-25 12:45:25,512 [INFO] PluginManager:220 - loadIPPluginJar : add usart
2024-08-25 12:45:25,555 [INFO] IPUIPlugin:80 - create IPUIPlugin
2024-08-25 12:45:25,556 [INFO] PluginManager:220 - loadIPPluginJar : add usbx
2024-08-25 12:45:25,676 [INFO] CADModel:165 - CPN selected for project level
2024-08-25 12:45:25,677 [INFO] CADModel:114 - Register for checkConnection events
2024-08-25 12:45:25,677 [FATAL] Updater:308 - Updater called before beeing initialized
2024-08-25 12:45:25,677 [ERROR] CADModel:125 - Updater not yet initialized, retry later 
2024-08-25 12:45:25,900 [INFO] CADModel:165 - CPN selected for project level
2024-08-25 12:45:25,900 [INFO] CADModel:114 - Register for checkConnection events
2024-08-25 12:45:25,900 [FATAL] Updater:308 - Updater called before beeing initialized
2024-08-25 12:45:25,900 [ERROR] CADModel:125 - Updater not yet initialized, retry later 
2024-08-25 12:45:25,903 [FATAL] Updater:308 - Updater called before beeing initialized
2024-08-25 12:45:25,988 [FATAL] Updater:308 - Updater called before beeing initialized
2024-08-25 12:45:25,994 [INFO] ThirdPartyUpdaterWithRetryManager:70 - Updater plugin not ready yet. [2/15]
2024-08-25 12:45:25,997 [INFO] DbMcusAds:53 - JSON generation date=Thu May 16 16:22:00 ICT 2024 (1715851320667)
2024-08-25 12:45:25,997 [FATAL] Updater:308 - Updater called before beeing initialized
2024-08-25 12:45:26,101 [WARN] DetailPanel:346 - Failed to get advertising image, set to default
2024-08-25 12:45:26,181 [FATAL] Updater:308 - Updater called before beeing initialized
2024-08-25 12:45:26,184 [FATAL] Updater:308 - Updater called before beeing initialized
2024-08-25 12:45:26,184 [FATAL] Updater:308 - Updater called before beeing initialized
2024-08-25 12:45:26,184 [WARN] DetailPanel:346 - Failed to get advertising image, set to default
2024-08-25 12:45:26,185 [FATAL] Updater:308 - Updater called before beeing initialized
2024-08-25 12:45:26,238 [ERROR] Updater:1120 - MainUpdater not yet initialized. External WinMGr cannot be set.
2024-08-25 12:45:26,250 [INFO] Updater:1056 - Updater Version found : 6.11.1
2024-08-25 12:45:26,271 [INFO] ApplicationProperties:184 - Using Application install path: C:\ST\STM32CubeIDE_1.15.1\STM32CubeIDE\plugins\com.st.stm32cube.common.mx_6.11.1.202404110753
2024-08-25 12:45:27,853 [ERROR] LogOutputStream:75 - [STDERR_REDIRECT] Aug 25, 2024 12:45:27 PM java.util.prefs.WindowsPreferences <init>
2024-08-25 12:45:27,854 [ERROR] LogOutputStream:75 - [STDERR_REDIRECT] WARNING: Could not open/create prefs root node Software\JavaSoft\Prefs at root 0xffffffff80000002. Windows RegCreateKeyEx(...) returned error code 5.
2024-08-25 12:45:27,854 [ERROR] LogOutputStream:75 - [STDERR_REDIRECT] 
2024-08-25 12:45:28,511 [INFO] MainUpdater:2873 - connection check result : 10
2024-08-25 12:45:28,511 [INFO] MainUpdater:290 - Updater Check For Update Now.
2024-08-25 12:45:28,512 [INFO] MicroXplorer:498 - Change Database Version : DB.6.0.111
2024-08-25 12:45:28,525 [INFO] McuFinderGlobals:63 - Set McuFinder mode to 2 (CubeIDE integrated)
2024-08-25 12:45:28,543 [INFO] UserAuth:415 - Internet connection configuration mode: 1
2024-08-25 12:45:28,589 [INFO] JxBrowserEngine:152 - Initiate JxBrowser Engine with user profile folder
2024-08-25 12:45:28,703 [INFO] CheckServerUpdateThread:120 - End of CheckServer Thread
2024-08-25 12:45:29,182 [WARN] PackLoader:240 - Cannot read IP mode file for STMicroelectronics.FP-SNS-MOTENVWB1.1.4.0
2024-08-25 12:45:29,198 [WARN] PackLoader:240 - Cannot read IP mode file for STMicroelectronics.X-CUBE-SMBUS.2.1.0
2024-08-25 12:45:29,209 [WARN] PackLoader:240 - Cannot read IP mode file for STMicroelectronics.X-CUBE-TOUCHGFX.4.23.2
2024-08-25 12:45:29,242 [WARN] PackLoader:240 - Cannot read IP mode file for STMicroelectronics.X-CUBE-AZRTOS-F7.1.1.0
2024-08-25 12:45:29,308 [WARN] PackLoader:240 - Cannot read IP mode file for STMicroelectronics.X-CUBE-MEMS1.11.0.0
2024-08-25 12:45:29,423 [WARN] PackLoader:240 - Cannot read IP mode file for STMicroelectronics.FP-SNS-FLIGHT1.5.0.2
2024-08-25 12:45:29,437 [WARN] PackLoader:240 - Cannot read IP mode file for STMicroelectronics.X-CUBE-DISPLAY.3.0.0
2024-08-25 12:45:29,455 [WARN] PackLoader:240 - Cannot read IP mode file for STMicroelectronics.X-CUBE-BLE1.7.0.0
2024-08-25 12:45:29,472 [WARN] PackLoader:240 - Cannot read IP mode file for emotas.I-CUBE-CANOPEN.1.3.0
2024-08-25 12:45:29,498 [WARN] PackLoader:240 - Cannot read IP mode file for STMicroelectronics.X-CUBE-BLEMGR.3.1.0
2024-08-25 12:45:29,513 [WARN] PackLoader:240 - Cannot read IP mode file for STMicroelectronics.FP-SNS-SMARTAG2.1.2.0
2024-08-25 12:45:29,553 [INFO] LogOutputStream:77 - [STDOUT_REDIRECT] 1 : Invalid condition id : UX_CORESTACK_Condition cause : null
2024-08-25 12:45:29,554 [INFO] LogOutputStream:77 - [STDOUT_REDIRECT] 1 : Invalid condition id : UX_CORESTACK_Condition cause : null
2024-08-25 12:45:29,555 [INFO] LogOutputStream:77 - [STDOUT_REDIRECT] 1 : Invalid condition id : UX_CORESTACK_Condition cause : null
2024-08-25 12:45:29,556 [INFO] LogOutputStream:77 - [STDOUT_REDIRECT] 1 : Invalid condition id : UX_CORESTACK_Condition cause : null
2024-08-25 12:45:29,556 [INFO] LogOutputStream:77 - [STDOUT_REDIRECT] 1 : Invalid condition id : UX_CORESTACK_Condition cause : null
2024-08-25 12:45:29,559 [WARN] PackLoader:240 - Cannot read IP mode file for STMicroelectronics.X-CUBE-AZRTOS-WL.2.0.0
2024-08-25 12:45:29,573 [WARN] PackLoader:240 - Cannot read IP mode file for STMicroelectronics.FP-SNS-MOTENV1.5.0.0
2024-08-25 12:45:29,586 [WARN] PackLoader:240 - Cannot read IP mode file for wolfSSL.I-CUBE-wolfMQTT.1.19.0
2024-08-25 12:45:29,603 [WARN] PackLoader:240 - Cannot read IP mode file for WES.I-CUBE-Cesium.1.3.0
2024-08-25 12:45:29,616 [WARN] PackLoader:240 - Cannot read IP mode file for STMicroelectronics.X-CUBE-BLE2.3.3.0
2024-08-25 12:45:29,636 [WARN] PackLoader:240 - Cannot read IP mode file for STMicroelectronics.X-CUBE-TCPP.4.1.0
2024-08-25 12:45:29,651 [WARN] PackLoader:240 - Cannot read IP mode file for STMicroelectronics.X-CUBE-ALGOBUILD.1.3.0
2024-08-25 12:45:29,677 [WARN] PackLoader:240 - Cannot read IP mode file for STMicroelectronics.X-CUBE-AZRTOS-G0.1.1.0
2024-08-25 12:45:29,691 [WARN] PackLoader:240 - Cannot read IP mode file for STMicroelectronics.X-CUBE-SAFEA1.1.2.2
2024-08-25 12:45:29,708 [WARN] PackLoader:240 - Cannot read IP mode file for STMicroelectronics.X-CUBE-NFC4.3.0.0
2024-08-25 12:45:29,721 [WARN] PackLoader:240 - Cannot read IP mode file for wolfSSL.I-CUBE-wolfMQTT.1.18.0
2024-08-25 12:45:29,738 [WARN] PackLoader:240 - Cannot read IP mode file for EmbeddedOffice.I-CUBE-FS-RTOS.1.0.1
2024-08-25 12:45:29,738 [ERROR] ConditionMgr:805 - Attr not supported : Dmpu
2024-08-25 12:45:29,739 [ERROR] ConditionMgr:805 - Attr not supported : Dmpu
2024-08-25 12:45:29,739 [ERROR] ConditionMgr:805 - Attr not supported : Dmpu
2024-08-25 12:45:29,739 [ERROR] ConditionMgr:805 - Attr not supported : Dmpu
2024-08-25 12:45:29,739 [ERROR] ConditionMgr:805 - Attr not supported : Dmpu
2024-08-25 12:45:29,739 [ERROR] ConditionMgr:805 - Attr not supported : Dmpu
2024-08-25 12:45:29,739 [ERROR] ConditionMgr:805 - Attr not supported : Dmpu
2024-08-25 12:45:29,739 [ERROR] ConditionMgr:805 - Attr not supported : Dmpu
2024-08-25 12:45:29,739 [ERROR] ConditionMgr:805 - Attr not supported : Dmpu
2024-08-25 12:45:29,739 [ERROR] ConditionMgr:805 - Attr not supported : Dmpu
2024-08-25 12:45:29,739 [ERROR] ConditionMgr:805 - Attr not supported : Dmpu
2024-08-25 12:45:29,739 [ERROR] ConditionMgr:805 - Attr not supported : Dmpu
2024-08-25 12:45:29,739 [ERROR] ConditionMgr:805 - Attr not supported : Dmpu
2024-08-25 12:45:29,739 [ERROR] ConditionMgr:805 - Attr not supported : Dmpu
2024-08-25 12:45:29,739 [ERROR] ConditionMgr:805 - Attr not supported : Dmpu
2024-08-25 12:45:29,739 [ERROR] ConditionMgr:805 - Attr not supported : Dmpu
2024-08-25 12:45:29,739 [ERROR] ConditionMgr:805 - Attr not supported : Dmpu
2024-08-25 12:45:29,739 [ERROR] ConditionMgr:805 - Attr not supported : Dmpu
2024-08-25 12:45:29,739 [ERROR] ConditionMgr:805 - Attr not supported : Dmpu
2024-08-25 12:45:29,739 [ERROR] ConditionMgr:805 - Attr not supported : Dmpu
2024-08-25 12:45:29,739 [ERROR] ConditionMgr:805 - Attr not supported : Dmpu
2024-08-25 12:45:29,739 [ERROR] ConditionMgr:805 - Attr not supported : Dmpu
2024-08-25 12:45:29,739 [ERROR] ConditionMgr:805 - Attr not supported : Dmpu
2024-08-25 12:45:29,739 [ERROR] ConditionMgr:805 - Attr not supported : Dmpu
2024-08-25 12:45:29,739 [ERROR] ConditionMgr:805 - Attr not supported : Dmpu
2024-08-25 12:45:29,739 [ERROR] ConditionMgr:805 - Attr not supported : Dmpu
2024-08-25 12:45:29,739 [ERROR] ConditionMgr:805 - Attr not supported : Dmpu
2024-08-25 12:45:29,739 [ERROR] ConditionMgr:805 - Attr not supported : Dmpu
2024-08-25 12:45:29,739 [ERROR] ConditionMgr:805 - Attr not supported : Dmpu
2024-08-25 12:45:29,739 [ERROR] ConditionMgr:805 - Attr not supported : Dmpu
2024-08-25 12:45:29,739 [ERROR] ConditionMgr:805 - Attr not supported : Dmpu
2024-08-25 12:45:29,739 [ERROR] ConditionMgr:805 - Attr not supported : Dmpu
2024-08-25 12:45:29,739 [ERROR] ConditionMgr:805 - Attr not supported : Dmpu
2024-08-25 12:45:29,740 [ERROR] ConditionMgr:805 - Attr not supported : Dmpu
2024-08-25 12:45:29,740 [ERROR] ConditionMgr:805 - Attr not supported : Dmpu
2024-08-25 12:45:29,740 [ERROR] ConditionMgr:805 - Attr not supported : Dmpu
2024-08-25 12:45:29,740 [ERROR] ConditionMgr:805 - Attr not supported : Dmpu
2024-08-25 12:45:29,740 [ERROR] ConditionMgr:805 - Attr not supported : Dmpu
2024-08-25 12:45:29,740 [ERROR] ConditionMgr:805 - Attr not supported : Dmpu
2024-08-25 12:45:29,740 [ERROR] ConditionMgr:805 - Attr not supported : Dmpu
2024-08-25 12:45:29,740 [ERROR] ConditionMgr:805 - Attr not supported : Dmpu
2024-08-25 12:45:29,740 [ERROR] ConditionMgr:805 - Attr not supported : Dmpu
2024-08-25 12:45:29,740 [ERROR] ConditionMgr:805 - Attr not supported : Dmpu
2024-08-25 12:45:29,740 [ERROR] ConditionMgr:805 - Attr not supported : Dmpu
2024-08-25 12:45:29,740 [ERROR] ConditionMgr:805 - Attr not supported : Dmpu
2024-08-25 12:45:29,740 [ERROR] ConditionMgr:805 - Attr not supported : Dmpu
2024-08-25 12:45:29,741 [ERROR] ConditionMgr:805 - Attr not supported : Dmpu
2024-08-25 12:45:29,741 [ERROR] ConditionMgr:805 - Attr not supported : Dmpu
2024-08-25 12:45:29,741 [ERROR] ConditionMgr:805 - Attr not supported : Dmpu
2024-08-25 12:45:29,741 [ERROR] ConditionMgr:805 - Attr not supported : Dmpu
2024-08-25 12:45:29,741 [ERROR] ConditionMgr:805 - Attr not supported : Dmpu
2024-08-25 12:45:29,741 [ERROR] ConditionMgr:805 - Attr not supported : Dmpu
2024-08-25 12:45:29,741 [ERROR] ConditionMgr:805 - Attr not supported : Dmpu
2024-08-25 12:45:29,741 [ERROR] ConditionMgr:805 - Attr not supported : Dmpu
2024-08-25 12:45:29,741 [ERROR] ConditionMgr:805 - Attr not supported : Dmpu
2024-08-25 12:45:29,741 [ERROR] ConditionMgr:805 - Attr not supported : Dmpu
2024-08-25 12:45:29,741 [ERROR] ConditionMgr:805 - Attr not supported : Dmpu
2024-08-25 12:45:29,741 [ERROR] ConditionMgr:805 - Attr not supported : Dmpu
2024-08-25 12:45:29,741 [ERROR] ConditionMgr:805 - Attr not supported : Dmpu
2024-08-25 12:45:29,741 [ERROR] ConditionMgr:805 - Attr not supported : Dmpu
2024-08-25 12:45:29,741 [ERROR] ConditionMgr:805 - Attr not supported : Dmpu
2024-08-25 12:45:29,741 [ERROR] ConditionMgr:805 - Attr not supported : Dmpu
2024-08-25 12:45:29,741 [ERROR] ConditionMgr:805 - Attr not supported : Dmpu
2024-08-25 12:45:29,741 [ERROR] ConditionMgr:805 - Attr not supported : Dmpu
2024-08-25 12:45:29,757 [WARN] PackLoader:240 - Cannot read IP mode file for RealThread.X-CUBE-RT-Thread_Nano.4.1.1
2024-08-25 12:45:29,769 [WARN] PackLoader:240 - Cannot read IP mode file for wolfSSL.I-CUBE-wolfSSL.5.7.0
2024-08-25 12:45:29,782 [WARN] PackLoader:240 - Cannot read IP mode file for STMicroelectronics.FP-ATR-SIGFOX1.3.2.0
2024-08-25 12:45:29,794 [WARN] PackLoader:240 - Cannot read IP mode file for STMicroelectronics.X-CUBE-EEPRMA1.5.1.0
2024-08-25 12:45:29,809 [WARN] PackLoader:240 - Cannot read IP mode file for ITTIA_DB.I-CUBE-ITTIADB.8.9.0
2024-08-25 12:45:29,838 [WARN] PackLoader:240 - Cannot read IP mode file for SEGGER.I-CUBE-embOS.1.3.1
2024-08-25 12:45:29,901 [WARN] PackLoader:240 - Cannot read IP mode file for STMicroelectronics.X-CUBE-ALGOBUILD.1.4.0
2024-08-25 12:45:29,927 [WARN] PackLoader:240 - Cannot read IP mode file for STMicroelectronics.X-CUBE-GNSS1.6.0.0
2024-08-25 12:45:29,961 [WARN] PackLoader:240 - Cannot read IP mode file for STMicroelectronics.X-CUBE-AZRTOS-F4.1.1.0
2024-08-25 12:45:29,978 [WARN] PackLoader:240 - Cannot read IP mode file for STMicroelectronics.X-CUBE-FREERTOS.1.2.0
2024-08-25 12:45:30,010 [WARN] PackLoader:240 - Cannot read IP mode file for STMicroelectronics.X-CUBE-AZRTOS-L5.2.0.0
2024-08-25 12:45:30,027 [WARN] PackLoader:240 - Cannot read IP mode file for STMicroelectronics.X-CUBE-NFC6.3.1.0
2024-08-25 12:45:30,040 [WARN] PackLoader:240 - Cannot read IP mode file for STMicroelectronics.X-CUBE-DPower.1.2.0
2024-08-25 12:45:30,059 [WARN] PackLoader:240 - Cannot read IP mode file for STMicroelectronics.X-CUBE-AI.9.0.0
2024-08-25 12:45:30,073 [WARN] PackLoader:240 - Cannot read IP mode file for STMicroelectronics.X-CUBE-NFC7.1.0.1
2024-08-25 12:45:30,086 [WARN] PackLoader:240 - Cannot read IP mode file for wolfSSL.I-CUBE-wolfTPM.3.2.0
2024-08-25 12:45:30,111 [WARN] ConditionMgr:438 - getConditionDescription Invalid condition id : LAN8742 Phy interface Condition cause : null
2024-08-25 12:45:30,112 [WARN] PackLoader:240 - Cannot read IP mode file for STMicroelectronics.X-CUBE-AZRTOS-L4.2.0.0
2024-08-25 12:45:30,113 [WARN] ConditionMgr:1039 - genDependencies : Invalid condition id : LAN8742 Phy interface Condition cause : null
2024-08-25 12:45:30,113 [WARN] ConditionMgr:1039 - genDependencies : Invalid condition id : LAN8742 Phy interface Condition cause : null
2024-08-25 12:45:30,113 [WARN] ConditionMgr:1039 - genDependencies : Invalid condition id : LAN8742 Phy interface Condition cause : null
2024-08-25 12:45:30,129 [WARN] PackLoader:240 - Cannot read IP mode file for STMicroelectronics.X-CUBE-SFXS2LP1.4.0.0
2024-08-25 12:45:30,157 [WARN] PackLoader:240 - Cannot read IP mode file for STMicroelectronics.X-CUBE-AZRTOS-H7.3.3.0
2024-08-25 12:45:30,184 [WARN] ConditionMgr:438 - getConditionDescription Invalid condition id : UX DEVICE CLASS RTOS Condition cause : null
2024-08-25 12:45:30,185 [WARN] ConditionMgr:438 - getConditionDescription Invalid condition id : UX DEVICE CLASS RTOS Condition cause : null
2024-08-25 12:45:30,186 [WARN] PackLoader:240 - Cannot read IP mode file for STMicroelectronics.X-CUBE-AZRTOS-WB.2.0.0
2024-08-25 12:45:30,186 [WARN] ConditionMgr:1039 - genDependencies : Invalid condition id : UX DEVICE CLASS RTOS Condition cause : null
2024-08-25 12:45:30,186 [WARN] ConditionMgr:1039 - genDependencies : Invalid condition id : UX DEVICE CLASS RTOS Condition cause : null
2024-08-25 12:45:30,186 [WARN] ConditionMgr:1039 - genDependencies : Invalid condition id : UX DEVICE CLASS RTOS Condition cause : null
2024-08-25 12:45:30,186 [WARN] ConditionMgr:1039 - genDependencies : Invalid condition id : UX DEVICE CLASS RTOS Condition cause : null
2024-08-25 12:45:30,187 [WARN] ConditionMgr:1039 - genDependencies : Invalid condition id : UX DEVICE CLASS RTOS Condition cause : null
2024-08-25 12:45:30,203 [WARN] PackLoader:240 - Cannot read IP mode file for STMicroelectronics.FP-SNS-STBOX1.2.0.0
2024-08-25 12:45:30,223 [WARN] PackLoader:240 - Cannot read IP mode file for STMicroelectronics.X-CUBE-SUBG2.5.0.0
2024-08-25 12:45:30,241 [WARN] PackLoader:240 - Cannot read IP mode file for Cesanta.I-CUBE-Mongoose.7.13.0
2024-08-25 12:45:30,289 [WARN] PackLoader:240 - Cannot read IP mode file for STMicroelectronics.X-CUBE-AZRTOS-G4.2.0.0
2024-08-25 12:45:30,307 [WARN] PackLoader:240 - Cannot read IP mode file for STMicroelectronics.X-CUBE-ISPU.2.0.0
2024-08-25 12:45:30,323 [WARN] PackLoader:240 - Cannot read IP mode file for STMicroelectronics.X-CUBE-ALS.1.0.2
2024-08-25 12:45:30,355 [WARN] PackLoader:240 - Cannot read IP mode file for STMicroelectronics.X-CUBE-MEMS1.10.0.0
2024-08-25 12:45:30,426 [WARN] PackLoader:240 - Cannot read IP mode file for STMicroelectronics.X-CUBE-TOUCHGFX.4.24.0
2024-08-25 12:45:30,439 [WARN] PackLoader:240 - Cannot read IP mode file for portGmbH.I-Cube-SoM-uGOAL.1.1.0
2024-08-25 12:45:30,453 [WARN] PackLoader:240 - Cannot read IP mode file for STMicroelectronics.X-CUBE-ALS.1.0.1
2024-08-25 12:45:30,475 [WARN] PackLoader:240 - Cannot read IP mode file for STMicroelectronics.X-CUBE-AZRTOS-H7RS.1.0.0
2024-08-25 12:45:30,488 [WARN] PackLoader:240 - Cannot read IP mode file for STMicroelectronics.FP-ATR-ASTRA1.2.0.0
2024-08-25 12:45:30,513 [WARN] PackLoader:240 - Cannot read IP mode file for STMicroelectronics.X-CUBE-TOF1.3.4.2
2024-08-25 12:45:30,556 [WARN] PackLoader:240 - Cannot read IP mode file for STMicroelectronics.X-CUBE-TOF1.3.4.1
2024-08-25 12:45:30,603 [WARN] PackLoader:240 - Cannot read IP mode file for STMicroelectronics.X-CUBE-AZRTOS-H7.3.2.0
2024-08-25 12:45:30,636 [WARN] PackLoader:240 - Cannot read IP mode file for Infineon.AIROC-Wi-Fi-Bluetooth-STM32.1.6.0
2024-08-25 12:45:30,651 [WARN] PackLoader:240 - Cannot read IP mode file for wolfSSL.I-CUBE-wolfSSH.1.4.17
2024-08-25 12:45:30,651 [INFO] ThirdParty:978 - Integrity check success = true
2024-08-25 12:45:30,651 [INFO] IntegrityCheckThread:100 - exiting critical section [integrity check]
2024-08-25 12:45:30,651 [INFO] IntegrityCheckThread:103 - End integrity checks thread
2024-08-25 12:45:36,644 [INFO] WebApp:161 - Instantiating new browser for Auth
2024-08-25 12:45:37,778 [INFO] WebApp:779 - Register for checkConnection events
2024-08-25 12:45:37,779 [INFO] WebApp:414 - Apply proxy settings
2024-08-25 12:45:37,779 [INFO] WebApp:499 - Chromium requires no authentication
2024-08-25 12:45:37,787 [INFO] WebApp:442 - Direct internet connection detected
2024-08-25 12:45:37,997 [INFO] WebApp:192 - Starting web application
2024-08-25 12:45:37,997 [INFO] WebApp:544 - Web application path used C:\ST\STM32CubeIDE_1.15.1\STM32CubeIDE\plugins\com.st.stm32cube.common.mx_6.11.1.202404110753\db\plugins\mcufinder\reactClient1\index.html
2024-08-25 12:45:49,210 [ERROR] ConfigurationRetriever:142 - IOException on connection: Connect timed out
2024-08-25 14:42:45,740 [ERROR] LogOutputStream:75 - [STDERR_REDIRECT] 
