2024-09-04 21:10:06,986 [INFO] Activator:176 - 


2024-09-04 21:10:06,986 [INFO] Activator:177 - !SESSION log4j initialized
2024-09-04 21:10:11,096 [INFO] LogOutputStream:77 - [STDOUT_REDIRECT] 
2024-09-04 21:10:12,187 [INFO] ApplicationProperties:184 - Using Application install path: C:\ST\STM32CubeIDE_1.15.1\STM32CubeIDE\plugins\com.st.stm32cube.common.mx_6.11.1.202404110753
2024-09-04 21:10:12,228 [INFO] DbMcusXml:78 - Set database path to: C:\ST\STM32CubeIDE_1.15.1\STM32CubeIDE\plugins\com.st.stm32cube.common.mx_6.11.1.202404110753\\db\/mcu/
2024-09-04 21:10:12,229 [INFO] ApiDb:274 - Set plugin database path to: C:\ST\STM32CubeIDE_1.15.1\STM32CubeIDE\plugins\com.st.stm32cube.common.mx_6.11.1.202404110753\\db\/plugins/boardmanager/
2024-09-04 21:10:12,229 [WARN] ApiDb:259 - Overriding images path with different value:  => C:\ST\STM32CubeIDE_1.15.1\STM32CubeIDE\plugins\com.st.stm32cube.common.mx_6.11.1.202404110753\\db\/plugins/mcufinder/images/
2024-09-04 21:10:12,244 [INFO] ApiDb:250 - Set database path to: C:\Users\ASUS\.stmcufinder\plugins\mcufinder//mcu/
2024-09-04 21:10:12,245 [INFO] DbMcusAds:125 - Set database path to: C:\Users\ASUS\.stmcufinder\plugins\mcufinder//mcu/
2024-09-04 21:10:12,247 [INFO] CrossReferenceDbSqlite:203 - Set database path to: C:\Users\ASUS\.stmcufinder\plugins\mcufinder//mcu/cs/
2024-09-04 21:10:12,383 [INFO] RulesReader:64 - Compatibility file has been processed (297 Rules)
2024-09-04 21:10:12,470 [INFO] DbMcusXml:78 - Set database path to: C:\ST\STM32CubeIDE_1.15.1\STM32CubeIDE\plugins\com.st.stm32cube.common.mx_6.11.1.202404110753\\db\/mcu/
2024-09-04 21:10:12,470 [INFO] ApiDb:274 - Set plugin database path to: C:\ST\STM32CubeIDE_1.15.1\STM32CubeIDE\plugins\com.st.stm32cube.common.mx_6.11.1.202404110753\\db\/plugins/boardmanager/
2024-09-04 21:10:12,471 [INFO] ApiDb:261 - Set plugin images path to: C:\ST\STM32CubeIDE_1.15.1\STM32CubeIDE\plugins\com.st.stm32cube.common.mx_6.11.1.202404110753\\db\/plugins/mcufinder/images/
2024-09-04 21:10:12,471 [WARN] DbFile:41 - Overriding database path with different value: C:\Users\ASUS\.stmcufinder\plugins\mcufinder/ => C:\Users\ASUS\.stmcufinder\plugins\mcufinder
2024-09-04 21:10:12,471 [INFO] ApiDb:250 - Set database path to: C:\Users\ASUS\.stmcufinder\plugins\mcufinder//mcu/
2024-09-04 21:10:12,471 [WARN] DbFile:41 - Overriding database path with different value: C:\Users\ASUS\.stmcufinder\plugins\mcufinder/ => C:\Users\ASUS\.stmcufinder\plugins\mcufinder
2024-09-04 21:10:12,471 [INFO] DbMcusAds:125 - Set database path to: C:\Users\ASUS\.stmcufinder\plugins\mcufinder//mcu/
2024-09-04 21:10:12,471 [WARN] DbFile:41 - Overriding database path with different value: C:\Users\ASUS\.stmcufinder\plugins\mcufinder/ => C:\Users\ASUS\.stmcufinder\plugins\mcufinder
2024-09-04 21:10:12,471 [WARN] DbFile:41 - Overriding database path with different value: C:\Users\ASUS\.stmcufinder\plugins\mcufinder/ => C:\Users\ASUS\.stmcufinder\plugins\mcufinder
2024-09-04 21:10:12,471 [INFO] CrossReferenceDbSqlite:203 - Set database path to: C:\Users\ASUS\.stmcufinder\plugins\mcufinder//mcu/cs/
2024-09-04 21:10:12,550 [INFO] MainPanel:264 - HeapMemory: 268435456
2024-09-04 21:10:12,641 [INFO] DbMcusXml:78 - Set database path to: C:\ST\STM32CubeIDE_1.15.1\STM32CubeIDE\plugins\com.st.stm32cube.common.mx_6.11.1.202404110753\\db\/mcu/
2024-09-04 21:10:12,641 [INFO] ApiDb:274 - Set plugin database path to: C:\ST\STM32CubeIDE_1.15.1\STM32CubeIDE\plugins\com.st.stm32cube.common.mx_6.11.1.202404110753\\db\/plugins/boardmanager/
2024-09-04 21:10:12,642 [INFO] ApiDb:261 - Set plugin images path to: C:\ST\STM32CubeIDE_1.15.1\STM32CubeIDE\plugins\com.st.stm32cube.common.mx_6.11.1.202404110753\\db\/plugins/mcufinder/images/
2024-09-04 21:10:12,642 [WARN] DbFile:41 - Overriding database path with different value: C:\Users\ASUS\.stmcufinder\plugins\mcufinder/ => C:\Users\ASUS\.stmcufinder\plugins\mcufinder
2024-09-04 21:10:12,642 [INFO] ApiDb:250 - Set database path to: C:\Users\ASUS\.stmcufinder\plugins\mcufinder//mcu/
2024-09-04 21:10:12,642 [WARN] DbFile:41 - Overriding database path with different value: C:\Users\ASUS\.stmcufinder\plugins\mcufinder/ => C:\Users\ASUS\.stmcufinder\plugins\mcufinder
2024-09-04 21:10:12,642 [INFO] DbMcusAds:125 - Set database path to: C:\Users\ASUS\.stmcufinder\plugins\mcufinder//mcu/
2024-09-04 21:10:12,642 [WARN] DbFile:41 - Overriding database path with different value: C:\Users\ASUS\.stmcufinder\plugins\mcufinder/ => C:\Users\ASUS\.stmcufinder\plugins\mcufinder
2024-09-04 21:10:12,642 [WARN] DbFile:41 - Overriding database path with different value: C:\Users\ASUS\.stmcufinder\plugins\mcufinder/ => C:\Users\ASUS\.stmcufinder\plugins\mcufinder
2024-09-04 21:10:12,642 [INFO] CrossReferenceDbSqlite:203 - Set database path to: C:\Users\ASUS\.stmcufinder\plugins\mcufinder//mcu/cs/
2024-09-04 21:10:12,657 [INFO] ApplicationProperties:184 - Using Application install path: C:\ST\STM32CubeIDE_1.15.1\STM32CubeIDE\plugins\com.st.stm32cube.common.mx_6.11.1.202404110753
2024-09-04 21:10:12,658 [INFO] PluginManage:196 - Search for loadable plugins [exclusion list=, ]
2024-09-04 21:10:12,660 [INFO] PluginManage:310 - Check plugin analytics
2024-09-04 21:10:12,799 [INFO] AnalyticsPlugin:253 - Accepted Software Licenses: STM32CubeMX.6.11.1
2024-09-04 21:10:12,799 [INFO] AnalyticsPlugin:255 - Accepted CMSIS Pack Licenses: 
2024-09-04 21:10:12,799 [INFO] AnalyticsPlugin:257 - Accepted Firmware Licenses: 
2024-09-04 21:10:12,800 [INFO] PluginManage:359 - Loaded plugin analytics (category:tool,tabindex:-1)
2024-09-04 21:10:12,801 [INFO] PluginManage:310 - Check plugin cadmodel
2024-09-04 21:10:12,819 [INFO] CADModel:105 - Init CAD model plugin
2024-09-04 21:10:12,819 [INFO] PluginManage:359 - Loaded plugin cadmodel (category:power,tabindex:5)
2024-09-04 21:10:12,819 [INFO] PluginManage:310 - Check plugin clock
2024-09-04 21:10:12,846 [INFO] PluginManage:359 - Loaded plugin clock (category:base,tabindex:2)
2024-09-04 21:10:12,846 [INFO] PluginManage:310 - Check plugin ddr
2024-09-04 21:10:12,849 [INFO] PluginManage:359 - Loaded plugin ddr (category:tool,tabindex:6)
2024-09-04 21:10:12,849 [INFO] PluginManage:310 - Check plugin filemanager
2024-09-04 21:10:13,026 [INFO] PluginManage:359 - Loaded plugin filemanager (category:base,tabindex:10)
2024-09-04 21:10:13,027 [INFO] PluginManage:310 - Check plugin ipmanager
2024-09-04 21:10:13,038 [INFO] PluginManage:359 - Loaded plugin ipmanager (category:base,tabindex:5)
2024-09-04 21:10:13,038 [INFO] PluginManage:310 - Check plugin lpbam
2024-09-04 21:10:13,059 [INFO] PluginManage:359 - Loaded plugin lpbam (category:base,tabindex:0)
2024-09-04 21:10:13,059 [INFO] PluginManage:310 - Check plugin memorymap
2024-09-04 21:10:13,083 [INFO] PluginManage:359 - Loaded plugin memorymap (category:base,tabindex:4)
2024-09-04 21:10:13,084 [INFO] PluginManage:310 - Check plugin pinoutandconfiguration
2024-09-04 21:10:13,098 [INFO] PluginManage:359 - Loaded plugin pinoutandconfiguration (category:base,tabindex:1)
2024-09-04 21:10:13,098 [INFO] PluginManage:310 - Check plugin pinoutconfig
2024-09-04 21:10:13,176 [WARN] SupportedApi:132 - Cannot load RTOS API schema: s4s-elt-must-match.1: The content of 'definitions' must match (annotation?, (simpleType | complexType)?, (unique | key | keyref)*)). A problem was found starting at: attribute.
2024-09-04 21:10:13,382 [INFO] PluginManage:359 - Loaded plugin pinoutconfig (category:base,tabindex:0)
2024-09-04 21:10:13,382 [INFO] PluginManage:310 - Check plugin power
2024-09-04 21:10:13,403 [INFO] PluginManage:359 - Loaded plugin power (category:power,tabindex:4)
2024-09-04 21:10:13,403 [INFO] PluginManage:310 - Check plugin projectmanager
2024-09-04 21:10:13,417 [INFO] PluginManage:359 - Loaded plugin projectmanager (category:projectmanager,tabindex:3)
2024-09-04 21:10:13,417 [INFO] PluginManage:310 - Check plugin thirdparty
2024-09-04 21:10:13,733 [INFO] PluginManage:359 - Loaded plugin thirdparty (category:base,tabindex:-1)
2024-09-04 21:10:13,733 [INFO] PluginManage:310 - Check plugin tools
2024-09-04 21:10:13,733 [WARN] IntegrityCheckThread:84 - waiting for thirdparty lock release [integrity check]
2024-09-04 21:10:13,733 [INFO] IntegrityCheckThread:86 - entering critical section [integrity check]
2024-09-04 21:10:13,733 [INFO] ThirdPartyUpdaterWithRetryManager:70 - Updater plugin not ready yet. [1/15]
2024-09-04 21:10:13,763 [INFO] PluginManage:359 - Loaded plugin tools (category:base,tabindex:7)
2024-09-04 21:10:13,763 [INFO] PluginManage:310 - Check plugin tutovideos
2024-09-04 21:10:14,017 [INFO] PluginManage:359 - Loaded plugin tutovideos (category:base,tabindex:-1)
2024-09-04 21:10:14,018 [INFO] PluginManage:310 - Check plugin updater
2024-09-04 21:10:14,031 [INFO] PluginManage:359 - Loaded plugin updater (category:base,tabindex:12)
2024-09-04 21:10:14,031 [INFO] PluginManage:310 - Check plugin userauth
2024-09-04 21:10:14,053 [INFO] UserAuth:114 - Init User Auth plugin
2024-09-04 21:10:14,053 [INFO] PluginManage:359 - Loaded plugin userauth (category:base,tabindex:14)
2024-09-04 21:10:14,053 [INFO] PluginManage:283 - PluginManage : Loaded plugins [17]
2024-09-04 21:10:14,240 [INFO] PinOutPanel:1561 - setPackage(No Configuration,No Configuration)
2024-09-04 21:10:14,308 [INFO] CADModel:165 - CPN selected for project level
2024-09-04 21:10:14,308 [INFO] CADModel:114 - Register for checkConnection events
2024-09-04 21:10:14,339 [INFO] IPUIPlugin:80 - create IPUIPlugin
2024-09-04 21:10:14,339 [INFO] PluginManager:220 - loadIPPluginJar : add adc
2024-09-04 21:10:14,375 [INFO] IPUIPlugin:80 - create IPUIPlugin
2024-09-04 21:10:14,375 [INFO] PluginManager:220 - loadIPPluginJar : add aes
2024-09-04 21:10:14,415 [INFO] IPUIPlugin:80 - create IPUIPlugin
2024-09-04 21:10:14,415 [INFO] PluginManager:220 - loadIPPluginJar : add can
2024-09-04 21:10:14,437 [INFO] IPUIPlugin:80 - create IPUIPlugin
2024-09-04 21:10:14,437 [INFO] PluginManager:220 - loadIPPluginJar : add comp
2024-09-04 21:10:14,466 [INFO] IPUIPlugin:80 - create IPUIPlugin
2024-09-04 21:10:14,466 [INFO] PluginManager:220 - loadIPPluginJar : add cryp
2024-09-04 21:10:14,492 [INFO] IPUIPlugin:80 - create IPUIPlugin
2024-09-04 21:10:14,492 [INFO] PluginManager:220 - loadIPPluginJar : add dfsdm
2024-09-04 21:10:14,503 [INFO] IPUIPlugin:80 - create IPUIPlugin
2024-09-04 21:10:14,504 [INFO] PluginManager:220 - loadIPPluginJar : add dma
2024-09-04 21:10:14,538 [INFO] IPUIPlugin:80 - create IPUIPlugin
2024-09-04 21:10:14,538 [INFO] PluginManager:220 - loadIPPluginJar : add dma3
2024-09-04 21:10:14,573 [INFO] IPUIPlugin:80 - create IPUIPlugin
2024-09-04 21:10:14,574 [INFO] PluginManager:220 - loadIPPluginJar : add extmemmanager
2024-09-04 21:10:14,592 [INFO] IPUIPlugin:80 - create IPUIPlugin
2024-09-04 21:10:14,592 [INFO] PluginManager:220 - loadIPPluginJar : add fatfs
2024-09-04 21:10:14,629 [INFO] IPUIPlugin:80 - create IPUIPlugin
2024-09-04 21:10:14,629 [INFO] PluginManager:220 - loadIPPluginJar : add fmc
2024-09-04 21:10:14,642 [INFO] IPUIPlugin:80 - create IPUIPlugin
2024-09-04 21:10:14,642 [INFO] PluginManager:220 - loadIPPluginJar : add freertos
2024-09-04 21:10:14,658 [INFO] IPUIPlugin:80 - create IPUIPlugin
2024-09-04 21:10:14,659 [INFO] PluginManager:220 - loadIPPluginJar : add genericplugin
2024-09-04 21:10:14,739 [INFO] IPUIPlugin:80 - create IPUIPlugin
2024-09-04 21:10:14,739 [INFO] PluginManager:220 - loadIPPluginJar : add gfxmmu
2024-09-04 21:10:14,846 [INFO] IPUIPlugin:80 - create IPUIPlugin
2024-09-04 21:10:14,846 [INFO] PluginManager:220 - loadIPPluginJar : add gic
2024-09-04 21:10:14,925 [INFO] IPUIPlugin:80 - create IPUIPlugin
2024-09-04 21:10:14,925 [INFO] PluginManager:220 - loadIPPluginJar : add gpio
2024-09-04 21:10:15,004 [INFO] IPUIPlugin:80 - create IPUIPlugin
2024-09-04 21:10:15,005 [INFO] PluginManager:220 - loadIPPluginJar : add gtzc
2024-09-04 21:10:15,031 [INFO] IPUIPlugin:80 - create IPUIPlugin
2024-09-04 21:10:15,031 [INFO] PluginManager:220 - loadIPPluginJar : add hash
2024-09-04 21:10:15,073 [INFO] IPUIPlugin:80 - create IPUIPlugin
2024-09-04 21:10:15,073 [INFO] PluginManager:220 - loadIPPluginJar : add i2c
2024-09-04 21:10:15,108 [INFO] IPUIPlugin:80 - create IPUIPlugin
2024-09-04 21:10:15,108 [INFO] PluginManager:220 - loadIPPluginJar : add i2s
2024-09-04 21:10:15,140 [INFO] IPUIPlugin:80 - create IPUIPlugin
2024-09-04 21:10:15,141 [INFO] PluginManager:220 - loadIPPluginJar : add i3c
2024-09-04 21:10:15,224 [INFO] IPUIPlugin:80 - create IPUIPlugin
2024-09-04 21:10:15,224 [INFO] PluginManager:220 - loadIPPluginJar : add ipddr
2024-09-04 21:10:15,298 [INFO] IPUIPlugin:80 - create IPUIPlugin
2024-09-04 21:10:15,298 [INFO] PluginManager:220 - loadIPPluginJar : add linkedlist
2024-09-04 21:10:15,339 [INFO] IPUIPlugin:80 - create IPUIPlugin
2024-09-04 21:10:15,339 [INFO] PluginManager:220 - loadIPPluginJar : add lorawan
2024-09-04 21:10:15,369 [INFO] IPUIPlugin:80 - create IPUIPlugin
2024-09-04 21:10:15,369 [INFO] PluginManager:220 - loadIPPluginJar : add ltdc
2024-09-04 21:10:15,382 [INFO] IPUIPlugin:80 - create IPUIPlugin
2024-09-04 21:10:15,382 [INFO] PluginManager:220 - loadIPPluginJar : add mdma
2024-09-04 21:10:15,391 [INFO] IPUIPlugin:80 - create IPUIPlugin
2024-09-04 21:10:15,392 [INFO] PluginManager:220 - loadIPPluginJar : add nvic
2024-09-04 21:10:15,423 [INFO] IPUIPlugin:80 - create IPUIPlugin
2024-09-04 21:10:15,423 [INFO] PluginManager:220 - loadIPPluginJar : add opamp
2024-09-04 21:10:15,475 [INFO] IPUIPlugin:80 - create IPUIPlugin
2024-09-04 21:10:15,476 [INFO] PluginManager:220 - loadIPPluginJar : add openamp
2024-09-04 21:10:15,514 [INFO] IPUIPlugin:80 - create IPUIPlugin
2024-09-04 21:10:15,514 [INFO] PluginManager:220 - loadIPPluginJar : add pdm2pcm
2024-09-04 21:10:15,547 [INFO] IPUIPlugin:80 - create IPUIPlugin
2024-09-04 21:10:15,549 [INFO] PluginManager:220 - loadIPPluginJar : add plateformsettings
2024-09-04 21:10:15,568 [INFO] IPUIPlugin:80 - create IPUIPlugin
2024-09-04 21:10:15,568 [INFO] PluginManager:220 - loadIPPluginJar : add quadspi
2024-09-04 21:10:15,578 [INFO] IPUIPlugin:80 - create IPUIPlugin
2024-09-04 21:10:15,578 [INFO] PluginManager:220 - loadIPPluginJar : add resmgrutility
2024-09-04 21:10:15,618 [INFO] IPUIPlugin:80 - create IPUIPlugin
2024-09-04 21:10:15,618 [INFO] PluginManager:220 - loadIPPluginJar : add sai
2024-09-04 21:10:15,647 [INFO] IPUIPlugin:80 - create IPUIPlugin
2024-09-04 21:10:15,647 [INFO] PluginManager:220 - loadIPPluginJar : add spi
2024-09-04 21:10:15,704 [INFO] IPUIPlugin:80 - create IPUIPlugin
2024-09-04 21:10:15,704 [INFO] PluginManager:220 - loadIPPluginJar : add stm32_wpan
2024-09-04 21:10:15,723 [INFO] IPUIPlugin:80 - create IPUIPlugin
2024-09-04 21:10:15,723 [INFO] PluginManager:220 - loadIPPluginJar : add tim
2024-09-04 21:10:15,772 [INFO] IPUIPlugin:80 - create IPUIPlugin
2024-09-04 21:10:15,772 [INFO] PluginManager:220 - loadIPPluginJar : add touchsensing
2024-09-04 21:10:15,790 [INFO] IPUIPlugin:80 - create IPUIPlugin
2024-09-04 21:10:15,790 [INFO] PluginManager:220 - loadIPPluginJar : add tracer_emb
2024-09-04 21:10:15,811 [INFO] IPUIPlugin:80 - create IPUIPlugin
2024-09-04 21:10:15,811 [INFO] PluginManager:220 - loadIPPluginJar : add ts
2024-09-04 21:10:15,829 [INFO] IPUIPlugin:80 - create IPUIPlugin
2024-09-04 21:10:15,830 [INFO] PluginManager:220 - loadIPPluginJar : add tsc
2024-09-04 21:10:15,851 [INFO] IPUIPlugin:80 - create IPUIPlugin
2024-09-04 21:10:15,851 [INFO] PluginManager:220 - loadIPPluginJar : add ucpd
2024-09-04 21:10:15,887 [INFO] IPUIPlugin:80 - create IPUIPlugin
2024-09-04 21:10:15,887 [INFO] PluginManager:220 - loadIPPluginJar : add usart
2024-09-04 21:10:15,926 [INFO] IPUIPlugin:80 - create IPUIPlugin
2024-09-04 21:10:15,926 [INFO] PluginManager:220 - loadIPPluginJar : add usbx
2024-09-04 21:10:16,045 [INFO] CADModel:165 - CPN selected for project level
2024-09-04 21:10:16,045 [INFO] CADModel:114 - Register for checkConnection events
2024-09-04 21:10:16,045 [FATAL] Updater:308 - Updater called before beeing initialized
2024-09-04 21:10:16,045 [ERROR] CADModel:125 - Updater not yet initialized, retry later 
2024-09-04 21:10:16,149 [INFO] CADModel:165 - CPN selected for project level
2024-09-04 21:10:16,149 [INFO] CADModel:114 - Register for checkConnection events
2024-09-04 21:10:16,149 [FATAL] Updater:308 - Updater called before beeing initialized
2024-09-04 21:10:16,149 [ERROR] CADModel:125 - Updater not yet initialized, retry later 
2024-09-04 21:10:16,152 [FATAL] Updater:308 - Updater called before beeing initialized
2024-09-04 21:10:16,229 [FATAL] Updater:308 - Updater called before beeing initialized
2024-09-04 21:10:16,238 [INFO] DbMcusAds:53 - JSON generation date=Thu May 16 16:22:00 ICT 2024 (1715851320667)
2024-09-04 21:10:16,238 [FATAL] Updater:308 - Updater called before beeing initialized
2024-09-04 21:10:16,338 [WARN] DetailPanel:346 - Failed to get advertising image, set to default
2024-09-04 21:10:16,419 [FATAL] Updater:308 - Updater called before beeing initialized
2024-09-04 21:10:16,423 [FATAL] Updater:308 - Updater called before beeing initialized
2024-09-04 21:10:16,423 [FATAL] Updater:308 - Updater called before beeing initialized
2024-09-04 21:10:16,423 [WARN] DetailPanel:346 - Failed to get advertising image, set to default
2024-09-04 21:10:16,424 [FATAL] Updater:308 - Updater called before beeing initialized
2024-09-04 21:10:16,472 [ERROR] Updater:1120 - MainUpdater not yet initialized. External WinMGr cannot be set.
2024-09-04 21:10:16,483 [INFO] Updater:1056 - Updater Version found : 6.11.1
2024-09-04 21:10:16,504 [INFO] ApplicationProperties:184 - Using Application install path: C:\ST\STM32CubeIDE_1.15.1\STM32CubeIDE\plugins\com.st.stm32cube.common.mx_6.11.1.202404110753
2024-09-04 21:10:16,734 [INFO] ThirdPartyUpdaterWithRetryManager:70 - Updater plugin not ready yet. [2/15]
2024-09-04 21:10:18,079 [ERROR] LogOutputStream:75 - [STDERR_REDIRECT] Sep 04, 2024 9:10:18 PM java.util.prefs.WindowsPreferences <init>
2024-09-04 21:10:18,080 [ERROR] LogOutputStream:75 - [STDERR_REDIRECT] WARNING: Could not open/create prefs root node Software\JavaSoft\Prefs at root 0xffffffff80000002. Windows RegCreateKeyEx(...) returned error code 5.
2024-09-04 21:10:18,080 [ERROR] LogOutputStream:75 - [STDERR_REDIRECT] 
2024-09-04 21:10:18,942 [INFO] MainUpdater:2873 - connection check result : 10
2024-09-04 21:10:18,943 [INFO] MainUpdater:290 - Updater Check For Update Now.
2024-09-04 21:10:18,943 [INFO] MicroXplorer:498 - Change Database Version : DB.6.0.111
2024-09-04 21:10:18,957 [INFO] McuFinderGlobals:63 - Set McuFinder mode to 2 (CubeIDE integrated)
2024-09-04 21:10:18,969 [INFO] UserAuth:415 - Internet connection configuration mode: 1
2024-09-04 21:10:19,015 [INFO] JxBrowserEngine:152 - Initiate JxBrowser Engine with user profile folder
2024-09-04 21:10:19,141 [INFO] CheckServerUpdateThread:120 - End of CheckServer Thread
2024-09-04 21:10:19,922 [WARN] PackLoader:240 - Cannot read IP mode file for STMicroelectronics.FP-SNS-MOTENVWB1.1.4.0
2024-09-04 21:10:19,945 [WARN] PackLoader:240 - Cannot read IP mode file for STMicroelectronics.X-CUBE-SMBUS.2.1.0
2024-09-04 21:10:19,961 [WARN] PackLoader:240 - Cannot read IP mode file for STMicroelectronics.X-CUBE-TOUCHGFX.4.23.2
2024-09-04 21:10:19,993 [WARN] PackLoader:240 - Cannot read IP mode file for STMicroelectronics.X-CUBE-AZRTOS-F7.1.1.0
2024-09-04 21:10:20,056 [WARN] PackLoader:240 - Cannot read IP mode file for STMicroelectronics.X-CUBE-MEMS1.11.0.0
2024-09-04 21:10:20,166 [WARN] PackLoader:240 - Cannot read IP mode file for STMicroelectronics.FP-SNS-FLIGHT1.5.0.2
2024-09-04 21:10:20,181 [WARN] PackLoader:240 - Cannot read IP mode file for STMicroelectronics.X-CUBE-DISPLAY.3.0.0
2024-09-04 21:10:20,199 [WARN] PackLoader:240 - Cannot read IP mode file for STMicroelectronics.X-CUBE-BLE1.7.0.0
2024-09-04 21:10:20,212 [WARN] PackLoader:240 - Cannot read IP mode file for emotas.I-CUBE-CANOPEN.1.3.0
2024-09-04 21:10:20,233 [WARN] PackLoader:240 - Cannot read IP mode file for STMicroelectronics.X-CUBE-BLEMGR.3.1.0
2024-09-04 21:10:20,248 [WARN] PackLoader:240 - Cannot read IP mode file for STMicroelectronics.FP-SNS-SMARTAG2.1.2.0
2024-09-04 21:10:20,267 [INFO] LogOutputStream:77 - [STDOUT_REDIRECT] 1 : Invalid condition id : UX_CORESTACK_Condition cause : null
2024-09-04 21:10:20,268 [INFO] LogOutputStream:77 - [STDOUT_REDIRECT] 1 : Invalid condition id : UX_CORESTACK_Condition cause : null
2024-09-04 21:10:20,269 [INFO] LogOutputStream:77 - [STDOUT_REDIRECT] 1 : Invalid condition id : UX_CORESTACK_Condition cause : null
2024-09-04 21:10:20,269 [INFO] LogOutputStream:77 - [STDOUT_REDIRECT] 1 : Invalid condition id : UX_CORESTACK_Condition cause : null
2024-09-04 21:10:20,270 [INFO] LogOutputStream:77 - [STDOUT_REDIRECT] 1 : Invalid condition id : UX_CORESTACK_Condition cause : null
2024-09-04 21:10:20,272 [WARN] PackLoader:240 - Cannot read IP mode file for STMicroelectronics.X-CUBE-AZRTOS-WL.2.0.0
2024-09-04 21:10:20,283 [WARN] PackLoader:240 - Cannot read IP mode file for STMicroelectronics.FP-SNS-MOTENV1.5.0.0
2024-09-04 21:10:20,296 [WARN] PackLoader:240 - Cannot read IP mode file for wolfSSL.I-CUBE-wolfMQTT.1.19.0
2024-09-04 21:10:20,310 [WARN] PackLoader:240 - Cannot read IP mode file for WES.I-CUBE-Cesium.1.3.0
2024-09-04 21:10:20,326 [WARN] PackLoader:240 - Cannot read IP mode file for STMicroelectronics.X-CUBE-BLE2.3.3.0
2024-09-04 21:10:20,341 [WARN] PackLoader:240 - Cannot read IP mode file for STMicroelectronics.X-CUBE-TCPP.4.1.0
2024-09-04 21:10:20,358 [WARN] PackLoader:240 - Cannot read IP mode file for STMicroelectronics.X-CUBE-ALGOBUILD.1.3.0
2024-09-04 21:10:20,384 [WARN] PackLoader:240 - Cannot read IP mode file for STMicroelectronics.X-CUBE-AZRTOS-G0.1.1.0
2024-09-04 21:10:20,400 [WARN] PackLoader:240 - Cannot read IP mode file for STMicroelectronics.X-CUBE-SAFEA1.1.2.2
2024-09-04 21:10:20,416 [WARN] PackLoader:240 - Cannot read IP mode file for STMicroelectronics.X-CUBE-NFC4.3.0.0
2024-09-04 21:10:20,430 [WARN] PackLoader:240 - Cannot read IP mode file for wolfSSL.I-CUBE-wolfMQTT.1.18.0
2024-09-04 21:10:20,447 [WARN] PackLoader:240 - Cannot read IP mode file for EmbeddedOffice.I-CUBE-FS-RTOS.1.0.1
2024-09-04 21:10:20,447 [ERROR] ConditionMgr:805 - Attr not supported : Dmpu
2024-09-04 21:10:20,447 [ERROR] ConditionMgr:805 - Attr not supported : Dmpu
2024-09-04 21:10:20,447 [ERROR] ConditionMgr:805 - Attr not supported : Dmpu
2024-09-04 21:10:20,447 [ERROR] ConditionMgr:805 - Attr not supported : Dmpu
2024-09-04 21:10:20,447 [ERROR] ConditionMgr:805 - Attr not supported : Dmpu
2024-09-04 21:10:20,447 [ERROR] ConditionMgr:805 - Attr not supported : Dmpu
2024-09-04 21:10:20,447 [ERROR] ConditionMgr:805 - Attr not supported : Dmpu
2024-09-04 21:10:20,447 [ERROR] ConditionMgr:805 - Attr not supported : Dmpu
2024-09-04 21:10:20,447 [ERROR] ConditionMgr:805 - Attr not supported : Dmpu
2024-09-04 21:10:20,447 [ERROR] ConditionMgr:805 - Attr not supported : Dmpu
2024-09-04 21:10:20,447 [ERROR] ConditionMgr:805 - Attr not supported : Dmpu
2024-09-04 21:10:20,447 [ERROR] ConditionMgr:805 - Attr not supported : Dmpu
2024-09-04 21:10:20,447 [ERROR] ConditionMgr:805 - Attr not supported : Dmpu
2024-09-04 21:10:20,447 [ERROR] ConditionMgr:805 - Attr not supported : Dmpu
2024-09-04 21:10:20,447 [ERROR] ConditionMgr:805 - Attr not supported : Dmpu
2024-09-04 21:10:20,448 [ERROR] ConditionMgr:805 - Attr not supported : Dmpu
2024-09-04 21:10:20,448 [ERROR] ConditionMgr:805 - Attr not supported : Dmpu
2024-09-04 21:10:20,448 [ERROR] ConditionMgr:805 - Attr not supported : Dmpu
2024-09-04 21:10:20,448 [ERROR] ConditionMgr:805 - Attr not supported : Dmpu
2024-09-04 21:10:20,448 [ERROR] ConditionMgr:805 - Attr not supported : Dmpu
2024-09-04 21:10:20,448 [ERROR] ConditionMgr:805 - Attr not supported : Dmpu
2024-09-04 21:10:20,448 [ERROR] ConditionMgr:805 - Attr not supported : Dmpu
2024-09-04 21:10:20,448 [ERROR] ConditionMgr:805 - Attr not supported : Dmpu
2024-09-04 21:10:20,448 [ERROR] ConditionMgr:805 - Attr not supported : Dmpu
2024-09-04 21:10:20,448 [ERROR] ConditionMgr:805 - Attr not supported : Dmpu
2024-09-04 21:10:20,448 [ERROR] ConditionMgr:805 - Attr not supported : Dmpu
2024-09-04 21:10:20,448 [ERROR] ConditionMgr:805 - Attr not supported : Dmpu
2024-09-04 21:10:20,448 [ERROR] ConditionMgr:805 - Attr not supported : Dmpu
2024-09-04 21:10:20,448 [ERROR] ConditionMgr:805 - Attr not supported : Dmpu
2024-09-04 21:10:20,448 [ERROR] ConditionMgr:805 - Attr not supported : Dmpu
2024-09-04 21:10:20,448 [ERROR] ConditionMgr:805 - Attr not supported : Dmpu
2024-09-04 21:10:20,448 [ERROR] ConditionMgr:805 - Attr not supported : Dmpu
2024-09-04 21:10:20,448 [ERROR] ConditionMgr:805 - Attr not supported : Dmpu
2024-09-04 21:10:20,448 [ERROR] ConditionMgr:805 - Attr not supported : Dmpu
2024-09-04 21:10:20,448 [ERROR] ConditionMgr:805 - Attr not supported : Dmpu
2024-09-04 21:10:20,448 [ERROR] ConditionMgr:805 - Attr not supported : Dmpu
2024-09-04 21:10:20,448 [ERROR] ConditionMgr:805 - Attr not supported : Dmpu
2024-09-04 21:10:20,449 [ERROR] ConditionMgr:805 - Attr not supported : Dmpu
2024-09-04 21:10:20,449 [ERROR] ConditionMgr:805 - Attr not supported : Dmpu
2024-09-04 21:10:20,449 [ERROR] ConditionMgr:805 - Attr not supported : Dmpu
2024-09-04 21:10:20,449 [ERROR] ConditionMgr:805 - Attr not supported : Dmpu
2024-09-04 21:10:20,449 [ERROR] ConditionMgr:805 - Attr not supported : Dmpu
2024-09-04 21:10:20,449 [ERROR] ConditionMgr:805 - Attr not supported : Dmpu
2024-09-04 21:10:20,449 [ERROR] ConditionMgr:805 - Attr not supported : Dmpu
2024-09-04 21:10:20,449 [ERROR] ConditionMgr:805 - Attr not supported : Dmpu
2024-09-04 21:10:20,449 [ERROR] ConditionMgr:805 - Attr not supported : Dmpu
2024-09-04 21:10:20,449 [ERROR] ConditionMgr:805 - Attr not supported : Dmpu
2024-09-04 21:10:20,449 [ERROR] ConditionMgr:805 - Attr not supported : Dmpu
2024-09-04 21:10:20,449 [ERROR] ConditionMgr:805 - Attr not supported : Dmpu
2024-09-04 21:10:20,449 [ERROR] ConditionMgr:805 - Attr not supported : Dmpu
2024-09-04 21:10:20,449 [ERROR] ConditionMgr:805 - Attr not supported : Dmpu
2024-09-04 21:10:20,449 [ERROR] ConditionMgr:805 - Attr not supported : Dmpu
2024-09-04 21:10:20,449 [ERROR] ConditionMgr:805 - Attr not supported : Dmpu
2024-09-04 21:10:20,449 [ERROR] ConditionMgr:805 - Attr not supported : Dmpu
2024-09-04 21:10:20,449 [ERROR] ConditionMgr:805 - Attr not supported : Dmpu
2024-09-04 21:10:20,449 [ERROR] ConditionMgr:805 - Attr not supported : Dmpu
2024-09-04 21:10:20,449 [ERROR] ConditionMgr:805 - Attr not supported : Dmpu
2024-09-04 21:10:20,449 [ERROR] ConditionMgr:805 - Attr not supported : Dmpu
2024-09-04 21:10:20,450 [ERROR] ConditionMgr:805 - Attr not supported : Dmpu
2024-09-04 21:10:20,450 [ERROR] ConditionMgr:805 - Attr not supported : Dmpu
2024-09-04 21:10:20,450 [ERROR] ConditionMgr:805 - Attr not supported : Dmpu
2024-09-04 21:10:20,450 [ERROR] ConditionMgr:805 - Attr not supported : Dmpu
2024-09-04 21:10:20,450 [ERROR] ConditionMgr:805 - Attr not supported : Dmpu
2024-09-04 21:10:20,450 [ERROR] ConditionMgr:805 - Attr not supported : Dmpu
2024-09-04 21:10:20,467 [WARN] PackLoader:240 - Cannot read IP mode file for RealThread.X-CUBE-RT-Thread_Nano.4.1.1
2024-09-04 21:10:20,491 [WARN] PackLoader:240 - Cannot read IP mode file for wolfSSL.I-CUBE-wolfSSL.5.7.0
2024-09-04 21:10:20,509 [WARN] PackLoader:240 - Cannot read IP mode file for STMicroelectronics.FP-ATR-SIGFOX1.3.2.0
2024-09-04 21:10:20,545 [WARN] PackLoader:240 - Cannot read IP mode file for STMicroelectronics.X-CUBE-EEPRMA1.5.1.0
2024-09-04 21:10:20,575 [WARN] PackLoader:240 - Cannot read IP mode file for ITTIA_DB.I-CUBE-ITTIADB.8.9.0
2024-09-04 21:10:20,617 [WARN] PackLoader:240 - Cannot read IP mode file for SEGGER.I-CUBE-embOS.1.3.1
2024-09-04 21:10:20,657 [WARN] PackLoader:240 - Cannot read IP mode file for STMicroelectronics.X-CUBE-ALGOBUILD.1.4.0
2024-09-04 21:10:20,671 [WARN] PackLoader:240 - Cannot read IP mode file for STMicroelectronics.X-CUBE-GNSS1.6.0.0
2024-09-04 21:10:20,737 [WARN] PackLoader:240 - Cannot read IP mode file for STMicroelectronics.X-CUBE-AZRTOS-F4.1.1.0
2024-09-04 21:10:20,753 [WARN] PackLoader:240 - Cannot read IP mode file for STMicroelectronics.X-CUBE-FREERTOS.1.2.0
2024-09-04 21:10:20,794 [WARN] PackLoader:240 - Cannot read IP mode file for STMicroelectronics.X-CUBE-AZRTOS-L5.2.0.0
2024-09-04 21:10:20,808 [WARN] PackLoader:240 - Cannot read IP mode file for STMicroelectronics.X-CUBE-NFC6.3.1.0
2024-09-04 21:10:20,827 [WARN] PackLoader:240 - Cannot read IP mode file for STMicroelectronics.X-CUBE-DPower.1.2.0
2024-09-04 21:10:20,841 [WARN] PackLoader:240 - Cannot read IP mode file for STMicroelectronics.X-CUBE-AI.9.0.0
2024-09-04 21:10:20,853 [WARN] PackLoader:240 - Cannot read IP mode file for STMicroelectronics.X-CUBE-NFC7.1.0.1
2024-09-04 21:10:20,870 [WARN] PackLoader:240 - Cannot read IP mode file for wolfSSL.I-CUBE-wolfTPM.3.2.0
2024-09-04 21:10:20,893 [WARN] ConditionMgr:438 - getConditionDescription Invalid condition id : LAN8742 Phy interface Condition cause : null
2024-09-04 21:10:20,893 [WARN] PackLoader:240 - Cannot read IP mode file for STMicroelectronics.X-CUBE-AZRTOS-L4.2.0.0
2024-09-04 21:10:20,894 [WARN] ConditionMgr:1039 - genDependencies : Invalid condition id : LAN8742 Phy interface Condition cause : null
2024-09-04 21:10:20,895 [WARN] ConditionMgr:1039 - genDependencies : Invalid condition id : LAN8742 Phy interface Condition cause : null
2024-09-04 21:10:20,895 [WARN] ConditionMgr:1039 - genDependencies : Invalid condition id : LAN8742 Phy interface Condition cause : null
2024-09-04 21:10:20,907 [WARN] PackLoader:240 - Cannot read IP mode file for STMicroelectronics.X-CUBE-SFXS2LP1.4.0.0
2024-09-04 21:10:20,933 [WARN] PackLoader:240 - Cannot read IP mode file for STMicroelectronics.X-CUBE-AZRTOS-H7.3.3.0
2024-09-04 21:10:20,961 [WARN] ConditionMgr:438 - getConditionDescription Invalid condition id : UX DEVICE CLASS RTOS Condition cause : null
2024-09-04 21:10:20,962 [WARN] ConditionMgr:438 - getConditionDescription Invalid condition id : UX DEVICE CLASS RTOS Condition cause : null
2024-09-04 21:10:20,963 [WARN] PackLoader:240 - Cannot read IP mode file for STMicroelectronics.X-CUBE-AZRTOS-WB.2.0.0
2024-09-04 21:10:20,963 [WARN] ConditionMgr:1039 - genDependencies : Invalid condition id : UX DEVICE CLASS RTOS Condition cause : null
2024-09-04 21:10:20,963 [WARN] ConditionMgr:1039 - genDependencies : Invalid condition id : UX DEVICE CLASS RTOS Condition cause : null
2024-09-04 21:10:20,964 [WARN] ConditionMgr:1039 - genDependencies : Invalid condition id : UX DEVICE CLASS RTOS Condition cause : null
2024-09-04 21:10:20,964 [WARN] ConditionMgr:1039 - genDependencies : Invalid condition id : UX DEVICE CLASS RTOS Condition cause : null
2024-09-04 21:10:20,964 [WARN] ConditionMgr:1039 - genDependencies : Invalid condition id : UX DEVICE CLASS RTOS Condition cause : null
2024-09-04 21:10:20,979 [WARN] PackLoader:240 - Cannot read IP mode file for STMicroelectronics.FP-SNS-STBOX1.2.0.0
2024-09-04 21:10:21,011 [WARN] PackLoader:240 - Cannot read IP mode file for STMicroelectronics.X-CUBE-SUBG2.5.0.0
2024-09-04 21:10:21,026 [WARN] PackLoader:240 - Cannot read IP mode file for Cesanta.I-CUBE-Mongoose.7.13.0
2024-09-04 21:10:21,097 [WARN] PackLoader:240 - Cannot read IP mode file for STMicroelectronics.X-CUBE-AZRTOS-G4.2.0.0
2024-09-04 21:10:21,108 [WARN] PackLoader:240 - Cannot read IP mode file for STMicroelectronics.X-CUBE-ISPU.2.0.0
2024-09-04 21:10:21,121 [WARN] PackLoader:240 - Cannot read IP mode file for STMicroelectronics.X-CUBE-ALS.1.0.2
2024-09-04 21:10:21,172 [WARN] PackLoader:240 - Cannot read IP mode file for STMicroelectronics.X-CUBE-MEMS1.10.0.0
2024-09-04 21:10:21,274 [WARN] PackLoader:240 - Cannot read IP mode file for STMicroelectronics.X-CUBE-TOUCHGFX.4.24.0
2024-09-04 21:10:21,292 [WARN] PackLoader:240 - Cannot read IP mode file for portGmbH.I-Cube-SoM-uGOAL.1.1.0
2024-09-04 21:10:21,304 [WARN] PackLoader:240 - Cannot read IP mode file for STMicroelectronics.X-CUBE-ALS.1.0.1
2024-09-04 21:10:21,330 [WARN] PackLoader:240 - Cannot read IP mode file for STMicroelectronics.X-CUBE-AZRTOS-H7RS.1.0.0
2024-09-04 21:10:21,344 [WARN] PackLoader:240 - Cannot read IP mode file for STMicroelectronics.FP-ATR-ASTRA1.2.0.0
2024-09-04 21:10:21,376 [WARN] PackLoader:240 - Cannot read IP mode file for STMicroelectronics.X-CUBE-TOF1.3.4.2
2024-09-04 21:10:21,417 [WARN] PackLoader:240 - Cannot read IP mode file for STMicroelectronics.X-CUBE-TOF1.3.4.1
2024-09-04 21:10:21,448 [WARN] PackLoader:240 - Cannot read IP mode file for STMicroelectronics.X-CUBE-AZRTOS-H7.3.2.0
2024-09-04 21:10:21,470 [WARN] PackLoader:240 - Cannot read IP mode file for Infineon.AIROC-Wi-Fi-Bluetooth-STM32.1.6.0
2024-09-04 21:10:21,481 [WARN] PackLoader:240 - Cannot read IP mode file for wolfSSL.I-CUBE-wolfSSH.1.4.17
2024-09-04 21:10:21,482 [INFO] ThirdParty:978 - Integrity check success = true
2024-09-04 21:10:21,482 [INFO] IntegrityCheckThread:100 - exiting critical section [integrity check]
2024-09-04 21:10:21,482 [INFO] IntegrityCheckThread:103 - End integrity checks thread
2024-09-04 21:10:27,996 [INFO] WebApp:161 - Instantiating new browser for Auth
2024-09-04 21:10:29,042 [INFO] WebApp:779 - Register for checkConnection events
2024-09-04 21:10:29,042 [INFO] WebApp:414 - Apply proxy settings
2024-09-04 21:10:29,042 [INFO] WebApp:499 - Chromium requires no authentication
2024-09-04 21:10:29,052 [INFO] WebApp:442 - Direct internet connection detected
2024-09-04 21:10:29,265 [INFO] WebApp:192 - Starting web application
2024-09-04 21:10:29,265 [INFO] WebApp:544 - Web application path used C:\ST\STM32CubeIDE_1.15.1\STM32CubeIDE\plugins\com.st.stm32cube.common.mx_6.11.1.202404110753\db\plugins\mcufinder\reactClient1\index.html
2024-09-04 21:11:22,529 [ERROR] LogOutputStream:75 - [STDERR_REDIRECT] 
2024-09-04 21:56:51,293 [INFO] Activator:176 - 


2024-09-04 21:56:51,293 [INFO] Activator:177 - !SESSION log4j initialized
2024-09-04 21:56:56,720 [INFO] LogOutputStream:77 - [STDOUT_REDIRECT] 
