2024-08-21 10:56:58,312 [INFO] Activator:176 - 


2024-08-21 10:56:58,320 [INFO] Activator:177 - !SESSION log4j initialized
2024-08-21 10:57:05,395 [INFO] LogOutputStream:77 - [STDOUT_REDIRECT] 
2024-08-21 10:57:07,145 [INFO] ApplicationProperties:184 - Using Application install path: C:\ST\STM32CubeIDE_1.15.1\STM32CubeIDE\plugins\com.st.stm32cube.common.mx_6.11.1.202404110753
2024-08-21 10:57:07,174 [INFO] DbMcusXml:78 - Set database path to: C:\ST\STM32CubeIDE_1.15.1\STM32CubeIDE\plugins\com.st.stm32cube.common.mx_6.11.1.202404110753\\db\/mcu/
2024-08-21 10:57:07,174 [INFO] ApiDb:274 - Set plugin database path to: C:\ST\STM32CubeIDE_1.15.1\STM32CubeIDE\plugins\com.st.stm32cube.common.mx_6.11.1.202404110753\\db\/plugins/boardmanager/
2024-08-21 10:57:07,175 [WARN] ApiDb:259 - Overriding images path with different value:  => C:\ST\STM32CubeIDE_1.15.1\STM32CubeIDE\plugins\com.st.stm32cube.common.mx_6.11.1.202404110753\\db\/plugins/mcufinder/images/
2024-08-21 10:57:07,191 [INFO] ApiDb:250 - Set database path to: C:\Users\ASUS\.stmcufinder\plugins\mcufinder//mcu/
2024-08-21 10:57:07,192 [INFO] DbMcusAds:125 - Set database path to: C:\Users\ASUS\.stmcufinder\plugins\mcufinder//mcu/
2024-08-21 10:57:07,193 [INFO] CrossReferenceDbSqlite:203 - Set database path to: C:\Users\ASUS\.stmcufinder\plugins\mcufinder//mcu/cs/
2024-08-21 10:57:07,315 [INFO] RulesReader:64 - Compatibility file has been processed (297 Rules)
2024-08-21 10:57:07,492 [INFO] DbMcusXml:78 - Set database path to: C:\ST\STM32CubeIDE_1.15.1\STM32CubeIDE\plugins\com.st.stm32cube.common.mx_6.11.1.202404110753\\db\/mcu/
2024-08-21 10:57:07,492 [INFO] ApiDb:274 - Set plugin database path to: C:\ST\STM32CubeIDE_1.15.1\STM32CubeIDE\plugins\com.st.stm32cube.common.mx_6.11.1.202404110753\\db\/plugins/boardmanager/
2024-08-21 10:57:07,492 [INFO] ApiDb:261 - Set plugin images path to: C:\ST\STM32CubeIDE_1.15.1\STM32CubeIDE\plugins\com.st.stm32cube.common.mx_6.11.1.202404110753\\db\/plugins/mcufinder/images/
2024-08-21 10:57:07,493 [WARN] DbFile:41 - Overriding database path with different value: C:\Users\ASUS\.stmcufinder\plugins\mcufinder/ => C:\Users\ASUS\.stmcufinder\plugins\mcufinder
2024-08-21 10:57:07,493 [INFO] ApiDb:250 - Set database path to: C:\Users\ASUS\.stmcufinder\plugins\mcufinder//mcu/
2024-08-21 10:57:07,493 [WARN] DbFile:41 - Overriding database path with different value: C:\Users\ASUS\.stmcufinder\plugins\mcufinder/ => C:\Users\ASUS\.stmcufinder\plugins\mcufinder
2024-08-21 10:57:07,493 [INFO] DbMcusAds:125 - Set database path to: C:\Users\ASUS\.stmcufinder\plugins\mcufinder//mcu/
2024-08-21 10:57:07,493 [WARN] DbFile:41 - Overriding database path with different value: C:\Users\ASUS\.stmcufinder\plugins\mcufinder/ => C:\Users\ASUS\.stmcufinder\plugins\mcufinder
2024-08-21 10:57:07,493 [WARN] DbFile:41 - Overriding database path with different value: C:\Users\ASUS\.stmcufinder\plugins\mcufinder/ => C:\Users\ASUS\.stmcufinder\plugins\mcufinder
2024-08-21 10:57:07,493 [INFO] CrossReferenceDbSqlite:203 - Set database path to: C:\Users\ASUS\.stmcufinder\plugins\mcufinder//mcu/cs/
2024-08-21 10:57:07,637 [INFO] MainPanel:264 - HeapMemory: 268435456
2024-08-21 10:57:07,907 [INFO] DbMcusXml:78 - Set database path to: C:\ST\STM32CubeIDE_1.15.1\STM32CubeIDE\plugins\com.st.stm32cube.common.mx_6.11.1.202404110753\\db\/mcu/
2024-08-21 10:57:07,907 [INFO] ApiDb:274 - Set plugin database path to: C:\ST\STM32CubeIDE_1.15.1\STM32CubeIDE\plugins\com.st.stm32cube.common.mx_6.11.1.202404110753\\db\/plugins/boardmanager/
2024-08-21 10:57:07,907 [INFO] ApiDb:261 - Set plugin images path to: C:\ST\STM32CubeIDE_1.15.1\STM32CubeIDE\plugins\com.st.stm32cube.common.mx_6.11.1.202404110753\\db\/plugins/mcufinder/images/
2024-08-21 10:57:07,907 [WARN] DbFile:41 - Overriding database path with different value: C:\Users\ASUS\.stmcufinder\plugins\mcufinder/ => C:\Users\ASUS\.stmcufinder\plugins\mcufinder
2024-08-21 10:57:07,907 [INFO] ApiDb:250 - Set database path to: C:\Users\ASUS\.stmcufinder\plugins\mcufinder//mcu/
2024-08-21 10:57:07,907 [WARN] DbFile:41 - Overriding database path with different value: C:\Users\ASUS\.stmcufinder\plugins\mcufinder/ => C:\Users\ASUS\.stmcufinder\plugins\mcufinder
2024-08-21 10:57:07,907 [INFO] DbMcusAds:125 - Set database path to: C:\Users\ASUS\.stmcufinder\plugins\mcufinder//mcu/
2024-08-21 10:57:07,907 [WARN] DbFile:41 - Overriding database path with different value: C:\Users\ASUS\.stmcufinder\plugins\mcufinder/ => C:\Users\ASUS\.stmcufinder\plugins\mcufinder
2024-08-21 10:57:07,907 [WARN] DbFile:41 - Overriding database path with different value: C:\Users\ASUS\.stmcufinder\plugins\mcufinder/ => C:\Users\ASUS\.stmcufinder\plugins\mcufinder
2024-08-21 10:57:07,907 [INFO] CrossReferenceDbSqlite:203 - Set database path to: C:\Users\ASUS\.stmcufinder\plugins\mcufinder//mcu/cs/
2024-08-21 10:57:07,939 [INFO] ApplicationProperties:184 - Using Application install path: C:\ST\STM32CubeIDE_1.15.1\STM32CubeIDE\plugins\com.st.stm32cube.common.mx_6.11.1.202404110753
2024-08-21 10:57:07,941 [INFO] PluginManage:196 - Search for loadable plugins [exclusion list=, ]
2024-08-21 10:57:07,942 [INFO] PluginManage:310 - Check plugin analytics
2024-08-21 10:57:08,092 [INFO] AnalyticsPlugin:253 - Accepted Software Licenses: STM32CubeMX.6.11.1
2024-08-21 10:57:08,092 [INFO] AnalyticsPlugin:255 - Accepted CMSIS Pack Licenses: 
2024-08-21 10:57:08,092 [INFO] AnalyticsPlugin:257 - Accepted Firmware Licenses: 
2024-08-21 10:57:08,094 [INFO] PluginManage:359 - Loaded plugin analytics (category:tool,tabindex:-1)
2024-08-21 10:57:08,094 [INFO] PluginManage:310 - Check plugin cadmodel
2024-08-21 10:57:08,114 [INFO] CADModel:105 - Init CAD model plugin
2024-08-21 10:57:08,114 [INFO] PluginManage:359 - Loaded plugin cadmodel (category:power,tabindex:5)
2024-08-21 10:57:08,115 [INFO] PluginManage:310 - Check plugin clock
2024-08-21 10:57:08,142 [INFO] PluginManage:359 - Loaded plugin clock (category:base,tabindex:2)
2024-08-21 10:57:08,142 [INFO] PluginManage:310 - Check plugin ddr
2024-08-21 10:57:08,144 [INFO] PluginManage:359 - Loaded plugin ddr (category:tool,tabindex:6)
2024-08-21 10:57:08,145 [INFO] PluginManage:310 - Check plugin filemanager
2024-08-21 10:57:08,320 [INFO] PluginManage:359 - Loaded plugin filemanager (category:base,tabindex:10)
2024-08-21 10:57:08,320 [INFO] PluginManage:310 - Check plugin ipmanager
2024-08-21 10:57:08,330 [INFO] PluginManage:359 - Loaded plugin ipmanager (category:base,tabindex:5)
2024-08-21 10:57:08,330 [INFO] PluginManage:310 - Check plugin lpbam
2024-08-21 10:57:08,346 [INFO] PluginManage:359 - Loaded plugin lpbam (category:base,tabindex:0)
2024-08-21 10:57:08,346 [INFO] PluginManage:310 - Check plugin memorymap
2024-08-21 10:57:08,374 [INFO] PluginManage:359 - Loaded plugin memorymap (category:base,tabindex:4)
2024-08-21 10:57:08,374 [INFO] PluginManage:310 - Check plugin pinoutandconfiguration
2024-08-21 10:57:08,392 [INFO] PluginManage:359 - Loaded plugin pinoutandconfiguration (category:base,tabindex:1)
2024-08-21 10:57:08,392 [INFO] PluginManage:310 - Check plugin pinoutconfig
2024-08-21 10:57:08,499 [WARN] SupportedApi:132 - Cannot load RTOS API schema: s4s-elt-must-match.1: The content of 'definitions' must match (annotation?, (simpleType | complexType)?, (unique | key | keyref)*)). A problem was found starting at: attribute.
2024-08-21 10:57:08,689 [INFO] PluginManage:359 - Loaded plugin pinoutconfig (category:base,tabindex:0)
2024-08-21 10:57:08,689 [INFO] PluginManage:310 - Check plugin power
2024-08-21 10:57:08,707 [INFO] PluginManage:359 - Loaded plugin power (category:power,tabindex:4)
2024-08-21 10:57:08,707 [INFO] PluginManage:310 - Check plugin projectmanager
2024-08-21 10:57:08,722 [INFO] PluginManage:359 - Loaded plugin projectmanager (category:projectmanager,tabindex:3)
2024-08-21 10:57:08,722 [INFO] PluginManage:310 - Check plugin thirdparty
2024-08-21 10:57:09,069 [INFO] PluginManage:359 - Loaded plugin thirdparty (category:base,tabindex:-1)
2024-08-21 10:57:09,069 [INFO] PluginManage:310 - Check plugin tools
2024-08-21 10:57:09,069 [WARN] IntegrityCheckThread:84 - waiting for thirdparty lock release [integrity check]
2024-08-21 10:57:09,069 [INFO] IntegrityCheckThread:86 - entering critical section [integrity check]
2024-08-21 10:57:09,069 [INFO] ThirdPartyUpdaterWithRetryManager:70 - Updater plugin not ready yet. [1/15]
2024-08-21 10:57:09,103 [INFO] PluginManage:359 - Loaded plugin tools (category:base,tabindex:7)
2024-08-21 10:57:09,104 [INFO] PluginManage:310 - Check plugin tutovideos
2024-08-21 10:57:09,328 [INFO] PluginManage:359 - Loaded plugin tutovideos (category:base,tabindex:-1)
2024-08-21 10:57:09,328 [INFO] PluginManage:310 - Check plugin updater
2024-08-21 10:57:09,338 [INFO] PluginManage:359 - Loaded plugin updater (category:base,tabindex:12)
2024-08-21 10:57:09,338 [INFO] PluginManage:310 - Check plugin userauth
2024-08-21 10:57:09,356 [INFO] UserAuth:114 - Init User Auth plugin
2024-08-21 10:57:09,357 [INFO] PluginManage:359 - Loaded plugin userauth (category:base,tabindex:14)
2024-08-21 10:57:09,357 [INFO] PluginManage:283 - PluginManage : Loaded plugins [17]
2024-08-21 10:57:09,732 [INFO] PinOutPanel:1561 - setPackage(No Configuration,No Configuration)
2024-08-21 10:57:09,819 [INFO] CADModel:165 - CPN selected for project level
2024-08-21 10:57:09,819 [INFO] CADModel:114 - Register for checkConnection events
2024-08-21 10:57:09,849 [INFO] IPUIPlugin:80 - create IPUIPlugin
2024-08-21 10:57:09,849 [INFO] PluginManager:220 - loadIPPluginJar : add adc
2024-08-21 10:57:09,885 [INFO] IPUIPlugin:80 - create IPUIPlugin
2024-08-21 10:57:09,885 [INFO] PluginManager:220 - loadIPPluginJar : add aes
2024-08-21 10:57:09,925 [INFO] IPUIPlugin:80 - create IPUIPlugin
2024-08-21 10:57:09,925 [INFO] PluginManager:220 - loadIPPluginJar : add can
2024-08-21 10:57:09,949 [INFO] IPUIPlugin:80 - create IPUIPlugin
2024-08-21 10:57:09,950 [INFO] PluginManager:220 - loadIPPluginJar : add comp
2024-08-21 10:57:09,984 [INFO] IPUIPlugin:80 - create IPUIPlugin
2024-08-21 10:57:09,984 [INFO] PluginManager:220 - loadIPPluginJar : add cryp
2024-08-21 10:57:10,013 [INFO] IPUIPlugin:80 - create IPUIPlugin
2024-08-21 10:57:10,013 [INFO] PluginManager:220 - loadIPPluginJar : add dfsdm
2024-08-21 10:57:10,027 [INFO] IPUIPlugin:80 - create IPUIPlugin
2024-08-21 10:57:10,027 [INFO] PluginManager:220 - loadIPPluginJar : add dma
2024-08-21 10:57:10,068 [INFO] IPUIPlugin:80 - create IPUIPlugin
2024-08-21 10:57:10,069 [INFO] PluginManager:220 - loadIPPluginJar : add dma3
2024-08-21 10:57:10,113 [INFO] IPUIPlugin:80 - create IPUIPlugin
2024-08-21 10:57:10,113 [INFO] PluginManager:220 - loadIPPluginJar : add extmemmanager
2024-08-21 10:57:10,133 [INFO] IPUIPlugin:80 - create IPUIPlugin
2024-08-21 10:57:10,133 [INFO] PluginManager:220 - loadIPPluginJar : add fatfs
2024-08-21 10:57:10,182 [INFO] IPUIPlugin:80 - create IPUIPlugin
2024-08-21 10:57:10,182 [INFO] PluginManager:220 - loadIPPluginJar : add fmc
2024-08-21 10:57:10,195 [INFO] IPUIPlugin:80 - create IPUIPlugin
2024-08-21 10:57:10,195 [INFO] PluginManager:220 - loadIPPluginJar : add freertos
2024-08-21 10:57:10,215 [INFO] IPUIPlugin:80 - create IPUIPlugin
2024-08-21 10:57:10,215 [INFO] PluginManager:220 - loadIPPluginJar : add genericplugin
2024-08-21 10:57:10,308 [INFO] IPUIPlugin:80 - create IPUIPlugin
2024-08-21 10:57:10,308 [INFO] PluginManager:220 - loadIPPluginJar : add gfxmmu
2024-08-21 10:57:10,432 [INFO] IPUIPlugin:80 - create IPUIPlugin
2024-08-21 10:57:10,432 [INFO] PluginManager:220 - loadIPPluginJar : add gic
2024-08-21 10:57:10,469 [INFO] IPUIPlugin:80 - create IPUIPlugin
2024-08-21 10:57:10,469 [INFO] PluginManager:220 - loadIPPluginJar : add gpio
2024-08-21 10:57:10,558 [INFO] IPUIPlugin:80 - create IPUIPlugin
2024-08-21 10:57:10,558 [INFO] PluginManager:220 - loadIPPluginJar : add gtzc
2024-08-21 10:57:10,599 [INFO] IPUIPlugin:80 - create IPUIPlugin
2024-08-21 10:57:10,600 [INFO] PluginManager:220 - loadIPPluginJar : add hash
2024-08-21 10:57:10,652 [INFO] IPUIPlugin:80 - create IPUIPlugin
2024-08-21 10:57:10,652 [INFO] PluginManager:220 - loadIPPluginJar : add i2c
2024-08-21 10:57:10,691 [INFO] IPUIPlugin:80 - create IPUIPlugin
2024-08-21 10:57:10,691 [INFO] PluginManager:220 - loadIPPluginJar : add i2s
2024-08-21 10:57:10,732 [INFO] IPUIPlugin:80 - create IPUIPlugin
2024-08-21 10:57:10,732 [INFO] PluginManager:220 - loadIPPluginJar : add i3c
2024-08-21 10:57:10,835 [INFO] IPUIPlugin:80 - create IPUIPlugin
2024-08-21 10:57:10,835 [INFO] PluginManager:220 - loadIPPluginJar : add ipddr
2024-08-21 10:57:10,924 [INFO] IPUIPlugin:80 - create IPUIPlugin
2024-08-21 10:57:10,924 [INFO] PluginManager:220 - loadIPPluginJar : add linkedlist
2024-08-21 10:57:10,957 [INFO] IPUIPlugin:80 - create IPUIPlugin
2024-08-21 10:57:10,957 [INFO] PluginManager:220 - loadIPPluginJar : add lorawan
2024-08-21 10:57:10,991 [INFO] IPUIPlugin:80 - create IPUIPlugin
2024-08-21 10:57:10,992 [INFO] PluginManager:220 - loadIPPluginJar : add ltdc
2024-08-21 10:57:11,007 [INFO] IPUIPlugin:80 - create IPUIPlugin
2024-08-21 10:57:11,008 [INFO] PluginManager:220 - loadIPPluginJar : add mdma
2024-08-21 10:57:11,019 [INFO] IPUIPlugin:80 - create IPUIPlugin
2024-08-21 10:57:11,019 [INFO] PluginManager:220 - loadIPPluginJar : add nvic
2024-08-21 10:57:11,056 [INFO] IPUIPlugin:80 - create IPUIPlugin
2024-08-21 10:57:11,056 [INFO] PluginManager:220 - loadIPPluginJar : add opamp
2024-08-21 10:57:11,115 [INFO] IPUIPlugin:80 - create IPUIPlugin
2024-08-21 10:57:11,115 [INFO] PluginManager:220 - loadIPPluginJar : add openamp
2024-08-21 10:57:11,154 [INFO] IPUIPlugin:80 - create IPUIPlugin
2024-08-21 10:57:11,155 [INFO] PluginManager:220 - loadIPPluginJar : add pdm2pcm
2024-08-21 10:57:11,179 [INFO] IPUIPlugin:80 - create IPUIPlugin
2024-08-21 10:57:11,181 [INFO] PluginManager:220 - loadIPPluginJar : add plateformsettings
2024-08-21 10:57:11,203 [INFO] IPUIPlugin:80 - create IPUIPlugin
2024-08-21 10:57:11,203 [INFO] PluginManager:220 - loadIPPluginJar : add quadspi
2024-08-21 10:57:11,214 [INFO] IPUIPlugin:80 - create IPUIPlugin
2024-08-21 10:57:11,214 [INFO] PluginManager:220 - loadIPPluginJar : add resmgrutility
2024-08-21 10:57:11,259 [INFO] IPUIPlugin:80 - create IPUIPlugin
2024-08-21 10:57:11,259 [INFO] PluginManager:220 - loadIPPluginJar : add sai
2024-08-21 10:57:11,294 [INFO] IPUIPlugin:80 - create IPUIPlugin
2024-08-21 10:57:11,294 [INFO] PluginManager:220 - loadIPPluginJar : add spi
2024-08-21 10:57:11,357 [INFO] IPUIPlugin:80 - create IPUIPlugin
2024-08-21 10:57:11,357 [INFO] PluginManager:220 - loadIPPluginJar : add stm32_wpan
2024-08-21 10:57:11,380 [INFO] IPUIPlugin:80 - create IPUIPlugin
2024-08-21 10:57:11,380 [INFO] PluginManager:220 - loadIPPluginJar : add tim
2024-08-21 10:57:11,436 [INFO] IPUIPlugin:80 - create IPUIPlugin
2024-08-21 10:57:11,436 [INFO] PluginManager:220 - loadIPPluginJar : add touchsensing
2024-08-21 10:57:11,460 [INFO] IPUIPlugin:80 - create IPUIPlugin
2024-08-21 10:57:11,460 [INFO] PluginManager:220 - loadIPPluginJar : add tracer_emb
2024-08-21 10:57:11,482 [INFO] IPUIPlugin:80 - create IPUIPlugin
2024-08-21 10:57:11,482 [INFO] PluginManager:220 - loadIPPluginJar : add ts
2024-08-21 10:57:11,500 [INFO] IPUIPlugin:80 - create IPUIPlugin
2024-08-21 10:57:11,501 [INFO] PluginManager:220 - loadIPPluginJar : add tsc
2024-08-21 10:57:11,524 [INFO] IPUIPlugin:80 - create IPUIPlugin
2024-08-21 10:57:11,524 [INFO] PluginManager:220 - loadIPPluginJar : add ucpd
2024-08-21 10:57:11,566 [INFO] IPUIPlugin:80 - create IPUIPlugin
2024-08-21 10:57:11,566 [INFO] PluginManager:220 - loadIPPluginJar : add usart
2024-08-21 10:57:11,625 [INFO] IPUIPlugin:80 - create IPUIPlugin
2024-08-21 10:57:11,625 [INFO] PluginManager:220 - loadIPPluginJar : add usbx
2024-08-21 10:57:11,753 [INFO] CADModel:165 - CPN selected for project level
2024-08-21 10:57:11,754 [INFO] CADModel:114 - Register for checkConnection events
2024-08-21 10:57:11,754 [FATAL] Updater:308 - Updater called before beeing initialized
2024-08-21 10:57:11,754 [ERROR] CADModel:125 - Updater not yet initialized, retry later 
2024-08-21 10:57:11,985 [INFO] CADModel:165 - CPN selected for project level
2024-08-21 10:57:11,985 [INFO] CADModel:114 - Register for checkConnection events
2024-08-21 10:57:11,986 [FATAL] Updater:308 - Updater called before beeing initialized
2024-08-21 10:57:11,986 [ERROR] CADModel:125 - Updater not yet initialized, retry later 
2024-08-21 10:57:11,988 [FATAL] Updater:308 - Updater called before beeing initialized
2024-08-21 10:57:12,075 [FATAL] Updater:308 - Updater called before beeing initialized
2024-08-21 10:57:12,079 [INFO] ThirdPartyUpdaterWithRetryManager:70 - Updater plugin not ready yet. [2/15]
2024-08-21 10:57:12,084 [INFO] DbMcusAds:53 - JSON generation date=Thu May 16 16:22:00 ICT 2024 (1715851320667)
2024-08-21 10:57:12,085 [FATAL] Updater:308 - Updater called before beeing initialized
2024-08-21 10:57:12,197 [WARN] DetailPanel:346 - Failed to get advertising image, set to default
2024-08-21 10:57:12,279 [FATAL] Updater:308 - Updater called before beeing initialized
2024-08-21 10:57:12,284 [FATAL] Updater:308 - Updater called before beeing initialized
2024-08-21 10:57:12,284 [FATAL] Updater:308 - Updater called before beeing initialized
2024-08-21 10:57:12,284 [WARN] DetailPanel:346 - Failed to get advertising image, set to default
2024-08-21 10:57:12,285 [FATAL] Updater:308 - Updater called before beeing initialized
2024-08-21 10:57:12,340 [ERROR] Updater:1120 - MainUpdater not yet initialized. External WinMGr cannot be set.
2024-08-21 10:57:12,354 [INFO] Updater:1056 - Updater Version found : 6.11.1
2024-08-21 10:57:12,383 [INFO] ApplicationProperties:184 - Using Application install path: C:\ST\STM32CubeIDE_1.15.1\STM32CubeIDE\plugins\com.st.stm32cube.common.mx_6.11.1.202404110753
2024-08-21 10:57:14,003 [ERROR] LogOutputStream:75 - [STDERR_REDIRECT] Aug 21, 2024 10:57:13 AM java.util.prefs.WindowsPreferences <init>
2024-08-21 10:57:14,004 [ERROR] LogOutputStream:75 - [STDERR_REDIRECT] WARNING: Could not open/create prefs root node Software\JavaSoft\Prefs at root 0xffffffff80000002. Windows RegCreateKeyEx(...) returned error code 5.
2024-08-21 10:57:14,004 [ERROR] LogOutputStream:75 - [STDERR_REDIRECT] 
2024-08-21 10:57:14,628 [INFO] MainUpdater:2873 - connection check result : 10
2024-08-21 10:57:14,629 [INFO] MainUpdater:290 - Updater Check For Update Now.
2024-08-21 10:57:14,629 [INFO] MicroXplorer:498 - Change Database Version : DB.6.0.111
2024-08-21 10:57:14,643 [INFO] McuFinderGlobals:63 - Set McuFinder mode to 2 (CubeIDE integrated)
2024-08-21 10:57:14,659 [INFO] UserAuth:415 - Internet connection configuration mode: 1
2024-08-21 10:57:14,697 [INFO] JxBrowserEngine:152 - Initiate JxBrowser Engine with user profile folder
2024-08-21 10:57:14,833 [INFO] CheckServerUpdateThread:120 - End of CheckServer Thread
2024-08-21 10:57:15,326 [WARN] PackLoader:240 - Cannot read IP mode file for STMicroelectronics.FP-SNS-MOTENVWB1.1.4.0
2024-08-21 10:57:15,344 [WARN] PackLoader:240 - Cannot read IP mode file for STMicroelectronics.X-CUBE-SMBUS.2.1.0
2024-08-21 10:57:15,357 [WARN] PackLoader:240 - Cannot read IP mode file for STMicroelectronics.X-CUBE-TOUCHGFX.4.23.2
2024-08-21 10:57:15,387 [WARN] PackLoader:240 - Cannot read IP mode file for STMicroelectronics.X-CUBE-AZRTOS-F7.1.1.0
2024-08-21 10:57:15,449 [WARN] PackLoader:240 - Cannot read IP mode file for STMicroelectronics.X-CUBE-MEMS1.11.0.0
2024-08-21 10:57:15,559 [WARN] PackLoader:240 - Cannot read IP mode file for STMicroelectronics.FP-SNS-FLIGHT1.5.0.2
2024-08-21 10:57:15,574 [WARN] PackLoader:240 - Cannot read IP mode file for STMicroelectronics.X-CUBE-DISPLAY.3.0.0
2024-08-21 10:57:15,590 [WARN] PackLoader:240 - Cannot read IP mode file for STMicroelectronics.X-CUBE-BLE1.7.0.0
2024-08-21 10:57:15,606 [WARN] PackLoader:240 - Cannot read IP mode file for emotas.I-CUBE-CANOPEN.1.3.0
2024-08-21 10:57:15,624 [WARN] PackLoader:240 - Cannot read IP mode file for STMicroelectronics.X-CUBE-BLEMGR.3.1.0
2024-08-21 10:57:15,643 [WARN] PackLoader:240 - Cannot read IP mode file for STMicroelectronics.FP-SNS-SMARTAG2.1.2.0
2024-08-21 10:57:15,682 [INFO] LogOutputStream:77 - [STDOUT_REDIRECT] 1 : Invalid condition id : UX_CORESTACK_Condition cause : null
2024-08-21 10:57:15,682 [INFO] LogOutputStream:77 - [STDOUT_REDIRECT] 1 : Invalid condition id : UX_CORESTACK_Condition cause : null
2024-08-21 10:57:15,684 [INFO] LogOutputStream:77 - [STDOUT_REDIRECT] 1 : Invalid condition id : UX_CORESTACK_Condition cause : null
2024-08-21 10:57:15,685 [INFO] LogOutputStream:77 - [STDOUT_REDIRECT] 1 : Invalid condition id : UX_CORESTACK_Condition cause : null
2024-08-21 10:57:15,686 [INFO] LogOutputStream:77 - [STDOUT_REDIRECT] 1 : Invalid condition id : UX_CORESTACK_Condition cause : null
2024-08-21 10:57:15,687 [WARN] PackLoader:240 - Cannot read IP mode file for STMicroelectronics.X-CUBE-AZRTOS-WL.2.0.0
2024-08-21 10:57:15,712 [WARN] PackLoader:240 - Cannot read IP mode file for STMicroelectronics.FP-SNS-MOTENV1.5.0.0
2024-08-21 10:57:15,725 [WARN] PackLoader:240 - Cannot read IP mode file for wolfSSL.I-CUBE-wolfMQTT.1.19.0
2024-08-21 10:57:15,739 [WARN] PackLoader:240 - Cannot read IP mode file for WES.I-CUBE-Cesium.1.3.0
2024-08-21 10:57:15,752 [WARN] PackLoader:240 - Cannot read IP mode file for STMicroelectronics.X-CUBE-BLE2.3.3.0
2024-08-21 10:57:15,764 [WARN] PackLoader:240 - Cannot read IP mode file for STMicroelectronics.X-CUBE-TCPP.4.1.0
2024-08-21 10:57:15,777 [WARN] PackLoader:240 - Cannot read IP mode file for STMicroelectronics.X-CUBE-ALGOBUILD.1.3.0
2024-08-21 10:57:15,815 [WARN] PackLoader:240 - Cannot read IP mode file for STMicroelectronics.X-CUBE-AZRTOS-G0.1.1.0
2024-08-21 10:57:15,831 [WARN] PackLoader:240 - Cannot read IP mode file for STMicroelectronics.X-CUBE-SAFEA1.1.2.2
2024-08-21 10:57:15,846 [WARN] PackLoader:240 - Cannot read IP mode file for STMicroelectronics.X-CUBE-NFC4.3.0.0
2024-08-21 10:57:15,859 [WARN] PackLoader:240 - Cannot read IP mode file for wolfSSL.I-CUBE-wolfMQTT.1.18.0
2024-08-21 10:57:15,878 [WARN] PackLoader:240 - Cannot read IP mode file for EmbeddedOffice.I-CUBE-FS-RTOS.1.0.1
2024-08-21 10:57:15,878 [ERROR] ConditionMgr:805 - Attr not supported : Dmpu
2024-08-21 10:57:15,878 [ERROR] ConditionMgr:805 - Attr not supported : Dmpu
2024-08-21 10:57:15,879 [ERROR] ConditionMgr:805 - Attr not supported : Dmpu
2024-08-21 10:57:15,879 [ERROR] ConditionMgr:805 - Attr not supported : Dmpu
2024-08-21 10:57:15,879 [ERROR] ConditionMgr:805 - Attr not supported : Dmpu
2024-08-21 10:57:15,879 [ERROR] ConditionMgr:805 - Attr not supported : Dmpu
2024-08-21 10:57:15,879 [ERROR] ConditionMgr:805 - Attr not supported : Dmpu
2024-08-21 10:57:15,879 [ERROR] ConditionMgr:805 - Attr not supported : Dmpu
2024-08-21 10:57:15,879 [ERROR] ConditionMgr:805 - Attr not supported : Dmpu
2024-08-21 10:57:15,879 [ERROR] ConditionMgr:805 - Attr not supported : Dmpu
2024-08-21 10:57:15,879 [ERROR] ConditionMgr:805 - Attr not supported : Dmpu
2024-08-21 10:57:15,879 [ERROR] ConditionMgr:805 - Attr not supported : Dmpu
2024-08-21 10:57:15,879 [ERROR] ConditionMgr:805 - Attr not supported : Dmpu
2024-08-21 10:57:15,879 [ERROR] ConditionMgr:805 - Attr not supported : Dmpu
2024-08-21 10:57:15,879 [ERROR] ConditionMgr:805 - Attr not supported : Dmpu
2024-08-21 10:57:15,879 [ERROR] ConditionMgr:805 - Attr not supported : Dmpu
2024-08-21 10:57:15,879 [ERROR] ConditionMgr:805 - Attr not supported : Dmpu
2024-08-21 10:57:15,879 [ERROR] ConditionMgr:805 - Attr not supported : Dmpu
2024-08-21 10:57:15,879 [ERROR] ConditionMgr:805 - Attr not supported : Dmpu
2024-08-21 10:57:15,879 [ERROR] ConditionMgr:805 - Attr not supported : Dmpu
2024-08-21 10:57:15,879 [ERROR] ConditionMgr:805 - Attr not supported : Dmpu
2024-08-21 10:57:15,879 [ERROR] ConditionMgr:805 - Attr not supported : Dmpu
2024-08-21 10:57:15,879 [ERROR] ConditionMgr:805 - Attr not supported : Dmpu
2024-08-21 10:57:15,879 [ERROR] ConditionMgr:805 - Attr not supported : Dmpu
2024-08-21 10:57:15,879 [ERROR] ConditionMgr:805 - Attr not supported : Dmpu
2024-08-21 10:57:15,879 [ERROR] ConditionMgr:805 - Attr not supported : Dmpu
2024-08-21 10:57:15,879 [ERROR] ConditionMgr:805 - Attr not supported : Dmpu
2024-08-21 10:57:15,879 [ERROR] ConditionMgr:805 - Attr not supported : Dmpu
2024-08-21 10:57:15,879 [ERROR] ConditionMgr:805 - Attr not supported : Dmpu
2024-08-21 10:57:15,879 [ERROR] ConditionMgr:805 - Attr not supported : Dmpu
2024-08-21 10:57:15,879 [ERROR] ConditionMgr:805 - Attr not supported : Dmpu
2024-08-21 10:57:15,879 [ERROR] ConditionMgr:805 - Attr not supported : Dmpu
2024-08-21 10:57:15,880 [ERROR] ConditionMgr:805 - Attr not supported : Dmpu
2024-08-21 10:57:15,880 [ERROR] ConditionMgr:805 - Attr not supported : Dmpu
2024-08-21 10:57:15,880 [ERROR] ConditionMgr:805 - Attr not supported : Dmpu
2024-08-21 10:57:15,880 [ERROR] ConditionMgr:805 - Attr not supported : Dmpu
2024-08-21 10:57:15,880 [ERROR] ConditionMgr:805 - Attr not supported : Dmpu
2024-08-21 10:57:15,880 [ERROR] ConditionMgr:805 - Attr not supported : Dmpu
2024-08-21 10:57:15,880 [ERROR] ConditionMgr:805 - Attr not supported : Dmpu
2024-08-21 10:57:15,880 [ERROR] ConditionMgr:805 - Attr not supported : Dmpu
2024-08-21 10:57:15,880 [ERROR] ConditionMgr:805 - Attr not supported : Dmpu
2024-08-21 10:57:15,880 [ERROR] ConditionMgr:805 - Attr not supported : Dmpu
2024-08-21 10:57:15,880 [ERROR] ConditionMgr:805 - Attr not supported : Dmpu
2024-08-21 10:57:15,880 [ERROR] ConditionMgr:805 - Attr not supported : Dmpu
2024-08-21 10:57:15,880 [ERROR] ConditionMgr:805 - Attr not supported : Dmpu
2024-08-21 10:57:15,880 [ERROR] ConditionMgr:805 - Attr not supported : Dmpu
2024-08-21 10:57:15,880 [ERROR] ConditionMgr:805 - Attr not supported : Dmpu
2024-08-21 10:57:15,880 [ERROR] ConditionMgr:805 - Attr not supported : Dmpu
2024-08-21 10:57:15,880 [ERROR] ConditionMgr:805 - Attr not supported : Dmpu
2024-08-21 10:57:15,880 [ERROR] ConditionMgr:805 - Attr not supported : Dmpu
2024-08-21 10:57:15,880 [ERROR] ConditionMgr:805 - Attr not supported : Dmpu
2024-08-21 10:57:15,880 [ERROR] ConditionMgr:805 - Attr not supported : Dmpu
2024-08-21 10:57:15,880 [ERROR] ConditionMgr:805 - Attr not supported : Dmpu
2024-08-21 10:57:15,880 [ERROR] ConditionMgr:805 - Attr not supported : Dmpu
2024-08-21 10:57:15,880 [ERROR] ConditionMgr:805 - Attr not supported : Dmpu
2024-08-21 10:57:15,880 [ERROR] ConditionMgr:805 - Attr not supported : Dmpu
2024-08-21 10:57:15,880 [ERROR] ConditionMgr:805 - Attr not supported : Dmpu
2024-08-21 10:57:15,880 [ERROR] ConditionMgr:805 - Attr not supported : Dmpu
2024-08-21 10:57:15,881 [ERROR] ConditionMgr:805 - Attr not supported : Dmpu
2024-08-21 10:57:15,881 [ERROR] ConditionMgr:805 - Attr not supported : Dmpu
2024-08-21 10:57:15,881 [ERROR] ConditionMgr:805 - Attr not supported : Dmpu
2024-08-21 10:57:15,881 [ERROR] ConditionMgr:805 - Attr not supported : Dmpu
2024-08-21 10:57:15,881 [ERROR] ConditionMgr:805 - Attr not supported : Dmpu
2024-08-21 10:57:15,881 [ERROR] ConditionMgr:805 - Attr not supported : Dmpu
2024-08-21 10:57:15,892 [WARN] PackLoader:240 - Cannot read IP mode file for RealThread.X-CUBE-RT-Thread_Nano.4.1.1
2024-08-21 10:57:15,906 [WARN] PackLoader:240 - Cannot read IP mode file for wolfSSL.I-CUBE-wolfSSL.5.7.0
2024-08-21 10:57:15,919 [WARN] PackLoader:240 - Cannot read IP mode file for STMicroelectronics.FP-ATR-SIGFOX1.3.2.0
2024-08-21 10:57:15,930 [WARN] PackLoader:240 - Cannot read IP mode file for STMicroelectronics.X-CUBE-EEPRMA1.5.1.0
2024-08-21 10:57:15,947 [WARN] PackLoader:240 - Cannot read IP mode file for ITTIA_DB.I-CUBE-ITTIADB.8.9.0
2024-08-21 10:57:15,979 [WARN] PackLoader:240 - Cannot read IP mode file for SEGGER.I-CUBE-embOS.1.3.1
2024-08-21 10:57:16,023 [WARN] PackLoader:240 - Cannot read IP mode file for STMicroelectronics.X-CUBE-ALGOBUILD.1.4.0
2024-08-21 10:57:16,036 [WARN] PackLoader:240 - Cannot read IP mode file for STMicroelectronics.X-CUBE-GNSS1.6.0.0
2024-08-21 10:57:16,063 [WARN] PackLoader:240 - Cannot read IP mode file for STMicroelectronics.X-CUBE-AZRTOS-F4.1.1.0
2024-08-21 10:57:16,081 [WARN] PackLoader:240 - Cannot read IP mode file for STMicroelectronics.X-CUBE-FREERTOS.1.2.0
2024-08-21 10:57:16,103 [WARN] PackLoader:240 - Cannot read IP mode file for STMicroelectronics.X-CUBE-AZRTOS-L5.2.0.0
2024-08-21 10:57:16,120 [WARN] PackLoader:240 - Cannot read IP mode file for STMicroelectronics.X-CUBE-NFC6.3.1.0
2024-08-21 10:57:16,133 [WARN] PackLoader:240 - Cannot read IP mode file for STMicroelectronics.X-CUBE-DPower.1.2.0
2024-08-21 10:57:16,148 [WARN] PackLoader:240 - Cannot read IP mode file for STMicroelectronics.X-CUBE-AI.9.0.0
2024-08-21 10:57:16,161 [WARN] PackLoader:240 - Cannot read IP mode file for STMicroelectronics.X-CUBE-NFC7.1.0.1
2024-08-21 10:57:16,171 [WARN] PackLoader:240 - Cannot read IP mode file for wolfSSL.I-CUBE-wolfTPM.3.2.0
2024-08-21 10:57:16,222 [WARN] ConditionMgr:438 - getConditionDescription Invalid condition id : LAN8742 Phy interface Condition cause : null
2024-08-21 10:57:16,223 [WARN] PackLoader:240 - Cannot read IP mode file for STMicroelectronics.X-CUBE-AZRTOS-L4.2.0.0
2024-08-21 10:57:16,224 [WARN] ConditionMgr:1039 - genDependencies : Invalid condition id : LAN8742 Phy interface Condition cause : null
2024-08-21 10:57:16,224 [WARN] ConditionMgr:1039 - genDependencies : Invalid condition id : LAN8742 Phy interface Condition cause : null
2024-08-21 10:57:16,225 [WARN] ConditionMgr:1039 - genDependencies : Invalid condition id : LAN8742 Phy interface Condition cause : null
2024-08-21 10:57:16,240 [WARN] PackLoader:240 - Cannot read IP mode file for STMicroelectronics.X-CUBE-SFXS2LP1.4.0.0
2024-08-21 10:57:16,268 [WARN] PackLoader:240 - Cannot read IP mode file for STMicroelectronics.X-CUBE-AZRTOS-H7.3.3.0
2024-08-21 10:57:16,294 [WARN] ConditionMgr:438 - getConditionDescription Invalid condition id : UX DEVICE CLASS RTOS Condition cause : null
2024-08-21 10:57:16,294 [WARN] ConditionMgr:438 - getConditionDescription Invalid condition id : UX DEVICE CLASS RTOS Condition cause : null
2024-08-21 10:57:16,295 [WARN] PackLoader:240 - Cannot read IP mode file for STMicroelectronics.X-CUBE-AZRTOS-WB.2.0.0
2024-08-21 10:57:16,297 [WARN] ConditionMgr:1039 - genDependencies : Invalid condition id : UX DEVICE CLASS RTOS Condition cause : null
2024-08-21 10:57:16,297 [WARN] ConditionMgr:1039 - genDependencies : Invalid condition id : UX DEVICE CLASS RTOS Condition cause : null
2024-08-21 10:57:16,297 [WARN] ConditionMgr:1039 - genDependencies : Invalid condition id : UX DEVICE CLASS RTOS Condition cause : null
2024-08-21 10:57:16,297 [WARN] ConditionMgr:1039 - genDependencies : Invalid condition id : UX DEVICE CLASS RTOS Condition cause : null
2024-08-21 10:57:16,297 [WARN] ConditionMgr:1039 - genDependencies : Invalid condition id : UX DEVICE CLASS RTOS Condition cause : null
2024-08-21 10:57:16,310 [WARN] PackLoader:240 - Cannot read IP mode file for STMicroelectronics.FP-SNS-STBOX1.2.0.0
2024-08-21 10:57:16,330 [WARN] PackLoader:240 - Cannot read IP mode file for STMicroelectronics.X-CUBE-SUBG2.5.0.0
2024-08-21 10:57:16,346 [WARN] PackLoader:240 - Cannot read IP mode file for Cesanta.I-CUBE-Mongoose.7.13.0
2024-08-21 10:57:16,392 [WARN] PackLoader:240 - Cannot read IP mode file for STMicroelectronics.X-CUBE-AZRTOS-G4.2.0.0
2024-08-21 10:57:16,410 [WARN] PackLoader:240 - Cannot read IP mode file for STMicroelectronics.X-CUBE-ISPU.2.0.0
2024-08-21 10:57:16,426 [WARN] PackLoader:240 - Cannot read IP mode file for STMicroelectronics.X-CUBE-ALS.1.0.2
2024-08-21 10:57:16,467 [WARN] PackLoader:240 - Cannot read IP mode file for STMicroelectronics.X-CUBE-MEMS1.10.0.0
2024-08-21 10:57:16,557 [WARN] PackLoader:240 - Cannot read IP mode file for STMicroelectronics.X-CUBE-TOUCHGFX.4.24.0
2024-08-21 10:57:16,567 [WARN] PackLoader:240 - Cannot read IP mode file for portGmbH.I-Cube-SoM-uGOAL.1.1.0
2024-08-21 10:57:16,584 [WARN] PackLoader:240 - Cannot read IP mode file for STMicroelectronics.X-CUBE-ALS.1.0.1
2024-08-21 10:57:16,611 [WARN] PackLoader:240 - Cannot read IP mode file for STMicroelectronics.X-CUBE-AZRTOS-H7RS.1.0.0
2024-08-21 10:57:16,623 [WARN] PackLoader:240 - Cannot read IP mode file for STMicroelectronics.FP-ATR-ASTRA1.2.0.0
2024-08-21 10:57:16,642 [WARN] PackLoader:240 - Cannot read IP mode file for STMicroelectronics.X-CUBE-TOF1.3.4.2
2024-08-21 10:57:16,702 [WARN] PackLoader:240 - Cannot read IP mode file for STMicroelectronics.X-CUBE-TOF1.3.4.1
2024-08-21 10:57:16,731 [WARN] PackLoader:240 - Cannot read IP mode file for STMicroelectronics.X-CUBE-AZRTOS-H7.3.2.0
2024-08-21 10:57:16,759 [WARN] PackLoader:240 - Cannot read IP mode file for Infineon.AIROC-Wi-Fi-Bluetooth-STM32.1.6.0
2024-08-21 10:57:16,764 [WARN] PackLoader:240 - Cannot read IP mode file for wolfSSL.I-CUBE-wolfSSH.1.4.17
2024-08-21 10:57:16,765 [INFO] ThirdParty:978 - Integrity check success = true
2024-08-21 10:57:16,765 [INFO] IntegrityCheckThread:100 - exiting critical section [integrity check]
2024-08-21 10:57:16,765 [INFO] IntegrityCheckThread:103 - End integrity checks thread
2024-08-21 10:57:22,162 [INFO] WebApp:161 - Instantiating new browser for Auth
2024-08-21 10:57:23,327 [INFO] WebApp:779 - Register for checkConnection events
2024-08-21 10:57:23,328 [INFO] WebApp:414 - Apply proxy settings
2024-08-21 10:57:23,329 [INFO] WebApp:499 - Chromium requires no authentication
2024-08-21 10:57:23,340 [INFO] WebApp:442 - Direct internet connection detected
2024-08-21 10:57:23,541 [INFO] WebApp:192 - Starting web application
2024-08-21 10:57:23,541 [INFO] WebApp:544 - Web application path used C:\ST\STM32CubeIDE_1.15.1\STM32CubeIDE\plugins\com.st.stm32cube.common.mx_6.11.1.202404110753\db\plugins\mcufinder\reactClient1\index.html
2024-08-21 11:47:35,374 [ERROR] LogOutputStream:75 - [STDERR_REDIRECT] 
